

Starting up. 13:35.12
---------------------
Adding game mode blob (blob) to configuration.
Adding game mode changeling (changeling) to configuration.
Adding game mode traitor+changeling (traitorchan) to configuration.
Adding game mode double agents (double_agents) to configuration.
Adding game mode traitor (traitor) to configuration.
Adding game mode cult (cult) to configuration.
Adding game mode extended (extended) to configuration.
Adding game mode AI malfunction (malfunction) to configuration.
Adding game mode meteor (meteor) to configuration.
Adding game mode monkey (monkey) to configuration.
Adding game mode nuclear emergency (nuclear) to configuration.
Adding game mode revolution (revolution) to configuration.
Adding game mode sandbox (sandbox) to configuration.
Adding game mode wizard (wizard) to configuration.
Saved mode is 'extended'
[13:35:12]ADMIN: Loading Banlistjob
[13:35:12]ADMIN: Loading jobban_rank
[13:35:12]ADMIN: jobban_keylist was empty
[13:35:12]ADMIN: Loading appearance_rank
[13:35:12]ADMIN: appearance_keylist was empty
[13:35:12]ADMIN: Updating jobbanfile!
[13:35:12]ADMIN: Loading Banlist
[13:47:14]ACCESS: Login: BartNixon/(BartNixon) from 127.0.0.1-3529772718 || BYOND v506
[13:47:50]ACCESS: Logout: *no key*/(BartNixon)
[13:47:50]ACCESS: Login: BartNixon/(Gilroy Rudah) from 127.0.0.1-3529772718 || BYOND v506
[13:48:00]ADMIN: BartNixon has started the game.
[13:48:03]SAY: mouse/ : Squeek!
[13:48:27]SAY: mouse/ : SQUEEK!
[13:48:47]EMOTE: Pun Pun/ : <B>Pun Pun</B> jumps!
[13:48:52]ADMIN: BartNixon/(Gilroy Rudah) modified chair's icon to Black_chair.dmi
[13:48:58]ADMIN: BartNixon/(Gilroy Rudah) mass modified chair's icon to Black_chair.dmi
[13:49:16]ADMIN: BartNixon/(Gilroy Rudah) modified Gilroy Rudah's icon_state to void
[13:49:20]ADMIN: BartNixon/(Gilroy Rudah) modified Gilroy Rudah's icon_state to ii
[13:49:32]ADMIN: BartNixon/(Gilroy Rudah) modified Gilroy Rudah's icon to Nuka-Cola-new.dmi
[13:49:36]ADMIN: BartNixon/(Gilroy Rudah) modified Gilroy Rudah's icon_state to void
[13:49:49]SAY: mouse/ : SQUEEK!
[13:49:52]ADMIN: BartNixon/(Gilroy Rudah) modified Gilroy Rudah's icon to blank.gif
[13:50:19]SAY: Runtime/ : HSSSSS
[13:50:41]SAY: mouse/ : SQUEEK!
[13:50:49]EMOTE: monkey (608)/ : <B>The monkey (608)</B> jumps!
[13:51:24]ADMIN: BartNixon/(Gilroy Rudah) has used rudimentary transformation on BartNixon/(Gilroy Rudah). Transforming to human; deletemob=1
[13:51:24]ACCESS: Logout: *no key*/(Gilroy Rudah)
[13:51:24]ACCESS: Login: BartNixon/(Gilroy Rudah) from 127.0.0.1-3529772718 || BYOND v506
[13:51:37]SAY: mouse/ : Squeek?
[13:51:59]EMOTE: monkey (417)/ : <B>The monkey (417)</B> jumps!
[13:52:13]EMOTE: monkey (417)/ : <B>The monkey (417)</B> jumps!
[13:52:39]EMOTE: monkey (495)/ : <B>The monkey (495)</B> jumps!
[13:53:09]SAY: grey baby slime (221)/ : Rawr...
[13:53:33]SAY: mouse/ : Squeek?
[13:54:26]SAY: mouse/ : Squeek!
[13:54:30]SAY: mouse/ : SQUEEK!
[13:54:50]EMOTE: monkey (417)/ : <B>The monkey (417)</B> jumps!
[13:55:06]SAY: mouse/ : Squeek!
[13:55:28]SAY: mouse/ : Squeek!
[13:57:40]SAY: Tom/ : Squeek?
[13:58:19]EMOTE: monkey (692)/ : <B>The monkey (692)</B> jumps!
[13:58:49]SAY: mouse/ : Squeek!
[13:59:53]SAY: Tom/ : SQUEEK!
[14:00:53]EMOTE: Pun Pun/ : <B>Pun Pun</B> jumps!
[14:01:29]EMOTE: monkey (702)/ : <B>The monkey (702)</B> jumps!
[14:01:45]SAY: mouse/ : Squeek!
[14:02:09]SAY: mouse/ : SQUEEK!
[14:02:25]SAY: Tom/ : Squeek!
[14:02:29]SAY: mouse/ : Squeek!
[14:02:57]SAY: Poly/ : <i>Wire the solars, you lazy bums!</i>
[14:03:15]ADMIN: BartNixon/(Gilroy Rudah) mass modified chair's icon to Black_chair.dmi
[14:03:32]EMOTE: monkey (495)/ : <B>The monkey (495)</B> jumps!
[14:03:38]SAY: mouse/ : Squeek!
[14:03:40]SAY: mouse/ : Squeek!
[14:03:44]SAY: mouse/ : SQUEEK!
[14:04:02]SAY: Runtime/ : Esp!
[14:04:52]SAY: Poly/ : Check the singlo, you chucklefucks!
[14:05:00]SAY: Pete/ : EHEHEHEHEH
[14:05:08]EMOTE: monkey (968)/ : <B>The monkey (968)</B> jumps!
[14:05:18]SAY: mouse/ : Squeek!
[14:06:20]SAY: mouse/ : SQUEEK!
[14:06:30]SAY: grey baby slime (221)/ : Blorble...
[14:07:04]EMOTE: Pun Pun/ : <B>Pun Pun</B> jumps!
[14:07:21]SAY: mouse/ : SQUEEK!
[14:07:26]SAY: Poly/ : WHO TOOK THE DAMN HARDSUITS?
[14:07:30]EMOTE: monkey (417)/ : <B>The monkey (417)</B> jumps!
[14:07:43]ADMIN: BartNixon/(Gilroy Rudah) mass modified chair's icon to Black_chair.dmi
[14:08:27]ADMIN: BartNixon/(Gilroy Rudah) mass modified chair's icon to Black_chair.dmi
[14:08:41]EMOTE: monkey (608)/ : <B>The monkey (608)</B> jumps!
[14:08:43]EMOTE: Pun Pun/ : <B>Pun Pun</B> jumps!
[14:09:13]EMOTE: monkey (417)/ : <B>The monkey (417)</B> jumps!
[14:09:15]EMOTE: monkey (187)/ : <B>The monkey (187)</B> jumps!
[14:09:15]SAY: Poly/ : <i>Check the singlo, you chucklefucks!</i>
[14:09:39]EMOTE: monkey (608)/ : <B>The monkey (608)</B> jumps!
[14:10:03]ADMIN: BartNixon/(Gilroy Rudah) mass modified chair's icon to Black_chair.dmi
[14:10:07]EMOTE: monkey (162)/ : <B>The monkey (162)</B> jumps!
[14:10:33]EMOTE: monkey (968)/ : <B>The monkey (968)</B> jumps!
[14:10:49]ADMIN: BartNixon/(Gilroy Rudah) mass modified chair's icon to Black_chair.dmi
[14:11:17]SAY: mouse/ : Squeek?
[14:11:53]SAY: grey baby slime (262)/ : Blorble...
[14:11:59]EMOTE: monkey (702)/ : <B>The monkey (702)</B> jumps!
[14:12:35]SAY: Runtime/ : HSSSSS
[14:13:01]SAY: Ian/ : Bark!
[14:13:11]ACCESS: Logout: *no key*/(Gilroy Rudah)
[14:13:11]ACCESS: Login: BartNixon/(Gilroy Rudah) from 127.0.0.1-3529772718 || BYOND v506
[14:13:12]EMOTE: monkey (495)/ : <B>The monkey (495)</B> jumps!
[14:14:12]EMOTE: monkey (495)/ : <B>The monkey (495)</B> jumps!
[14:14:46]SAY: grey baby slime (221)/ : Rawr...
[14:14:46]EMOTE: monkey (828)/ : <B>The monkey (828)</B> jumps!
[14:14:52]EMOTE: monkey (162)/ : <B>The monkey (162)</B> jumps!
[14:15:24]SAY: mouse/ : Squeek!
[14:15:30]ADMIN: BartNixon/(Gilroy Rudah) made all SMESs powered
[14:15:30]ADMIN: BartNixon/(Gilroy Rudah) used secret quickpower
[14:15:34]EMOTE: monkey (608)/ : <B>The monkey (608)</B> jumps!
[14:15:52]SAY: grey baby slime (221)/ : Rawr...
[14:16:10]SAY: Runtime/ : HSSSSS
[14:16:43]ADMIN: BartNixon/(Gilroy Rudah) modified identification console's icon to computer.dmi
[14:16:54]EMOTE: monkey (417)/ : <B>The monkey (417)</B> jumps!
[14:17:04]EMOTE: monkey (608)/ : <B>The monkey (608)</B> jumps!
[14:17:24]SAY: mouse/ : Squeek!
[14:17:45]EMOTE: monkey (426)/ : <B>The monkey (426)</B> jumps!
[14:18:21]SAY: mouse/ : Squeek!
[14:18:43]SAY: Pete/ : eh?
[14:18:57]ADMIN: BartNixon/(Gilroy Rudah) mass modified identification console's icon to 000.gif
[14:19:06]ADMIN: BartNixon/(Gilroy Rudah) modified identification console's icon to 3.gif
[14:19:11]ADMIN: BartNixon/(Gilroy Rudah) mass modified identification console's icon to 3.gif
[14:19:42]ADMIN: BartNixon/(Gilroy Rudah) has entered build mode.
[14:19:43]ADMIN: Build Mode: BartNixon/(Gilroy Rudah) deleted the identification console at (115,138,1)
[14:19:44]ADMIN: BartNixon/(Gilroy Rudah) has left build mode.
[14:19:53]SAY: mouse/ : SQUEEK!
[14:20:13]SAY: mouse/ : Squeek?
[14:20:31]EMOTE: monkey (162)/ : <B>The monkey (162)</B> jumps!
[14:20:55]ADMIN: BartNixon/(Gilroy Rudah) spawned /obj/machinery/computer/card at (115,138,1)
[14:20:57]EMOTE: monkey (417)/ : <B>The monkey (417)</B> jumps!
[14:21:47]SAY: mouse/ : Squeek?
[14:21:53]EMOTE: monkey (162)/ : <B>The monkey (162)</B> jumps!
[14:21:55]SAY: Ian/ : AUUUUUU
[14:21:55]SAY: Runtime/ : Meow!
[14:23:14]EMOTE: monkey (702)/ : <B>The monkey (702)</B> jumps!
[14:23:42]EMOTE: monkey (162)/ : <B>The monkey (162)</B> jumps!
[14:23:50]EMOTE: monkey (495)/ : <B>The monkey (495)</B> jumps!
[14:24:08]EMOTE: monkey (417)/ : <B>The monkey (417)</B> jumps!
[14:24:20]SAY: mouse/ : Squeek?
[14:25:41]EMOTE: monkey (495)/ : <B>The monkey (495)</B> jumps!
[14:25:57]EMOTE: monkey (187)/ : <B>The monkey (187)</B> jumps!
[14:26:31]SAY: grey baby slime (262)/ : Blorble...
[14:27:03]SAY: Ian/ : AUUUUUU
[14:28:20]ADMIN: BartNixon/(Gilroy Rudah) modified Zippo lighter's icon to 0a310c186e71.png
[14:28:23]SAY: Tom/ : SQUEEK!
[14:28:31]ADMIN: BartNixon/(Gilroy Rudah) modified Zippo lighter's icon to FRAGGRENADE-pixel.png
[14:28:33]SAY: mouse/ : SQUEEK!
[14:28:37]EMOTE: monkey (187)/ : <B>The monkey (187)</B> jumps!
[14:28:37]SAY: mouse/ : SQUEEK!
[14:28:39]SAY: grey baby slime (262)/ : Lonely...
[14:29:25]EMOTE: Pun Pun/ : <B>Pun Pun</B> jumps!
[14:29:36]ACCESS: Logout: BartNixon[DC]/(Gilroy Rudah)


Starting up. 15:06.46
---------------------
Adding game mode blob (blob) to configuration.
Adding game mode changeling (changeling) to configuration.
Adding game mode traitor+changeling (traitorchan) to configuration.
Adding game mode double agents (double_agents) to configuration.
Adding game mode traitor (traitor) to configuration.
Adding game mode cult (cult) to configuration.
Adding game mode extended (extended) to configuration.
Adding game mode AI malfunction (malfunction) to configuration.
Adding game mode meteor (meteor) to configuration.
Adding game mode monkey (monkey) to configuration.
Adding game mode nuclear emergency (nuclear) to configuration.
Adding game mode revolution (revolution) to configuration.
Adding game mode sandbox (sandbox) to configuration.
Adding game mode wizard (wizard) to configuration.
Saved mode is 'extended'
[15:06:46]ADMIN: Loading Banlistjob
[15:06:46]ADMIN: Loading jobban_rank
[15:06:46]ADMIN: jobban_keylist was empty
[15:06:46]ADMIN: Loading appearance_rank
[15:06:46]ADMIN: appearance_keylist was empty
[15:06:46]ADMIN: Updating jobbanfile!
[15:06:46]ADMIN: Loading Banlist
[15:07:45]ACCESS: Login: BartNixon/(BartNixon) from 127.0.0.1-3529772718 || BYOND v506
[15:08:11]ADMIN: BartNixon has started the game.
[15:08:15]ACCESS: Logout: *no key*/(BartNixon)
[15:08:15]ACCESS: Login: BartNixon/(Gilroy Rudah) from 127.0.0.1-3529772718 || BYOND v506
[15:08:34]SAY: mouse/ : Squeek?
[15:09:09]SAY: mouse/ : SQUEEK!
[15:09:26]ACCESS: Logout: *no key*/(Gilroy Rudah)
[15:09:26]ACCESS: Login: BartNixon/(Gilroy Rudah) from 127.0.0.1-3529772718 || BYOND v506
[15:09:32]ACCESS: Logout: BartNixon[DC]/(Gilroy Rudah)


Starting up. 15:23.24
---------------------
Adding game mode blob (blob) to configuration.
Adding game mode changeling (changeling) to configuration.
Adding game mode traitor+changeling (traitorchan) to configuration.
Adding game mode double agents (double_agents) to configuration.
Adding game mode traitor (traitor) to configuration.
Adding game mode cult (cult) to configuration.
Adding game mode extended (extended) to configuration.
Adding game mode AI malfunction (malfunction) to configuration.
Adding game mode meteor (meteor) to configuration.
Adding game mode monkey (monkey) to configuration.
Adding game mode nuclear emergency (nuclear) to configuration.
Adding game mode revolution (revolution) to configuration.
Adding game mode sandbox (sandbox) to configuration.
Adding game mode wizard (wizard) to configuration.
Saved mode is 'extended'
[15:23:24]ADMIN: Loading Banlistjob
[15:23:24]ADMIN: Loading jobban_rank
[15:23:24]ADMIN: jobban_keylist was empty
[15:23:24]ADMIN: Loading appearance_rank
[15:23:24]ADMIN: appearance_keylist was empty
[15:23:24]ADMIN: Updating jobbanfile!
[15:23:24]ADMIN: Loading Banlist


Starting up. 15:41.30
---------------------
Adding game mode blob (blob) to configuration.
Adding game mode changeling (changeling) to configuration.
Adding game mode traitor+changeling (traitorchan) to configuration.
Adding game mode double agents (double_agents) to configuration.
Adding game mode traitor (traitor) to configuration.
Adding game mode cult (cult) to configuration.
Adding game mode extended (extended) to configuration.
Adding game mode AI malfunction (malfunction) to configuration.
Adding game mode meteor (meteor) to configuration.
Adding game mode monkey (monkey) to configuration.
Adding game mode nuclear emergency (nuclear) to configuration.
Adding game mode revolution (revolution) to configuration.
Adding game mode sandbox (sandbox) to configuration.
Adding game mode wizard (wizard) to configuration.
Saved mode is 'extended'
[15:41:30]ADMIN: Loading Banlistjob
[15:41:30]ADMIN: Loading jobban_rank
[15:41:30]ADMIN: jobban_keylist was empty
[15:41:30]ADMIN: Loading appearance_rank
[15:41:30]ADMIN: appearance_keylist was empty
[15:41:30]ADMIN: Updating jobbanfile!
[15:41:30]ADMIN: Loading Banlist
[15:42:54]ACCESS: Login: BartNixon/(BartNixon) from 127.0.0.1-3529772718 || BYOND v506
[15:43:21]ADMIN: BartNixon has started the game.
[15:43:49]ACCESS: Logout: *no key*/(BartNixon)
[15:43:49]ACCESS: Login: BartNixon/(Gilroy Rudah) from 127.0.0.1-3529772718 || BYOND v506
[15:43:58]ADMIN: BartNixon/(Gilroy Rudah) jumped to the Bridge
[15:44:03]ADMIN: BartNixon/(Gilroy Rudah) jumped to 105,129,1 in the Heads of Staff Meeting Room
[15:44:24]ADMIN: BartNixon/(Gilroy Rudah) has entered build mode.
[15:44:25]ADMIN: Build Mode: BartNixon/(Gilroy Rudah) deleted the reinforced window at (112,138,1)
[15:44:26]ADMIN: Build Mode: BartNixon/(Gilroy Rudah) deleted the reinforced window at (114,138,1)
[15:44:28]ADMIN: Build Mode: BartNixon/(Gilroy Rudah) deleted the reinforced window at (112,137,1)
[15:44:29]ADMIN: Build Mode: BartNixon/(Gilroy Rudah) deleted the reinforced window at (114,137,1)
[15:44:32]ADMIN: BartNixon/(Gilroy Rudah) has left build mode.
[15:44:44]EMOTE: monkey (541)/ : <B>The monkey (541)</B> jumps!
[15:45:22]SAY: mouse/ : Squeek!
[15:45:38]SAY: mouse/ : Squeek?
[15:45:56]SAY: grey baby slime (967)/ : Blorble...
[15:46:04]SAY: mouse/ : Squeek!
[15:46:24]ACCESS: Logout: *no key*/(Gilroy Rudah)
[15:46:24]ACCESS: Login: BartNixon/(Gilroy Rudah) from 127.0.0.1-3529772718 || BYOND v506
[15:46:53]SAY: mouse/ : SQUEEK!
[15:46:55]ADMIN: BartNixon/(Gilroy Rudah) jumped to the Derelict Arrival Centre
[15:48:01]SAY: Runtime/ : Meow!
[15:48:37]ADMIN: BartNixon/(Gilroy Rudah) jumped to the AI Upload Chamber
[15:48:42]SAY: mouse/ : SQUEEK!
[15:48:48]SAY: mouse/ : SQUEEK!
[15:48:57]ADMIN: BartNixon/(Gilroy Rudah) mass modified AI upload console's icon_state to Lunar
[15:49:06]ADMIN: BartNixon/(Gilroy Rudah) modified cyborg upload console's icon_state to Lunar
[15:49:29]SAY: mouse/ : SQUEEK!
[15:49:47]SAY: grey baby slime (135)/ : Rawr...
[15:49:51]ADMIN: BartNixon/(Gilroy Rudah) has entered build mode.
[15:49:54]ADMIN: Build Mode: BartNixon/(Gilroy Rudah) modified the closet's (0,0,0) dir to 1
[15:49:55]EMOTE: monkey (809)/ : <B>The monkey (809)</B> jumps!
[15:49:57]ADMIN: Build Mode: BartNixon/(Gilroy Rudah) threw the AI upload console at the floor (112,129,1)
[15:49:58]ADMIN: Build Mode: BartNixon/(Gilroy Rudah) threw the cyborg upload console at the floor (114,130,1)
[15:49:58]ADMIN: Build Mode: BartNixon/(Gilroy Rudah) threw the cyborg upload console at the floor (114,129,1)
[15:50:04]ADMIN: Build Mode: BartNixon/(Gilroy Rudah) threw the cyborg upload console at the floor (112,130,1)
[15:50:05]ADMIN: Build Mode: BartNixon/(Gilroy Rudah) threw the cyborg upload console at the floor (114,129,1)
[15:50:51]EMOTE: monkey (707)/ : <B>The monkey (707)</B> jumps!
[15:51:26]EMOTE: monkey (809)/ : <B>The monkey (809)</B> jumps!
[15:51:28]SAY: mouse/ : Squeek!
[15:51:34]SAY: Poly/ : <i>Poly wanna cracker!</i>
[15:51:38]EMOTE: monkey (809)/ : <B>The monkey (809)</B> jumps!
[15:52:42]EMOTE: monkey (606)/ : <B>The monkey (606)</B> jumps!
[15:52:46]EMOTE: monkey (821)/ : <B>The monkey (821)</B> jumps!
[15:52:50]EMOTE: monkey (744)/ : <B>The monkey (744)</B> jumps!
[15:53:04]ADMIN: BartNixon/(Gilroy Rudah) has left build mode.
[15:53:08]SAY: mouse/ : SQUEEK!
[15:53:10]SAY: grey baby slime (967)/ : Lonely...
[15:53:20]EMOTE: monkey (221)/ : <B>The monkey (221)</B> jumps!
[15:53:44]SAY: Tom/ : Squeek!
[15:54:12]EMOTE: monkey (736)/ : <B>The monkey (736)</B> jumps!
[15:54:16]SAY: Ian/ : AUUUUUU
[15:54:43]EMOTE: monkey (793)/ : <B>The monkey (793)</B> jumps!
[15:55:31]SAY: mouse/ : Squeek?
[15:56:33]EMOTE: monkey (736)/ : <B>The monkey (736)</B> jumps!
[15:56:38]EMOTE: monkey (707)/ : <B>The monkey (707)</B> jumps!
[15:57:12]SAY: Poly/ : Wire the solars, you lazy bums!
[15:57:46]EMOTE: monkey (744)/ : <B>The monkey (744)</B> jumps!
[15:57:48]SAY: Ian/ : AUUUUUU
[15:58:06]EMOTE: monkey (673)/ : <B>The monkey (673)</B> jumps!
[15:58:12]EMOTE: monkey (606)/ : <B>The monkey (606)</B> jumps!
[15:58:36]EMOTE: Pun Pun/ : <B>Pun Pun</B> jumps!
[15:58:49]SAY: mouse/ : Squeek?
[16:00:35]SAY: mouse/ : Squeek!
[16:00:37]SAY: mouse/ : SQUEEK!
[16:00:39]SAY: mouse/ : Squeek?
[16:00:49]EMOTE: monkey (736)/ : <B>The monkey (736)</B> jumps!
[16:01:10]ACCESS: Logout: BartNixon[DC]/(Gilroy Rudah)


Starting up. 17:50.03
---------------------
Adding game mode blob (blob) to configuration.
Adding game mode changeling (changeling) to configuration.
Adding game mode traitor+changeling (traitorchan) to configuration.
Adding game mode double agents (double_agents) to configuration.
Adding game mode traitor (traitor) to configuration.
Adding game mode cult (cult) to configuration.
Adding game mode extended (extended) to configuration.
Adding game mode AI malfunction (malfunction) to configuration.
Adding game mode meteor (meteor) to configuration.
Adding game mode monkey (monkey) to configuration.
Adding game mode nuclear emergency (nuclear) to configuration.
Adding game mode revolution (revolution) to configuration.
Adding game mode sandbox (sandbox) to configuration.
Adding game mode wizard (wizard) to configuration.
Saved mode is 'extended'
[17:50:03]ADMIN: Loading Banlistjob
[17:50:03]ADMIN: Loading jobban_rank
[17:50:03]ADMIN: jobban_keylist was empty
[17:50:03]ADMIN: Loading appearance_rank
[17:50:03]ADMIN: appearance_keylist was empty
[17:50:03]ADMIN: Updating jobbanfile!
[17:50:03]ADMIN: Loading Banlist
[17:51:36]ACCESS: Login: BartNixon/(BartNixon) from 127.0.0.1-3529772718 || BYOND v506
[17:52:29]ADMIN: BartNixon has started the game.
[17:52:32]ACCESS: Logout: *no key*/(BartNixon)
[17:52:32]ACCESS: Login: BartNixon/(Gilroy Rudah) from 127.0.0.1-3529772718 || BYOND v506
[17:52:46]SAY: mouse/ : Squeek!
[17:53:42]ACCESS: Logout: *no key*/(Gilroy Rudah)
[17:53:42]ACCESS: Login: BartNixon/(Gilroy Rudah) from 127.0.0.1-3529772718 || BYOND v506
[17:54:26]SAY: mouse/ : Squeek!
[17:56:16]ADMIN: BartNixon/(Gilroy Rudah) modified AI upload console's icon_state to Lunar00
[17:56:26]ADMIN: BartNixon/(Gilroy Rudah) modified cyborg upload console's icon_state to Lunar00
[17:56:37]ADMIN: BartNixon/(Gilroy Rudah) has entered build mode.
[17:56:38]ADMIN: Build Mode: BartNixon/(Gilroy Rudah) modified the closet's (0,0,0) dir to 1
[17:56:39]ADMIN: Build Mode: BartNixon/(Gilroy Rudah) threw the AI upload console at the floor (112,129,1)
[17:56:40]ADMIN: Build Mode: BartNixon/(Gilroy Rudah) threw the cyborg upload console at the floor (114,129,1)
[17:56:42]ADMIN: Build Mode: BartNixon/(Gilroy Rudah) threw the AI upload console at the floor (112,130,1)
[17:56:42]ADMIN: Build Mode: BartNixon/(Gilroy Rudah) threw the AI upload console at the floor (112,131,1)
[17:56:43]ADMIN: Build Mode: BartNixon/(Gilroy Rudah) threw the cyborg upload console at the floor (114,131,1)
[17:56:45]ADMIN: BartNixon/(Gilroy Rudah) has left build mode.
[17:57:24]EMOTE: monkey (909)/ : <B>The monkey (909)</B> jumps!
[17:57:48]EMOTE: monkey (909)/ : <B>The monkey (909)</B> jumps!
[17:58:18]EMOTE: Pun Pun/ : <B>Pun Pun</B> jumps!
[17:59:37]SAY: Ian/ : YAP
[17:59:39]EMOTE: monkey (523)/ : <B>The monkey (523)</B> jumps!
[17:59:55]SAY: mouse/ : Squeek?
[17:59:59]EMOTE: monkey (633)/ : <B>The monkey (633)</B> jumps!
[18:00:57]EMOTE: monkey (523)/ : <B>The monkey (523)</B> jumps!
[18:01:15]SAY: mouse/ : Squeek!
[18:01:25]SAY: mouse/ : Squeek!
[18:02:05]SAY: Poly/ : <i>Wire the solars, you lazy bums!</i>
[18:02:27]SAY: Pete/ : EHEHEHEHEH
[18:02:41]SAY: mouse/ : Squeek?
[18:02:57]SAY: mouse/ : SQUEEK!
[18:03:08]ACCESS: Logout: *no key*/(Gilroy Rudah)
[18:03:08]ACCESS: Login: BartNixon/(Gilroy Rudah) from 127.0.0.1-3529772718 || BYOND v506
[18:03:40]ADMIN: BartNixon/(Gilroy Rudah) changed the equipment of BartNixon/(Gilroy Rudah) to tunnel clown.
[18:04:45]EMOTE: monkey (99)/ : <B>The monkey (99)</B> jumps!
[18:04:47]SAY: Poly/ : <i>WHO TOOK THE DAMN HARDSUITS?</i>
[18:04:51]SAY: mouse/ : Squeek!
[18:04:55]SAY: Poly/ : Check the singlo, you chucklefucks!
[18:05:01]EMOTE: monkey (374)/ : <B>The monkey (374)</B> jumps!
[18:05:23]ADMIN: BartNixon/(Gilroy Rudah) spawned /obj/item/weapon/kitchenknife at (140,136,1)
[18:05:29]EMOTE: monkey (618)/ : <B>The monkey (618)</B> jumps!
[18:05:48]ADMIN: BartNixon/(Gilroy Rudah) spawned /obj/item/clothing/mask/gas/mime at (140,136,1)
[18:06:08]SAY: mouse/ : Squeek!
[18:06:48]EMOTE: monkey (417)/ : <B>The monkey (417)</B> jumps!
[18:07:30]EMOTE: monkey (837)/ : <B>The monkey (837)</B> jumps!
[18:07:53]SAY: Pete/ : EHEHEHEHEH
[18:07:55]ACCESS: Logout: BartNixon[DC]/(Gilroy Rudah)


Starting up. 18:15.58
---------------------
Adding game mode blob (blob) to configuration.
Adding game mode changeling (changeling) to configuration.
Adding game mode traitor+changeling (traitorchan) to configuration.
Adding game mode double agents (double_agents) to configuration.
Adding game mode traitor (traitor) to configuration.
Adding game mode cult (cult) to configuration.
Adding game mode extended (extended) to configuration.
Adding game mode AI malfunction (malfunction) to configuration.
Adding game mode meteor (meteor) to configuration.
Adding game mode monkey (monkey) to configuration.
Adding game mode nuclear emergency (nuclear) to configuration.
Adding game mode revolution (revolution) to configuration.
Adding game mode sandbox (sandbox) to configuration.
Adding game mode wizard (wizard) to configuration.
Saved mode is 'extended'
[18:15:59]ADMIN: Loading Banlistjob
[18:15:59]ADMIN: Loading jobban_rank
[18:15:59]ADMIN: jobban_keylist was empty
[18:15:59]ADMIN: Loading appearance_rank
[18:15:59]ADMIN: appearance_keylist was empty
[18:15:59]ADMIN: Updating jobbanfile!
[18:15:59]ADMIN: Loading Banlist
[18:17:10]ACCESS: Login: BartNixon/(BartNixon) from 127.0.0.1-3529772718 || BYOND v506
[18:17:28]ADMIN: BartNixon has started the game.
[18:17:45]EMOTE: monkey (591)/ : <B>The monkey (591)</B> jumps!
[18:17:53]ACCESS: Logout: *no key*/(BartNixon)
[18:17:53]ACCESS: Login: BartNixon/(Gilroy Rudah) from 127.0.0.1-3529772718 || BYOND v506
[18:18:28]EMOTE: monkey (509)/ : <B>The monkey (509)</B> jumps!
[18:18:32]SAY: Poly/ : Wire the solars, you lazy bums!
[18:18:55]ADMIN: BartNixon/(Freckle) spawned /obj/item/weapon/grown/bananapeel at (136,133,1)
[18:20:10]SAY: mouse/ : Squeek?
[18:20:12]SAY: mouse/ : SQUEEK!
[18:20:20]SAY: mouse/ : SQUEEK!
[18:20:58]SAY: Runtime/ : Meow!
[18:23:25]EMOTE: monkey (961)/ : <B>The monkey (961)</B> jumps!
[18:23:53]EMOTE: monkey (992)/ : <B>The monkey (992)</B> jumps!
[18:25:20]SAY: Runtime/ : Purr!
[18:25:52]SAY: mouse/ : Squeek!
[18:25:56]SAY: grey baby slime (171)/ : Rawr...
[18:26:35]EMOTE: monkey (509)/ : <B>The monkey (509)</B> jumps!
[18:27:01]SAY: Poly/ : Check the singlo, you chucklefucks!
[18:29:01]EMOTE: monkey (122)/ : <B>The monkey (122)</B> jumps!
[18:30:19]EMOTE: monkey (509)/ : <B>The monkey (509)</B> jumps!
[18:30:38]SAY: Ian/ : AUUUUUU
[18:31:25]SAY: grey baby slime (115)/ : Blop...
[18:33:25]SAY: mouse/ : Squeek?
[18:33:46]SAY: mouse/ : Squeek!
[18:33:48]SAY: grey baby slime (171)/ : Rawr...
[18:34:02]SAY: grey baby slime (171)/ : Blop...
[18:34:32]SAY: Tom/ : Squeek?
[18:35:06]SAY: mouse/ : Squeek?
[18:35:30]EMOTE: monkey (992)/ : <B>The monkey (992)</B> jumps!
[18:36:05]SAY: mouse/ : Squeek!
[18:36:25]SAY: mouse/ : Squeek!
[18:36:39]SAY: mouse/ : SQUEEK!
[18:37:37]SAY: mouse/ : Squeek!
[18:38:21]EMOTE: monkey (490)/ : <B>The monkey (490)</B> jumps!
[18:39:01]EMOTE: monkey (932)/ : <B>The monkey (932)</B> jumps!
[18:40:10]EMOTE: monkey (486)/ : <B>The monkey (486)</B> jumps!
[18:40:20]SAY: mouse/ : Squeek!
[18:41:27]SAY: mouse/ : Squeek?
[18:41:47]SAY: Pete/ : EHEHEHEHEH
[18:42:15]EMOTE: monkey (961)/ : <B>The monkey (961)</B> jumps!
[18:43:29]EMOTE: monkey (236)/ : <B>The monkey (236)</B> jumps!
[18:43:44]EMOTE: monkey (684)/ : <B>The monkey (684)</B> jumps!
[18:43:56]EMOTE: monkey (684)/ : <B>The monkey (684)</B> jumps!
[18:44:07]EMOTE: monkey (932)/ : <B>The monkey (932)</B> jumps!
[18:44:19]SAY: mouse/ : SQUEEK!
[18:45:32]SAY: mouse/ : SQUEEK!
[18:46:49]SAY: mouse/ : Squeek!
[18:46:57]EMOTE: monkey (932)/ : <B>The monkey (932)</B> jumps!
[18:47:03]SAY: mouse/ : Squeek?
[18:47:33]EMOTE: monkey (932)/ : <B>The monkey (932)</B> jumps!
[18:47:49]SAY: grey baby slime (115)/ : Lonely...
[18:48:21]SAY: Ian/ : YAP
[18:48:25]SAY: mouse/ : SQUEEK!
[18:49:27]EMOTE: monkey (932)/ : <B>The monkey (932)</B> jumps!
[18:49:41]SAY: Tom/ : Squeek!
[18:49:47]SAY: mouse/ : Squeek!
[18:49:59]SAY: Tom/ : Squeek!
[18:50:21]EMOTE: monkey (684)/ : <B>The monkey (684)</B> jumps!
[18:50:39]EMOTE: monkey (724)/ : <B>The monkey (724)</B> jumps!
[18:50:45]SAY: Runtime/ : Purr!
[18:51:15]SAY: mouse/ : SQUEEK!
[18:51:34]EMOTE: monkey (486)/ : <B>The monkey (486)</B> jumps!
[18:51:40]EMOTE: monkey (486)/ : <B>The monkey (486)</B> jumps!
[18:52:00]EMOTE: monkey (509)/ : <B>The monkey (509)</B> jumps!
[18:52:00]EMOTE: monkey (724)/ : <B>The monkey (724)</B> jumps!
[18:53:26]SAY: mouse/ : SQUEEK!
[18:53:42]EMOTE: monkey (932)/ : <B>The monkey (932)</B> jumps!
[18:53:44]SAY: grey baby slime (171)/ : Rawr...
[18:53:54]EMOTE: monkey (122)/ : <B>The monkey (122)</B> jumps!
[18:54:24]SAY: mouse/ : Squeek!
[18:54:26]SAY: Runtime/ : Meow!
[18:54:30]EMOTE: Pun Pun/ : <B>Pun Pun</B> jumps!
[18:54:42]SAY: grey baby slime (115)/ : Blorble...
[18:54:50]EMOTE: monkey (509)/ : <B>The monkey (509)</B> jumps!
[18:56:51]EMOTE: monkey (509)/ : <B>The monkey (509)</B> jumps!
[18:58:50]SAY: Tom/ : Squeek!
[18:59:52]EMOTE: monkey (961)/ : <B>The monkey (961)</B> jumps!
[19:01:09]EMOTE: monkey (932)/ : <B>The monkey (932)</B> jumps!
[19:01:11]SAY: mouse/ : SQUEEK!
[19:02:05]SAY: mouse/ : SQUEEK!
[19:02:45]EMOTE: monkey (684)/ : <B>The monkey (684)</B> jumps!
[19:03:11]SAY: mouse/ : Squeek?
[19:03:41]EMOTE: monkey (490)/ : <B>The monkey (490)</B> jumps!
[19:05:03]SAY: grey baby slime (171)/ : Rawr...
[19:05:15]SAY: mouse/ : Squeek!
[19:05:31]EMOTE: monkey (490)/ : <B>The monkey (490)</B> jumps!
[19:06:16]EMOTE: monkey (486)/ : <B>The monkey (486)</B> jumps!
[19:06:24]EMOTE: monkey (509)/ : <B>The monkey (509)</B> jumps!
[19:06:26]SAY: mouse/ : SQUEEK!
[19:06:46]SAY: mouse/ : SQUEEK!
[19:07:50]EMOTE: monkey (684)/ : <B>The monkey (684)</B> jumps!
[19:08:24]SAY: mouse/ : SQUEEK!
[19:08:24]SAY: mouse/ : Squeek!
[19:08:24]EMOTE: monkey (122)/ : <B>The monkey (122)</B> jumps!
[19:08:50]SAY: Pete/ : eh?
[19:09:17]EMOTE: Pun Pun/ : <B>Pun Pun</B> jumps!
[19:09:29]EMOTE: monkey (122)/ : <B>The monkey (122)</B> jumps!
[19:09:47]EMOTE: monkey (591)/ : <B>The monkey (591)</B> jumps!
[19:09:57]SAY: mouse/ : SQUEEK!
[19:10:41]EMOTE: monkey (450)/ : <B>The monkey (450)</B> jumps!
[19:10:55]EMOTE: monkey (122)/ : <B>The monkey (122)</B> jumps!
[19:11:11]EMOTE: monkey (486)/ : <B>The monkey (486)</B> jumps!
[19:11:29]EMOTE: monkey (724)/ : <B>The monkey (724)</B> jumps!
[19:11:56]SAY: Ian/ : Bark!
[19:12:44]SAY: grey baby slime (115)/ : Blorble...
[19:14:05]SAY: mouse/ : Squeek!
[19:14:07]SAY: Tom/ : SQUEEK!
[19:14:37]ACCESS: Logout: *no key*/(Freckle)
[19:14:37]ACCESS: Login: BartNixon/(Freckle) from 127.0.0.1-3529772718 || BYOND v506
[19:15:11]EMOTE: monkey (684)/ : <B>The monkey (684)</B> jumps!
[19:15:23]SAY: mouse/ : Squeek!
[19:15:23]EMOTE: monkey (122)/ : <B>The monkey (122)</B> jumps!
[19:15:29]SAY: mouse/ : SQUEEK!
[19:15:58]SAY: mouse/ : Squeek!
[19:16:00]SAY: Ian/ : YAP
[19:16:12]SAY: Poly/ : <i>Wire the solars, you lazy bums!</i>
[19:16:30]SAY: mouse/ : Squeek?
[19:17:22]SAY: Pete/ : eh?
[19:17:45]EMOTE: monkey (724)/ : <B>The monkey (724)</B> jumps!
[19:18:17]SAY: mouse/ : Squeek!
[19:19:21]SAY: mouse/ : Squeek?
[19:19:37]SAY: mouse/ : Squeek!
[19:20:05]EMOTE: monkey (236)/ : <B>The monkey (236)</B> jumps!
[19:20:28]SAY: mouse/ : Squeek!
[19:20:34]EMOTE: monkey (236)/ : <B>The monkey (236)</B> jumps!
[19:20:46]SAY: mouse/ : SQUEEK!
[19:21:46]EMOTE: monkey (591)/ : <B>The monkey (591)</B> jumps!
[19:21:56]SAY: grey baby slime (115)/ : Rawr...
[19:22:27]EMOTE: monkey (236)/ : <B>The monkey (236)</B> jumps!
[19:22:37]EMOTE: monkey (932)/ : <B>The monkey (932)</B> jumps!
[19:22:41]SAY: mouse/ : Squeek!
[19:22:43]ADMIN: BartNixon/(Freckle) jumped to the Derelict Chapel
[19:23:04]ADMIN: BartNixon/(Freckle) modified ProComp IIe's pixel_y to 0
[19:23:16]ADMIN: BartNixon/(Freckle) jumped to the Library
[19:23:27]SAY: Ian/ : Bark!
[19:23:31]EMOTE: monkey (724)/ : <B>The monkey (724)</B> jumps!
[19:23:47]SAY: mouse/ : Squeek?
[19:23:57]EMOTE: monkey (486)/ : <B>The monkey (486)</B> jumps!
[19:24:17]SAY: grey baby slime (115)/ : Rawr...
[19:24:47]SAY: mouse/ : Squeek?
[19:24:55]SAY: mouse/ : SQUEEK!
[19:25:39]SAY: Runtime/ : HSSSSS
[19:26:10]SAY: Tom/ : Squeek!
[19:26:20]SAY: grey baby slime (171)/ : I want to eat...
[19:26:34]SAY: grey baby slime (115)/ : Lonely...
[19:26:50]EMOTE: Pun Pun/ : <B>Pun Pun</B> jumps!
[19:27:06]EMOTE: Pun Pun/ : <B>Pun Pun</B> jumps!
[19:27:43]EMOTE: monkey (932)/ : <B>The monkey (932)</B> jumps!
[19:28:13]EMOTE: Pun Pun/ : <B>Pun Pun</B> jumps!
[19:28:27]EMOTE: monkey (236)/ : <B>The monkey (236)</B> jumps!
[19:29:41]SAY: grey baby slime (171)/ : Where is the food?
[19:30:20]EMOTE: monkey (992)/ : <B>The monkey (992)</B> jumps!
[19:30:20]SAY: mouse/ : Squeek!
[19:31:10]EMOTE: monkey (591)/ : <B>The monkey (591)</B> jumps!
[19:32:11]EMOTE: monkey (490)/ : <B>The monkey (490)</B> jumps!
[19:32:33]EMOTE: monkey (684)/ : <B>The monkey (684)</B> jumps!
[19:32:41]EMOTE: monkey (591)/ : <B>The monkey (591)</B> jumps!
[19:33:08]SAY: mouse/ : Squeek?
[19:33:18]SAY: mouse/ : Squeek?
[19:33:22]EMOTE: monkey (486)/ : <B>The monkey (486)</B> jumps!
[19:33:44]EMOTE: monkey (490)/ : <B>The monkey (490)</B> jumps!
[19:33:50]SAY: mouse/ : Squeek?
[19:34:26]EMOTE: monkey (450)/ : <B>The monkey (450)</B> jumps!
[19:34:38]EMOTE: monkey (236)/ : <B>The monkey (236)</B> jumps!
[19:34:42]EMOTE: monkey (961)/ : <B>The monkey (961)</B> jumps!
[19:36:02]SAY: Poly/ : <i>Wire the solars, you lazy bums!</i>
[19:36:41]SAY: Ian/ : YAP
[19:37:01]SAY: grey baby slime (171)/ : Rawr...
[19:37:07]SAY: mouse/ : SQUEEK!
[19:37:13]EMOTE: monkey (486)/ : <B>The monkey (486)</B> jumps!
[19:37:53]EMOTE: monkey (509)/ : <B>The monkey (509)</B> jumps!
[19:38:27]EMOTE: monkey (450)/ : <B>The monkey (450)</B> jumps!
[19:39:14]SAY: mouse/ : Squeek!
[19:39:18]SAY: mouse/ : Squeek!
[19:39:50]SAY: mouse/ : SQUEEK!
[19:39:59]ACCESS: Logout: BartNixon[DC]/(Freckle)


Starting up. 23:04.29
---------------------
Adding game mode blob (blob) to configuration.
Adding game mode changeling (changeling) to configuration.
Adding game mode traitor+changeling (traitorchan) to configuration.
Adding game mode double agents (double_agents) to configuration.
Adding game mode traitor (traitor) to configuration.
Adding game mode cult (cult) to configuration.
Adding game mode extended (extended) to configuration.
Adding game mode AI malfunction (malfunction) to configuration.
Adding game mode meteor (meteor) to configuration.
Adding game mode monkey (monkey) to configuration.
Adding game mode nuclear emergency (nuclear) to configuration.
Adding game mode revolution (revolution) to configuration.
Adding game mode sandbox (sandbox) to configuration.
Adding game mode wizard (wizard) to configuration.
Saved mode is 'extended'
[23:04:29]ADMIN: Loading Banlistjob
[23:04:29]ADMIN: Loading jobban_rank
[23:04:29]ADMIN: jobban_keylist was empty
[23:04:29]ADMIN: Loading appearance_rank
[23:04:29]ADMIN: appearance_keylist was empty
[23:04:29]ADMIN: Updating jobbanfile!
[23:04:29]ADMIN: Loading Banlist
[23:18:43]ACCESS: Login: BartNixon/(BartNixon) from 127.0.0.1-3529772718 || BYOND v506
[23:20:50]SAY: mouse/ : Squeek!
[23:21:00]EMOTE: monkey (733)/ : <B>The monkey (733)</B> jumps!
[23:21:10]SAY: Ian/ : Woof!
[23:21:12]SAY: mouse/ : Squeek?
[23:21:46]EMOTE: monkey (107)/ : <B>The monkey (107)</B> jumps!
[23:21:54]SAY: mouse/ : SQUEEK!
[23:22:25]SAY: mouse/ : Squeek!
[23:22:31]SAY: grey baby slime (560)/ : Lonely...
[23:23:37]EMOTE: monkey (795)/ : <B>The monkey (795)</B> jumps!
[23:24:13]EMOTE: monkey (10)/ : <B>The monkey (10)</B> jumps!
[23:24:13]EMOTE: monkey (107)/ : <B>The monkey (107)</B> jumps!
[23:24:25]EMOTE: monkey (514)/ : <B>The monkey (514)</B> jumps!
[23:24:31]EMOTE: monkey (107)/ : <B>The monkey (107)</B> jumps!
[23:24:55]SAY: mouse/ : SQUEEK!
[23:25:43]SAY: Tom/ : Squeek!
[23:25:57]EMOTE: monkey (983)/ : <B>The monkey (983)</B> jumps!
[23:26:17]SAY: Pete/ : EHEHEHEHEH
[23:27:04]EMOTE: monkey (945)/ : <B>The monkey (945)</B> jumps!
[23:28:42]SAY: mouse/ : Squeek?
[23:28:56]EMOTE: monkey (795)/ : <B>The monkey (795)</B> jumps!
[23:29:02]SAY: Ian/ : Bark!
[23:29:52]EMOTE: monkey (983)/ : <B>The monkey (983)</B> jumps!
[23:30:18]EMOTE: monkey (795)/ : <B>The monkey (795)</B> jumps!
[23:31:26]SAY: Poly/ : OH GOD ITS FREE CALL THE SHUTTLE
[23:31:28]SAY: Poly/ : Poly wanna cracker!
[23:32:10]SAY: Runtime/ : Meow!
[23:32:30]EMOTE: monkey (983)/ : <B>The monkey (983)</B> jumps!
[23:32:32]SAY: Poly/ : <i>WHO TOOK THE DAMN HARDSUITS?</i>
[23:33:49]SAY: mouse/ : Squeek!
[23:35:13]EMOTE: monkey (171)/ : <B>The monkey (171)</B> jumps!
[23:35:27]SAY: mouse/ : Squeek!
[23:35:33]SAY: Tom/ : Squeek?
[23:35:52]EMOTE: monkey (702)/ : <B>The monkey (702)</B> jumps!
[23:35:54]EMOTE: monkey (795)/ : <B>The monkey (795)</B> jumps!
[23:35:58]SAY: mouse/ : SQUEEK!
[23:36:14]EMOTE: monkey (107)/ : <B>The monkey (107)</B> jumps!
[23:36:42]EMOTE: monkey (892)/ : <B>The monkey (892)</B> jumps!
[23:37:54]SAY: mouse/ : Squeek!
[23:38:22]EMOTE: monkey (702)/ : <B>The monkey (702)</B> jumps!
[23:38:38]EMOTE: monkey (274)/ : <B>The monkey (274)</B> jumps!
[23:38:41]EMOTE: monkey (171)/ : <B>The monkey (171)</B> jumps!
[23:38:56]SAY: mouse/ : SQUEEK!
[23:38:57]EMOTE: monkey (171)/ : <B>The monkey (171)</B> jumps!
[23:39:31]EMOTE: monkey (733)/ : <B>The monkey (733)</B> jumps!
[23:40:13]EMOTE: monkey (983)/ : <B>The monkey (983)</B> jumps!
[23:40:33]EMOTE: monkey (107)/ : <B>The monkey (107)</B> jumps!
[23:40:45]SAY: Runtime/ : Purr!
[23:40:59]EMOTE: monkey (733)/ : <B>The monkey (733)</B> jumps!
[23:41:27]EMOTE: monkey (892)/ : <B>The monkey (892)</B> jumps!
[23:42:33]SAY: Poly/ : Check the singlo, you chucklefucks!
[23:42:41]EMOTE: monkey (514)/ : <B>The monkey (514)</B> jumps!
[23:43:15]EMOTE: monkey (274)/ : <B>The monkey (274)</B> jumps!
[23:43:25]EMOTE: monkey (107)/ : <B>The monkey (107)</B> jumps!
[23:43:28]SAY: Runtime/ : Purr!
[23:43:54]SAY: mouse/ : Squeek?
[23:44:14]SAY: Ian/ : YAP
[23:45:14]SAY: mouse/ : SQUEEK!
[23:45:18]EMOTE: Pun Pun/ : <B>Pun Pun</B> jumps!
[23:45:46]SAY: mouse/ : Squeek!
[23:46:04]EMOTE: monkey (222)/ : <B>The monkey (222)</B> jumps!
[23:46:14]EMOTE: monkey (945)/ : <B>The monkey (945)</B> jumps!
[23:46:42]SAY: Tom/ : Squeek!
[23:47:10]SAY: Pete/ : eh?
[23:48:02]EMOTE: Pun Pun/ : <B>Pun Pun</B> jumps!
[23:48:08]SAY: mouse/ : SQUEEK!
[23:48:36]SAY: mouse/ : Squeek?
[23:49:23]EMOTE: monkey (10)/ : <B>The monkey (10)</B> jumps!
[23:49:27]EMOTE: monkey (171)/ : <B>The monkey (171)</B> jumps!
[23:49:27]SAY: Pete/ : eh?
[23:49:57]EMOTE: monkey (10)/ : <B>The monkey (10)</B> jumps!
[23:50:13]SAY: Poly/ : <i>WHO TOOK THE DAMN HARDSUITS?</i>
[23:50:17]SAY: mouse/ : Squeek!
[23:51:05]EMOTE: monkey (107)/ : <B>The monkey (107)</B> jumps!
[23:51:57]EMOTE: monkey (274)/ : <B>The monkey (274)</B> jumps!
[23:52:54]SAY: mouse/ : SQUEEK!
[23:53:01]SAY: mouse/ : Squeek?
[23:53:01]EMOTE: monkey (733)/ : <B>The monkey (733)</B> jumps!
[23:53:04]SAY: Poly/ : WHO TOOK THE DAMN HARDSUITS?
[23:53:07]SAY: mouse/ : Squeek!
[23:53:08]EMOTE: Pun Pun/ : <B>Pun Pun</B> jumps!
[23:53:52]SAY: grey baby slime (560)/ : Blop...
[23:54:02]EMOTE: monkey (222)/ : <B>The monkey (222)</B> jumps!
[23:54:04]SAY: mouse/ : Squeek?
[23:54:48]SAY: mouse/ : Squeek!
[23:54:50]SAY: Ian/ : YAP
[23:55:04]EMOTE: monkey (514)/ : <B>The monkey (514)</B> jumps!
[23:56:06]EMOTE: monkey (945)/ : <B>The monkey (945)</B> jumps!
[23:56:20]EMOTE: monkey (892)/ : <B>The monkey (892)</B> jumps!
[23:56:35]SAY: mouse/ : Squeek!
[23:57:01]EMOTE: monkey (983)/ : <B>The monkey (983)</B> jumps!
[23:57:41]SAY: Tom/ : Squeek!
[23:58:15]EMOTE: monkey (222)/ : <B>The monkey (222)</B> jumps!
[23:58:23]EMOTE: monkey (171)/ : <B>The monkey (171)</B> jumps!
[23:58:39]EMOTE: monkey (892)/ : <B>The monkey (892)</B> jumps!
[23:58:41]SAY: mouse/ : Squeek!
[23:58:47]EMOTE: Pun Pun/ : <B>Pun Pun</B> jumps!
[23:59:05]EMOTE: monkey (10)/ : <B>The monkey (10)</B> jumps!
[23:59:42]SAY: mouse/ : Squeek?
[00:00:08]SAY: mouse/ : SQUEEK!
[00:00:42]EMOTE: monkey (10)/ : <B>The monkey (10)</B> jumps!
[00:00:59]ADMIN: BartNixon/(BartNixon) modified Space Station 13's icon_state to 1
[00:01:05]ADMIN: BartNixon/(BartNixon) modified Space Station 13's icon_state to 2
[00:01:13]ADMIN: BartNixon/(BartNixon) modified Space Station 13's icon_state to 3
[00:01:16]ADMIN: BartNixon/(BartNixon) modified Space Station 13's icon_state to 4
[00:01:22]ADMIN: BartNixon/(BartNixon) modified Space Station 13's icon_state to 5
[00:01:26]ADMIN: BartNixon/(BartNixon) modified Space Station 13's icon_state to 6
[00:01:34]ADMIN: BartNixon/(BartNixon) modified Space Station 13's icon_state to 7
[00:01:39]SAY: mouse/ : SQUEEK!
[00:01:52]ADMIN: BartNixon/(BartNixon) modified Space Station 13's icon_state to 8
[00:01:55]SAY: Poly/ : Wire the solars, you lazy bums!
[00:01:58]ADMIN: BartNixon/(BartNixon) modified Space Station 13's icon_state to 9
[00:02:08]ADMIN: BartNixon/(BartNixon) modified Space Station 13's icon_state to 10
[00:02:15]ADMIN: BartNixon/(BartNixon) modified Space Station 13's icon_state to 11
[00:02:18]ADMIN: BartNixon/(BartNixon) modified Space Station 13's icon_state to 12
[00:02:21]ADMIN: BartNixon/(BartNixon) modified Space Station 13's icon_state to 13
[00:02:41]EMOTE: monkey (274)/ : <B>The monkey (274)</B> jumps!
[00:02:42]ACCESS: Logout: *no key*/(BartNixon)
[00:02:42]ACCESS: Login: BartNixon/(Gilroy Rudah) from 127.0.0.1-3529772718 || BYOND v506
[00:02:57]EMOTE: monkey (514)/ : <B>The monkey (514)</B> jumps!
[00:03:36]SAY: Runtime/ : Purr!
[00:03:46]ADMIN: BartNixon/(Gilroy Rudah) made all SMESs powered
[00:03:46]ADMIN: BartNixon/(Gilroy Rudah) used secret quickpower
[00:04:14]EMOTE: monkey (171)/ : <B>The monkey (171)</B> jumps!
[00:04:28]SAY: Tom/ : Squeek!
[00:04:47]SAY: Runtime/ : HSSSSS
[00:04:59]EMOTE: monkey (795)/ : <B>The monkey (795)</B> jumps!
[00:05:10]SAY: mouse/ : Squeek!
[00:05:12]EMOTE: monkey (222)/ : <B>The monkey (222)</B> jumps!
[00:05:20]SAY: mouse/ : Squeek?
[00:05:24]EMOTE: monkey (107)/ : <B>The monkey (107)</B> jumps!
[00:06:45]EMOTE: monkey (107)/ : <B>The monkey (107)</B> jumps!
[00:06:53]SAY: mouse/ : Squeek!
[00:07:25]SAY: mouse/ : Squeek!
[00:08:21]SAY: grey baby slime (560)/ : Hungry...
[00:08:25]SAY: mouse/ : Squeek?
[00:08:29]SAY: mouse/ : Squeek!
[00:08:38]SAY: mouse/ : SQUEEK!
[00:09:16]SAY: grey baby slime (560)/ : Where is the food?
[00:09:55]SAY: mouse/ : SQUEEK!
[00:10:17]SAY: mouse/ : Squeek!
[00:10:27]EMOTE: Pun Pun/ : <B>Pun Pun</B> jumps!
[00:11:08]SAY: mouse/ : Squeek?
[00:11:18]SAY: Runtime/ : Meow!
[00:12:23]EMOTE: monkey (892)/ : <B>The monkey (892)</B> jumps!
[00:12:35]SAY: mouse/ : SQUEEK!
[00:12:35]SAY: Pete/ : EHEHEHEHEH
[00:12:52]SAY: mouse/ : Squeek!
[00:12:58]SAY: mouse/ : Squeek?
[00:13:56]SAY: mouse/ : Squeek?
[00:14:07]SAY: mouse/ : SQUEEK!
[00:14:41]EMOTE: Pun Pun/ : <B>Pun Pun</B> jumps!
[00:15:39]EMOTE: monkey (892)/ : <B>The monkey (892)</B> jumps!
[00:15:45]EMOTE: monkey (892)/ : <B>The monkey (892)</B> jumps!
[00:15:46]EMOTE: monkey (107)/ : <B>The monkey (107)</B> jumps!
[00:15:54]SAY: Tom/ : Squeek?
[00:16:10]EMOTE: monkey (514)/ : <B>The monkey (514)</B> jumps!
[00:16:14]SAY: Tom/ : Squeek!
[00:16:38]EMOTE: monkey (10)/ : <B>The monkey (10)</B> jumps!
[00:17:01]EMOTE: monkey (222)/ : <B>The monkey (222)</B> jumps!
[00:17:13]EMOTE: Pun Pun/ : <B>Pun Pun</B> jumps!
[00:17:15]SAY: Poly/ : <i>WHO TOOK THE DAMN HARDSUITS?</i>
[00:17:17]SAY: Runtime/ : Esp!
[00:18:03]SAY: mouse/ : Squeek?
[00:18:03]EMOTE: monkey (514)/ : <B>The monkey (514)</B> jumps!
[00:18:09]SAY: mouse/ : Squeek?
[00:19:02]SAY: Pete/ : EHEHEHEHEH
[00:19:18]EMOTE: monkey (171)/ : <B>The monkey (171)</B> jumps!
[00:19:44]SAY: Runtime/ : Esp!
[00:20:00]SAY: grey baby slime (560)/ : I want to eat...
[00:20:00]EMOTE: monkey (733)/ : <B>The monkey (733)</B> jumps!
[00:20:27]SAY: mouse/ : Squeek?
[00:20:43]SAY: mouse/ : Squeek?
[00:20:43]SAY: mouse/ : SQUEEK!
[00:20:57]SAY: Pete/ : eh?
[00:21:17]EMOTE: monkey (733)/ : <B>The monkey (733)</B> jumps!
[00:21:41]SAY: mouse/ : Squeek!
[00:21:43]EMOTE: monkey (171)/ : <B>The monkey (171)</B> jumps!
[00:21:46]SAY: mouse/ : Squeek?
[00:22:47]EMOTE: monkey (514)/ : <B>The monkey (514)</B> jumps!
[00:23:01]SAY: grey baby slime (732)/ : Lonely...
[00:23:01]EMOTE: monkey (222)/ : <B>The monkey (222)</B> jumps!
[00:23:13]SAY: mouse/ : SQUEEK!
[00:23:13]SAY: mouse/ : SQUEEK!
[00:23:33]SAY: Poly/ : Poly wanna cracker!
[00:24:00]EMOTE: monkey (702)/ : <B>The monkey (702)</B> jumps!
[00:24:12]SAY: Runtime/ : Esp!
[00:24:22]EMOTE: monkey (10)/ : <B>The monkey (10)</B> jumps!
[00:24:30]SAY: mouse/ : SQUEEK!
[00:25:12]EMOTE: monkey (514)/ : <B>The monkey (514)</B> jumps!
[00:25:24]SAY: grey baby slime (732)/ : Blorble...
[00:25:26]SAY: mouse/ : Squeek?
[00:25:30]SAY: mouse/ : SQUEEK!
[00:25:56]SAY: mouse/ : Squeek?
[00:25:58]EMOTE: monkey (702)/ : <B>The monkey (702)</B> jumps!
[00:26:26]SAY: mouse/ : Squeek!
[00:27:05]SAY: mouse/ : Squeek?
[00:27:29]SAY: mouse/ : Squeek?
[00:27:44]SAY: mouse/ : Squeek?
[00:28:24]SAY: Runtime/ : HSSSSS
[00:28:54]SAY: grey baby slime (732)/ : Hungry...
[00:28:54]EMOTE: monkey (733)/ : <B>The monkey (733)</B> jumps!
[00:29:49]EMOTE: monkey (892)/ : <B>The monkey (892)</B> jumps!
[00:30:28]SAY: mouse/ : Squeek!
[00:31:05]SAY: mouse/ : Squeek!
[00:31:17]SAY: Pete/ : eh?
[00:31:25]EMOTE: monkey (945)/ : <B>The monkey (945)</B> jumps!
[00:31:35]EMOTE: monkey (795)/ : <B>The monkey (795)</B> jumps!
[00:31:47]SAY: grey baby slime (732)/ : I want to eat...
[00:32:21]SAY: Ian/ : Bark!
[00:33:11]EMOTE: monkey (892)/ : <B>The monkey (892)</B> jumps!
[00:34:08]SAY: mouse/ : SQUEEK!
[00:34:24]SAY: mouse/ : SQUEEK!
[00:34:47]SAY: grey baby slime (732)/ : I want to eat...
[00:35:09]EMOTE: monkey (10)/ : <B>The monkey (10)</B> jumps!
[00:35:17]EMOTE: monkey (10)/ : <B>The monkey (10)</B> jumps!
[00:35:43]SAY: mouse/ : Squeek!
[00:35:59]SAY: mouse/ : Squeek!
[00:36:25]EMOTE: monkey (945)/ : <B>The monkey (945)</B> jumps!
[00:37:02]SAY: Poly/ : Poly wanna cracker!
[00:37:06]SAY: mouse/ : SQUEEK!
[00:37:17]EMOTE: monkey (702)/ : <B>The monkey (702)</B> jumps!
[00:38:22]SAY: Pete/ : EHEHEHEHEH
[00:38:24]EMOTE: monkey (10)/ : <B>The monkey (10)</B> jumps!
[00:38:46]SAY: mouse/ : Squeek?
[00:38:52]SAY: Pete/ : EHEHEHEHEH
[00:38:58]EMOTE: monkey (222)/ : <B>The monkey (222)</B> jumps!
[00:39:32]SAY: grey baby slime (560)/ : Where is the food?
[00:39:32]EMOTE: monkey (10)/ : <B>The monkey (10)</B> jumps!
[00:39:48]EMOTE: monkey (274)/ : <B>The monkey (274)</B> jumps!
[00:40:04]EMOTE: monkey (222)/ : <B>The monkey (222)</B> jumps!
[00:40:12]EMOTE: monkey (702)/ : <B>The monkey (702)</B> jumps!
[00:41:57]EMOTE: monkey (733)/ : <B>The monkey (733)</B> jumps!
[00:42:09]EMOTE: monkey (274)/ : <B>The monkey (274)</B> jumps!
[00:42:23]EMOTE: monkey (702)/ : <B>The monkey (702)</B> jumps!
[00:42:31]SAY: Runtime/ : Esp!
[00:42:41]EMOTE: Pun Pun/ : <B>Pun Pun</B> jumps!
[00:43:21]EMOTE: monkey (983)/ : <B>The monkey (983)</B> jumps!
[00:44:15]SAY: mouse/ : Squeek!
[00:46:28]EMOTE: monkey (107)/ : <B>The monkey (107)</B> jumps!
[00:46:34]SAY: Runtime/ : Purr!
[00:46:38]EMOTE: monkey (795)/ : <B>The monkey (795)</B> jumps!
[00:46:44]SAY: mouse/ : SQUEEK!
[00:47:18]EMOTE: monkey (274)/ : <B>The monkey (274)</B> jumps!
[00:47:48]SAY: Poly/ : Wire the solars, you lazy bums!
[00:47:59]EMOTE: monkey (10)/ : <B>The monkey (10)</B> jumps!
[00:48:07]SAY: mouse/ : Squeek!
[00:48:19]EMOTE: monkey (733)/ : <B>The monkey (733)</B> jumps!
[00:48:25]EMOTE: monkey (107)/ : <B>The monkey (107)</B> jumps!
[00:48:39]SAY: mouse/ : Squeek?
[00:48:45]EMOTE: Pun Pun/ : <B>Pun Pun</B> jumps!
[00:48:47]SAY: mouse/ : Squeek?
[00:48:55]SAY: mouse/ : Squeek?
[00:48:55]EMOTE: monkey (795)/ : <B>The monkey (795)</B> jumps!
[00:48:59]SAY: mouse/ : SQUEEK!
[00:49:35]SAY: mouse/ : SQUEEK!
[00:49:43]SAY: mouse/ : Squeek!
[00:50:26]SAY: mouse/ : SQUEEK!
[00:50:30]SAY: mouse/ : Squeek!
[00:50:34]SAY: grey baby slime (560)/ : Rawr...
[00:51:49]ACCESS: Logout: BartNixon[DC]/(Gilroy Rudah)
