

Starting up. 17:45.49
---------------------
[22:57:51]ATTACK: <font color='red'>Gilroy Rudah(bartnixon) equipped Mary Scott with the the Vault utility jumpsuit</font>
[22:58:30]ATTACK: <font color='red'>Gilroy Rudah(bartnixon) equipped Troy Hanford with the pre-War male relaxedwear</font>
[22:58:50]ATTACK: <font color='red'>Gilroy Rudah(bartnixon) equipped Oscar Brinigh with the pre-War male spring outfit</font>
[22:59:06]ATTACK: <font color='red'>Gilroy Rudah(bartnixon) equipped Raul Unk with the fancy suit</font>
[22:59:51]ATTACK: <font color='red'>Gilroy Rudah(bartnixon) equipped Raul Unk with the laceup shoes</font>
[23:00:03]ATTACK: <font color='red'>Gilroy Rudah(bartnixon) equipped Troy Hanford with the cyborg boots</font>
[23:00:10]ATTACK: <font color='red'>Gilroy Rudah(bartnixon) equipped Oscar Brinigh with the cyborg boots</font>
[23:01:06]ATTACK: <font color='red'>Gilroy Rudah(bartnixon) equipped Mary Scott with the red shoes</font>
[23:07:34]ATTACK: <font color='red'>Gilroy Rudah(bartnixon) equipped Oscar Brinigh with the hat</font>
[23:08:34]ATTACK: <font color='red'>Gilroy Rudah(bartnixon) stripped Oscar Brinigh of the hat</font>
[23:08:37]ATTACK: <font color='red'>Gilroy Rudah(bartnixon) equipped Oscar Brinigh with the fedora</font>
[23:09:00]ATTACK: <font color='red'>Gilroy Rudah(bartnixon) stripped Oscar Brinigh of the fedora</font>
[23:10:23]ATTACK: <font color='red'>Gilroy Rudah(bartnixon) equipped Louis Wentzel with Enclave officer hat</font>
[23:10:43]ATTACK: <font color='red'>Gilroy Rudah(bartnixon) equipped Louis Wentzel with the the Enclave officer uniform</font>
[23:11:01]ATTACK: <font color='red'>Gilroy Rudah(bartnixon) equipped Louis Wentzel with the jackboots</font>
[23:11:18]ATTACK: <font color='red'>Gilroy Rudah(bartnixon) equipped Louis Wentzel with the Stechkin pistol</font>
[23:14:20]ATTACK: <font color='red'>Gilroy Rudah(bartnixon) equipped Louis Wentzel with the Stechkin pistol</font>
[23:19:24]ATTACK: <font color='red'>Gilroy Rudah(bartnixon) equipped Aaliyah Scott with the leather armor</font>
[23:19:35]ATTACK: <font color='red'>Gilroy Rudah(bartnixon) stripped Aaliyah Scott of the leather armor</font>
[23:19:48]ATTACK: <font color='red'>Gilroy Rudah(bartnixon) equipped Aaliyah Scott with the black metal armor</font>
[23:20:11]ATTACK: <font color='red'>Gilroy Rudah(bartnixon) equipped Aaliyah Scott with the welding goggles</font>
[23:23:37]ATTACK: <font color='red'>Gilroy Rudah(bartnixon) attacked Norah James with kitchen knife(INTENT: HELP) (DAMTYE: BRUTE)</font>
