

Starting up. 01:57.43
---------------------


Starting up. 02:11.59
---------------------
[02:32:47]ATTACK: <font color='red'>Jason Nud(ideee) equipped Gracie Poehl with the pre-War male relaxedwear</font>
[02:32:57]ATTACK: <font color='red'>Gilroy Rudah(bartnixon) equipped Gracie Poehl with the cyborg boots</font>
[02:43:20]ATTACK: <font color='red'>Jason Nud(ideee) equipped Adrian Fryer with T-45d power armor</font>
[02:43:27]ATTACK: <font color='red'>Gilroy Rudah(bartnixon) equipped Brooke Wheeler with the advanced Mk I power helmet</font>
[02:43:28]ATTACK: <font color='red'>Jason Nud(ideee) equipped Adrian Fryer with T-45d power helmet</font>
[02:43:36]ATTACK: <font color='red'>Gilroy Rudah(bartnixon) equipped Unknown with the advanced power armor Mk I</font>
[02:43:50]ATTACK: <font color='red'>Jason Nud(ideee) equipped Ricardo Benford with NCR salvaged power armor</font>
[02:43:56]ATTACK: <font color='red'>Jason Nud(ideee) equipped Ricardo Benford with the salvaged power helmet</font>
[02:45:46]ATTACK: <font color='red'>Gilroy Rudah(bartnixon) stripped Unknown of the advanced Mk I power helmet</font>
[02:46:05]ATTACK: <font color='red'>Gilroy Rudah(bartnixon) equipped Brooke Wheeler with the gladiator helmet</font>
[02:46:32]ATTACK: <font color='red'>Gilroy Rudah(bartnixon) stripped Gracie Poehl of the pre-War male relaxedwear</font>
[02:48:26]ATTACK: <font color='red'>Gilroy Rudah(bartnixon) stripped Brooke Wheeler of the gladiator helmet</font>
[02:48:30]ATTACK: <font color='red'>Gilroy Rudah(bartnixon) equipped Brooke Wheeler with the advanced Mk I power helmet</font>
[02:52:17]ATTACK: <font color='red'>Gilroy Rudah(bartnixon) equipped Monica Hardie with the leather armor</font>
[02:52:40]ATTACK: <font color='red'>Jason Nud(ideee) equipped Keziah Price with the black metal armor</font>
[02:52:46]ATTACK: <font color='red'>Gilroy Rudah(bartnixon) equipped Monica Hardie with the stormchaser hat</font>
[02:54:22]ATTACK: <font color='red'>Jason Nud(ideee) shot Unknown with The bullet</font>
[02:54:23]ATTACK: <font color='red'>Gilroy Rudah(bartnixon) shot Monica Hardie with The bullet</font>
[02:54:23]ATTACK: <font color='red'>Jason Nud(ideee) shot Unknown with The bullet</font>
[02:54:25]ATTACK: <font color='red'>Gilroy Rudah(bartnixon) shot Keziah Price with The bullet</font>
[02:54:29]ATTACK: <font color='red'>Jason Nud(ideee) shot Keziah Price with The bullet</font>
[02:54:30]ATTACK: <font color='red'>Jason Nud(ideee) shot Monica Hardie with The bullet</font>
[02:54:31]ATTACK: <font color='red'>Gilroy Rudah(bartnixon) shot Unknown with The bullet</font>
[02:54:33]ATTACK: <font color='red'>Gilroy Rudah(bartnixon) shot Unknown with The bullet</font>
[02:54:34]ATTACK: <font color='red'>Jason Nud(ideee) shot Unknown with The bullet</font>
[02:54:34]ATTACK: <font color='red'>Gilroy Rudah(bartnixon) shot Unknown with The bullet</font>
[02:55:57]ATTACK: <font color='red'>Jason Nud(ideee) shot Unknown with The laser</font>
[02:55:58]ATTACK: <font color='red'>Jason Nud(ideee) shot Unknown with The laser</font>
[02:55:59]ATTACK: <font color='red'>Jason Nud(ideee) shot Unknown with The laser</font>
[02:56:03]ATTACK: <font color='red'>Jason Nud(ideee) shot Keziah Price with The laser</font>
[02:56:08]ATTACK: <font color='red'>Jason Nud(ideee) shot Monica Hardie with The laser</font>
[03:03:01]ATTACK: <font color='red'>Jason Nud(ideee) shot Unknown(bartnixon) with The bullet</font>
[03:03:02]ATTACK: <font color='red'>Jason Nud(ideee) shot monkey (652) with The bullet</font>
[03:03:11]ATTACK: <font color='red'>Jason Nud(ideee) shot Unknown(bartnixon) with The bullet</font>
[03:04:38]ATTACK: <font color='red'>Unknown(bartnixon) shot monkey (639) with The pulse</font>
[03:04:40]ATTACK: <font color='red'>Unknown(bartnixon) shot monkey (639) with The pulse</font>
[03:04:54]ATTACK: <font color='red'>Unknown(bartnixon) shot monkey (577) with The pulse</font>
[03:04:56]ATTACK: <font color='red'>Unknown(bartnixon) shot monkey (577) with The pulse</font>
[03:05:16]ATTACK: <font color='red'>Jason Nud(ideee) shot Unknown(bartnixon) with The bullet</font>
[03:05:16]ATTACK: <font color='red'>Jason Nud(ideee) shot monkey (652) with The bullet</font>
[03:05:18]ATTACK: <font color='red'>Jason Nud(ideee) shot Gracie Poehl with The bullet</font>
[03:05:18]ATTACK: <font color='red'>Jason Nud(ideee) shot monkey (652) with The bullet</font>
[03:05:19]ATTACK: <font color='red'>Jason Nud(ideee) shot Unknown(bartnixon) with The bullet</font>
[03:05:23]ATTACK: <font color='red'>Jason Nud(ideee) shot Unknown(bartnixon) with The bullet</font>
[03:05:55]ATTACK: <font color='red'>Jason Nud(ideee) shot monkey (652) with The laser</font>
[03:05:57]ATTACK: <font color='red'>Jason Nud(ideee) shot Unknown(bartnixon) with The laser</font>
[03:06:00]ATTACK: <font color='red'>Jason Nud(ideee) shot Unknown(bartnixon) with The laser</font>
[03:06:02]ATTACK: <font color='red'>Jason Nud(ideee) shot Gracie Poehl with The laser</font>
[03:06:03]ATTACK: <font color='red'>Jason Nud(ideee) shot Unknown(bartnixon) with The laser</font>
[03:06:05]ATTACK: <font color='red'>Jason Nud(ideee) shot Unknown(bartnixon) with The laser</font>
[03:06:06]ATTACK: <font color='red'>Jason Nud(ideee) shot Unknown(bartnixon) with The laser</font>
[03:06:06]ATTACK: <font color='red'>Jason Nud(ideee) shot Unknown(bartnixon) with The laser</font>
[03:06:07]ATTACK: <font color='red'>Jason Nud(ideee) shot Unknown(bartnixon) with The laser</font>
[03:06:08]ATTACK: <font color='red'>Jason Nud(ideee) shot Unknown(bartnixon) with The laser</font>
[03:06:15]ATTACK: <font color='red'>Jason Nud(ideee) shot Unknown(bartnixon) with The bullet</font>
[03:06:16]ATTACK: <font color='red'>Jason Nud(ideee) shot Unknown(bartnixon) with The bullet</font>
[03:06:16]ATTACK: <font color='red'>Jason Nud(ideee) shot Unknown(bartnixon) with The bullet</font>
[03:06:22]ATTACK: <font color='red'>Jason Nud(ideee) attacked Unknown(bartnixon) with Stechkin pistol(INTENT: HARM) (DAMTYE: BRUTE)</font>
[03:06:23]ATTACK: <font color='red'>Jason Nud(ideee) attacked Unknown(bartnixon) with Stechkin pistol(INTENT: HARM) (DAMTYE: BRUTE)</font>
[03:06:24]ATTACK: <font color='red'>Jason Nud(ideee) attacked Unknown(bartnixon) with Stechkin pistol(INTENT: HARM) (DAMTYE: BRUTE)</font>
[03:06:25]ATTACK: <font color='red'>Jason Nud(ideee) attacked Unknown(bartnixon) with Stechkin pistol(INTENT: HARM) (DAMTYE: BRUTE)</font>
[03:06:26]ATTACK: <font color='red'>Jason Nud(ideee) attacked Unknown(bartnixon) with Stechkin pistol(INTENT: HARM) (DAMTYE: BRUTE)</font>
[03:06:27]ATTACK: <font color='red'>Jason Nud(ideee) attacked Unknown(bartnixon) with Stechkin pistol(INTENT: HARM) (DAMTYE: BRUTE)</font>
[03:06:28]ATTACK: <font color='red'>Jason Nud(ideee) attacked Unknown(bartnixon) with Stechkin pistol(INTENT: HARM) (DAMTYE: BRUTE)</font>
[03:06:29]ATTACK: <font color='red'>Jason Nud(ideee) attacked Unknown(bartnixon) with Stechkin pistol(INTENT: HARM) (DAMTYE: BRUTE)</font>
[03:06:30]ATTACK: <font color='red'>Jason Nud(ideee) attacked Unknown(bartnixon) with Stechkin pistol(INTENT: HARM) (DAMTYE: BRUTE)</font>
[03:06:36]ATTACK: <font color='red'>Jason Nud(ideee) attacked Unknown(bartnixon) with Stechkin pistol(INTENT: HARM) (DAMTYE: BRUTE)</font>
[03:06:37]ATTACK: <font color='red'>Jason Nud(ideee) attacked Unknown(bartnixon) with Stechkin pistol(INTENT: HARM) (DAMTYE: BRUTE)</font>
[03:06:38]ATTACK: <font color='red'>Jason Nud(ideee) attacked Unknown(bartnixon) with Stechkin pistol(INTENT: HARM) (DAMTYE: BRUTE)</font>
[03:06:39]ATTACK: <font color='red'>Jason Nud(ideee) attacked Unknown(bartnixon) with Stechkin pistol(INTENT: HARM) (DAMTYE: BRUTE)</font>
[03:06:50]ATTACK: <font color='red'>Jason Nud(ideee) attacked Unknown(bartnixon) with pulse rifle(INTENT: HARM) (DAMTYE: BRUTE)</font>
[03:06:51]ATTACK: <font color='red'>Jason Nud(ideee) shot Unknown(bartnixon) with The pulse</font>
[03:06:52]ATTACK: <font color='red'>Jason Nud(ideee) shot Unknown(bartnixon) with The pulse</font>
[03:06:53]ATTACK: <font color='red'>Jason Nud(ideee) shot Unknown(bartnixon) with The pulse</font>
[03:06:53]ATTACK: <font color='red'>Jason Nud(ideee) shot Unknown(bartnixon) with The pulse</font>
[03:06:54]ATTACK: <font color='red'>Jason Nud(ideee) shot Unknown(bartnixon) with The pulse</font>
[03:06:54]ATTACK: <font color='red'>Jason Nud(ideee) shot Unknown(bartnixon) with The pulse</font>
[03:06:55]ATTACK: <font color='red'>Jason Nud(ideee) shot Unknown(bartnixon) with The pulse</font>
[03:06:55]ATTACK: <font color='red'>Jason Nud(ideee) shot Unknown(bartnixon) with The pulse</font>
[03:06:56]ATTACK: <font color='red'>Jason Nud(ideee) shot Unknown(bartnixon) with The pulse</font>
[03:06:57]ATTACK: <font color='red'>Jason Nud(ideee) shot Unknown(bartnixon) with The pulse</font>
[03:07:18]ATTACK: <font color='red'>Gilroy Rudah(bartnixon) stripped Monica Hardie of the leather armor</font>
[03:08:58]ATTACK: <font color='red'>Jason Nud(ideee) shot Gilroy Rudah(bartnixon) with The bullet</font>
[03:08:59]ATTACK: <font color='red'>Jason Nud(ideee) shot Gilroy Rudah(bartnixon) with The bullet</font>
[03:09:00]ATTACK: <font color='red'>Jason Nud(ideee) shot Gilroy Rudah(bartnixon) with The bullet</font>
[03:09:02]ATTACK: <font color='red'>Jason Nud(ideee) shot Gilroy Rudah(bartnixon) with The bullet</font>
[03:09:03]ATTACK: <font color='red'>Jason Nud(ideee) shot Unknown with The bullet</font>
[03:09:13]ATTACK: <font color='red'>Jason Nud(ideee) attacked Gilroy Rudah(bartnixon) with Stechkin pistol(INTENT: HARM) (DAMTYE: BRUTE)</font>
[03:09:14]ATTACK: <font color='red'>Jason Nud(ideee) attacked Gilroy Rudah(bartnixon) with Stechkin pistol(INTENT: HARM) (DAMTYE: BRUTE)</font>
[03:09:15]ATTACK: <font color='red'>Jason Nud(ideee) attacked Gilroy Rudah(bartnixon) with Stechkin pistol(INTENT: HARM) (DAMTYE: BRUTE)</font>
[03:09:16]ATTACK: <font color='red'>Jason Nud(ideee) attacked Gilroy Rudah(bartnixon) with Stechkin pistol(INTENT: HARM) (DAMTYE: BRUTE)</font>
[03:09:17]ATTACK: <font color='red'>Jason Nud(ideee) attacked Gilroy Rudah(bartnixon) with Stechkin pistol(INTENT: HARM) (DAMTYE: BRUTE)</font>
[03:09:18]ATTACK: <font color='red'>Jason Nud(ideee) attacked Gilroy Rudah(bartnixon) with Stechkin pistol(INTENT: HARM) (DAMTYE: BRUTE)</font>
[03:09:19]ATTACK: <font color='red'>Jason Nud(ideee) attacked Gilroy Rudah(bartnixon) with Stechkin pistol(INTENT: HARM) (DAMTYE: BRUTE)</font>
[03:09:20]ATTACK: <font color='red'>Jason Nud(ideee) attacked Gilroy Rudah(bartnixon) with Stechkin pistol(INTENT: HARM) (DAMTYE: BRUTE)</font>
[03:09:21]ATTACK: <font color='red'>Jason Nud(ideee) attacked Gilroy Rudah(bartnixon) with Stechkin pistol(INTENT: HARM) (DAMTYE: BRUTE)</font>
[03:09:22]ATTACK: <font color='red'>Jason Nud(ideee) attacked Gilroy Rudah(bartnixon) with Stechkin pistol(INTENT: HARM) (DAMTYE: BRUTE)</font>
[03:09:23]ATTACK: <font color='red'>Jason Nud(ideee) attacked Gilroy Rudah(bartnixon) with Stechkin pistol(INTENT: HARM) (DAMTYE: BRUTE)</font>
[03:09:24]ATTACK: <font color='red'>Jason Nud(ideee) attacked Gilroy Rudah(bartnixon) with Stechkin pistol(INTENT: HARM) (DAMTYE: BRUTE)</font>
[03:09:25]ATTACK: <font color='red'>Jason Nud(ideee) attacked Gilroy Rudah(bartnixon) with Stechkin pistol(INTENT: HARM) (DAMTYE: BRUTE)</font>
[03:09:26]ATTACK: <font color='red'>Jason Nud(ideee) attacked Gilroy Rudah(bartnixon) with Stechkin pistol(INTENT: HARM) (DAMTYE: BRUTE)</font>
[03:09:27]ATTACK: <font color='red'>Jason Nud(ideee) attacked Gilroy Rudah(bartnixon) with Stechkin pistol(INTENT: HARM) (DAMTYE: BRUTE)</font>
[03:09:28]ATTACK: <font color='red'>Jason Nud(ideee) attacked Gilroy Rudah(bartnixon) with Stechkin pistol(INTENT: HARM) (DAMTYE: BRUTE)</font>
[03:09:29]ATTACK: <font color='red'>Jason Nud(ideee) attacked Gilroy Rudah(bartnixon) with Stechkin pistol(INTENT: HARM) (DAMTYE: BRUTE)</font>
[03:09:29]ATTACK: <font color='red'>Jason Nud(ideee) attacked Gilroy Rudah(bartnixon) with Stechkin pistol(INTENT: HARM) (DAMTYE: BRUTE)</font>
[03:09:30]ATTACK: <font color='red'>Jason Nud(ideee) attacked Gilroy Rudah(bartnixon) with Stechkin pistol(INTENT: HARM) (DAMTYE: BRUTE)</font>
[03:09:31]ATTACK: <font color='red'>Jason Nud(ideee) attacked Gilroy Rudah(bartnixon) with Stechkin pistol(INTENT: HARM) (DAMTYE: BRUTE)</font>
[03:09:32]ATTACK: <font color='red'>Jason Nud(ideee) attacked Gilroy Rudah(bartnixon) with Stechkin pistol(INTENT: HARM) (DAMTYE: BRUTE)</font>
[03:09:33]ATTACK: <font color='red'>Jason Nud(ideee) attacked Gilroy Rudah(bartnixon) with Stechkin pistol(INTENT: HARM) (DAMTYE: BRUTE)</font>
[03:09:34]ATTACK: <font color='red'>Jason Nud(ideee) attacked Gilroy Rudah(bartnixon) with Stechkin pistol(INTENT: HARM) (DAMTYE: BRUTE)</font>
[03:09:35]ATTACK: <font color='red'>Jason Nud(ideee) attacked Gilroy Rudah(bartnixon) with Stechkin pistol(INTENT: HARM) (DAMTYE: BRUTE)</font>
[03:09:36]ATTACK: <font color='red'>Jason Nud(ideee) attacked Gilroy Rudah(bartnixon) with Stechkin pistol(INTENT: HARM) (DAMTYE: BRUTE)</font>
[03:09:37]ATTACK: <font color='red'>Jason Nud(ideee) attacked Gilroy Rudah(bartnixon) with Stechkin pistol(INTENT: HARM) (DAMTYE: BRUTE)</font>
[03:09:38]ATTACK: <font color='red'>Jason Nud(ideee) attacked Gilroy Rudah(bartnixon) with Stechkin pistol(INTENT: HARM) (DAMTYE: BRUTE)</font>
[03:09:39]ATTACK: <font color='red'>Jason Nud(ideee) attacked Gilroy Rudah(bartnixon) with Stechkin pistol(INTENT: HARM) (DAMTYE: BRUTE)</font>
[03:10:57]ATTACK: <font color='red'>Jason Nud(ideee) shot Unknown(bartnixon) with The bullet</font>
[03:10:58]ATTACK: <font color='red'>Jason Nud(ideee) shot Unknown(bartnixon) with The bullet</font>
[03:10:59]ATTACK: <font color='red'>Jason Nud(ideee) shot Unknown(bartnixon) with The bullet</font>
[03:11:00]ATTACK: <font color='red'>Jason Nud(ideee) shot Unknown(bartnixon) with The bullet</font>
[03:11:00]ATTACK: <font color='red'>Jason Nud(ideee) shot Unknown(bartnixon) with The bullet</font>
[03:11:16]ATTACK: <font color='red'>Jason Nud(ideee) shot Keziah Price with The bullet</font>
[03:11:16]ATTACK: <font color='red'>Jason Nud(ideee) shot Unknown(bartnixon) with The bullet</font>
[03:11:17]ATTACK: <font color='red'>Jason Nud(ideee) shot Unknown(bartnixon) with The bullet</font>
[03:11:18]ATTACK: <font color='red'>Jason Nud(ideee) shot Unknown(bartnixon) with The bullet</font>
[03:11:18]ATTACK: <font color='red'>Jason Nud(ideee) shot Keziah Price with The bullet</font>
[03:11:19]ATTACK: <font color='red'>Jason Nud(ideee) shot Unknown(bartnixon) with The bullet</font>
[03:11:20]ATTACK: <font color='red'>Jason Nud(ideee) shot Unknown(bartnixon) with The bullet</font>
[03:11:20]ATTACK: <font color='red'>Jason Nud(ideee) shot Unknown(bartnixon) with The bullet</font>
[03:17:23]ATTACK: <font color='red'>Unknown(bartnixon) equipped Emery Hawker with T-45d power helmet</font>
[03:18:19]ATTACK: <font color='red'>Unknown(bartnixon) equipped Elena Mcintosh with T-45d power helmet</font>
[03:18:37]ATTACK: <font color='red'>Unknown(bartnixon) equipped Unknown with T-45d power armor</font>
[03:18:43]ATTACK: <font color='red'>Jason Nud(ideee) shot Gracie Poehl with The electrode</font>
[03:19:21]ATTACK: <font color='red'>Jason Nud(ideee) grabbed Gracie Poehl passively</font>
[03:19:31]ATTACK: <font color='red'>Jason Nud(ideee) grabbed Gracie Poehl passively</font>
[03:19:45]ATTACK: <font color='red'>Jason Nud(ideee) attacked monkey (678) with Stechkin pistol(INTENT: HARM) (DAMTYE: BRUTE)</font>
[03:19:47]ATTACK: <font color='red'>Jason Nud(ideee) shot monkey (678) with The bullet</font>
[03:19:48]ATTACK: <font color='red'>Jason Nud(ideee) shot monkey (678) with The bullet</font>
[03:19:49]ATTACK: <font color='red'>Jason Nud(ideee) shot monkey (678) with The bullet</font>
[03:19:51]ATTACK: <font color='red'>Jason Nud(ideee) shot monkey (678) with The bullet</font>
[03:23:43]ATTACK: <font color='red'>Jason Nud(ideee) shot Unknown with The electrode</font>
[03:23:45]ATTACK: <font color='red'>Jason Nud(ideee) shot Unknown with The electrode</font>
[03:23:46]ATTACK: <font color='red'>Jason Nud(ideee) shot Unknown(bartnixon) with The electrode</font>
[03:23:48]ATTACK: <font color='red'>Jason Nud(ideee) shot Unknown with The electrode</font>
[03:23:49]ATTACK: <font color='red'>Jason Nud(ideee) shot Unknown with The electrode</font>
[03:23:51]ATTACK: <font color='red'>Jason Nud(ideee) shot Monica Hardie with The electrode</font>
[03:23:53]ATTACK: <font color='red'>Jason Nud(ideee) shot Unknown with The electrode</font>
[03:23:54]ATTACK: <font color='red'>Jason Nud(ideee) shot Unknown with The electrode</font>
[03:24:40]ATTACK: <font color='red'>Jason Nud(ideee) equipped Unknown with the ablative armor vest</font>
[03:24:44]ATTACK: <font color='red'>Jason Nud(ideee) shot Unknown with The electrode</font>
[03:24:47]ATTACK: <font color='red'>Jason Nud(ideee) shaked Unknown </font>
[03:24:49]ATTACK: <font color='red'>Jason Nud(ideee) shot Unknown with The electrode</font>
[03:24:51]ATTACK: <font color='red'>Jason Nud(ideee) shaked Unknown </font>
[03:24:53]ATTACK: <font color='red'>Jason Nud(ideee) shot Unknown with The electrode</font>
[03:24:55]ATTACK: <font color='red'>Jason Nud(ideee) shaked Unknown </font>
[03:24:56]ATTACK: <font color='red'>Jason Nud(ideee) shot Unknown with The electrode</font>
[03:24:59]ATTACK: <font color='red'>Jason Nud(ideee) shaked Unknown </font>
[03:25:01]ATTACK: <font color='red'>Jason Nud(ideee) shot Unknown with The electrode</font>
[03:25:01]ATTACK: <font color='red'>Unknown shot Jason Nud(ideee) with The electrode</font>
[03:25:17]ATTACK: <font color='red'>Jason Nud(ideee) shot Unknown with The electrode</font>
[03:25:17]ATTACK: <font color='red'>Unknown shot Jason Nud(ideee) with The electrode</font>
[03:25:29]ATTACK: <font color='red'>Jason Nud(ideee) shot Unknown with The electrode</font>
[03:25:30]ATTACK: <font color='red'>Jason Nud(ideee) shot Unknown with The electrode</font>
[03:25:34]ATTACK: <font color='red'>Jason Nud(ideee) shot Unknown with The electrode</font>
[03:25:35]ATTACK: <font color='red'>Jason Nud(ideee) shot Unknown with The electrode</font>
[03:25:36]ATTACK: <font color='red'>Jason Nud(ideee) shot Unknown with The electrode</font>
[03:25:36]ATTACK: <font color='red'>Unknown shot Jason Nud(ideee) with The electrode</font>
[03:28:27]ATTACK: <font color='red'>Jason Nud(ideee) shot Unknown with The electrode</font>
[03:28:28]ATTACK: <font color='red'>Jason Nud(ideee) shot Unknown with The electrode</font>
[03:28:29]ATTACK: <font color='red'>Unknown shot Jason Nud(ideee) with The electrode</font>
[03:28:40]ATTACK: <font color='red'>Jason Nud(ideee) shot Unknown with The electrode</font>
[03:28:42]ATTACK: <font color='red'>Jason Nud(ideee) shot Unknown with The electrode</font>
[03:28:42]ATTACK: <font color='red'>Jason Nud(ideee) shot Unknown with The electrode</font>
[03:28:43]ATTACK: <font color='red'>Jason Nud(ideee) shot Unknown with The electrode</font>
[03:28:43]ATTACK: <font color='red'>Jason Nud(ideee) shot Unknown with The electrode</font>
[03:28:44]ATTACK: <font color='red'>Jason Nud(ideee) shot Unknown with The electrode</font>
[03:28:44]ATTACK: <font color='red'>Unknown shot Jason Nud(ideee) with The electrode</font>
[03:28:44]ATTACK: <font color='red'>Jason Nud(ideee) shot Unknown with The electrode</font>
[03:29:53]ATTACK: <font color='red'>Jason Nud(ideee) shot Unknown(bartnixon) with The laser</font>
[03:29:55]ATTACK: <font color='red'>Jason Nud(ideee) shot Unknown(bartnixon) with The laser</font>
[03:29:56]ATTACK: <font color='red'>Jason Nud(ideee) shot Unknown(bartnixon) with The laser</font>
[03:30:18]ATTACK: <font color='red'>Jason Nud(ideee) shot Unknown(bartnixon) with The laser</font>
[03:30:21]ATTACK: <font color='red'>Jason Nud(ideee) shot Unknown(bartnixon) with The laser</font>
[03:30:22]ATTACK: <font color='red'>Jason Nud(ideee) shot Unknown(bartnixon) with The laser</font>
[03:30:24]ATTACK: <font color='red'>Jason Nud(ideee) shot Unknown(bartnixon) with The laser</font>
[03:30:24]ATTACK: <font color='red'>Jason Nud(ideee) shot Unknown(bartnixon) with The laser</font>
[03:30:25]ATTACK: <font color='red'>Jason Nud(ideee) shot Unknown(bartnixon) with The laser</font>
[03:30:25]ATTACK: <font color='red'>Jason Nud(ideee) shot Unknown(bartnixon) with The laser</font>
[03:30:40]ATTACK: <font color='red'>Jason Nud(ideee) shot Gilroy Rudah(bartnixon) with The bullet</font>
[03:31:11]ATTACK: <font color='red'>Jason Nud(ideee) shot Gilroy Rudah(bartnixon) with The bullet</font>
[03:31:16]ATTACK: <font color='red'>Jason Nud(ideee) shot Gilroy Rudah(bartnixon) with The bullet</font>
[03:31:18]ATTACK: <font color='red'>Jason Nud(ideee) shot Gilroy Rudah(bartnixon) with The bullet</font>
[03:31:35]ATTACK: <font color='red'>Jason Nud(ideee) shot Gilroy Rudah(bartnixon) with The bullet</font>
[03:31:38]ATTACK: <font color='red'>Jason Nud(ideee) shot Gilroy Rudah(bartnixon) with The bullet</font>
[03:31:41]ATTACK: <font color='red'>Jason Nud(ideee) shot Gilroy Rudah(bartnixon) with The bullet</font>
[03:31:44]ATTACK: <font color='red'>Jason Nud(ideee) shot Gilroy Rudah(bartnixon) with The bullet</font>
[03:32:25]ATTACK: <font color='red'>Jason Nud(ideee) shot Gilroy Rudah(bartnixon) with The bullet</font>
[03:32:55]ATTACK: <font color='red'>Jason Nud(ideee) shot Gilroy Rudah(bartnixon) with The bullet</font>
[03:32:59]ATTACK: <font color='red'>Jason Nud(ideee) shot Gilroy Rudah(bartnixon) with The bullet</font>
[03:33:02]ATTACK: <font color='red'>Jason Nud(ideee) shot Gilroy Rudah(bartnixon) with The bullet</font>
[03:33:04]ATTACK: <font color='red'>Jason Nud(ideee) shot Gilroy Rudah(bartnixon) with The bullet</font>
[03:33:05]ATTACK: <font color='red'>Jason Nud(ideee) shot Gilroy Rudah(bartnixon) with The bullet</font>
[03:33:05]ATTACK: <font color='red'>Jason Nud(ideee) shot Gilroy Rudah(bartnixon) with The bullet</font>
[03:33:06]ATTACK: <font color='red'>Jason Nud(ideee) shot Gilroy Rudah(bartnixon) with The bullet</font>
[03:33:06]ATTACK: <font color='red'>Jason Nud(ideee) shot Gilroy Rudah(bartnixon) with The bullet</font>
[03:34:24]ATTACK: <font color='red'>Jason Nud(ideee) attacked Jason Nud(ideee) with riot shotgun(INTENT: HARM) (DAMTYE: BRUTE)</font>
[03:34:26]ATTACK: <font color='red'>Jason Nud(ideee) attacked Jason Nud(ideee) with riot shotgun(INTENT: HARM) (DAMTYE: BRUTE)</font>
[03:34:27]ATTACK: <font color='red'>Jason Nud(ideee) attacked Jason Nud(ideee) with riot shotgun(INTENT: HARM) (DAMTYE: BRUTE)</font>
[03:34:28]ATTACK: <font color='red'>Jason Nud(ideee) attacked Jason Nud(ideee) with riot shotgun(INTENT: HARM) (DAMTYE: BRUTE)</font>
[03:34:29]ATTACK: <font color='red'>Jason Nud(ideee) attacked Jason Nud(ideee) with riot shotgun(INTENT: HARM) (DAMTYE: BRUTE)</font>
[03:34:30]ATTACK: <font color='red'>Jason Nud(ideee) attacked Jason Nud(ideee) with riot shotgun(INTENT: HARM) (DAMTYE: BRUTE)</font>
[03:34:31]ATTACK: <font color='red'>Jason Nud(ideee) attacked Jason Nud(ideee) with riot shotgun(INTENT: HARM) (DAMTYE: BRUTE)</font>
[03:34:32]ATTACK: <font color='red'>Jason Nud(ideee) attacked Jason Nud(ideee) with riot shotgun(INTENT: HARM) (DAMTYE: BRUTE)</font>
