

Starting up. 02:38.02
---------------------
Adding game mode blob (blob) to configuration.
Adding game mode changeling (changeling) to configuration.
Adding game mode traitor+changeling (traitorchan) to configuration.
Adding game mode double agents (double_agents) to configuration.
Adding game mode traitor (traitor) to configuration.
Adding game mode cult (cult) to configuration.
Adding game mode extended (extended) to configuration.
Adding game mode AI malfunction (malfunction) to configuration.
Adding game mode meteor (meteor) to configuration.
Adding game mode monkey (monkey) to configuration.
Adding game mode nuclear emergency (nuclear) to configuration.
Adding game mode revolution (revolution) to configuration.
Adding game mode sandbox (sandbox) to configuration.
Adding game mode wizard (wizard) to configuration.
Saved mode is 'extended'
[02:38:02]ADMIN: Loading Banlistjob
[02:38:02]ADMIN: Loading jobban_rank
[02:38:02]ADMIN: jobban_keylist was empty
[02:38:02]ADMIN: Loading appearance_rank
[02:38:02]ADMIN: appearance_keylist was empty
[02:38:02]ADMIN: Updating jobbanfile!
[02:38:02]ADMIN: Loading Banlist
[02:39:22]ACCESS: Login: BartNixon/(BartNixon) from 127.0.0.1-3529772718 || BYOND v506
[02:41:22]EMOTE: monkey (951)/ : <B>The monkey (951)</B> jumps!
[02:41:22]SAY: mouse/ : SQUEEK!
[02:41:59]ACCESS: Logout: *no key*/(BartNixon)
[02:41:59]ACCESS: Login: BartNixon/(Gilroy Rudah) from 127.0.0.1-3529772718 || BYOND v506
[02:42:22]ADMIN: BartNixon/(Gilroy Rudah) jumped to the Thunderdome
[02:42:28]SAY: mouse/ : SQUEEK!
[02:42:33]ADMIN: BartNixon/(Gilroy Rudah) spawned /turf/simulated/floor/plating/wasteland at (126,76,2)
[02:42:40]EMOTE: monkey (761)/ : <B>The monkey (761)</B> jumps!
[02:42:50]EMOTE: monkey (761)/ : <B>The monkey (761)</B> jumps!
[02:43:12]SAY: grey baby slime (5)/ : Lonely...
[02:43:42]EMOTE: monkey (462)/ : <B>The monkey (462)</B> jumps!
[02:43:57]ADMIN: BartNixon/(Gilroy Rudah) has entered build mode.
[02:44:00]ADMIN: Build Mode: BartNixon/(Gilroy Rudah) modified the floor (127,76,2) to /turf/simulated/floor/plating/wasteland
[02:44:00]ADMIN: Build Mode: BartNixon/(Gilroy Rudah) modified the floor (128,76,2) to /turf/simulated/floor/plating/wasteland
[02:44:00]ADMIN: Build Mode: BartNixon/(Gilroy Rudah) modified the floor (129,76,2) to /turf/simulated/floor/plating/wasteland
[02:44:01]ADMIN: Build Mode: BartNixon/(Gilroy Rudah) modified the floor (130,76,2) to /turf/simulated/floor/plating/wasteland
[02:44:01]ADMIN: Build Mode: BartNixon/(Gilroy Rudah) modified the floor (131,76,2) to /turf/simulated/floor/plating/wasteland
[02:44:01]ADMIN: Build Mode: BartNixon/(Gilroy Rudah) modified the floor (132,76,2) to /turf/simulated/floor/plating/wasteland
[02:44:02]ADMIN: Build Mode: BartNixon/(Gilroy Rudah) modified the floor (133,76,2) to /turf/simulated/floor/plating/wasteland
[02:44:02]ADMIN: Build Mode: BartNixon/(Gilroy Rudah) modified the floor (134,76,2) to /turf/simulated/floor/plating/wasteland
[02:44:02]ADMIN: Build Mode: BartNixon/(Gilroy Rudah) modified the floor (135,76,2) to /turf/simulated/floor/plating/wasteland
[02:44:03]ADMIN: Build Mode: BartNixon/(Gilroy Rudah) modified the floor (135,75,2) to /turf/simulated/floor/plating/wasteland
[02:44:03]ADMIN: Build Mode: BartNixon/(Gilroy Rudah) modified the floor (135,74,2) to /turf/simulated/floor/plating/wasteland
[02:44:03]ADMIN: Build Mode: BartNixon/(Gilroy Rudah) modified the floor (135,73,2) to /turf/simulated/floor/plating/wasteland
[02:44:04]ADMIN: Build Mode: BartNixon/(Gilroy Rudah) modified the window (135,72,2) to /turf/simulated/floor/plating/wasteland
[02:44:04]ADMIN: Build Mode: BartNixon/(Gilroy Rudah) modified Wasteland (135,72,2) to /turf/simulated/floor/plating/wasteland
[02:44:04]ADMIN: Build Mode: BartNixon/(Gilroy Rudah) modified the floor (135,71,2) to /turf/simulated/floor/plating/wasteland
[02:44:05]ADMIN: Build Mode: BartNixon/(Gilroy Rudah) modified the floor (135,70,2) to /turf/simulated/floor/plating/wasteland
[02:44:05]ADMIN: Build Mode: BartNixon/(Gilroy Rudah) modified the floor (134,70,2) to /turf/simulated/floor/plating/wasteland
[02:44:05]ADMIN: Build Mode: BartNixon/(Gilroy Rudah) modified the floor (133,70,2) to /turf/simulated/floor/plating/wasteland
[02:44:05]ADMIN: Build Mode: BartNixon/(Gilroy Rudah) modified the floor (132,70,2) to /turf/simulated/floor/plating/wasteland
[02:44:06]ADMIN: Build Mode: BartNixon/(Gilroy Rudah) modified the floor (130,70,2) to /turf/simulated/floor/plating/wasteland
[02:44:06]ADMIN: Build Mode: BartNixon/(Gilroy Rudah) modified the floor (129,70,2) to /turf/simulated/floor/plating/wasteland
[02:44:07]ADMIN: Build Mode: BartNixon/(Gilroy Rudah) modified the floor (131,70,2) to /turf/simulated/floor/plating/wasteland
[02:44:07]ADMIN: Build Mode: BartNixon/(Gilroy Rudah) modified the floor (128,70,2) to /turf/simulated/floor/plating/wasteland
[02:44:07]ADMIN: Build Mode: BartNixon/(Gilroy Rudah) modified the floor (127,70,2) to /turf/simulated/floor/plating/wasteland
[02:44:07]ADMIN: Build Mode: BartNixon/(Gilroy Rudah) modified the floor (126,70,2) to /turf/simulated/floor/plating/wasteland
[02:44:08]ADMIN: Build Mode: BartNixon/(Gilroy Rudah) modified the floor (125,70,2) to /turf/simulated/floor/plating/wasteland
[02:44:08]ADMIN: Build Mode: BartNixon/(Gilroy Rudah) modified the floor (124,70,2) to /turf/simulated/floor/plating/wasteland
[02:44:08]ADMIN: Build Mode: BartNixon/(Gilroy Rudah) modified the floor (123,70,2) to /turf/simulated/floor/plating/wasteland
[02:44:08]ADMIN: Build Mode: BartNixon/(Gilroy Rudah) modified the floor (122,70,2) to /turf/simulated/floor/plating/wasteland
[02:44:09]ADMIN: Build Mode: BartNixon/(Gilroy Rudah) modified the floor (121,70,2) to /turf/simulated/floor/plating/wasteland
[02:44:09]ADMIN: Build Mode: BartNixon/(Gilroy Rudah) modified the floor (121,71,2) to /turf/simulated/floor/plating/wasteland
[02:44:10]ADMIN: Build Mode: BartNixon/(Gilroy Rudah) deleted the chair at (122,71,2)
[02:44:10]ADMIN: Build Mode: BartNixon/(Gilroy Rudah) deleted the chair at (123,71,2)
[02:44:11]ADMIN: Build Mode: BartNixon/(Gilroy Rudah) deleted the chair at (124,71,2)
[02:44:11]ADMIN: Build Mode: BartNixon/(Gilroy Rudah) deleted the chair at (125,71,2)
[02:44:12]ADMIN: Build Mode: BartNixon/(Gilroy Rudah) deleted the chair at (126,71,2)
[02:44:12]ADMIN: Build Mode: BartNixon/(Gilroy Rudah) deleted the chair at (130,71,2)
[02:44:13]ADMIN: Build Mode: BartNixon/(Gilroy Rudah) deleted the chair at (131,71,2)
[02:44:14]SAY: mouse/ : Squeek!
[02:44:14]ADMIN: Build Mode: BartNixon/(Gilroy Rudah) deleted the chair at (132,71,2)
[02:44:14]ADMIN: Build Mode: BartNixon/(Gilroy Rudah) deleted the chair at (133,71,2)
[02:44:16]ADMIN: Build Mode: BartNixon/(Gilroy Rudah) deleted the chair at (134,71,2)
[02:44:16]ADMIN: Build Mode: BartNixon/(Gilroy Rudah) deleted the igniter at (135,73,2)
[02:44:17]ADMIN: Build Mode: BartNixon/(Gilroy Rudah) deleted the igniter at (135,80,2)
[02:44:17]ADMIN: Build Mode: BartNixon/(Gilroy Rudah) deleted the chair at (134,82,2)
[02:44:18]ADMIN: Build Mode: BartNixon/(Gilroy Rudah) deleted the chair at (133,82,2)
[02:44:19]ADMIN: Build Mode: BartNixon/(Gilroy Rudah) deleted the Telescreen at (132,83,2)
[02:44:19]ADMIN: Build Mode: BartNixon/(Gilroy Rudah) deleted the chair at (131,82,2)
[02:44:20]ADMIN: Build Mode: BartNixon/(Gilroy Rudah) deleted the chair at (130,82,2)
[02:44:20]ADMIN: Build Mode: BartNixon/(Gilroy Rudah) deleted the chair at (132,82,2)
[02:44:21]ADMIN: Build Mode: BartNixon/(Gilroy Rudah) deleted Thunderdome Flash at (128,77,2)
[02:44:22]ADMIN: Build Mode: BartNixon/(Gilroy Rudah) deleted the security camera at (128,76,2)
[02:44:24]ADMIN: Build Mode: BartNixon/(Gilroy Rudah) deleted the igniter at (121,73,2)
[02:44:24]ADMIN: Build Mode: BartNixon/(Gilroy Rudah) deleted the igniter at (121,80,2)
[02:44:25]ADMIN: Build Mode: BartNixon/(Gilroy Rudah) deleted the chair at (122,82,2)
[02:44:25]ADMIN: Build Mode: BartNixon/(Gilroy Rudah) deleted the chair at (122,84,2)
[02:44:26]ADMIN: Build Mode: BartNixon/(Gilroy Rudah) deleted the chair at (123,84,2)
[02:44:26]ADMIN: Build Mode: BartNixon/(Gilroy Rudah) deleted the chair at (124,84,2)
[02:44:27]ADMIN: Build Mode: BartNixon/(Gilroy Rudah) deleted the chair at (125,84,2)
[02:44:28]ADMIN: Build Mode: BartNixon/(Gilroy Rudah) deleted the chair at (126,84,2)
[02:44:28]ADMIN: Build Mode: BartNixon/(Gilroy Rudah) deleted the Telescreen at (124,83,2)
[02:44:29]ADMIN: Build Mode: BartNixon/(Gilroy Rudah) deleted the chair at (123,82,2)
[02:44:29]ADMIN: Build Mode: BartNixon/(Gilroy Rudah) deleted the chair at (124,82,2)
[02:44:30]ADMIN: Build Mode: BartNixon/(Gilroy Rudah) deleted the chair at (125,82,2)
[02:44:31]ADMIN: Build Mode: BartNixon/(Gilroy Rudah) deleted the chair at (126,82,2)
[02:44:34]SAY: Poly/ : Wire the solars, you lazy bums!
[02:44:42]ADMIN: Build Mode: BartNixon/(Gilroy Rudah) deleted the chair at (130,84,2)
[02:44:43]ADMIN: Build Mode: BartNixon/(Gilroy Rudah) deleted the chair at (131,84,2)
[02:44:43]ADMIN: Build Mode: BartNixon/(Gilroy Rudah) deleted the chair at (132,84,2)
[02:44:45]ADMIN: Build Mode: BartNixon/(Gilroy Rudah) deleted the chair at (134,84,2)
[02:44:45]ADMIN: Build Mode: BartNixon/(Gilroy Rudah) deleted the chair at (133,84,2)
[02:44:46]ADMIN: Build Mode: BartNixon/(Gilroy Rudah) modified Wasteland (134,70,2) to /turf/simulated/floor/plating/wasteland
[02:44:47]ADMIN: Build Mode: BartNixon/(Gilroy Rudah) modified the floor (133,71,2) to /turf/simulated/floor/plating/wasteland
[02:44:47]ADMIN: Build Mode: BartNixon/(Gilroy Rudah) modified the floor (134,71,2) to /turf/simulated/floor/plating/wasteland
[02:44:48]ADMIN: Build Mode: BartNixon/(Gilroy Rudah) modified Wasteland (133,71,2) to /turf/simulated/floor/plating/wasteland
[02:44:48]SAY: mouse/ : Squeek!
[02:44:48]ADMIN: Build Mode: BartNixon/(Gilroy Rudah) modified the floor (132,71,2) to /turf/simulated/floor/plating/wasteland
[02:44:48]ADMIN: Build Mode: BartNixon/(Gilroy Rudah) modified Wasteland (132,71,2) to /turf/simulated/floor/plating/wasteland
[02:44:48]ADMIN: Build Mode: BartNixon/(Gilroy Rudah) modified the floor (130,71,2) to /turf/simulated/floor/plating/wasteland
[02:44:49]ADMIN: Build Mode: BartNixon/(Gilroy Rudah) modified the floor (129,71,2) to /turf/simulated/floor/plating/wasteland
[02:44:49]ADMIN: Build Mode: BartNixon/(Gilroy Rudah) modified the floor (128,71,2) to /turf/simulated/floor/plating/wasteland
[02:44:49]ADMIN: Build Mode: BartNixon/(Gilroy Rudah) modified Wasteland (128,71,2) to /turf/simulated/floor/plating/wasteland
[02:44:50]ADMIN: Build Mode: BartNixon/(Gilroy Rudah) modified Wasteland (130,71,2) to /turf/simulated/floor/plating/wasteland
[02:44:51]ADMIN: Build Mode: BartNixon/(Gilroy Rudah) modified the floor (131,71,2) to /turf/simulated/floor/plating/wasteland
[02:44:51]ADMIN: Build Mode: BartNixon/(Gilroy Rudah) modified the floor (126,71,2) to /turf/simulated/floor/plating/wasteland
[02:44:51]ADMIN: Build Mode: BartNixon/(Gilroy Rudah) modified the floor (125,71,2) to /turf/simulated/floor/plating/wasteland
[02:44:52]ADMIN: Build Mode: BartNixon/(Gilroy Rudah) modified the floor (127,71,2) to /turf/simulated/floor/plating/wasteland
[02:44:52]ADMIN: Build Mode: BartNixon/(Gilroy Rudah) modified the floor (124,71,2) to /turf/simulated/floor/plating/wasteland
[02:44:53]ADMIN: Build Mode: BartNixon/(Gilroy Rudah) modified the floor (122,71,2) to /turf/simulated/floor/plating/wasteland
[02:44:53]ADMIN: Build Mode: BartNixon/(Gilroy Rudah) modified Wasteland (122,71,2) to /turf/simulated/floor/plating/wasteland
[02:44:53]ADMIN: Build Mode: BartNixon/(Gilroy Rudah) modified the floor (123,71,2) to /turf/simulated/floor/plating/wasteland
[02:44:53]ADMIN: Build Mode: BartNixon/(Gilroy Rudah) modified the window (124,72,2) to /turf/simulated/floor/plating/wasteland
[02:44:54]ADMIN: Build Mode: BartNixon/(Gilroy Rudah) modified Wasteland (124,72,2) to /turf/simulated/floor/plating/wasteland
[02:44:54]ADMIN: Build Mode: BartNixon/(Gilroy Rudah) modified the window (125,72,2) to /turf/simulated/floor/plating/wasteland
[02:44:54]ADMIN: Build Mode: BartNixon/(Gilroy Rudah) modified Wasteland (125,72,2) to /turf/simulated/floor/plating/wasteland
[02:44:54]ADMIN: Build Mode: BartNixon/(Gilroy Rudah) modified the window (126,72,2) to /turf/simulated/floor/plating/wasteland
[02:44:55]ADMIN: Build Mode: BartNixon/(Gilroy Rudah) modified the window (127,72,2) to /turf/simulated/floor/plating/wasteland
[02:44:55]ADMIN: Build Mode: BartNixon/(Gilroy Rudah) modified the window (128,72,2) to /turf/simulated/floor/plating/wasteland
[02:44:55]ADMIN: Build Mode: BartNixon/(Gilroy Rudah) modified Wasteland (128,72,2) to /turf/simulated/floor/plating/wasteland
[02:44:56]ADMIN: Build Mode: BartNixon/(Gilroy Rudah) modified the window (129,72,2) to /turf/simulated/floor/plating/wasteland
[02:44:56]ADMIN: Build Mode: BartNixon/(Gilroy Rudah) modified Wasteland (129,72,2) to /turf/simulated/floor/plating/wasteland
[02:44:56]ADMIN: Build Mode: BartNixon/(Gilroy Rudah) modified the window (130,72,2) to /turf/simulated/floor/plating/wasteland
[02:44:56]ADMIN: Build Mode: BartNixon/(Gilroy Rudah) modified the window (131,72,2) to /turf/simulated/floor/plating/wasteland
[02:44:57]ADMIN: Build Mode: BartNixon/(Gilroy Rudah) modified the window (133,72,2) to /turf/simulated/floor/plating/wasteland
[02:44:57]ADMIN: Build Mode: BartNixon/(Gilroy Rudah) modified Wasteland (133,72,2) to /turf/simulated/floor/plating/wasteland
[02:44:57]ADMIN: Build Mode: BartNixon/(Gilroy Rudah) modified the window (134,72,2) to /turf/simulated/floor/plating/wasteland
[02:44:58]ADMIN: Build Mode: BartNixon/(Gilroy Rudah) modified the window (132,72,2) to /turf/simulated/floor/plating/wasteland
[02:44:58]ADMIN: Build Mode: BartNixon/(Gilroy Rudah) modified Wasteland (135,73,2) to /turf/simulated/floor/plating/wasteland
[02:44:59]ADMIN: Build Mode: BartNixon/(Gilroy Rudah) modified the floor (134,73,2) to /turf/simulated/floor/plating/wasteland
[02:44:59]ADMIN: Build Mode: BartNixon/(Gilroy Rudah) modified the floor (134,74,2) to /turf/simulated/floor/plating/wasteland
[02:44:59]ADMIN: Build Mode: BartNixon/(Gilroy Rudah) modified Wasteland (134,74,2) to /turf/simulated/floor/plating/wasteland
[02:44:59]ADMIN: Build Mode: BartNixon/(Gilroy Rudah) modified the floor (134,75,2) to /turf/simulated/floor/plating/wasteland
[02:45:00]ADMIN: Build Mode: BartNixon/(Gilroy Rudah) modified the floor (133,75,2) to /turf/simulated/floor/plating/wasteland
[02:45:00]ADMIN: Build Mode: BartNixon/(Gilroy Rudah) modified the floor (133,74,2) to /turf/simulated/floor/plating/wasteland
[02:45:00]ADMIN: Build Mode: BartNixon/(Gilroy Rudah) modified the floor (133,73,2) to /turf/simulated/floor/plating/wasteland
[02:45:04]ADMIN: Build Mode: BartNixon/(Gilroy Rudah) modified the floor (132,73,2) to /turf/simulated/floor/plating/wasteland
[02:45:05]ADMIN: Build Mode: BartNixon/(Gilroy Rudah) modified the floor (130,73,2) to /turf/simulated/floor/plating/wasteland
[02:45:05]ADMIN: Build Mode: BartNixon/(Gilroy Rudah) modified Wasteland (130,73,2) to /turf/simulated/floor/plating/wasteland
[02:45:06]ADMIN: Build Mode: BartNixon/(Gilroy Rudah) modified the window (123,72,2) to /turf/simulated/floor/plating/wasteland
[02:45:06]ADMIN: Build Mode: BartNixon/(Gilroy Rudah) modified the window (122,72,2) to /turf/simulated/floor/plating/wasteland
[02:45:07]ADMIN: Build Mode: BartNixon/(Gilroy Rudah) modified the window (121,72,2) to /turf/simulated/floor/plating/wasteland
[02:45:07]ADMIN: Build Mode: BartNixon/(Gilroy Rudah) modified the floor (121,73,2) to /turf/simulated/floor/plating/wasteland
[02:45:07]ADMIN: Build Mode: BartNixon/(Gilroy Rudah) modified Wasteland (121,73,2) to /turf/simulated/floor/plating/wasteland
[02:45:07]ADMIN: Build Mode: BartNixon/(Gilroy Rudah) modified the floor (121,74,2) to /turf/simulated/floor/plating/wasteland
[02:45:08]ADMIN: Build Mode: BartNixon/(Gilroy Rudah) modified the floor (121,75,2) to /turf/simulated/floor/plating/wasteland
[02:45:08]ADMIN: Build Mode: BartNixon/(Gilroy Rudah) modified the floor (121,76,2) to /turf/simulated/floor/plating/wasteland
[02:45:08]ADMIN: Build Mode: BartNixon/(Gilroy Rudah) modified the floor (121,77,2) to /turf/simulated/floor/plating/wasteland
[02:45:08]ADMIN: Build Mode: BartNixon/(Gilroy Rudah) modified the floor (121,78,2) to /turf/simulated/floor/plating/wasteland
[02:45:09]ADMIN: Build Mode: BartNixon/(Gilroy Rudah) modified the floor (121,79,2) to /turf/simulated/floor/plating/wasteland
[02:45:09]ADMIN: Build Mode: BartNixon/(Gilroy Rudah) modified the floor (121,80,2) to /turf/simulated/floor/plating/wasteland
[02:45:09]ADMIN: Build Mode: BartNixon/(Gilroy Rudah) modified the floor (122,80,2) to /turf/simulated/floor/plating/wasteland
[02:45:09]ADMIN: Build Mode: BartNixon/(Gilroy Rudah) modified Wasteland (122,80,2) to /turf/simulated/floor/plating/wasteland
[02:45:09]ADMIN: Build Mode: BartNixon/(Gilroy Rudah) modified Wasteland (122,80,2) to /turf/simulated/floor/plating/wasteland
[02:45:10]EMOTE: monkey (743)/ : <B>The monkey (743)</B> jumps!
[02:45:10]ADMIN: Build Mode: BartNixon/(Gilroy Rudah) modified the floor (122,79,2) to /turf/simulated/floor/plating/wasteland
[02:45:10]ADMIN: Build Mode: BartNixon/(Gilroy Rudah) modified the floor (122,78,2) to /turf/simulated/floor/plating/wasteland
[02:45:11]ADMIN: Build Mode: BartNixon/(Gilroy Rudah) modified the floor (122,76,2) to /turf/simulated/floor/plating/wasteland
[02:45:11]ADMIN: Build Mode: BartNixon/(Gilroy Rudah) modified Wasteland (122,76,2) to /turf/simulated/floor/plating/wasteland
[02:45:11]ADMIN: Build Mode: BartNixon/(Gilroy Rudah) modified the floor (122,77,2) to /turf/simulated/floor/plating/wasteland
[02:45:12]ADMIN: Build Mode: BartNixon/(Gilroy Rudah) modified the floor (122,75,2) to /turf/simulated/floor/plating/wasteland
[02:45:12]ADMIN: Build Mode: BartNixon/(Gilroy Rudah) modified the floor (122,74,2) to /turf/simulated/floor/plating/wasteland
[02:45:12]ADMIN: Build Mode: BartNixon/(Gilroy Rudah) modified the floor (122,73,2) to /turf/simulated/floor/plating/wasteland
[02:45:13]ADMIN: Build Mode: BartNixon/(Gilroy Rudah) modified the floor (123,73,2) to /turf/simulated/floor/plating/wasteland
[02:45:13]ADMIN: Build Mode: BartNixon/(Gilroy Rudah) modified the floor (124,73,2) to /turf/simulated/floor/plating/wasteland
[02:45:13]ADMIN: Build Mode: BartNixon/(Gilroy Rudah) modified the floor (125,73,2) to /turf/simulated/floor/plating/wasteland
[02:45:13]ADMIN: Build Mode: BartNixon/(Gilroy Rudah) modified Wasteland (125,73,2) to /turf/simulated/floor/plating/wasteland
[02:45:14]ADMIN: Build Mode: BartNixon/(Gilroy Rudah) modified the floor (126,73,2) to /turf/simulated/floor/plating/wasteland
[02:45:14]ADMIN: Build Mode: BartNixon/(Gilroy Rudah) modified the floor (127,73,2) to /turf/simulated/floor/plating/wasteland
[02:45:14]ADMIN: Build Mode: BartNixon/(Gilroy Rudah) modified the floor (128,73,2) to /turf/simulated/floor/plating/wasteland
[02:45:14]ADMIN: Build Mode: BartNixon/(Gilroy Rudah) modified Wasteland (128,73,2) to /turf/simulated/floor/plating/wasteland
[02:45:14]ADMIN: Build Mode: BartNixon/(Gilroy Rudah) modified the floor (129,73,2) to /turf/simulated/floor/plating/wasteland
[02:45:15]ADMIN: Build Mode: BartNixon/(Gilroy Rudah) modified the floor (131,73,2) to /turf/simulated/floor/plating/wasteland
[02:45:15]ADMIN: Build Mode: BartNixon/(Gilroy Rudah) modified the floor (131,74,2) to /turf/simulated/floor/plating/wasteland
[02:45:15]ADMIN: Build Mode: BartNixon/(Gilroy Rudah) modified the floor (132,74,2) to /turf/simulated/floor/plating/wasteland
[02:45:16]ADMIN: Build Mode: BartNixon/(Gilroy Rudah) modified the floor (132,75,2) to /turf/simulated/floor/plating/wasteland
[02:45:16]ADMIN: Build Mode: BartNixon/(Gilroy Rudah) modified the floor (131,75,2) to /turf/simulated/floor/plating/wasteland
[02:45:17]ADMIN: Build Mode: BartNixon/(Gilroy Rudah) modified the floor (130,74,2) to /turf/simulated/floor/plating/wasteland
[02:45:17]ADMIN: Build Mode: BartNixon/(Gilroy Rudah) modified the floor (129,75,2) to /turf/simulated/floor/plating/wasteland
[02:45:17]ADMIN: Build Mode: BartNixon/(Gilroy Rudah) modified Wasteland (129,75,2) to /turf/simulated/floor/plating/wasteland
[02:45:18]ADMIN: Build Mode: BartNixon/(Gilroy Rudah) modified the floor (130,75,2) to /turf/simulated/floor/plating/wasteland
[02:45:18]ADMIN: Build Mode: BartNixon/(Gilroy Rudah) modified the floor (129,74,2) to /turf/simulated/floor/plating/wasteland
[02:45:19]ADMIN: Build Mode: BartNixon/(Gilroy Rudah) modified the floor (128,74,2) to /turf/simulated/floor/plating/wasteland
[02:45:19]ADMIN: Build Mode: BartNixon/(Gilroy Rudah) modified Wasteland (128,74,2) to /turf/simulated/floor/plating/wasteland
[02:45:20]ADMIN: Build Mode: BartNixon/(Gilroy Rudah) modified the floor (123,74,2) to /turf/simulated/floor/plating/wasteland
[02:45:20]ADMIN: Build Mode: BartNixon/(Gilroy Rudah) modified the floor (124,74,2) to /turf/simulated/floor/plating/wasteland
[02:45:20]ADMIN: Build Mode: BartNixon/(Gilroy Rudah) modified the floor (125,74,2) to /turf/simulated/floor/plating/wasteland
[02:45:21]ADMIN: Build Mode: BartNixon/(Gilroy Rudah) modified the floor (127,74,2) to /turf/simulated/floor/plating/wasteland
[02:45:21]ADMIN: Build Mode: BartNixon/(Gilroy Rudah) modified Wasteland (127,74,2) to /turf/simulated/floor/plating/wasteland
[02:45:21]ADMIN: Build Mode: BartNixon/(Gilroy Rudah) modified the floor (126,74,2) to /turf/simulated/floor/plating/wasteland
[02:45:21]ADMIN: Build Mode: BartNixon/(Gilroy Rudah) modified the floor (127,75,2) to /turf/simulated/floor/plating/wasteland
[02:45:22]ADMIN: Build Mode: BartNixon/(Gilroy Rudah) modified Wasteland (127,75,2) to /turf/simulated/floor/plating/wasteland
[02:45:22]ADMIN: Build Mode: BartNixon/(Gilroy Rudah) modified the floor (128,75,2) to /turf/simulated/floor/plating/wasteland
[02:45:23]ADMIN: Build Mode: BartNixon/(Gilroy Rudah) modified the floor (124,75,2) to /turf/simulated/floor/plating/wasteland
[02:45:23]ADMIN: Build Mode: BartNixon/(Gilroy Rudah) modified the floor (123,75,2) to /turf/simulated/floor/plating/wasteland
[02:45:24]ADMIN: Build Mode: BartNixon/(Gilroy Rudah) modified Wasteland (127,75,2) to /turf/simulated/floor/plating/wasteland
[02:45:24]ADMIN: Build Mode: BartNixon/(Gilroy Rudah) modified the floor (126,75,2) to /turf/simulated/floor/plating/wasteland
[02:45:25]ADMIN: Build Mode: BartNixon/(Gilroy Rudah) modified the floor (125,75,2) to /turf/simulated/floor/plating/wasteland
[02:45:25]ADMIN: Build Mode: BartNixon/(Gilroy Rudah) modified the floor (125,76,2) to /turf/simulated/floor/plating/wasteland
[02:45:25]ADMIN: Build Mode: BartNixon/(Gilroy Rudah) modified the floor (124,76,2) to /turf/simulated/floor/plating/wasteland
[02:45:25]ADMIN: Build Mode: BartNixon/(Gilroy Rudah) modified the floor (123,76,2) to /turf/simulated/floor/plating/wasteland
[02:45:26]ADMIN: Build Mode: BartNixon/(Gilroy Rudah) modified the floor (123,77,2) to /turf/simulated/floor/plating/wasteland
[02:45:26]ADMIN: Build Mode: BartNixon/(Gilroy Rudah) modified the floor (124,77,2) to /turf/simulated/floor/plating/wasteland
[02:45:26]ADMIN: Build Mode: BartNixon/(Gilroy Rudah) modified the floor (125,77,2) to /turf/simulated/floor/plating/wasteland
[02:45:27]ADMIN: Build Mode: BartNixon/(Gilroy Rudah) modified the floor (126,77,2) to /turf/simulated/floor/plating/wasteland
[02:45:27]ADMIN: Build Mode: BartNixon/(Gilroy Rudah) modified the floor (127,77,2) to /turf/simulated/floor/plating/wasteland
[02:45:27]ADMIN: Build Mode: BartNixon/(Gilroy Rudah) modified the floor (128,77,2) to /turf/simulated/floor/plating/wasteland
[02:45:28]ADMIN: Build Mode: BartNixon/(Gilroy Rudah) modified the floor (129,77,2) to /turf/simulated/floor/plating/wasteland
[02:45:29]ADMIN: Build Mode: BartNixon/(Gilroy Rudah) modified the floor (135,77,2) to /turf/simulated/floor/plating/wasteland
[02:45:29]ADMIN: Build Mode: BartNixon/(Gilroy Rudah) modified the floor (135,78,2) to /turf/simulated/floor/plating/wasteland
[02:45:29]ADMIN: Build Mode: BartNixon/(Gilroy Rudah) modified the floor (135,79,2) to /turf/simulated/floor/plating/wasteland
[02:45:29]ADMIN: Build Mode: BartNixon/(Gilroy Rudah) modified the floor (135,80,2) to /turf/simulated/floor/plating/wasteland
[02:45:30]EMOTE: Pun Pun/ : <B>Pun Pun</B> jumps!
[02:45:30]ADMIN: Build Mode: BartNixon/(Gilroy Rudah) modified Wasteland (135,80,2) to /turf/simulated/floor/plating/wasteland
[02:45:30]ADMIN: Build Mode: BartNixon/(Gilroy Rudah) modified the floor (134,80,2) to /turf/simulated/floor/plating/wasteland
[02:45:30]ADMIN: Build Mode: BartNixon/(Gilroy Rudah) modified the floor (134,79,2) to /turf/simulated/floor/plating/wasteland
[02:45:30]ADMIN: Build Mode: BartNixon/(Gilroy Rudah) modified the floor (134,78,2) to /turf/simulated/floor/plating/wasteland
[02:45:31]ADMIN: Build Mode: BartNixon/(Gilroy Rudah) modified Wasteland (134,78,2) to /turf/simulated/floor/plating/wasteland
[02:45:31]ADMIN: Build Mode: BartNixon/(Gilroy Rudah) modified the floor (133,77,2) to /turf/simulated/floor/plating/wasteland
[02:45:32]ADMIN: Build Mode: BartNixon/(Gilroy Rudah) modified the floor (134,77,2) to /turf/simulated/floor/plating/wasteland
[02:45:32]ADMIN: Build Mode: BartNixon/(Gilroy Rudah) modified the floor (132,77,2) to /turf/simulated/floor/plating/wasteland
[02:45:33]ADMIN: Build Mode: BartNixon/(Gilroy Rudah) modified the floor (130,77,2) to /turf/simulated/floor/plating/wasteland
[02:45:34]EMOTE: monkey (582)/ : <B>The monkey (582)</B> jumps!
[02:45:34]ADMIN: Build Mode: BartNixon/(Gilroy Rudah) modified the floor (131,77,2) to /turf/simulated/floor/plating/wasteland
[02:45:34]ADMIN: Build Mode: BartNixon/(Gilroy Rudah) modified the floor (131,78,2) to /turf/simulated/floor/plating/wasteland
[02:45:34]ADMIN: Build Mode: BartNixon/(Gilroy Rudah) modified the floor (131,79,2) to /turf/simulated/floor/plating/wasteland
[02:45:34]ADMIN: Build Mode: BartNixon/(Gilroy Rudah) modified the floor (131,80,2) to /turf/simulated/floor/plating/wasteland
[02:45:35]ADMIN: Build Mode: BartNixon/(Gilroy Rudah) modified the floor (132,79,2) to /turf/simulated/floor/plating/wasteland
[02:45:36]ADMIN: Build Mode: BartNixon/(Gilroy Rudah) modified the floor (132,78,2) to /turf/simulated/floor/plating/wasteland
[02:45:36]ADMIN: Build Mode: BartNixon/(Gilroy Rudah) modified the floor (133,78,2) to /turf/simulated/floor/plating/wasteland
[02:45:36]ADMIN: Build Mode: BartNixon/(Gilroy Rudah) modified the floor (133,79,2) to /turf/simulated/floor/plating/wasteland
[02:45:36]ADMIN: Build Mode: BartNixon/(Gilroy Rudah) modified the floor (133,80,2) to /turf/simulated/floor/plating/wasteland
[02:45:37]ADMIN: Build Mode: BartNixon/(Gilroy Rudah) modified the floor (132,80,2) to /turf/simulated/floor/plating/wasteland
[02:45:37]ADMIN: Build Mode: BartNixon/(Gilroy Rudah) modified the floor (130,80,2) to /turf/simulated/floor/plating/wasteland
[02:45:37]ADMIN: Build Mode: BartNixon/(Gilroy Rudah) modified the floor (128,80,2) to /turf/simulated/floor/plating/wasteland
[02:45:37]ADMIN: Build Mode: BartNixon/(Gilroy Rudah) modified Wasteland (128,80,2) to /turf/simulated/floor/plating/wasteland
[02:45:38]ADMIN: Build Mode: BartNixon/(Gilroy Rudah) modified the floor (129,80,2) to /turf/simulated/floor/plating/wasteland
[02:45:38]ADMIN: Build Mode: BartNixon/(Gilroy Rudah) modified the floor (127,80,2) to /turf/simulated/floor/plating/wasteland
[02:45:38]ADMIN: Build Mode: BartNixon/(Gilroy Rudah) modified the floor (125,80,2) to /turf/simulated/floor/plating/wasteland
[02:45:39]ADMIN: Build Mode: BartNixon/(Gilroy Rudah) modified Wasteland (125,80,2) to /turf/simulated/floor/plating/wasteland
[02:45:39]ADMIN: Build Mode: BartNixon/(Gilroy Rudah) modified the floor (126,80,2) to /turf/simulated/floor/plating/wasteland
[02:45:39]ADMIN: Build Mode: BartNixon/(Gilroy Rudah) modified the floor (124,80,2) to /turf/simulated/floor/plating/wasteland
[02:45:40]ADMIN: Build Mode: BartNixon/(Gilroy Rudah) modified Wasteland (124,80,2) to /turf/simulated/floor/plating/wasteland
[02:45:40]ADMIN: Build Mode: BartNixon/(Gilroy Rudah) modified the floor (123,80,2) to /turf/simulated/floor/plating/wasteland
[02:45:40]ADMIN: Build Mode: BartNixon/(Gilroy Rudah) modified the floor (123,79,2) to /turf/simulated/floor/plating/wasteland
[02:45:41]ADMIN: Build Mode: BartNixon/(Gilroy Rudah) modified the floor (124,79,2) to /turf/simulated/floor/plating/wasteland
[02:45:41]ADMIN: Build Mode: BartNixon/(Gilroy Rudah) modified the floor (124,78,2) to /turf/simulated/floor/plating/wasteland
[02:45:41]ADMIN: Build Mode: BartNixon/(Gilroy Rudah) modified the floor (123,78,2) to /turf/simulated/floor/plating/wasteland
[02:45:41]SAY: mouse/ : SQUEEK!
[02:45:42]ADMIN: Build Mode: BartNixon/(Gilroy Rudah) modified the floor (125,79,2) to /turf/simulated/floor/plating/wasteland
[02:45:42]ADMIN: Build Mode: BartNixon/(Gilroy Rudah) modified the floor (125,78,2) to /turf/simulated/floor/plating/wasteland
[02:45:42]ADMIN: Build Mode: BartNixon/(Gilroy Rudah) modified the floor (126,78,2) to /turf/simulated/floor/plating/wasteland
[02:45:43]ADMIN: Build Mode: BartNixon/(Gilroy Rudah) modified the floor (126,79,2) to /turf/simulated/floor/plating/wasteland
[02:45:43]ADMIN: Build Mode: BartNixon/(Gilroy Rudah) modified the floor (127,78,2) to /turf/simulated/floor/plating/wasteland
[02:45:44]ADMIN: Build Mode: BartNixon/(Gilroy Rudah) modified the floor (128,79,2) to /turf/simulated/floor/plating/wasteland
[02:45:44]ADMIN: Build Mode: BartNixon/(Gilroy Rudah) modified Wasteland (128,79,2) to /turf/simulated/floor/plating/wasteland
[02:45:45]ADMIN: Build Mode: BartNixon/(Gilroy Rudah) modified the floor (127,79,2) to /turf/simulated/floor/plating/wasteland
[02:45:45]ADMIN: Build Mode: BartNixon/(Gilroy Rudah) modified the floor (128,78,2) to /turf/simulated/floor/plating/wasteland
[02:45:46]ADMIN: Build Mode: BartNixon/(Gilroy Rudah) modified the floor (129,78,2) to /turf/simulated/floor/plating/wasteland
[02:45:46]ADMIN: Build Mode: BartNixon/(Gilroy Rudah) modified the floor (129,79,2) to /turf/simulated/floor/plating/wasteland
[02:45:46]ADMIN: Build Mode: BartNixon/(Gilroy Rudah) modified Wasteland (129,79,2) to /turf/simulated/floor/plating/wasteland
[02:45:46]ADMIN: Build Mode: BartNixon/(Gilroy Rudah) modified the floor (130,79,2) to /turf/simulated/floor/plating/wasteland
[02:45:47]ADMIN: Build Mode: BartNixon/(Gilroy Rudah) modified the floor (130,78,2) to /turf/simulated/floor/plating/wasteland
[02:45:48]ADMIN: Build Mode: BartNixon/(Gilroy Rudah) modified the floor (135,82,2) to /turf/simulated/floor/plating/wasteland
[02:45:49]ADMIN: Build Mode: BartNixon/(Gilroy Rudah) modified the window (135,81,2) to /turf/simulated/floor/plating/wasteland
[02:45:49]ADMIN: Build Mode: BartNixon/(Gilroy Rudah) modified the window (134,81,2) to /turf/simulated/floor/plating/wasteland
[02:45:49]ADMIN: Build Mode: BartNixon/(Gilroy Rudah) modified Wasteland (134,81,2) to /turf/simulated/floor/plating/wasteland
[02:45:49]ADMIN: Build Mode: BartNixon/(Gilroy Rudah) modified the window (133,81,2) to /turf/simulated/floor/plating/wasteland
[02:45:49]ADMIN: Build Mode: BartNixon/(Gilroy Rudah) modified Wasteland (133,81,2) to /turf/simulated/floor/plating/wasteland
[02:45:50]ADMIN: Build Mode: BartNixon/(Gilroy Rudah) modified Wasteland (133,81,2) to /turf/simulated/floor/plating/wasteland
[02:45:50]ADMIN: Build Mode: BartNixon/(Gilroy Rudah) modified the window (132,81,2) to /turf/simulated/floor/plating/wasteland
[02:45:50]ADMIN: Build Mode: BartNixon/(Gilroy Rudah) modified the window (131,81,2) to /turf/simulated/floor/plating/wasteland
[02:45:50]ADMIN: Build Mode: BartNixon/(Gilroy Rudah) modified Wasteland (131,81,2) to /turf/simulated/floor/plating/wasteland
[02:45:50]ADMIN: Build Mode: BartNixon/(Gilroy Rudah) modified the window (130,81,2) to /turf/simulated/floor/plating/wasteland
[02:45:50]ADMIN: Build Mode: BartNixon/(Gilroy Rudah) modified the window (129,81,2) to /turf/simulated/floor/plating/wasteland
[02:45:50]ADMIN: Build Mode: BartNixon/(Gilroy Rudah) modified Wasteland (129,81,2) to /turf/simulated/floor/plating/wasteland
[02:45:51]ADMIN: Build Mode: BartNixon/(Gilroy Rudah) modified the window (128,81,2) to /turf/simulated/floor/plating/wasteland
[02:45:51]ADMIN: Build Mode: BartNixon/(Gilroy Rudah) modified Wasteland (128,81,2) to /turf/simulated/floor/plating/wasteland
[02:45:51]ADMIN: Build Mode: BartNixon/(Gilroy Rudah) modified Wasteland (128,81,2) to /turf/simulated/floor/plating/wasteland
[02:45:51]ADMIN: Build Mode: BartNixon/(Gilroy Rudah) modified Wasteland (128,81,2) to /turf/simulated/floor/plating/wasteland
[02:45:51]ADMIN: Build Mode: BartNixon/(Gilroy Rudah) modified the window (127,81,2) to /turf/simulated/floor/plating/wasteland
[02:45:51]ADMIN: Build Mode: BartNixon/(Gilroy Rudah) modified Wasteland (127,81,2) to /turf/simulated/floor/plating/wasteland
[02:45:52]ADMIN: Build Mode: BartNixon/(Gilroy Rudah) modified Wasteland (127,81,2) to /turf/simulated/floor/plating/wasteland
[02:45:52]ADMIN: Build Mode: BartNixon/(Gilroy Rudah) modified Wasteland (127,81,2) to /turf/simulated/floor/plating/wasteland
[02:45:52]ADMIN: Build Mode: BartNixon/(Gilroy Rudah) modified the window (126,81,2) to /turf/simulated/floor/plating/wasteland
[02:45:52]ADMIN: Build Mode: BartNixon/(Gilroy Rudah) modified Wasteland (126,81,2) to /turf/simulated/floor/plating/wasteland
[02:45:52]ADMIN: Build Mode: BartNixon/(Gilroy Rudah) modified the window (125,81,2) to /turf/simulated/floor/plating/wasteland
[02:45:53]ADMIN: Build Mode: BartNixon/(Gilroy Rudah) modified the window (124,81,2) to /turf/simulated/floor/plating/wasteland
[02:45:53]ADMIN: Build Mode: BartNixon/(Gilroy Rudah) modified Wasteland (124,81,2) to /turf/simulated/floor/plating/wasteland
[02:45:53]ADMIN: Build Mode: BartNixon/(Gilroy Rudah) modified the window (122,81,2) to /turf/simulated/floor/plating/wasteland
[02:45:53]ADMIN: Build Mode: BartNixon/(Gilroy Rudah) modified Wasteland (122,81,2) to /turf/simulated/floor/plating/wasteland
[02:45:54]ADMIN: Build Mode: BartNixon/(Gilroy Rudah) modified the window (121,81,2) to /turf/simulated/floor/plating/wasteland
[02:45:54]ADMIN: Build Mode: BartNixon/(Gilroy Rudah) modified Wasteland (122,81,2) to /turf/simulated/floor/plating/wasteland
[02:45:54]ADMIN: Build Mode: BartNixon/(Gilroy Rudah) modified the floor (121,82,2) to /turf/simulated/floor/plating/wasteland
[02:45:54]ADMIN: Build Mode: BartNixon/(Gilroy Rudah) modified Wasteland (121,82,2) to /turf/simulated/floor/plating/wasteland
[02:45:55]ADMIN: Build Mode: BartNixon/(Gilroy Rudah) modified Wasteland (121,82,2) to /turf/simulated/floor/plating/wasteland
[02:45:55]ADMIN: Build Mode: BartNixon/(Gilroy Rudah) modified the floor (121,83,2) to /turf/simulated/floor/plating/wasteland
[02:45:55]ADMIN: Build Mode: BartNixon/(Gilroy Rudah) modified the floor (121,84,2) to /turf/simulated/floor/plating/wasteland
[02:45:55]ADMIN: Build Mode: BartNixon/(Gilroy Rudah) modified the floor (122,84,2) to /turf/simulated/floor/plating/wasteland
[02:45:56]ADMIN: Build Mode: BartNixon/(Gilroy Rudah) modified the window (123,81,2) to /turf/simulated/floor/plating/wasteland
[02:45:56]ADMIN: Build Mode: BartNixon/(Gilroy Rudah) modified the floor (122,83,2) to /turf/simulated/floor/plating/wasteland
[02:45:57]ADMIN: Build Mode: BartNixon/(Gilroy Rudah) modified the floor (123,84,2) to /turf/simulated/floor/plating/wasteland
[02:45:57]ADMIN: Build Mode: BartNixon/(Gilroy Rudah) modified the floor (124,84,2) to /turf/simulated/floor/plating/wasteland
[02:45:57]ADMIN: Build Mode: BartNixon/(Gilroy Rudah) modified Wasteland (124,84,2) to /turf/simulated/floor/plating/wasteland
[02:45:57]ADMIN: Build Mode: BartNixon/(Gilroy Rudah) modified Wasteland (124,84,2) to /turf/simulated/floor/plating/wasteland
[02:45:57]ADMIN: Build Mode: BartNixon/(Gilroy Rudah) modified the floor (125,84,2) to /turf/simulated/floor/plating/wasteland
[02:45:57]ADMIN: Build Mode: BartNixon/(Gilroy Rudah) modified Wasteland (125,84,2) to /turf/simulated/floor/plating/wasteland
[02:45:57]ADMIN: Build Mode: BartNixon/(Gilroy Rudah) modified Wasteland (125,84,2) to /turf/simulated/floor/plating/wasteland
[02:45:58]ADMIN: Build Mode: BartNixon/(Gilroy Rudah) modified Wasteland (125,84,2) to /turf/simulated/floor/plating/wasteland
[02:45:58]ADMIN: Build Mode: BartNixon/(Gilroy Rudah) modified the floor (126,84,2) to /turf/simulated/floor/plating/wasteland
[02:45:58]ADMIN: Build Mode: BartNixon/(Gilroy Rudah) modified Wasteland (126,84,2) to /turf/simulated/floor/plating/wasteland
[02:45:58]ADMIN: Build Mode: BartNixon/(Gilroy Rudah) modified the floor (127,84,2) to /turf/simulated/floor/plating/wasteland
[02:45:58]ADMIN: Build Mode: BartNixon/(Gilroy Rudah) modified the floor (128,84,2) to /turf/simulated/floor/plating/wasteland
[02:45:58]ADMIN: Build Mode: BartNixon/(Gilroy Rudah) modified Wasteland (128,84,2) to /turf/simulated/floor/plating/wasteland
[02:45:59]ADMIN: Build Mode: BartNixon/(Gilroy Rudah) modified Wasteland (128,84,2) to /turf/simulated/floor/plating/wasteland
[02:45:59]ADMIN: Build Mode: BartNixon/(Gilroy Rudah) modified the floor (129,84,2) to /turf/simulated/floor/plating/wasteland
[02:45:59]ADMIN: Build Mode: BartNixon/(Gilroy Rudah) modified Wasteland (129,84,2) to /turf/simulated/floor/plating/wasteland
[02:45:59]ADMIN: Build Mode: BartNixon/(Gilroy Rudah) modified the floor (130,84,2) to /turf/simulated/floor/plating/wasteland
[02:45:59]ADMIN: Build Mode: BartNixon/(Gilroy Rudah) modified Wasteland (130,84,2) to /turf/simulated/floor/plating/wasteland
[02:46:00]ADMIN: Build Mode: BartNixon/(Gilroy Rudah) modified the floor (131,84,2) to /turf/simulated/floor/plating/wasteland
[02:46:00]ADMIN: Build Mode: BartNixon/(Gilroy Rudah) modified Wasteland (131,84,2) to /turf/simulated/floor/plating/wasteland
[02:46:00]ADMIN: Build Mode: BartNixon/(Gilroy Rudah) modified Wasteland (131,84,2) to /turf/simulated/floor/plating/wasteland
[02:46:00]ADMIN: Build Mode: BartNixon/(Gilroy Rudah) modified the floor (132,84,2) to /turf/simulated/floor/plating/wasteland
[02:46:00]ADMIN: Build Mode: BartNixon/(Gilroy Rudah) modified Wasteland (132,84,2) to /turf/simulated/floor/plating/wasteland
[02:46:00]ADMIN: Build Mode: BartNixon/(Gilroy Rudah) modified Wasteland (132,84,2) to /turf/simulated/floor/plating/wasteland
[02:46:01]ADMIN: Build Mode: BartNixon/(Gilroy Rudah) modified the floor (133,84,2) to /turf/simulated/floor/plating/wasteland
[02:46:01]ADMIN: Build Mode: BartNixon/(Gilroy Rudah) modified Wasteland (133,84,2) to /turf/simulated/floor/plating/wasteland
[02:46:01]ADMIN: Build Mode: BartNixon/(Gilroy Rudah) modified Wasteland (133,84,2) to /turf/simulated/floor/plating/wasteland
[02:46:01]ADMIN: Build Mode: BartNixon/(Gilroy Rudah) modified the floor (134,84,2) to /turf/simulated/floor/plating/wasteland
[02:46:02]ADMIN: Build Mode: BartNixon/(Gilroy Rudah) modified Wasteland (134,84,2) to /turf/simulated/floor/plating/wasteland
[02:46:02]ADMIN: Build Mode: BartNixon/(Gilroy Rudah) modified the floor (135,83,2) to /turf/simulated/floor/plating/wasteland
[02:46:02]ADMIN: Build Mode: BartNixon/(Gilroy Rudah) modified Wasteland (135,83,2) to /turf/simulated/floor/plating/wasteland
[02:46:02]ADMIN: Build Mode: BartNixon/(Gilroy Rudah) modified the floor (135,84,2) to /turf/simulated/floor/plating/wasteland
[02:46:03]ADMIN: Build Mode: BartNixon/(Gilroy Rudah) modified the floor (134,83,2) to /turf/simulated/floor/plating/wasteland
[02:46:03]ADMIN: Build Mode: BartNixon/(Gilroy Rudah) modified Wasteland (134,83,2) to /turf/simulated/floor/plating/wasteland
[02:46:03]ADMIN: Build Mode: BartNixon/(Gilroy Rudah) modified the floor (133,83,2) to /turf/simulated/floor/plating/wasteland
[02:46:03]ADMIN: Build Mode: BartNixon/(Gilroy Rudah) modified the floor (132,83,2) to /turf/simulated/floor/plating/wasteland
[02:46:04]ADMIN: Build Mode: BartNixon/(Gilroy Rudah) modified the floor (131,83,2) to /turf/simulated/floor/plating/wasteland
[02:46:04]ADMIN: Build Mode: BartNixon/(Gilroy Rudah) modified the floor (129,83,2) to /turf/simulated/floor/plating/wasteland
[02:46:05]ADMIN: Build Mode: BartNixon/(Gilroy Rudah) modified the floor (127,83,2) to /turf/simulated/floor/plating/wasteland
[02:46:05]ADMIN: Build Mode: BartNixon/(Gilroy Rudah) modified the floor (128,83,2) to /turf/simulated/floor/plating/wasteland
[02:46:06]ADMIN: Build Mode: BartNixon/(Gilroy Rudah) modified the floor (130,83,2) to /turf/simulated/floor/plating/wasteland
[02:46:07]ADMIN: Build Mode: BartNixon/(Gilroy Rudah) modified the floor (126,83,2) to /turf/simulated/floor/plating/wasteland
[02:46:07]ADMIN: Build Mode: BartNixon/(Gilroy Rudah) modified the floor (124,83,2) to /turf/simulated/floor/plating/wasteland
[02:46:07]ADMIN: Build Mode: BartNixon/(Gilroy Rudah) modified the floor (125,83,2) to /turf/simulated/floor/plating/wasteland
[02:46:07]ADMIN: Build Mode: BartNixon/(Gilroy Rudah) modified Wasteland (124,83,2) to /turf/simulated/floor/plating/wasteland
[02:46:08]ADMIN: Build Mode: BartNixon/(Gilroy Rudah) modified the floor (123,83,2) to /turf/simulated/floor/plating/wasteland
[02:46:08]ADMIN: Build Mode: BartNixon/(Gilroy Rudah) modified Wasteland (123,83,2) to /turf/simulated/floor/plating/wasteland
[02:46:08]ADMIN: Build Mode: BartNixon/(Gilroy Rudah) modified the floor (122,82,2) to /turf/simulated/floor/plating/wasteland
[02:46:09]ADMIN: Build Mode: BartNixon/(Gilroy Rudah) modified the floor (124,82,2) to /turf/simulated/floor/plating/wasteland
[02:46:09]ADMIN: Build Mode: BartNixon/(Gilroy Rudah) modified Wasteland (124,82,2) to /turf/simulated/floor/plating/wasteland
[02:46:09]ADMIN: Build Mode: BartNixon/(Gilroy Rudah) modified the floor (125,82,2) to /turf/simulated/floor/plating/wasteland
[02:46:09]ADMIN: Build Mode: BartNixon/(Gilroy Rudah) modified Wasteland (125,82,2) to /turf/simulated/floor/plating/wasteland
[02:46:10]ADMIN: Build Mode: BartNixon/(Gilroy Rudah) modified the floor (123,82,2) to /turf/simulated/floor/plating/wasteland
[02:46:10]ADMIN: Build Mode: BartNixon/(Gilroy Rudah) modified Wasteland (123,82,2) to /turf/simulated/floor/plating/wasteland
[02:46:10]ADMIN: Build Mode: BartNixon/(Gilroy Rudah) modified the floor (126,82,2) to /turf/simulated/floor/plating/wasteland
[02:46:10]ADMIN: Build Mode: BartNixon/(Gilroy Rudah) modified Wasteland (126,82,2) to /turf/simulated/floor/plating/wasteland
[02:46:11]ADMIN: Build Mode: BartNixon/(Gilroy Rudah) modified the floor (128,82,2) to /turf/simulated/floor/plating/wasteland
[02:46:11]ADMIN: Build Mode: BartNixon/(Gilroy Rudah) modified the floor (129,82,2) to /turf/simulated/floor/plating/wasteland
[02:46:11]ADMIN: Build Mode: BartNixon/(Gilroy Rudah) modified the floor (127,82,2) to /turf/simulated/floor/plating/wasteland
[02:46:12]ADMIN: Build Mode: BartNixon/(Gilroy Rudah) modified Wasteland (129,82,2) to /turf/simulated/floor/plating/wasteland
[02:46:12]ADMIN: Build Mode: BartNixon/(Gilroy Rudah) modified the floor (130,82,2) to /turf/simulated/floor/plating/wasteland
[02:46:12]ADMIN: Build Mode: BartNixon/(Gilroy Rudah) modified the floor (131,82,2) to /turf/simulated/floor/plating/wasteland
[02:46:13]ADMIN: Build Mode: BartNixon/(Gilroy Rudah) modified the floor (132,82,2) to /turf/simulated/floor/plating/wasteland
[02:46:13]ADMIN: Build Mode: BartNixon/(Gilroy Rudah) modified Wasteland (132,82,2) to /turf/simulated/floor/plating/wasteland
[02:46:13]ADMIN: Build Mode: BartNixon/(Gilroy Rudah) modified Wasteland (132,82,2) to /turf/simulated/floor/plating/wasteland
[02:46:14]ADMIN: Build Mode: BartNixon/(Gilroy Rudah) modified the floor (133,82,2) to /turf/simulated/floor/plating/wasteland
[02:46:14]ADMIN: Build Mode: BartNixon/(Gilroy Rudah) modified the floor (134,82,2) to /turf/simulated/floor/plating/wasteland
[02:46:14]ADMIN: Build Mode: BartNixon/(Gilroy Rudah) modified Wasteland (134,82,2) to /turf/simulated/floor/plating/wasteland
[02:46:16]ADMIN: BartNixon/(Gilroy Rudah) has left build mode.
[02:46:23]SAY: grey baby slime (386)/ : Blop...
[02:46:31]SAY: mouse/ : SQUEEK!
[02:46:32]ADMIN: BartNixon/(Gilroy Rudah) has deleted all (1157) instances of /obj/effect/decal/cleanable.
[02:46:44]ADMIN: BartNixon/(Gilroy Rudah) spawned /obj/structure/table/woodentable at (126,75,2)
[02:46:50]ADMIN: BartNixon/(Gilroy Rudah) spawned /obj/structure/table/woodentable at (132,81,2)
[02:46:59]SAY: mouse/ : Squeek!
[02:47:04]ADMIN: BartNixon/(Gilroy Rudah) modified wooden table's icon to fall64.dmi
[02:47:08]ADMIN: BartNixon/(Gilroy Rudah) mass modified wooden table's icon_state to tree_1
[02:47:28]ADMIN: BartNixon/(Gilroy Rudah) modified wooden table's icon to fall64.dmi
[02:47:32]ADMIN: BartNixon/(Gilroy Rudah) modified wooden table's icon_state to tree_5
[02:47:53]EMOTE: monkey (582)/ : <B>The monkey (582)</B> jumps!
[02:48:38]ADMIN: BartNixon/(Gilroy Rudah) has entered build mode.
[02:48:39]ADMIN: Build Mode: BartNixon/(Gilroy Rudah) modified the closet's (0,0,0) dir to 1
[02:48:41]ADMIN: Build Mode: BartNixon/(Gilroy Rudah) threw the wooden table at Wasteland (127,73,2)
[02:48:41]ADMIN: Build Mode: BartNixon/(Gilroy Rudah) threw the wooden table at Wasteland (124,73,2)
[02:48:42]ADMIN: Build Mode: BartNixon/(Gilroy Rudah) threw the wooden table at Wasteland (123,72,2)
[02:48:44]ADMIN: BartNixon/(Gilroy Rudah) has left build mode.
[02:48:50]ADMIN: BartNixon/(Gilroy Rudah) spawned /obj/effect/decal/remains/robot at (127,79,2)
[02:48:59]SAY: mouse/ : Squeek!
[02:49:03]EMOTE: monkey (951)/ : <B>The monkey (951)</B> jumps!
[02:49:17]ADMIN: BartNixon/(Gilroy Rudah) spawned /obj/structure/table/woodentable at (132,73,2)
[02:49:17]SAY: mouse/ : Squeek!
[02:49:40]ADMIN: BartNixon/(Gilroy Rudah) modified wooden table's icon to barrel01.gif
[02:49:44]SAY: mouse/ : SQUEEK!
[02:49:44]EMOTE: monkey (506)/ : <B>The monkey (506)</B> jumps!
[02:50:24]SAY: mouse/ : SQUEEK!
[02:50:46]EMOTE: monkey (934)/ : <B>The monkey (934)</B> jumps!
[02:51:02]SAY: mouse/ : SQUEEK!
[02:51:38]SAY: mouse/ : Squeek!
[02:51:45]ADMIN: BartNixon/(Gilroy Rudah) spawned /obj/item/clothing/under/relaxedwearm at (125,76,2)
[02:51:48]ADMIN: BartNixon/(Gilroy Rudah) spawned /obj/item/clothing/under/springm at (126,76,2)
[02:51:58]ADMIN: BartNixon/(Gilroy Rudah) spawned /obj/item/clothing/under/cowboyb at (127,76,2)
[02:51:59]EMOTE: Pun Pun/ : <B>Pun Pun</B> jumps!
[02:52:03]ADMIN: BartNixon/(Gilroy Rudah) spawned /obj/item/clothing/under/cowboyg at (128,76,2)
[02:52:03]SAY: mouse/ : Squeek?
[02:52:11]ADMIN: BartNixon/(Gilroy Rudah) spawned /obj/item/clothing/suit/armor/cowboybvest at (127,77,2)
[02:52:15]ADMIN: BartNixon/(Gilroy Rudah) spawned /obj/item/clothing/suit/armor/cowboygvest at (128,77,2)
[02:52:15]SAY: mouse/ : Squeek!
[02:52:31]ADMIN: BartNixon/(Gilroy Rudah) spawned /obj/item/clothing/under/tangambler at (123,76,2)
[02:52:35]ADMIN: BartNixon/(Gilroy Rudah) has entered build mode.
[02:52:36]ADMIN: Build Mode: BartNixon/(Gilroy Rudah) deleted the fancy gambler suit at (123,76,2)
[02:52:37]ADMIN: BartNixon/(Gilroy Rudah) has left build mode.
[02:52:42]ADMIN: BartNixon/(Gilroy Rudah) spawned /obj/item/clothing/under/suegambler at (124,76,2)
[02:52:49]ADMIN: BartNixon/(Gilroy Rudah) spawned /obj/item/clothing/under/doomsday at (129,76,2)
[02:52:56]ADMIN: BartNixon/(Gilroy Rudah) spawned /obj/item/clothing/under/roving at (130,76,2)
[02:53:03]ADMIN: BartNixon/(Gilroy Rudah) spawned /obj/item/clothing/under/enclaveo at (131,76,2)
[02:53:08]ADMIN: BartNixon/(Gilroy Rudah) spawned /obj/item/clothing/head/soft/enclaveoh at (131,78,2)
[02:53:13]EMOTE: monkey (350)/ : <B>The monkey (350)</B> jumps!
[02:53:14]ADMIN: BartNixon/(Gilroy Rudah) spawned /obj/item/clothing/suit/armor/autumn at (131,77,2)
[02:53:35]ADMIN: BartNixon/(Gilroy Rudah) spawned /obj/item/clothing/under/doctor at (132,76,2)
[02:53:45]ADMIN: BartNixon/(Gilroy Rudah) modified wasteland doctor fatigues's icon_state to doctor
[02:54:10]SAY: mouse/ : Squeek?
[02:54:26]SAY: Tom/ : Squeek?
[02:54:32]ADMIN: BartNixon/(Gilroy Rudah) spawned /obj/item/clothing/under/recon at (127,72,2)
[02:54:41]ADMIN: BartNixon/(Gilroy Rudah) spawned /obj/item/clothing/suit/armor/t45dpowerarmor at (127,73,2)
[02:54:49]ADMIN: BartNixon/(Gilroy Rudah) spawned /obj/item/clothing/head/helmet/t45dhelmet at (127,74,2)
[02:54:54]EMOTE: monkey (951)/ : <B>The monkey (951)</B> jumps!
[02:55:03]ADMIN: BartNixon/(Gilroy Rudah) spawned /obj/item/clothing/head/helmet/t45bhelmet at (126,74,2)
[02:55:17]ADMIN: BartNixon/(Gilroy Rudah) spawned /obj/item/clothing/suit/armor/t45bpowerarmor at (126,73,2)
[02:55:21]SAY: Pete/ : eh?
[02:55:21]SAY: mouse/ : Squeek?
[02:55:22]ADMIN: BartNixon/(Gilroy Rudah) spawned /obj/item/clothing/suit/armor/advpowerarmor at (128,73,2)
[02:55:27]ADMIN: BartNixon/(Gilroy Rudah) spawned /obj/item/clothing/head/helmet/advhelmet at (128,74,2)
[02:55:45]EMOTE: Pun Pun/ : <B>Pun Pun</B> jumps!
[02:55:45]SAY: Tom/ : Squeek?
[02:55:47]SAY: grey baby slime (386)/ : Blop...
[02:55:49]EMOTE: monkey (761)/ : <B>The monkey (761)</B> jumps!
[02:55:59]ADMIN: BartNixon/(Gilroy Rudah) spawned /obj/item/clothing/under/vault13 at (133,76,2)
[02:56:04]ADMIN: BartNixon/(Gilroy Rudah) spawned /obj/item/clothing/under/vault13ut at (134,76,2)
[02:56:21]ADMIN: BartNixon/(Gilroy Rudah) spawned /obj/item/clothing/under/bennys at (123,76,2)
[02:56:28]ADMIN: BartNixon/(Gilroy Rudah) spawned /obj/item/clothing/head/stormchaser at (130,77,2)
[02:56:32]EMOTE: monkey (951)/ : <B>The monkey (951)</B> jumps!
[02:56:36]ADMIN: BartNixon/(Gilroy Rudah) spawned /obj/item/clothing/mask/gas at (129,77,2)
[02:56:36]EMOTE: monkey (582)/ : <B>The monkey (582)</B> jumps!
[02:56:39]ADMIN: BartNixon/(Gilroy Rudah) has entered build mode.
[02:56:40]ADMIN: Build Mode: BartNixon/(Gilroy Rudah) deleted the gas mask at (129,77,2)
[02:56:41]ADMIN: BartNixon/(Gilroy Rudah) has left build mode.
[02:56:42]SAY: mouse/ : SQUEEK!
[02:57:04]ADMIN: BartNixon/(Gilroy Rudah) spawned /obj/item/clothing/mask at (129,77,2)
[02:57:08]ADMIN: BartNixon/(Gilroy Rudah) deleted the mask at (129,77,2)
[02:57:10]SAY: Runtime/ : Meow!
[02:57:20]SAY: mouse/ : SQUEEK!
[02:57:22]SAY: mouse/ : Squeek?
[02:57:24]SAY: mouse/ : SQUEEK!
[02:57:32]EMOTE: monkey (761)/ : <B>The monkey (761)</B> jumps!
[02:57:36]EMOTE: monkey (350)/ : <B>The monkey (350)</B> jumps!
[02:57:40]EMOTE: Pun Pun/ : <B>Pun Pun</B> jumps!
[02:57:43]ADMIN: BartNixon/(Gilroy Rudah) spawned /obj/item/clothing/mask/surgical at (129,77,2)
[02:57:45]ADMIN: BartNixon/(Gilroy Rudah) has entered build mode.
[02:57:46]ADMIN: Build Mode: BartNixon/(Gilroy Rudah) deleted the sterile mask at (129,77,2)
[02:57:47]ADMIN: BartNixon/(Gilroy Rudah) has left build mode.
[02:58:09]SAY: Ian/ : Woof!
[02:58:41]SAY: mouse/ : Squeek?
[02:59:13]SAY: mouse/ : Squeek!
[02:59:26]ADMIN: BartNixon/(Gilroy Rudah) spawned /obj/item/clothing/under/mercam at (130,74,2)
[02:59:29]ADMIN: BartNixon/(Gilroy Rudah) spawned /obj/item/clothing/under/mercaf at (131,74,2)
[03:00:20]EMOTE: monkey (582)/ : <B>The monkey (582)</B> jumps!
[03:00:24]SAY: mouse/ : SQUEEK!
[03:00:27]ADMIN: BartNixon/(Gilroy Rudah) modified Gilroy Rudah's icon to blank.gif
[03:00:37]ADMIN: BartNixon/(Gilroy Rudah) has entered build mode.
[03:00:38]ADMIN: Build Mode: BartNixon/(Gilroy Rudah) modified the closet's (0,0,0) dir to 1
[03:00:38]SAY: Ian/ : Woof!
[03:00:41]ADMIN: Build Mode: BartNixon/(Gilroy Rudah) threw the female merc adventurer outfit at Wasteland (132,74,2)
[03:00:42]ADMIN: Build Mode: BartNixon/(Gilroy Rudah) threw the male merc adventurer outfit at Wasteland (131,74,2)
[03:00:44]ADMIN: Build Mode: BartNixon/(Gilroy Rudah) threw the fancy suit at Wasteland (130,74,2)
[03:00:47]ADMIN: Build Mode: BartNixon/(Gilroy Rudah) threw the standard Vault 13 jumpsuit at Wasteland (130,73,2)
[03:00:48]ADMIN: Build Mode: BartNixon/(Gilroy Rudah) threw the the Vault utility jumpsuit at Wasteland (131,73,2)
[03:00:49]ADMIN: BartNixon/(Gilroy Rudah) has left build mode.
[03:00:54]SAY: mouse/ : SQUEEK!
[03:00:56]EMOTE: Pun Pun/ : <B>Pun Pun</B> jumps!
[03:00:59]ADMIN: BartNixon/(Gilroy Rudah) has possessed the wooden table (/obj/structure/table/woodentable) at (132, 73, 2)
[03:01:04]SAY: mouse/ : SQUEEK!
[03:02:04]EMOTE: monkey (595)/ : <B>The monkey (595)</B> jumps!
[03:02:23]ADMIN: BartNixon/(Gilroy Rudah) created a /mob/living/carbon/human
[03:02:26]ADMIN: BartNixon/(Gilroy Rudah) created a /mob/living/carbon/human
[03:02:27]ADMIN: BartNixon/(Gilroy Rudah) created a /mob/living/carbon/human
[03:02:28]ADMIN: BartNixon/(Gilroy Rudah) created a /mob/living/carbon/human
[03:02:29]ADMIN: BartNixon/(Gilroy Rudah) created a /mob/living/carbon/human
[03:02:30]ADMIN: BartNixon/(Gilroy Rudah) created a /mob/living/carbon/human
[03:02:31]ADMIN: BartNixon/(Gilroy Rudah) created a /mob/living/carbon/human
[03:02:32]ADMIN: BartNixon/(Gilroy Rudah) created a /mob/living/carbon/human
[03:02:43]ADMIN: BartNixon/(Gilroy Rudah) created a /mob/living/carbon/human
[03:02:44]ADMIN: BartNixon/(Gilroy Rudah) created a /mob/living/carbon/human
[03:02:45]ADMIN: BartNixon/(Gilroy Rudah) created a /mob/living/carbon/human
[03:02:46]ADMIN: BartNixon/(Gilroy Rudah) created a /mob/living/carbon/human
[03:02:47]ADMIN: BartNixon/(Gilroy Rudah) created a /mob/living/carbon/human
[03:02:48]ADMIN: BartNixon/(Gilroy Rudah) created a /mob/living/carbon/human
[03:02:49]ADMIN: BartNixon/(Gilroy Rudah) created a /mob/living/carbon/human
[03:02:50]ADMIN: BartNixon/(Gilroy Rudah) created a /mob/living/carbon/human
[03:02:51]ADMIN: BartNixon/(Gilroy Rudah) created a /mob/living/carbon/human
[03:02:51]ADMIN: BartNixon/(Gilroy Rudah) created a /mob/living/carbon/human
[03:02:52]ADMIN: BartNixon/(Gilroy Rudah) created a /mob/living/carbon/human
[03:02:53]ADMIN: BartNixon/(Gilroy Rudah) created a /mob/living/carbon/human
[03:02:54]ADMIN: BartNixon/(Gilroy Rudah) created a /mob/living/carbon/human
[03:02:55]ADMIN: BartNixon/(Gilroy Rudah) created a /mob/living/carbon/human
[03:03:02]SAY: Poly/ : <i>Check the singlo, you chucklefucks!</i>
[03:03:10]SAY: mouse/ : SQUEEK!
[03:03:14]ADMIN: BartNixon/(Gilroy Rudah) created a /mob/living/carbon/human
[03:03:15]ADMIN: BartNixon/(Gilroy Rudah) created a /mob/living/carbon/human
[03:03:16]EMOTE: monkey (595)/ : <B>The monkey (595)</B> jumps!
[03:03:16]ADMIN: BartNixon/(Gilroy Rudah) created a /mob/living/carbon/human
[03:03:19]ADMIN: BartNixon/(Gilroy Rudah) created a /mob/living/carbon/human
[03:03:20]ADMIN: BartNixon/(Gilroy Rudah) created a /mob/living/carbon/human
[03:03:20]ADMIN: BartNixon/(Gilroy Rudah) created a /mob/living/carbon/human
[03:03:21]ADMIN: BartNixon/(Gilroy Rudah) created a /mob/living/carbon/human
[03:03:22]ADMIN: BartNixon/(Gilroy Rudah) created a /mob/living/carbon/human
[03:03:23]ADMIN: BartNixon/(Gilroy Rudah) created a /mob/living/carbon/human
[03:03:25]ADMIN: BartNixon/(Gilroy Rudah) created a /mob/living/carbon/human
[03:03:29]ADMIN: BartNixon/(Gilroy Rudah) created a /mob/living/carbon/human
[03:03:30]ADMIN: BartNixon/(Gilroy Rudah) created a /mob/living/carbon/human
[03:03:31]ADMIN: BartNixon/(Gilroy Rudah) created a /mob/living/carbon/human
[03:03:33]ADMIN: BartNixon/(Gilroy Rudah) created a /mob/living/carbon/human
[03:03:34]ADMIN: BartNixon/(Gilroy Rudah) created a /mob/living/carbon/human
[03:03:34]ADMIN: BartNixon/(Gilroy Rudah) created a /mob/living/carbon/human
[03:03:35]ADMIN: BartNixon/(Gilroy Rudah) created a /mob/living/carbon/human
[03:03:36]SAY: Pete/ : EHEHEHEHEH
[03:03:36]ADMIN: BartNixon/(Gilroy Rudah) created a /mob/living/carbon/human
[03:03:39]ADMIN: BartNixon/(Gilroy Rudah) created a /mob/living/carbon/human
[03:03:40]ADMIN: BartNixon/(Gilroy Rudah) created a /mob/living/carbon/human
[03:03:41]ADMIN: BartNixon/(Gilroy Rudah) created a /mob/living/carbon/human
[03:03:42]ADMIN: BartNixon/(Gilroy Rudah) created a /mob/living/carbon/human
[03:03:44]ADMIN: BartNixon/(Gilroy Rudah) created a /mob/living/carbon/human
[03:03:46]ADMIN: BartNixon/(Gilroy Rudah) created a /mob/living/carbon/human
[03:03:49]ADMIN: BartNixon/(Gilroy Rudah) created a /mob/living/carbon/human
[03:03:50]ADMIN: BartNixon/(Gilroy Rudah) created a /mob/living/carbon/human
[03:03:51]ADMIN: BartNixon/(Gilroy Rudah) created a /mob/living/carbon/human
[03:03:52]ADMIN: BartNixon/(Gilroy Rudah) created a /mob/living/carbon/human
[03:03:54]ADMIN: BartNixon/(Gilroy Rudah) created a /mob/living/carbon/human
[03:03:55]ADMIN: BartNixon/(Gilroy Rudah) created a /mob/living/carbon/human
[03:03:57]ADMIN: BartNixon/(Gilroy Rudah) created a /mob/living/carbon/human
[03:04:00]SAY: mouse/ : Squeek!
[03:04:02]SAY: mouse/ : SQUEEK!
[03:04:02]EMOTE: monkey (738)/ : <B>The monkey (738)</B> jumps!
[03:04:20]EMOTE: monkey (743)/ : <B>The monkey (743)</B> jumps!
[03:05:10]EMOTE: monkey (582)/ : <B>The monkey (582)</B> jumps!
[03:05:24]SAY: mouse/ : SQUEEK!
[03:05:26]ADMIN: BartNixon/(Gilroy Rudah) teleported *no key*/(Penelope Mingle)
[03:05:43]ADMIN: BartNixon/(Gilroy Rudah) teleported *no key*/(Lucian Stewart)
[03:05:56]ADMIN: BartNixon/(Gilroy Rudah) teleported *no key*/(Braylon Nicholas)
[03:06:00]SAY: Pete/ : EHEHEHEHEH
[03:06:08]EMOTE: monkey (144)/ : <B>The monkey (144)</B> jumps!
[03:06:23]ADMIN: BartNixon/(Gilroy Rudah) teleported *no key*/(Tye Zadovsky)
[03:06:31]ADMIN: BartNixon/(Gilroy Rudah) has used rudimentary transformation on BartNixon/(Gilroy Rudah). Transforming to human; deletemob=1
[03:06:31]ACCESS: Logout: *no key*/(Gilroy Rudah)
[03:06:31]ACCESS: Login: BartNixon/(Gilroy Rudah) from 127.0.0.1-3529772718 || BYOND v506
[03:06:32]EMOTE: monkey (743)/ : <B>The monkey (743)</B> jumps!
[03:06:46]SAY: mouse/ : Squeek!
[03:07:24]EMOTE: monkey (761)/ : <B>The monkey (761)</B> jumps!
[03:08:36]EMOTE: monkey (20)/ : <B>The monkey (20)</B> jumps!
[03:08:44]ADMIN: BartNixon/(Gilroy Rudah) spawned /obj/machinery/space_heater at (129,75,2)
[03:08:44]SAY: mouse/ : Squeek?
[03:08:52]ADMIN: BartNixon/(Gilroy Rudah) spawned /obj/machinery/space_heater at (128,75,2)
[03:08:59]ADMIN: BartNixon/(Gilroy Rudah) spawned /obj/machinery/space_heater at (127,75,2)
[03:09:04]ADMIN: BartNixon/(Gilroy Rudah) spawned /obj/machinery/space_heater at (126,75,2)
[03:09:11]ADMIN: BartNixon/(Gilroy Rudah) spawned /obj/machinery/space_heater at (125,75,2)
[03:09:19]ADMIN: BartNixon/(Gilroy Rudah) spawned /obj/machinery/space_heater at (130,75,2)
[03:10:55]EMOTE: monkey (743)/ : <B>The monkey (743)</B> jumps!
[03:11:23]EMOTE: monkey (582)/ : <B>The monkey (582)</B> jumps!
[03:11:32]ADMIN: BartNixon/(Gilroy Rudah) spawned /obj/item/clothing/under/agent47 at (124,75,2)
[03:12:17]EMOTE: monkey (934)/ : <B>The monkey (934)</B> jumps!
[03:12:33]SAY: mouse/ : Squeek?
[03:13:11]SAY: mouse/ : SQUEEK!
[03:13:17]EMOTE: monkey (582)/ : <B>The monkey (582)</B> jumps!
[03:13:29]ACCESS: Logout: BartNixon[DC]/(Gilroy Rudah)
