

Starting up. 03:22.40
---------------------
Adding game mode blob (blob) to configuration.
Adding game mode changeling (changeling) to configuration.
Adding game mode traitor+changeling (traitorchan) to configuration.
Adding game mode double agents (double_agents) to configuration.
Adding game mode traitor (traitor) to configuration.
Adding game mode cult (cult) to configuration.
Adding game mode extended (extended) to configuration.
Adding game mode gang war (gang) to configuration.
Adding game mode AI malfunction (malfunction) to configuration.
Adding game mode meteor (meteor) to configuration.
Adding game mode monkey (monkey) to configuration.
Adding game mode nuclear emergency (nuclear) to configuration.
Adding game mode revolution (revolution) to configuration.
Adding game mode sandbox (sandbox) to configuration.
Adding game mode wizard (wizard) to configuration.
Saved mode is 'extended'
[03:22:40]ADMIN: Loading Banlistjob
[03:22:40]ADMIN: Loading jobban_rank
[03:22:40]ADMIN: jobban_keylist was empty
[03:22:40]ADMIN: Loading appearance_rank
[03:22:40]ADMIN: appearance_keylist was empty
[03:22:40]ADMIN: Updating jobbanfile!
[03:22:40]ADMIN: Loading Banlist
[03:25:05]ACCESS: Login: BartNixon/(BartNixon) from 127.0.0.1-3529772718 || BYOND v506
[03:26:21]ADMIN: BartNixon has started the game.
[03:26:40]ACCESS: Logout: *no key*/(BartNixon)
[03:26:40]ACCESS: Login: BartNixon/(Leeann Briggs) from 127.0.0.1-3529772718 || BYOND v506
[03:26:53]EMOTE: Betsy/ : <B>Betsy</B> brays
[03:26:57]SAY: grey baby slime (87)/ : Lonely...
[03:27:17]EMOTE: Poly/ : <B>Poly</B> looks in the Zippo lighter's direction and takes flight.
[03:27:19]SAY: Pugley III/ : Woof!
[03:27:26]EMOTE: Tom/ : <B>Tom</B> shakes
[03:28:10]EMOTE: Poly/ : <B>Poly</B> looks in the pen's direction and takes flight.
[03:28:35]ADMIN: BartNixon/(Leeann Briggs) spawned /obj/item/device/harmonica at (45,136,1)
[03:28:36]EMOTE: Pugley III/ : <B>Pugley III</B> chases its tail.
[03:28:54]EMOTE: Kentucky/ : <B>Kentucky</B> clucks
[03:29:08]SAY: mouse/ : Squeek!
[03:29:10]EMOTE: monkey (990)/ : <B>The monkey (990)</B> jumps!
[03:29:20]ADMIN: BartNixon/(Leeann Briggs) spawned /obj/structure/royal at (132,126,1)
[03:29:26]EMOTE: Featherbottom/ : <B>Featherbottom</B> pecks at the ground
[03:29:28]EMOTE: Poly/ : <B>Poly</B> looks in the pen's direction and takes flight.
[03:29:36]EMOTE: Pun Pun/ : <B>Pun Pun</B> jumps!
[03:29:48]EMOTE: monkey (814)/ : <B>The monkey (814)</B> jumps!
[03:29:54]EMOTE: Tom/ : <B>Tom</B> runs in a circle
[03:30:12]EMOTE: monkey (862)/ : <B>The monkey (862)</B> jumps!
[03:30:14]EMOTE: mouse/ : <B>The mouse</B> shakes
[03:30:17]EMOTE: mouse/ : <B>The mouse</B> squeeks
[03:30:35]EMOTE: Poly/ : <B>Poly</B> looks in the pen's direction and takes flight.
[03:30:39]EMOTE: Pugley III/ : <B>Pugley III</B> chases its tail.
[03:30:51]EMOTE: mouse/ : <B>The mouse</B> shakes
[03:30:59]EMOTE: mouse/ : <B>The mouse</B> shakes
[03:31:01]EMOTE: monkey (988)/ : <B>The monkey (988)</B> jumps!
[03:31:13]SAY: Tom/ : Squeek?
[03:31:32]EMOTE: Pun Pun/ : <B>Pun Pun</B> jumps!
[03:31:32]SAY: Featherbottom/ : Cluck!
[03:31:34]SAY: Ian/ : Woof!
[03:31:50]EMOTE: mouse/ : <B>The mouse</B> runs in a circle
[03:31:52]ADMIN: BartNixon/(Leeann Briggs) spawned /obj/item/device/guitar at (133,127,1)
[03:31:54]SAY: Kentucky/ : Cluck!
[03:32:12]EMOTE: monkey (814)/ : <B>The monkey (814)</B> jumps!
[03:32:24]SAY: mouse/ : SQUEEK!
[03:32:35]EMOTE: Ian/ : <B>Ian</B> chases its tail!
[03:32:39]EMOTE: Poly/ : <B>Poly</B> looks in the pen's direction and takes flight.
[03:32:49]EMOTE: monkey (5)/ : <B>The monkey (5)</B> jumps!
[03:32:51]EMOTE: monkey (990)/ : <B>The monkey (990)</B> jumps!
[03:32:55]EMOTE: Betsy/ : <B>Betsy</B> brays
[03:33:11]EMOTE: monkey (974)/ : <B>The monkey (974)</B> jumps!
[03:33:21]SAY: mouse/ : Squeek?
[03:33:56]EMOTE: monkey (814)/ : <B>The monkey (814)</B> jumps!
[03:34:25]EMOTE: Poly/ : <B>Poly</B> looks in the pen's direction and takes flight.
[03:34:31]SAY: Runtime/ : HSSSSS
[03:35:08]SAY: grey baby slime (541)/ : Lonely...
[03:35:12]EMOTE: Kentucky/ : <B>Kentucky</B> clucks
[03:35:16]EMOTE: Pugley III/ : <B>Pugley III</B> chases its tail.
[03:35:16]EMOTE: Kentucky/ : <B>Kentucky</B> flaps its wings viciously
[03:35:32]SAY: mouse/ : SQUEEK!
[03:35:38]SAY: mouse/ : Squeek?
[03:35:51]EMOTE: mouse/ : <B>The mouse</B> squeeks
[03:35:59]EMOTE: Poly/ : <B>Poly</B> looks in the pen's direction and takes flight.
[03:36:11]EMOTE: Pugley III/ : <B>Pugley III</B> chases its tail.
[03:36:17]EMOTE: monkey (988)/ : <B>The monkey (988)</B> jumps!
[03:36:31]EMOTE: monkey (724)/ : <B>The monkey (724)</B> jumps!
[03:36:57]EMOTE: mouse/ : <B>The mouse</B> runs in a circle
[03:37:10]EMOTE: Poly/ : <B>Poly</B> looks in the pen's direction and takes flight.
[03:37:12]EMOTE: monkey (974)/ : <B>The monkey (974)</B> jumps!
[03:37:30]EMOTE: monkey (974)/ : <B>The monkey (974)</B> jumps!
[03:37:36]SAY: Kentucky/ : BWAAAAARK BWAK BWAK BWAK!
[03:37:54]SAY: mouse/ : Squeek?
[03:38:27]EMOTE: Poly/ : <B>Poly</B> looks in the pen's direction and takes flight.
[03:38:41]SAY: Featherbottom/ : Bwaak bwak.
[03:38:49]SAY: Ian/ : Woof!
[03:38:59]EMOTE: Pete/ : <B>Pete</B> stamps a foot
[03:39:01]EMOTE: Pugley III/ : <B>Pugley III</B> chases its tail.
[03:39:11]EMOTE: Pugley III/ : <B>Pugley III</B> chases its tail.
[03:39:29]EMOTE: Featherbottom/ : <B>Featherbottom</B> flaps its wings viciously
[03:39:39]EMOTE: Featherbottom/ : <B>Featherbottom</B> flaps its wings viciously
[03:39:55]SAY: Pugley III/ : Bark!
[03:40:02]EMOTE: Poly/ : <B>Poly</B> looks in the pen's direction and takes flight.
[03:40:04]EMOTE: Betsy/ : <B>Betsy</B> shakes its head
[03:40:42]EMOTE: monkey (988)/ : <B>The monkey (988)</B> jumps!
[03:41:07]EMOTE: Poly/ : <B>Poly</B> looks in the pen's direction and takes flight.
[03:41:09]SAY: Ian/ : Bark!
[03:41:21]EMOTE: Kentucky/ : <B>Kentucky</B> pecks at the ground
[03:41:29]EMOTE: Ian/ : <B>Ian</B> chases its tail!
[03:41:41]EMOTE: Ian/ : <B>Ian</B> chases its tail!
[03:41:57]EMOTE: Pugley III/ : <B>Pugley III</B> chases its tail.
[03:42:01]SAY: Ian/ : YAP!
[03:42:11]EMOTE: mouse/ : <B>The mouse</B> runs in a circle
[03:42:17]EMOTE: Poly/ : <B>Poly</B> looks in the pen's direction and takes flight.
[03:42:19]SAY: Runtime/ : HSSSSS
[03:42:25]EMOTE: mouse/ : <B>The mouse</B> squeeks
[03:42:27]EMOTE: mouse/ : <B>The mouse</B> shakes
[03:42:31]SAY: Pugley III/ : AUUUUUU
[03:42:33]EMOTE: Pugley III/ : <B>Pugley III</B> chases its tail.
[03:42:46]SAY: Poly/ : <i>Breaking news from Station Announcements!</i>
[03:42:50]EMOTE: Ian/ : <B>Ian</B> dances around.
[03:42:54]SAY: grey baby slime (87)/ : Rawr...
[03:43:14]EMOTE: mouse/ : <B>The mouse</B> runs in a circle
[03:43:16]EMOTE: Poly/ : <B>Poly</B> looks in the pen's direction and takes flight.
[03:43:18]EMOTE: monkey (724)/ : <B>The monkey (724)</B> jumps!
[03:43:24]EMOTE: Kentucky/ : <B>Kentucky</B> pecks at the ground
[03:43:48]EMOTE: Betsy/ : <B>Betsy</B> shakes its head
[03:43:48]SAY: Kentucky/ : Cluck!
[03:44:00]EMOTE: Featherbottom/ : <B>Featherbottom</B> pecks at the ground
[03:44:13]EMOTE: Featherbottom/ : <B>Featherbottom</B> clucks
[03:44:17]EMOTE: Ian/ : <B>Ian</B> chases its tail!
[03:44:21]EMOTE: Poly/ : <B>Poly</B> looks in the pen's direction and takes flight.
[03:44:45]EMOTE: Pugley III/ : <B>Pugley III</B> shakes its head.
[03:44:49]EMOTE: Pete/ : <B>Pete</B> shakes its head
[03:45:03]EMOTE: Featherbottom/ : <B>Featherbottom</B> pecks at the ground
[03:45:08]ACCESS: Logout: BartNixon[DC]/(Leeann Briggs)


Starting up. 09:36.02
---------------------
Adding game mode blob (blob) to configuration.
Adding game mode changeling (changeling) to configuration.
Adding game mode traitor+changeling (traitorchan) to configuration.
Adding game mode double agents (double_agents) to configuration.
Adding game mode traitor (traitor) to configuration.
Adding game mode cult (cult) to configuration.
Adding game mode extended (extended) to configuration.
Adding game mode gang war (gang) to configuration.
Adding game mode AI malfunction (malfunction) to configuration.
Adding game mode meteor (meteor) to configuration.
Adding game mode monkey (monkey) to configuration.
Adding game mode nuclear emergency (nuclear) to configuration.
Adding game mode revolution (revolution) to configuration.
Adding game mode sandbox (sandbox) to configuration.
Adding game mode wizard (wizard) to configuration.
Saved mode is 'extended'
[09:36:02]ADMIN: Loading Banlistjob
[09:36:02]ADMIN: Loading jobban_rank
[09:36:02]ADMIN: jobban_keylist was empty
[09:36:02]ADMIN: Loading appearance_rank
[09:36:02]ADMIN: appearance_keylist was empty
[09:36:02]ADMIN: Updating jobbanfile!
[09:36:02]ADMIN: Loading Banlist
[09:38:07]ACCESS: Login: BartNixon/(BartNixon) from 127.0.0.1-3529772718 || BYOND v506
[09:38:58]ACCESS: Logout: *no key*/(BartNixon)
[09:38:58]ACCESS: Login: BartNixon/(Leeann Briggs) from 127.0.0.1-3529772718 || BYOND v506
[09:39:01]ADMIN: BartNixon has started the game.
[09:40:49]ADMIN: BartNixon/(Leeann Briggs) spawned /turf/simulated/floor/yellowgrid at (29,111,1)
[09:41:02]ADMIN: BartNixon/(Leeann Briggs) has entered build mode.
[09:41:05]ADMIN: Build Mode: BartNixon/(Leeann Briggs) modified space (30,111,1) to /turf/simulated/floor/yellowgrid
[09:41:05]ADMIN: Build Mode: BartNixon/(Leeann Briggs) modified space (32,111,1) to /turf/simulated/floor/yellowgrid
[09:41:06]ADMIN: Build Mode: BartNixon/(Leeann Briggs) modified space (31,111,1) to /turf/simulated/floor/yellowgrid
[09:41:06]ADMIN: Build Mode: BartNixon/(Leeann Briggs) modified space (32,110,1) to /turf/simulated/floor/yellowgrid
[09:41:07]ADMIN: Build Mode: BartNixon/(Leeann Briggs) modified space (31,110,1) to /turf/simulated/floor/yellowgrid
[09:41:07]ADMIN: Build Mode: BartNixon/(Leeann Briggs) modified space (30,110,1) to /turf/simulated/floor/yellowgrid


Starting up. 09:43.48
---------------------
Adding game mode blob (blob) to configuration.
Adding game mode changeling (changeling) to configuration.
Adding game mode traitor+changeling (traitorchan) to configuration.
Adding game mode double agents (double_agents) to configuration.
Adding game mode traitor (traitor) to configuration.
Adding game mode cult (cult) to configuration.
Adding game mode extended (extended) to configuration.
Adding game mode gang war (gang) to configuration.
Adding game mode AI malfunction (malfunction) to configuration.
Adding game mode meteor (meteor) to configuration.
Adding game mode monkey (monkey) to configuration.
Adding game mode nuclear emergency (nuclear) to configuration.
Adding game mode revolution (revolution) to configuration.
Adding game mode sandbox (sandbox) to configuration.
Adding game mode wizard (wizard) to configuration.
Saved mode is 'extended'
[09:43:48]ADMIN: Loading Banlistjob
[09:43:48]ADMIN: Loading jobban_rank
[09:43:48]ADMIN: jobban_keylist was empty
[09:43:48]ADMIN: Loading appearance_rank
[09:43:48]ADMIN: appearance_keylist was empty
[09:43:48]ADMIN: Updating jobbanfile!
[09:43:48]ADMIN: Loading Banlist
[09:44:51]ACCESS: Login: BartNixon/(BartNixon) from 127.0.0.1-3529772718 || BYOND v506
[09:45:02]ADMIN: BartNixon has started the game.
[09:45:24]ACCESS: Logout: *no key*/(BartNixon)
[09:45:24]ACCESS: Login: BartNixon/(Leeann Briggs) from 127.0.0.1-3529772718 || BYOND v506
[09:45:32]ADMIN: BartNixon/(Leeann Briggs) spawned /turf/unsimulated/floor/wasteland at (43,133,1)
[09:47:04]ADMIN: BartNixon/(Leeann Briggs) spawned /obj/structure/table at (76,120,1)
[09:47:15]ADMIN: BartNixon/(Leeann Briggs) has entered build mode.
[09:47:19]ADMIN: Build Mode: BartNixon/(Leeann Briggs) modified the table's (77,120,1) dir to 1
[09:47:19]ADMIN: Build Mode: BartNixon/(Leeann Briggs) modified the table's (78,120,1) dir to 1
[09:47:20]ADMIN: Build Mode: BartNixon/(Leeann Briggs) modified the table's (79,120,1) dir to 1
[09:47:20]ADMIN: Build Mode: BartNixon/(Leeann Briggs) modified the table's (79,119,1) dir to 1
[09:47:20]ADMIN: Build Mode: BartNixon/(Leeann Briggs) modified the table's (78,119,1) dir to 1
[09:47:21]ADMIN: Build Mode: BartNixon/(Leeann Briggs) modified the table's (76,119,1) dir to 1
[09:47:22]ADMIN: Build Mode: BartNixon/(Leeann Briggs) modified the table's (76,118,1) dir to 1
[09:47:22]ADMIN: Build Mode: BartNixon/(Leeann Briggs) modified the table's (77,118,1) dir to 1
[09:47:23]ADMIN: Build Mode: BartNixon/(Leeann Briggs) modified the table's (78,118,1) dir to 1
[09:47:23]ADMIN: Build Mode: BartNixon/(Leeann Briggs) modified the table's (79,118,1) dir to 1
[09:47:24]ADMIN: Build Mode: BartNixon/(Leeann Briggs) modified the table's (77,117,1) dir to 1
[09:47:25]ADMIN: Build Mode: BartNixon/(Leeann Briggs) modified the table's (78,117,1) dir to 1
[09:47:30]ADMIN: Build Mode: BartNixon/(Leeann Briggs) modified the table's (79,117,1) dir to 1
[09:47:31]ADMIN: Build Mode: BartNixon/(Leeann Briggs) modified the table's (77,118,1) dir to 1
[09:47:32]ADMIN: Build Mode: BartNixon/(Leeann Briggs) modified the table's (77,119,1) dir to 1
[09:47:33]ADMIN: Build Mode: BartNixon/(Leeann Briggs) modified the table's (76,117,1) dir to 1
[09:47:35]ADMIN: Build Mode: BartNixon/(Leeann Briggs) modified the table's (81,121,1) dir to 1
[09:47:35]ADMIN: Build Mode: BartNixon/(Leeann Briggs) modified the table's (81,123,1) dir to 1
[09:47:36]ADMIN: Build Mode: BartNixon/(Leeann Briggs) modified the table's (81,122,1) dir to 1
[09:47:36]ADMIN: Build Mode: BartNixon/(Leeann Briggs) modified the table's (82,123,1) dir to 1
[09:47:38]ADMIN: Build Mode: BartNixon/(Leeann Briggs) modified the table's (83,123,1) dir to 1
[09:47:38]ADMIN: Build Mode: BartNixon/(Leeann Briggs) modified the table's (83,122,1) dir to 1
[09:47:39]ADMIN: Build Mode: BartNixon/(Leeann Briggs) modified the table's (83,121,1) dir to 1
[09:47:39]ADMIN: Build Mode: BartNixon/(Leeann Briggs) modified the table's (82,121,1) dir to 1
[09:47:40]ADMIN: Build Mode: BartNixon/(Leeann Briggs) modified the table's (82,122,1) dir to 1
[09:47:46]ADMIN: Build Mode: BartNixon/(Leeann Briggs) modified the table's (95,118,1) dir to 1
[09:47:46]ADMIN: Build Mode: BartNixon/(Leeann Briggs) modified the table's (96,118,1) dir to 1
[09:47:47]ADMIN: Build Mode: BartNixon/(Leeann Briggs) modified the table's (96,117,1) dir to 1
[09:47:47]ADMIN: Build Mode: BartNixon/(Leeann Briggs) modified the table's (96,116,1) dir to 1
[09:47:47]ADMIN: Build Mode: BartNixon/(Leeann Briggs) modified the table's (96,115,1) dir to 1
[09:47:48]ADMIN: Build Mode: BartNixon/(Leeann Briggs) modified the table's (97,115,1) dir to 1
[09:47:49]ADMIN: Build Mode: BartNixon/(Leeann Briggs) modified the table's (98,115,1) dir to 1
[09:47:49]ADMIN: Build Mode: BartNixon/(Leeann Briggs) modified the table's (98,116,1) dir to 1
[09:47:49]ADMIN: Build Mode: BartNixon/(Leeann Briggs) modified the table's (98,117,1) dir to 1
[09:47:52]ADMIN: Build Mode: BartNixon/(Leeann Briggs) modified the table's (97,119,1) dir to 1
[09:47:53]ADMIN: Build Mode: BartNixon/(Leeann Briggs) modified the table's (96,119,1) dir to 1
[09:47:54]ADMIN: Build Mode: BartNixon/(Leeann Briggs) modified the table's (97,120,1) dir to 1
[09:47:55]ADMIN: Build Mode: BartNixon/(Leeann Briggs) modified the table's (98,120,1) dir to 1
[09:47:55]ADMIN: Build Mode: BartNixon/(Leeann Briggs) modified the table's (98,119,1) dir to 1
[09:48:07]ADMIN: Build Mode: BartNixon/(Leeann Briggs) modified the table's (97,121,1) dir to 1
[09:48:07]ADMIN: Build Mode: BartNixon/(Leeann Briggs) modified the table's (96,121,1) dir to 1
[09:48:11]ADMIN: Build Mode: BartNixon/(Leeann Briggs) modified the table's (97,122,1) dir to 1
[09:48:11]ADMIN: Build Mode: BartNixon/(Leeann Briggs) modified the table's (97,123,1) dir to 1
[09:48:12]ADMIN: Build Mode: BartNixon/(Leeann Briggs) modified the table's (98,123,1) dir to 1
[09:48:26]ADMIN: Build Mode: BartNixon/(Leeann Briggs) modified the table's (97,117,1) dir to 1
[09:48:27]ADMIN: Build Mode: BartNixon/(Leeann Briggs) modified the table's (97,116,1) dir to 1
[09:48:28]ADMIN: Build Mode: BartNixon/(Leeann Briggs) modified the table's (97,114,1) dir to 1
[09:48:29]ADMIN: Build Mode: BartNixon/(Leeann Briggs) modified the table's (97,113,1) dir to 1
[09:48:30]ADMIN: Build Mode: BartNixon/(Leeann Briggs) modified the table's (96,113,1) dir to 1
[09:48:31]ADMIN: Build Mode: BartNixon/(Leeann Briggs) modified the table's (98,113,1) dir to 1
[09:48:31]ADMIN: Build Mode: BartNixon/(Leeann Briggs) modified the table's (98,112,1) dir to 1
[09:48:32]ADMIN: Build Mode: BartNixon/(Leeann Briggs) modified the table's (97,112,1) dir to 1
[09:48:32]ADMIN: Build Mode: BartNixon/(Leeann Briggs) modified the table's (97,111,1) dir to 1
[09:48:47]ADMIN: BartNixon/(Leeann Briggs) has left build mode.
[09:49:55]ACCESS: Logout: BartNixon[DC]/(Leeann Briggs)


Starting up. 10:21.08
---------------------
Adding game mode blob (blob) to configuration.
Adding game mode changeling (changeling) to configuration.
Adding game mode traitor+changeling (traitorchan) to configuration.
Adding game mode double agents (double_agents) to configuration.
Adding game mode traitor (traitor) to configuration.
Adding game mode cult (cult) to configuration.
Adding game mode extended (extended) to configuration.
Adding game mode gang war (gang) to configuration.
Adding game mode AI malfunction (malfunction) to configuration.
Adding game mode meteor (meteor) to configuration.
Adding game mode monkey (monkey) to configuration.
Adding game mode nuclear emergency (nuclear) to configuration.
Adding game mode revolution (revolution) to configuration.
Adding game mode sandbox (sandbox) to configuration.
Adding game mode wizard (wizard) to configuration.
Saved mode is 'extended'
[10:21:08]ADMIN: Loading Banlistjob
[10:21:08]ADMIN: Loading jobban_rank
[10:21:08]ADMIN: jobban_keylist was empty
[10:21:08]ADMIN: Loading appearance_rank
[10:21:08]ADMIN: appearance_keylist was empty
[10:21:08]ADMIN: Updating jobbanfile!
[10:21:08]ADMIN: Loading Banlist
[10:24:35]ACCESS: Login: BartNixon/(BartNixon) from 127.0.0.1-3529772718 || BYOND v506
[10:24:57]ADMIN: BartNixon has started the game.
[10:25:01]ACCESS: Logout: *no key*/(BartNixon)
[10:25:01]ACCESS: Login: BartNixon/(Leeann Briggs) from 127.0.0.1-3529772718 || BYOND v506
[10:26:18]ADMIN: BartNixon/(Leeann Briggs) spawned /turf/unsimulated/floor/wasteland at (52,48,1)
[10:26:28]ADMIN: BartNixon/(Leeann Briggs) has entered build mode.
[10:26:31]ADMIN: Build Mode: BartNixon/(Leeann Briggs) modified space (53,48,1) to /turf/unsimulated/floor/wasteland
[10:26:31]ADMIN: Build Mode: BartNixon/(Leeann Briggs) modified space (54,48,1) to /turf/unsimulated/floor/wasteland
[10:26:31]ADMIN: Build Mode: BartNixon/(Leeann Briggs) modified space (55,48,1) to /turf/unsimulated/floor/wasteland
[10:26:32]ADMIN: Build Mode: BartNixon/(Leeann Briggs) modified space (55,49,1) to /turf/unsimulated/floor/wasteland
[10:26:32]ADMIN: Build Mode: BartNixon/(Leeann Briggs) modified space (53,49,1) to /turf/unsimulated/floor/wasteland
[10:26:33]ADMIN: Build Mode: BartNixon/(Leeann Briggs) modified space (54,49,1) to /turf/unsimulated/floor/wasteland
[10:26:33]ADMIN: Build Mode: BartNixon/(Leeann Briggs) modified space (52,49,1) to /turf/unsimulated/floor/wasteland
[10:26:33]ADMIN: Build Mode: BartNixon/(Leeann Briggs) modified space (52,50,1) to /turf/unsimulated/floor/wasteland
[10:26:34]ADMIN: Build Mode: BartNixon/(Leeann Briggs) modified space (53,50,1) to /turf/unsimulated/floor/wasteland
[10:26:34]ADMIN: Build Mode: BartNixon/(Leeann Briggs) modified space (54,50,1) to /turf/unsimulated/floor/wasteland
[10:26:34]ADMIN: Build Mode: BartNixon/(Leeann Briggs) modified space (55,50,1) to /turf/unsimulated/floor/wasteland
[10:26:35]ADMIN: Build Mode: BartNixon/(Leeann Briggs) modified space (56,50,1) to /turf/unsimulated/floor/wasteland
[10:26:35]ADMIN: Build Mode: BartNixon/(Leeann Briggs) modified space (56,49,1) to /turf/unsimulated/floor/wasteland
[10:26:35]ADMIN: Build Mode: BartNixon/(Leeann Briggs) modified space (56,48,1) to /turf/unsimulated/floor/wasteland
[10:26:36]ADMIN: Build Mode: BartNixon/(Leeann Briggs) modified space (56,47,1) to /turf/unsimulated/floor/wasteland
[10:26:36]ADMIN: Build Mode: BartNixon/(Leeann Briggs) modified the wasteland (56,47,1) to /turf/unsimulated/floor/wasteland
[10:26:36]ADMIN: Build Mode: BartNixon/(Leeann Briggs) modified space (55,47,1) to /turf/unsimulated/floor/wasteland
[10:26:37]ADMIN: Build Mode: BartNixon/(Leeann Briggs) modified space (54,47,1) to /turf/unsimulated/floor/wasteland
[10:26:37]ADMIN: Build Mode: BartNixon/(Leeann Briggs) modified space (53,47,1) to /turf/unsimulated/floor/wasteland
[10:26:37]ADMIN: Build Mode: BartNixon/(Leeann Briggs) modified space (52,47,1) to /turf/unsimulated/floor/wasteland
[10:26:58]ADMIN: Build Mode: BartNixon/(Leeann Briggs) modified space (58,45,1) to /turf/unsimulated/floor/wasteland
[10:26:58]ADMIN: Build Mode: BartNixon/(Leeann Briggs) modified space (56,46,1) to /turf/unsimulated/floor/wasteland
[10:26:58]ADMIN: Build Mode: BartNixon/(Leeann Briggs) modified space (55,46,1) to /turf/unsimulated/floor/wasteland
[10:26:59]ADMIN: Build Mode: BartNixon/(Leeann Briggs) modified the wasteland (55,46,1) to /turf/unsimulated/floor/wasteland
[10:26:59]ADMIN: Build Mode: BartNixon/(Leeann Briggs) modified space (53,46,1) to /turf/unsimulated/floor/wasteland
[10:27:00]ADMIN: Build Mode: BartNixon/(Leeann Briggs) modified space (51,46,1) to /turf/unsimulated/floor/wasteland
[10:27:00]ADMIN: Build Mode: BartNixon/(Leeann Briggs) modified the wasteland (51,46,1) to /turf/unsimulated/floor/wasteland
[10:27:01]ADMIN: Build Mode: BartNixon/(Leeann Briggs) modified space (52,46,1) to /turf/unsimulated/floor/wasteland
[10:27:01]ADMIN: Build Mode: BartNixon/(Leeann Briggs) modified space (51,47,1) to /turf/unsimulated/floor/wasteland
[10:27:01]ADMIN: Build Mode: BartNixon/(Leeann Briggs) modified space (51,49,1) to /turf/unsimulated/floor/wasteland
[10:27:01]ADMIN: Build Mode: BartNixon/(Leeann Briggs) modified space (51,50,1) to /turf/unsimulated/floor/wasteland
[10:27:02]ADMIN: Build Mode: BartNixon/(Leeann Briggs) modified the wasteland (51,50,1) to /turf/unsimulated/floor/wasteland
[10:27:02]ADMIN: Build Mode: BartNixon/(Leeann Briggs) modified space (51,52,1) to /turf/unsimulated/floor/wasteland
[10:27:03]ADMIN: Build Mode: BartNixon/(Leeann Briggs) modified space (51,51,1) to /turf/unsimulated/floor/wasteland
[10:27:03]ADMIN: Build Mode: BartNixon/(Leeann Briggs) modified space (52,51,1) to /turf/unsimulated/floor/wasteland
[10:27:03]ADMIN: Build Mode: BartNixon/(Leeann Briggs) modified space (53,52,1) to /turf/unsimulated/floor/wasteland
[10:27:04]ADMIN: Build Mode: BartNixon/(Leeann Briggs) modified the wasteland (53,52,1) to /turf/unsimulated/floor/wasteland
[10:27:04]ADMIN: Build Mode: BartNixon/(Leeann Briggs) modified space (53,51,1) to /turf/unsimulated/floor/wasteland
[10:27:04]ADMIN: Build Mode: BartNixon/(Leeann Briggs) modified space (54,51,1) to /turf/unsimulated/floor/wasteland
[10:27:04]ADMIN: Build Mode: BartNixon/(Leeann Briggs) modified space (54,52,1) to /turf/unsimulated/floor/wasteland
[10:27:05]ADMIN: Build Mode: BartNixon/(Leeann Briggs) modified space (55,52,1) to /turf/unsimulated/floor/wasteland
[10:27:05]ADMIN: Build Mode: BartNixon/(Leeann Briggs) modified space (56,51,1) to /turf/unsimulated/floor/wasteland
[10:27:05]ADMIN: Build Mode: BartNixon/(Leeann Briggs) modified the wasteland (56,51,1) to /turf/unsimulated/floor/wasteland
[10:27:06]ADMIN: Build Mode: BartNixon/(Leeann Briggs) modified space (57,51,1) to /turf/unsimulated/floor/wasteland
[10:27:06]ADMIN: Build Mode: BartNixon/(Leeann Briggs) modified space (57,52,1) to /turf/unsimulated/floor/wasteland
[10:27:06]ADMIN: Build Mode: BartNixon/(Leeann Briggs) modified space (56,52,1) to /turf/unsimulated/floor/wasteland
[10:27:08]ADMIN: BartNixon/(Leeann Briggs) has left build mode.
[10:27:25]ADMIN: BartNixon/(Leeann Briggs) spawned /turf/simulated/floor/yellowgrid at (45,47,1)
[10:27:29]ADMIN: BartNixon/(Leeann Briggs) spawned /turf/simulated/floor/redgrid at (44,47,1)
[10:27:37]ADMIN: BartNixon/(Leeann Briggs) spawned /turf/simulated/floor/greengrid at (44,46,1)
[10:27:45]ADMIN: BartNixon/(Leeann Briggs) spawned /turf/simulated/floor/bluegrid at (45,46,1)
[10:28:17]ADMIN: BartNixon/(Leeann Briggs) has entered build mode.
[10:28:21]ADMIN: Build Mode: BartNixon/(Leeann Briggs) modified space (43,47,1) to /turf/unsimulated/floor/wasteland


Starting up. 10:39.13
---------------------
Adding game mode blob (blob) to configuration.
Adding game mode changeling (changeling) to configuration.
Adding game mode traitor+changeling (traitorchan) to configuration.
Adding game mode double agents (double_agents) to configuration.
Adding game mode traitor (traitor) to configuration.
Adding game mode cult (cult) to configuration.
Adding game mode extended (extended) to configuration.
Adding game mode gang war (gang) to configuration.
Adding game mode AI malfunction (malfunction) to configuration.
Adding game mode meteor (meteor) to configuration.
Adding game mode monkey (monkey) to configuration.
Adding game mode nuclear emergency (nuclear) to configuration.
Adding game mode revolution (revolution) to configuration.
Adding game mode sandbox (sandbox) to configuration.
Adding game mode wizard (wizard) to configuration.
Saved mode is 'extended'
[10:39:13]ADMIN: Loading Banlistjob
[10:39:13]ADMIN: Loading jobban_rank
[10:39:13]ADMIN: jobban_keylist was empty
[10:39:13]ADMIN: Loading appearance_rank
[10:39:13]ADMIN: appearance_keylist was empty
[10:39:13]ADMIN: Updating jobbanfile!
[10:39:13]ADMIN: Loading Banlist
[10:42:15]ACCESS: Login: BartNixon/(BartNixon) from 127.0.0.1-3529772718 || BYOND v506
[10:42:30]ADMIN: BartNixon has started the game.
[10:42:41]ACCESS: Logout: *no key*/(BartNixon)
[10:42:41]ACCESS: Login: BartNixon/(Leeann Briggs) from 127.0.0.1-3529772718 || BYOND v506
[10:42:55]EMOTE: Poly/ : <B>Poly</B> turns and flies towards the pen.
[10:43:13]EMOTE: mouse/ : <B>The mouse</B> shakes
[10:43:30]ADMIN: BartNixon/(Leeann Briggs) spawned /turf/simulated/floor/redgrid at (123,40,1)
[10:43:37]ADMIN: BartNixon/(Leeann Briggs) spawned /turf/simulated/floor/yellowgrid at (124,40,1)
[10:43:46]ADMIN: BartNixon/(Leeann Briggs) spawned /turf/simulated/floor/greengrid at (123,41,1)
[10:43:53]ADMIN: BartNixon/(Leeann Briggs) spawned /turf/simulated/floor/bluegrid at (124,41,1)
[10:43:55]EMOTE: Poly/ : <B>Poly</B> looks in the cigarette packet's direction and takes flight.
[10:44:05]EMOTE: monkey (246)/ : <B>The monkey (246)</B> jumps!
[10:44:08]ADMIN: BartNixon/(Leeann Briggs) has entered build mode.
[10:44:11]EMOTE: monkey (196)/ : <B>The monkey (196)</B> jumps!
[10:44:11]ADMIN: Build Mode: BartNixon/(Leeann Briggs) modified space (125,41,1) to /turf/simulated/floor/bluegrid
[10:44:12]ADMIN: Build Mode: BartNixon/(Leeann Briggs) modified space (125,42,1) to /turf/simulated/floor/bluegrid
[10:44:12]ADMIN: Build Mode: BartNixon/(Leeann Briggs) modified space (124,42,1) to /turf/simulated/floor/bluegrid
[10:44:12]ADMIN: Build Mode: BartNixon/(Leeann Briggs) modified space (124,43,1) to /turf/simulated/floor/bluegrid
[10:44:13]ADMIN: Build Mode: BartNixon/(Leeann Briggs) modified space (125,43,1) to /turf/simulated/floor/bluegrid
[10:44:13]ADMIN: Build Mode: BartNixon/(Leeann Briggs) modified space (125,44,1) to /turf/simulated/floor/bluegrid
[10:44:14]ADMIN: Build Mode: BartNixon/(Leeann Briggs) modified space (124,44,1) to /turf/simulated/floor/bluegrid
[10:44:14]ADMIN: Build Mode: BartNixon/(Leeann Briggs) modified space (124,45,1) to /turf/simulated/floor/bluegrid
[10:44:14]ADMIN: Build Mode: BartNixon/(Leeann Briggs) modified space (125,45,1) to /turf/simulated/floor/bluegrid
[10:44:15]ADMIN: Build Mode: BartNixon/(Leeann Briggs) modified space (126,45,1) to /turf/simulated/floor/bluegrid
[10:44:15]ADMIN: Build Mode: BartNixon/(Leeann Briggs) modified space (126,44,1) to /turf/simulated/floor/bluegrid
[10:44:15]ADMIN: Build Mode: BartNixon/(Leeann Briggs) modified space (126,43,1) to /turf/simulated/floor/bluegrid
[10:44:16]ADMIN: Build Mode: BartNixon/(Leeann Briggs) modified space (126,42,1) to /turf/simulated/floor/bluegrid
[10:44:16]ADMIN: Build Mode: BartNixon/(Leeann Briggs) modified space (127,42,1) to /turf/simulated/floor/bluegrid
[10:44:16]ADMIN: Build Mode: BartNixon/(Leeann Briggs) modified the floor (127,42,1) to /turf/simulated/floor/bluegrid
[10:44:17]ADMIN: Build Mode: BartNixon/(Leeann Briggs) modified space (127,43,1) to /turf/simulated/floor/bluegrid
[10:44:17]ADMIN: Build Mode: BartNixon/(Leeann Briggs) modified space (127,44,1) to /turf/simulated/floor/bluegrid
[10:44:18]ADMIN: Build Mode: BartNixon/(Leeann Briggs) modified space (126,41,1) to /turf/simulated/floor/bluegrid
[10:44:18]ADMIN: Build Mode: BartNixon/(Leeann Briggs) modified space (127,41,1) to /turf/simulated/floor/bluegrid
[10:44:18]ADMIN: Build Mode: BartNixon/(Leeann Briggs) modified space (128,41,1) to /turf/simulated/floor/bluegrid
[10:44:19]ADMIN: Build Mode: BartNixon/(Leeann Briggs) modified space (128,42,1) to /turf/simulated/floor/bluegrid
[10:44:19]ADMIN: Build Mode: BartNixon/(Leeann Briggs) modified space (129,42,1) to /turf/simulated/floor/bluegrid
[10:44:20]ADMIN: Build Mode: BartNixon/(Leeann Briggs) modified space (129,41,1) to /turf/simulated/floor/bluegrid
[10:44:20]ADMIN: Build Mode: BartNixon/(Leeann Briggs) modified the floor (129,41,1) to /turf/simulated/floor/bluegrid
[10:44:20]ADMIN: Build Mode: BartNixon/(Leeann Briggs) modified space (130,41,1) to /turf/simulated/floor/bluegrid
[10:44:21]ADMIN: Build Mode: BartNixon/(Leeann Briggs) modified space (130,42,1) to /turf/simulated/floor/bluegrid
[10:44:21]ADMIN: Build Mode: BartNixon/(Leeann Briggs) modified space (130,43,1) to /turf/simulated/floor/bluegrid
[10:44:21]ADMIN: Build Mode: BartNixon/(Leeann Briggs) modified space (129,43,1) to /turf/simulated/floor/bluegrid
[10:44:22]ADMIN: Build Mode: BartNixon/(Leeann Briggs) modified space (128,43,1) to /turf/simulated/floor/bluegrid
[10:44:22]ADMIN: Build Mode: BartNixon/(Leeann Briggs) modified space (128,44,1) to /turf/simulated/floor/bluegrid
[10:44:22]ADMIN: Build Mode: BartNixon/(Leeann Briggs) modified space (128,45,1) to /turf/simulated/floor/bluegrid
[10:44:23]ADMIN: Build Mode: BartNixon/(Leeann Briggs) modified space (127,45,1) to /turf/simulated/floor/bluegrid
[10:44:23]ADMIN: Build Mode: BartNixon/(Leeann Briggs) modified space (127,46,1) to /turf/simulated/floor/bluegrid
[10:44:23]SAY: mouse/ : SQUEEK!
[10:44:24]ADMIN: Build Mode: BartNixon/(Leeann Briggs) modified space (127,47,1) to /turf/simulated/floor/bluegrid
[10:44:24]ADMIN: Build Mode: BartNixon/(Leeann Briggs) modified space (128,47,1) to /turf/simulated/floor/bluegrid
[10:44:25]ADMIN: Build Mode: BartNixon/(Leeann Briggs) modified space (128,46,1) to /turf/simulated/floor/bluegrid
[10:44:25]ADMIN: Build Mode: BartNixon/(Leeann Briggs) modified the floor (128,45,1) to /turf/simulated/floor/bluegrid
[10:44:26]ADMIN: Build Mode: BartNixon/(Leeann Briggs) modified space (129,44,1) to /turf/simulated/floor/bluegrid
[10:44:27]ADMIN: Build Mode: BartNixon/(Leeann Briggs) modified space (129,45,1) to /turf/simulated/floor/bluegrid
[10:44:27]ADMIN: Build Mode: BartNixon/(Leeann Briggs) modified space (129,46,1) to /turf/simulated/floor/bluegrid
[10:44:27]ADMIN: Build Mode: BartNixon/(Leeann Briggs) modified the floor (129,46,1) to /turf/simulated/floor/bluegrid
[10:44:28]ADMIN: Build Mode: BartNixon/(Leeann Briggs) modified space (129,47,1) to /turf/simulated/floor/bluegrid
[10:44:28]ADMIN: Build Mode: BartNixon/(Leeann Briggs) modified the floor (129,47,1) to /turf/simulated/floor/bluegrid
[10:44:28]ADMIN: Build Mode: BartNixon/(Leeann Briggs) modified space (130,47,1) to /turf/simulated/floor/bluegrid
[10:44:28]ADMIN: Build Mode: BartNixon/(Leeann Briggs) modified space (130,46,1) to /turf/simulated/floor/bluegrid
[10:44:29]ADMIN: Build Mode: BartNixon/(Leeann Briggs) modified space (130,45,1) to /turf/simulated/floor/bluegrid
[10:44:29]ADMIN: Build Mode: BartNixon/(Leeann Briggs) modified space (130,44,1) to /turf/simulated/floor/bluegrid
[10:44:30]ADMIN: Build Mode: BartNixon/(Leeann Briggs) modified space (125,46,1) to /turf/simulated/floor/bluegrid
[10:44:30]ADMIN: Build Mode: BartNixon/(Leeann Briggs) modified the floor (125,46,1) to /turf/simulated/floor/bluegrid
[10:44:31]ADMIN: Build Mode: BartNixon/(Leeann Briggs) modified space (124,46,1) to /turf/simulated/floor/bluegrid
[10:44:31]ADMIN: Build Mode: BartNixon/(Leeann Briggs) modified space (125,47,1) to /turf/simulated/floor/bluegrid
[10:44:31]ADMIN: Build Mode: BartNixon/(Leeann Briggs) modified the floor (125,47,1) to /turf/simulated/floor/bluegrid
[10:44:32]ADMIN: Build Mode: BartNixon/(Leeann Briggs) modified space (126,47,1) to /turf/simulated/floor/bluegrid
[10:44:32]ADMIN: Build Mode: BartNixon/(Leeann Briggs) modified space (126,46,1) to /turf/simulated/floor/bluegrid
[10:44:32]ADMIN: Build Mode: BartNixon/(Leeann Briggs) modified space (124,47,1) to /turf/simulated/floor/bluegrid
[10:44:33]ADMIN: BartNixon/(Leeann Briggs) has left build mode.
[10:44:41]EMOTE: monkey (498)/ : <B>The monkey (498)</B> jumps!
[10:44:41]EMOTE: mouse/ : <B>The mouse</B> runs in a circle
[10:44:43]EMOTE: monkey (498)/ : <B>The monkey (498)</B> jumps!
[10:44:44]ADMIN: BartNixon/(Leeann Briggs) has entered build mode.
[10:44:48]ADMIN: Build Mode: BartNixon/(Leeann Briggs) modified space (123,42,1) to /turf/simulated/floor/bluegrid
[10:44:48]ADMIN: Build Mode: BartNixon/(Leeann Briggs) modified space (122,42,1) to /turf/simulated/floor/bluegrid
[10:44:50]EMOTE: Poly/ : <B>Poly</B> looks in the monitor decryption key's direction and takes flight.
[10:44:52]ADMIN: Build Mode: BartNixon/(Leeann Briggs) modified the floor (123,42,1) to /turf/simulated/floor/bluegrid
[10:44:52]ADMIN: Build Mode: BartNixon/(Leeann Briggs) modified the floor (122,42,1) to /turf/simulated/floor/bluegrid
[10:44:56]ADMIN: Build Mode: BartNixon/(Leeann Briggs) modified the floor (123,42,1) to /turf/simulated/floor/bluegrid
[10:44:56]ADMIN: Build Mode: BartNixon/(Leeann Briggs) modified the floor (122,42,1) to /turf/simulated/floor/bluegrid
[10:44:56]ADMIN: Build Mode: BartNixon/(Leeann Briggs) modified space (122,41,1) to /turf/simulated/floor/bluegrid
[10:44:56]EMOTE: mouse/ : <B>The mouse</B> squeeks
[10:44:56]EMOTE: Ian/ : <B>Ian</B> shivers.
[10:44:57]ADMIN: Build Mode: BartNixon/(Leeann Briggs) modified space (121,41,1) to /turf/simulated/floor/bluegrid
[10:45:00]ADMIN: Build Mode: BartNixon/(Leeann Briggs) modified the floor (121,41,1) to /turf/simulated/floor/bluegrid
[10:45:00]ADMIN: Build Mode: BartNixon/(Leeann Briggs) modified the floor (122,41,1) to /turf/simulated/floor/bluegrid
[10:45:01]ADMIN: Build Mode: BartNixon/(Leeann Briggs) modified space (121,42,1) to /turf/simulated/floor/bluegrid
[10:45:01]ADMIN: Build Mode: BartNixon/(Leeann Briggs) modified space (120,41,1) to /turf/simulated/floor/bluegrid
[10:45:02]ADMIN: Build Mode: BartNixon/(Leeann Briggs) modified space (120,42,1) to /turf/simulated/floor/bluegrid
[10:45:04]ADMIN: Build Mode: BartNixon/(Leeann Briggs) modified the floor (122,41,1) to /turf/simulated/floor/bluegrid
[10:45:05]ADMIN: Build Mode: BartNixon/(Leeann Briggs) modified the floor (122,42,1) to /turf/simulated/floor/bluegrid
[10:45:05]ADMIN: Build Mode: BartNixon/(Leeann Briggs) modified the floor (123,42,1) to /turf/simulated/floor/bluegrid
[10:45:05]ADMIN: Build Mode: BartNixon/(Leeann Briggs) modified space (123,43,1) to /turf/simulated/floor/bluegrid
[10:45:06]ADMIN: Build Mode: BartNixon/(Leeann Briggs) modified space (122,43,1) to /turf/simulated/floor/greengrid
[10:45:10]ADMIN: Build Mode: BartNixon/(Leeann Briggs) modified the floor (123,43,1) to /turf/simulated/floor/greengrid
[10:45:11]ADMIN: Build Mode: BartNixon/(Leeann Briggs) modified the floor (123,42,1) to /turf/simulated/floor/greengrid
[10:45:11]ADMIN: Build Mode: BartNixon/(Leeann Briggs) modified the floor (122,42,1) to /turf/simulated/floor/greengrid
[10:45:11]ADMIN: Build Mode: BartNixon/(Leeann Briggs) modified the floor (122,41,1) to /turf/simulated/floor/greengrid
[10:45:12]ADMIN: Build Mode: BartNixon/(Leeann Briggs) modified the floor (121,41,1) to /turf/simulated/floor/greengrid
[10:45:12]ADMIN: Build Mode: BartNixon/(Leeann Briggs) modified the floor (121,42,1) to /turf/simulated/floor/greengrid
[10:45:12]ADMIN: Build Mode: BartNixon/(Leeann Briggs) modified the floor (120,42,1) to /turf/simulated/floor/greengrid
[10:45:13]ADMIN: Build Mode: BartNixon/(Leeann Briggs) modified the floor (120,41,1) to /turf/simulated/floor/greengrid
[10:45:13]ADMIN: Build Mode: BartNixon/(Leeann Briggs) modified space (120,43,1) to /turf/simulated/floor/greengrid
[10:45:13]ADMIN: Build Mode: BartNixon/(Leeann Briggs) modified space (121,43,1) to /turf/simulated/floor/greengrid
[10:45:14]ADMIN: Build Mode: BartNixon/(Leeann Briggs) modified space (120,47,1) to /turf/simulated/floor/greengrid
[10:45:16]ADMIN: Build Mode: BartNixon/(Leeann Briggs) modified space (116,46,1) to /turf/simulated/floor/greengrid
[10:45:17]ADMIN: Build Mode: BartNixon/(Leeann Briggs) modified space (116,47,1) to /turf/simulated/floor/greengrid
[10:45:17]ADMIN: Build Mode: BartNixon/(Leeann Briggs) modified space (117,47,1) to /turf/simulated/floor/greengrid
[10:45:17]ADMIN: Build Mode: BartNixon/(Leeann Briggs) modified space (118,47,1) to /turf/simulated/floor/greengrid
[10:45:17]ADMIN: Build Mode: BartNixon/(Leeann Briggs) modified space (119,47,1) to /turf/simulated/floor/greengrid
[10:45:18]ADMIN: Build Mode: BartNixon/(Leeann Briggs) modified the floor (120,47,1) to /turf/simulated/floor/greengrid
[10:45:18]ADMIN: Build Mode: BartNixon/(Leeann Briggs) modified space (121,47,1) to /turf/simulated/floor/greengrid
[10:45:18]ADMIN: Build Mode: BartNixon/(Leeann Briggs) modified space (122,47,1) to /turf/simulated/floor/greengrid
[10:45:19]ADMIN: Build Mode: BartNixon/(Leeann Briggs) modified space (123,47,1) to /turf/simulated/floor/greengrid
[10:45:19]ADMIN: Build Mode: BartNixon/(Leeann Briggs) modified space (123,46,1) to /turf/simulated/floor/greengrid
[10:45:20]ADMIN: Build Mode: BartNixon/(Leeann Briggs) modified space (119,41,1) to /turf/simulated/floor/greengrid
[10:45:20]ADMIN: Build Mode: BartNixon/(Leeann Briggs) modified space (118,41,1) to /turf/simulated/floor/greengrid
[10:45:20]ADMIN: Build Mode: BartNixon/(Leeann Briggs) modified space (117,41,1) to /turf/simulated/floor/greengrid
[10:45:21]ADMIN: Build Mode: BartNixon/(Leeann Briggs) modified the floor (117,41,1) to /turf/simulated/floor/greengrid
[10:45:21]ADMIN: Build Mode: BartNixon/(Leeann Briggs) modified space (116,41,1) to /turf/simulated/floor/greengrid
[10:45:21]ADMIN: Build Mode: BartNixon/(Leeann Briggs) modified space (116,42,1) to /turf/simulated/floor/greengrid
[10:45:22]ADMIN: Build Mode: BartNixon/(Leeann Briggs) modified space (117,42,1) to /turf/simulated/floor/greengrid
[10:45:22]ADMIN: Build Mode: BartNixon/(Leeann Briggs) modified space (118,42,1) to /turf/simulated/floor/greengrid
[10:45:22]ADMIN: Build Mode: BartNixon/(Leeann Briggs) modified space (119,42,1) to /turf/simulated/floor/greengrid
[10:45:22]ADMIN: Build Mode: BartNixon/(Leeann Briggs) modified space (119,43,1) to /turf/simulated/floor/greengrid
[10:45:23]ADMIN: Build Mode: BartNixon/(Leeann Briggs) modified space (117,43,1) to /turf/simulated/floor/greengrid
[10:45:23]ADMIN: Build Mode: BartNixon/(Leeann Briggs) modified the floor (117,43,1) to /turf/simulated/floor/greengrid
[10:45:23]ADMIN: Build Mode: BartNixon/(Leeann Briggs) modified space (116,43,1) to /turf/simulated/floor/greengrid
[10:45:24]ADMIN: Build Mode: BartNixon/(Leeann Briggs) modified space (116,44,1) to /turf/simulated/floor/greengrid
[10:45:24]ADMIN: Build Mode: BartNixon/(Leeann Briggs) modified space (116,45,1) to /turf/simulated/floor/greengrid
[10:45:24]ADMIN: Build Mode: BartNixon/(Leeann Briggs) modified space (117,45,1) to /turf/simulated/floor/greengrid
[10:45:24]ADMIN: Build Mode: BartNixon/(Leeann Briggs) modified space (117,44,1) to /turf/simulated/floor/greengrid
[10:45:25]ADMIN: Build Mode: BartNixon/(Leeann Briggs) modified the floor (117,44,1) to /turf/simulated/floor/greengrid
[10:45:25]ADMIN: Build Mode: BartNixon/(Leeann Briggs) modified space (118,43,1) to /turf/simulated/floor/greengrid
[10:45:25]ADMIN: Build Mode: BartNixon/(Leeann Briggs) modified space (118,44,1) to /turf/simulated/floor/greengrid
[10:45:25]ADMIN: Build Mode: BartNixon/(Leeann Briggs) modified space (118,45,1) to /turf/simulated/floor/greengrid
[10:45:26]ADMIN: Build Mode: BartNixon/(Leeann Briggs) modified the floor (117,45,1) to /turf/simulated/floor/greengrid
[10:45:26]ADMIN: Build Mode: BartNixon/(Leeann Briggs) modified space (117,46,1) to /turf/simulated/floor/greengrid
[10:45:27]ADMIN: Build Mode: BartNixon/(Leeann Briggs) modified space (119,46,1) to /turf/simulated/floor/greengrid
[10:45:27]ADMIN: Build Mode: BartNixon/(Leeann Briggs) modified space (118,46,1) to /turf/simulated/floor/greengrid
[10:45:27]ADMIN: Build Mode: BartNixon/(Leeann Briggs) modified the floor (119,46,1) to /turf/simulated/floor/greengrid
[10:45:28]ADMIN: Build Mode: BartNixon/(Leeann Briggs) modified space (120,46,1) to /turf/simulated/floor/greengrid
[10:45:28]ADMIN: Build Mode: BartNixon/(Leeann Briggs) modified space (120,45,1) to /turf/simulated/floor/greengrid
[10:45:28]ADMIN: Build Mode: BartNixon/(Leeann Briggs) modified space (119,45,1) to /turf/simulated/floor/greengrid
[10:45:28]ADMIN: Build Mode: BartNixon/(Leeann Briggs) modified the floor (119,45,1) to /turf/simulated/floor/greengrid
[10:45:29]ADMIN: Build Mode: BartNixon/(Leeann Briggs) modified space (120,44,1) to /turf/simulated/floor/greengrid
[10:45:29]ADMIN: Build Mode: BartNixon/(Leeann Briggs) modified space (121,44,1) to /turf/simulated/floor/greengrid
[10:45:29]ADMIN: Build Mode: BartNixon/(Leeann Briggs) modified space (119,44,1) to /turf/simulated/floor/greengrid
[10:45:30]ADMIN: Build Mode: BartNixon/(Leeann Briggs) modified space (121,45,1) to /turf/simulated/floor/greengrid
[10:45:30]ADMIN: Build Mode: BartNixon/(Leeann Briggs) modified the floor (121,45,1) to /turf/simulated/floor/greengrid
[10:45:30]ADMIN: Build Mode: BartNixon/(Leeann Briggs) modified space (121,46,1) to /turf/simulated/floor/greengrid
[10:45:31]ADMIN: Build Mode: BartNixon/(Leeann Briggs) modified space (122,44,1) to /turf/simulated/floor/greengrid
[10:45:32]ADMIN: Build Mode: BartNixon/(Leeann Briggs) modified space (122,46,1) to /turf/simulated/floor/greengrid
[10:45:32]ADMIN: Build Mode: BartNixon/(Leeann Briggs) modified space (122,45,1) to /turf/simulated/floor/greengrid
[10:45:33]ADMIN: Build Mode: BartNixon/(Leeann Briggs) modified space (123,45,1) to /turf/simulated/floor/greengrid
[10:45:33]ADMIN: Build Mode: BartNixon/(Leeann Briggs) modified space (123,44,1) to /turf/simulated/floor/greengrid
[10:45:34]ADMIN: BartNixon/(Leeann Briggs) has left build mode.
[10:45:43]ADMIN: BartNixon/(Leeann Briggs) has entered build mode.
[10:45:46]EMOTE: Poly/ : <B>Poly</B> looks in the Zippo lighter's direction and takes flight.
[10:45:46]ADMIN: Build Mode: BartNixon/(Leeann Briggs) modified space (125,40,1) to /turf/simulated/floor/greengrid
[10:45:47]ADMIN: Build Mode: BartNixon/(Leeann Briggs) modified space (126,40,1) to /turf/simulated/floor/greengrid
[10:45:47]ADMIN: Build Mode: BartNixon/(Leeann Briggs) modified space (127,40,1) to /turf/simulated/floor/greengrid
[10:45:48]ADMIN: Build Mode: BartNixon/(Leeann Briggs) modified space (128,40,1) to /turf/simulated/floor/greengrid
[10:45:48]ADMIN: Build Mode: BartNixon/(Leeann Briggs) modified space (129,40,1) to /turf/simulated/floor/greengrid
[10:45:49]ADMIN: Build Mode: BartNixon/(Leeann Briggs) modified space (130,40,1) to /turf/simulated/floor/greengrid
[10:45:51]ADMIN: Build Mode: BartNixon/(Leeann Briggs) modified space (124,39,1) to /turf/simulated/floor/greengrid
[10:45:51]ADMIN: Build Mode: BartNixon/(Leeann Briggs) modified space (124,38,1) to /turf/simulated/floor/greengrid
[10:45:54]ADMIN: Build Mode: BartNixon/(Leeann Briggs) modified the floor (124,39,1) to /turf/simulated/floor/greengrid
[10:45:54]ADMIN: Build Mode: BartNixon/(Leeann Briggs) modified the floor (124,38,1) to /turf/simulated/floor/greengrid
[10:45:56]EMOTE: Pete/ : <B>Pete</B> glares around
[10:45:58]ADMIN: Build Mode: BartNixon/(Leeann Briggs) modified the floor (124,38,1) to /turf/simulated/floor/greengrid
[10:45:58]ADMIN: Build Mode: BartNixon/(Leeann Briggs) modified the floor (124,39,1) to /turf/simulated/floor/greengrid
[10:45:58]ADMIN: Build Mode: BartNixon/(Leeann Briggs) modified space (124,37,1) to /turf/simulated/floor/greengrid
[10:46:01]ADMIN: Build Mode: BartNixon/(Leeann Briggs) modified space (124,36,1) to /turf/simulated/floor/greengrid
[10:46:02]ADMIN: Build Mode: BartNixon/(Leeann Briggs) modified space (124,35,1) to /turf/simulated/floor/greengrid
[10:46:04]ADMIN: Build Mode: BartNixon/(Leeann Briggs) modified space (125,35,1) to /turf/simulated/floor/greengrid
[10:46:04]ADMIN: Build Mode: BartNixon/(Leeann Briggs) modified the floor (124,36,1) to /turf/simulated/floor/greengrid
[10:46:05]ADMIN: Build Mode: BartNixon/(Leeann Briggs) modified space (124,34,1) to /turf/simulated/floor/yellowgrid
[10:46:06]ADMIN: Build Mode: BartNixon/(Leeann Briggs) modified the floor (125,35,1) to /turf/simulated/floor/yellowgrid
[10:46:06]ADMIN: Build Mode: BartNixon/(Leeann Briggs) modified the floor (124,35,1) to /turf/simulated/floor/yellowgrid
[10:46:07]ADMIN: Build Mode: BartNixon/(Leeann Briggs) modified the floor (124,36,1) to /turf/simulated/floor/yellowgrid
[10:46:07]ADMIN: Build Mode: BartNixon/(Leeann Briggs) modified the floor (124,37,1) to /turf/simulated/floor/yellowgrid
[10:46:07]ADMIN: Build Mode: BartNixon/(Leeann Briggs) modified the floor (124,38,1) to /turf/simulated/floor/yellowgrid
[10:46:07]ADMIN: Build Mode: BartNixon/(Leeann Briggs) modified the floor (124,39,1) to /turf/simulated/floor/yellowgrid
[10:46:08]ADMIN: Build Mode: BartNixon/(Leeann Briggs) modified the floor (125,40,1) to /turf/simulated/floor/yellowgrid
[10:46:08]ADMIN: Build Mode: BartNixon/(Leeann Briggs) modified the floor (126,40,1) to /turf/simulated/floor/yellowgrid
[10:46:08]ADMIN: Build Mode: BartNixon/(Leeann Briggs) modified the floor (127,40,1) to /turf/simulated/floor/yellowgrid
[10:46:09]ADMIN: Build Mode: BartNixon/(Leeann Briggs) modified the floor (127,40,1) to /turf/simulated/floor/yellowgrid
[10:46:09]ADMIN: Build Mode: BartNixon/(Leeann Briggs) modified the floor (129,40,1) to /turf/simulated/floor/yellowgrid
[10:46:09]ADMIN: Build Mode: BartNixon/(Leeann Briggs) modified the floor (128,40,1) to /turf/simulated/floor/yellowgrid
[10:46:10]ADMIN: Build Mode: BartNixon/(Leeann Briggs) modified the floor (128,40,1) to /turf/simulated/floor/yellowgrid
[10:46:12]EMOTE: Ian/ : <B>Ian</B> dances around.
[10:46:13]ADMIN: Build Mode: BartNixon/(Leeann Briggs) modified the floor (130,40,1) to /turf/simulated/floor/yellowgrid
[10:46:13]ADMIN: Build Mode: BartNixon/(Leeann Briggs) modified space (130,39,1) to /turf/simulated/floor/yellowgrid
[10:46:13]ADMIN: Build Mode: BartNixon/(Leeann Briggs) modified space (129,39,1) to /turf/simulated/floor/yellowgrid
[10:46:13]ADMIN: Build Mode: BartNixon/(Leeann Briggs) modified the floor (129,39,1) to /turf/simulated/floor/yellowgrid
[10:46:14]ADMIN: Build Mode: BartNixon/(Leeann Briggs) modified space (128,39,1) to /turf/simulated/floor/yellowgrid
[10:46:14]ADMIN: Build Mode: BartNixon/(Leeann Briggs) modified the floor (128,39,1) to /turf/simulated/floor/yellowgrid
[10:46:14]ADMIN: Build Mode: BartNixon/(Leeann Briggs) modified space (127,39,1) to /turf/simulated/floor/yellowgrid
[10:46:14]ADMIN: Build Mode: BartNixon/(Leeann Briggs) modified space (126,39,1) to /turf/simulated/floor/yellowgrid
[10:46:15]ADMIN: Build Mode: BartNixon/(Leeann Briggs) modified space (125,39,1) to /turf/simulated/floor/yellowgrid
[10:46:15]ADMIN: Build Mode: BartNixon/(Leeann Briggs) modified space (125,38,1) to /turf/simulated/floor/yellowgrid
[10:46:15]ADMIN: Build Mode: BartNixon/(Leeann Briggs) modified the floor (125,38,1) to /turf/simulated/floor/yellowgrid
[10:46:15]ADMIN: Build Mode: BartNixon/(Leeann Briggs) modified space (126,38,1) to /turf/simulated/floor/yellowgrid
[10:46:16]ADMIN: Build Mode: BartNixon/(Leeann Briggs) modified space (127,38,1) to /turf/simulated/floor/yellowgrid
[10:46:16]ADMIN: Build Mode: BartNixon/(Leeann Briggs) modified space (128,38,1) to /turf/simulated/floor/yellowgrid
[10:46:17]ADMIN: Build Mode: BartNixon/(Leeann Briggs) modified space (129,38,1) to /turf/simulated/floor/yellowgrid
[10:46:17]ADMIN: Build Mode: BartNixon/(Leeann Briggs) modified the floor (129,38,1) to /turf/simulated/floor/yellowgrid
[10:46:17]ADMIN: Build Mode: BartNixon/(Leeann Briggs) modified space (130,38,1) to /turf/simulated/floor/yellowgrid
[10:46:17]ADMIN: Build Mode: BartNixon/(Leeann Briggs) modified the floor (130,38,1) to /turf/simulated/floor/yellowgrid
[10:46:17]ADMIN: Build Mode: BartNixon/(Leeann Briggs) modified space (130,37,1) to /turf/simulated/floor/yellowgrid
[10:46:18]ADMIN: Build Mode: BartNixon/(Leeann Briggs) modified space (129,37,1) to /turf/simulated/floor/yellowgrid
[10:46:18]ADMIN: Build Mode: BartNixon/(Leeann Briggs) modified space (127,37,1) to /turf/simulated/floor/yellowgrid
[10:46:19]ADMIN: Build Mode: BartNixon/(Leeann Briggs) modified space (126,37,1) to /turf/simulated/floor/yellowgrid
[10:46:19]ADMIN: Build Mode: BartNixon/(Leeann Briggs) modified the floor (126,37,1) to /turf/simulated/floor/yellowgrid
[10:46:19]ADMIN: Build Mode: BartNixon/(Leeann Briggs) modified space (125,36,1) to /turf/simulated/floor/yellowgrid
[10:46:19]ADMIN: Build Mode: BartNixon/(Leeann Briggs) modified the floor (125,36,1) to /turf/simulated/floor/yellowgrid
[10:46:20]ADMIN: Build Mode: BartNixon/(Leeann Briggs) modified space (125,37,1) to /turf/simulated/floor/yellowgrid
[10:46:20]ADMIN: Build Mode: BartNixon/(Leeann Briggs) modified space (126,36,1) to /turf/simulated/floor/yellowgrid
[10:46:20]ADMIN: Build Mode: BartNixon/(Leeann Briggs) modified space (128,35,1) to /turf/simulated/floor/yellowgrid
[10:46:21]ADMIN: Build Mode: BartNixon/(Leeann Briggs) modified space (128,36,1) to /turf/simulated/floor/yellowgrid
[10:46:21]ADMIN: Build Mode: BartNixon/(Leeann Briggs) modified space (128,37,1) to /turf/simulated/floor/yellowgrid
[10:46:21]ADMIN: Build Mode: BartNixon/(Leeann Briggs) modified the floor (128,36,1) to /turf/simulated/floor/yellowgrid
[10:46:22]ADMIN: Build Mode: BartNixon/(Leeann Briggs) modified space (127,35,1) to /turf/simulated/floor/yellowgrid
[10:46:22]ADMIN: Build Mode: BartNixon/(Leeann Briggs) modified the floor (127,35,1) to /turf/simulated/floor/yellowgrid
[10:46:22]ADMIN: Build Mode: BartNixon/(Leeann Briggs) modified the floor (128,36,1) to /turf/simulated/floor/yellowgrid
[10:46:23]ADMIN: Build Mode: BartNixon/(Leeann Briggs) modified space (126,35,1) to /turf/simulated/floor/yellowgrid
[10:46:23]ADMIN: Build Mode: BartNixon/(Leeann Briggs) modified space (126,34,1) to /turf/simulated/floor/yellowgrid
[10:46:23]ADMIN: Build Mode: BartNixon/(Leeann Briggs) modified space (127,36,1) to /turf/simulated/floor/yellowgrid
[10:46:23]ADMIN: Build Mode: BartNixon/(Leeann Briggs) modified space (125,34,1) to /turf/simulated/floor/yellowgrid
[10:46:24]ADMIN: Build Mode: BartNixon/(Leeann Briggs) modified the floor (125,34,1) to /turf/simulated/floor/yellowgrid
[10:46:24]EMOTE: monkey (275)/ : <B>The monkey (275)</B> jumps!
[10:46:24]EMOTE: Ian/ : <B>Ian</B> chases its tail!
[10:46:24]ADMIN: Build Mode: BartNixon/(Leeann Briggs) modified space (127,34,1) to /turf/simulated/floor/yellowgrid
[10:46:24]ADMIN: Build Mode: BartNixon/(Leeann Briggs) modified space (128,34,1) to /turf/simulated/floor/yellowgrid
[10:46:24]ADMIN: Build Mode: BartNixon/(Leeann Briggs) modified space (129,34,1) to /turf/simulated/floor/yellowgrid
[10:46:25]ADMIN: Build Mode: BartNixon/(Leeann Briggs) modified the floor (129,34,1) to /turf/simulated/floor/yellowgrid
[10:46:25]ADMIN: Build Mode: BartNixon/(Leeann Briggs) modified space (129,36,1) to /turf/simulated/floor/yellowgrid
[10:46:25]ADMIN: Build Mode: BartNixon/(Leeann Briggs) modified the floor (129,36,1) to /turf/simulated/floor/yellowgrid
[10:46:26]ADMIN: Build Mode: BartNixon/(Leeann Briggs) modified space (130,36,1) to /turf/simulated/floor/yellowgrid
[10:46:26]ADMIN: Build Mode: BartNixon/(Leeann Briggs) modified space (130,35,1) to /turf/simulated/floor/yellowgrid
[10:46:26]ADMIN: Build Mode: BartNixon/(Leeann Briggs) modified the floor (130,35,1) to /turf/simulated/floor/yellowgrid
[10:46:26]ADMIN: Build Mode: BartNixon/(Leeann Briggs) modified space (129,35,1) to /turf/simulated/floor/yellowgrid
[10:46:27]ADMIN: Build Mode: BartNixon/(Leeann Briggs) modified space (130,34,1) to /turf/simulated/floor/yellowgrid
[10:46:27]ADMIN: Build Mode: BartNixon/(Leeann Briggs) modified the floor (130,34,1) to /turf/simulated/floor/yellowgrid
[10:46:27]ADMIN: Build Mode: BartNixon/(Leeann Briggs) modified space (130,33,1) to /turf/simulated/floor/yellowgrid
[10:46:27]ADMIN: Build Mode: BartNixon/(Leeann Briggs) modified space (129,33,1) to /turf/simulated/floor/yellowgrid
[10:46:27]ADMIN: Build Mode: BartNixon/(Leeann Briggs) modified space (128,33,1) to /turf/simulated/floor/yellowgrid
[10:46:28]ADMIN: Build Mode: BartNixon/(Leeann Briggs) modified space (127,33,1) to /turf/simulated/floor/yellowgrid
[10:46:28]ADMIN: Build Mode: BartNixon/(Leeann Briggs) modified space (126,33,1) to /turf/simulated/floor/yellowgrid
[10:46:29]ADMIN: Build Mode: BartNixon/(Leeann Briggs) modified space (125,33,1) to /turf/simulated/floor/yellowgrid
[10:46:29]ADMIN: Build Mode: BartNixon/(Leeann Briggs) modified space (124,33,1) to /turf/simulated/floor/yellowgrid
[10:46:29]ADMIN: Build Mode: BartNixon/(Leeann Briggs) modified the floor (124,33,1) to /turf/simulated/floor/yellowgrid
[10:46:31]ADMIN: BartNixon/(Leeann Briggs) has left build mode.
[10:46:36]EMOTE: monkey (318)/ : <B>The monkey (318)</B> jumps!
[10:46:42]EMOTE: Poly/ : <B>Poly</B> looks in the Zippo lighter's direction and takes flight.
[10:46:42]ADMIN: BartNixon/(Leeann Briggs) has entered build mode.
[10:46:46]ADMIN: Build Mode: BartNixon/(Leeann Briggs) modified the floor (123,41,1) to /turf/simulated/floor/yellowgrid
[10:46:48]ADMIN: Build Mode: BartNixon/(Leeann Briggs) modified the floor (122,41,1) to /turf/simulated/floor/yellowgrid
[10:46:54]SAY: mouse/ : SQUEEK!
[10:46:58]ADMIN: Build Mode: BartNixon/(Leeann Briggs) modified the floor (122,41,1) to /turf/simulated/floor/yellowgrid
[10:46:59]ADMIN: Build Mode: BartNixon/(Leeann Briggs) modified the floor (122,42,1) to /turf/simulated/floor/yellowgrid
[10:46:59]ADMIN: Build Mode: BartNixon/(Leeann Briggs) modified the floor (120,42,1) to /turf/simulated/floor/yellowgrid
[10:46:59]ADMIN: Build Mode: BartNixon/(Leeann Briggs) modified the floor (121,41,1) to /turf/simulated/floor/yellowgrid
[10:47:00]ADMIN: Build Mode: BartNixon/(Leeann Briggs) modified the floor (120,41,1) to /turf/simulated/floor/yellowgrid
[10:47:00]ADMIN: Build Mode: BartNixon/(Leeann Briggs) modified the floor (120,42,1) to /turf/simulated/floor/yellowgrid
[10:47:00]ADMIN: Build Mode: BartNixon/(Leeann Briggs) modified the floor (121,42,1) to /turf/simulated/floor/yellowgrid
[10:47:01]ADMIN: Build Mode: BartNixon/(Leeann Briggs) modified the floor (120,42,1) to /turf/simulated/floor/yellowgrid
[10:47:01]ADMIN: Build Mode: BartNixon/(Leeann Briggs) modified the floor (119,41,1) to /turf/simulated/floor/yellowgrid
[10:47:01]ADMIN: Build Mode: BartNixon/(Leeann Briggs) modified the floor (119,42,1) to /turf/simulated/floor/yellowgrid
[10:47:02]ADMIN: Build Mode: BartNixon/(Leeann Briggs) modified the floor (118,42,1) to /turf/simulated/floor/yellowgrid
[10:47:02]ADMIN: Build Mode: BartNixon/(Leeann Briggs) modified the floor (118,41,1) to /turf/simulated/floor/yellowgrid
[10:47:02]ADMIN: Build Mode: BartNixon/(Leeann Briggs) modified the floor (117,41,1) to /turf/simulated/floor/yellowgrid
[10:47:03]ADMIN: Build Mode: BartNixon/(Leeann Briggs) modified the floor (117,42,1) to /turf/simulated/floor/yellowgrid
[10:47:03]ADMIN: Build Mode: BartNixon/(Leeann Briggs) modified the floor (116,42,1) to /turf/simulated/floor/yellowgrid
[10:47:03]ADMIN: Build Mode: BartNixon/(Leeann Briggs) modified the floor (116,41,1) to /turf/simulated/floor/redgrid
[10:47:04]ADMIN: Build Mode: BartNixon/(Leeann Briggs) modified the floor (116,43,1) to /turf/simulated/floor/redgrid
[10:47:05]ADMIN: Build Mode: BartNixon/(Leeann Briggs) modified the floor (116,42,1) to /turf/simulated/floor/redgrid
[10:47:05]ADMIN: Build Mode: BartNixon/(Leeann Briggs) modified the floor (116,44,1) to /turf/simulated/floor/redgrid
[10:47:05]ADMIN: Build Mode: BartNixon/(Leeann Briggs) modified the floor (116,45,1) to /turf/simulated/floor/redgrid
[10:47:05]ADMIN: Build Mode: BartNixon/(Leeann Briggs) modified the floor (116,45,1) to /turf/simulated/floor/redgrid
[10:47:06]ADMIN: Build Mode: BartNixon/(Leeann Briggs) modified the floor (116,47,1) to /turf/simulated/floor/redgrid
[10:47:06]ADMIN: Build Mode: BartNixon/(Leeann Briggs) modified the floor (117,47,1) to /turf/simulated/floor/redgrid
[10:47:07]ADMIN: Build Mode: BartNixon/(Leeann Briggs) modified the floor (117,46,1) to /turf/simulated/floor/redgrid
[10:47:07]ADMIN: Build Mode: BartNixon/(Leeann Briggs) modified the floor (116,46,1) to /turf/simulated/floor/redgrid
[10:47:08]ADMIN: Build Mode: BartNixon/(Leeann Briggs) modified the floor (117,45,1) to /turf/simulated/floor/redgrid
[10:47:08]ADMIN: Build Mode: BartNixon/(Leeann Briggs) modified the floor (117,44,1) to /turf/simulated/floor/redgrid
[10:47:08]ADMIN: Build Mode: BartNixon/(Leeann Briggs) modified the floor (117,42,1) to /turf/simulated/floor/redgrid
[10:47:09]ADMIN: Build Mode: BartNixon/(Leeann Briggs) modified the floor (118,41,1) to /turf/simulated/floor/redgrid
[10:47:09]ADMIN: Build Mode: BartNixon/(Leeann Briggs) modified the floor (118,41,1) to /turf/simulated/floor/redgrid
[10:47:09]ADMIN: Build Mode: BartNixon/(Leeann Briggs) modified the floor (118,42,1) to /turf/simulated/floor/redgrid
[10:47:10]EMOTE: mouse/ : <B>The mouse</B> shakes
[10:47:10]ADMIN: Build Mode: BartNixon/(Leeann Briggs) modified the floor (117,41,1) to /turf/simulated/floor/redgrid
[10:47:10]ADMIN: Build Mode: BartNixon/(Leeann Briggs) modified the floor (117,43,1) to /turf/simulated/floor/redgrid
[10:47:11]ADMIN: Build Mode: BartNixon/(Leeann Briggs) modified the floor (119,42,1) to /turf/simulated/floor/redgrid
[10:47:11]ADMIN: Build Mode: BartNixon/(Leeann Briggs) modified the floor (119,41,1) to /turf/simulated/floor/redgrid
[10:47:11]ADMIN: Build Mode: BartNixon/(Leeann Briggs) modified the floor (120,41,1) to /turf/simulated/floor/redgrid
[10:47:12]ADMIN: Build Mode: BartNixon/(Leeann Briggs) modified the floor (120,42,1) to /turf/simulated/floor/redgrid
[10:47:12]ADMIN: Build Mode: BartNixon/(Leeann Briggs) modified the floor (121,42,1) to /turf/simulated/floor/redgrid
[10:47:13]ADMIN: Build Mode: BartNixon/(Leeann Briggs) modified the floor (121,41,1) to /turf/simulated/floor/redgrid
[10:47:13]ADMIN: Build Mode: BartNixon/(Leeann Briggs) modified the floor (122,42,1) to /turf/simulated/floor/redgrid
[10:47:13]ADMIN: Build Mode: BartNixon/(Leeann Briggs) modified the floor (122,41,1) to /turf/simulated/floor/redgrid
[10:47:15]ADMIN: Build Mode: BartNixon/(Leeann Briggs) modified the floor (123,41,1) to /turf/simulated/floor/redgrid
[10:47:16]ADMIN: Build Mode: BartNixon/(Leeann Briggs) modified the floor (123,43,1) to /turf/simulated/floor/redgrid
[10:47:16]ADMIN: Build Mode: BartNixon/(Leeann Briggs) modified the floor (123,44,1) to /turf/simulated/floor/redgrid
[10:47:17]ADMIN: Build Mode: BartNixon/(Leeann Briggs) modified the floor (123,45,1) to /turf/simulated/floor/redgrid
[10:47:17]ADMIN: Build Mode: BartNixon/(Leeann Briggs) modified the floor (123,46,1) to /turf/simulated/floor/redgrid
[10:47:17]ADMIN: Build Mode: BartNixon/(Leeann Briggs) modified the floor (123,47,1) to /turf/simulated/floor/redgrid
[10:47:18]ADMIN: Build Mode: BartNixon/(Leeann Briggs) modified the floor (122,47,1) to /turf/simulated/floor/redgrid
[10:47:18]ADMIN: Build Mode: BartNixon/(Leeann Briggs) modified the floor (122,46,1) to /turf/simulated/floor/redgrid
[10:47:18]ADMIN: Build Mode: BartNixon/(Leeann Briggs) modified the floor (122,46,1) to /turf/simulated/floor/redgrid
[10:47:18]ADMIN: Build Mode: BartNixon/(Leeann Briggs) modified the floor (122,45,1) to /turf/simulated/floor/redgrid
[10:47:18]ADMIN: Build Mode: BartNixon/(Leeann Briggs) modified the floor (122,44,1) to /turf/simulated/floor/redgrid
[10:47:19]ADMIN: Build Mode: BartNixon/(Leeann Briggs) modified the floor (122,43,1) to /turf/simulated/floor/redgrid
[10:47:19]ADMIN: Build Mode: BartNixon/(Leeann Briggs) modified the floor (121,43,1) to /turf/simulated/floor/redgrid
[10:47:20]ADMIN: Build Mode: BartNixon/(Leeann Briggs) modified the floor (121,44,1) to /turf/simulated/floor/redgrid
[10:47:20]ADMIN: Build Mode: BartNixon/(Leeann Briggs) modified the floor (121,44,1) to /turf/simulated/floor/redgrid
[10:47:20]ADMIN: Build Mode: BartNixon/(Leeann Briggs) modified the floor (121,45,1) to /turf/simulated/floor/redgrid
[10:47:20]ADMIN: Build Mode: BartNixon/(Leeann Briggs) modified the floor (121,46,1) to /turf/simulated/floor/redgrid
[10:47:21]ADMIN: Build Mode: BartNixon/(Leeann Briggs) modified the floor (121,47,1) to /turf/simulated/floor/redgrid
[10:47:21]ADMIN: Build Mode: BartNixon/(Leeann Briggs) modified the floor (120,47,1) to /turf/simulated/floor/redgrid
[10:47:22]ADMIN: Build Mode: BartNixon/(Leeann Briggs) modified the floor (120,46,1) to /turf/simulated/floor/redgrid
[10:47:22]ADMIN: Build Mode: BartNixon/(Leeann Briggs) modified the floor (120,46,1) to /turf/simulated/floor/redgrid
[10:47:22]ADMIN: Build Mode: BartNixon/(Leeann Briggs) modified the floor (119,46,1) to /turf/simulated/floor/redgrid
[10:47:22]ADMIN: Build Mode: BartNixon/(Leeann Briggs) modified the floor (119,47,1) to /turf/simulated/floor/redgrid
[10:47:23]ADMIN: Build Mode: BartNixon/(Leeann Briggs) modified the floor (118,47,1) to /turf/simulated/floor/redgrid
[10:47:23]ADMIN: Build Mode: BartNixon/(Leeann Briggs) modified the floor (118,46,1) to /turf/simulated/floor/redgrid
[10:47:23]ADMIN: Build Mode: BartNixon/(Leeann Briggs) modified the floor (118,46,1) to /turf/simulated/floor/redgrid
[10:47:24]ADMIN: Build Mode: BartNixon/(Leeann Briggs) modified the floor (118,45,1) to /turf/simulated/floor/redgrid
[10:47:24]ADMIN: Build Mode: BartNixon/(Leeann Briggs) modified the floor (118,45,1) to /turf/simulated/floor/redgrid
[10:47:24]ADMIN: Build Mode: BartNixon/(Leeann Briggs) modified the floor (119,45,1) to /turf/simulated/floor/redgrid
[10:47:24]ADMIN: Build Mode: BartNixon/(Leeann Briggs) modified the floor (119,45,1) to /turf/simulated/floor/redgrid
[10:47:24]ADMIN: Build Mode: BartNixon/(Leeann Briggs) modified the floor (120,45,1) to /turf/simulated/floor/redgrid
[10:47:25]ADMIN: Build Mode: BartNixon/(Leeann Briggs) modified the floor (120,45,1) to /turf/simulated/floor/redgrid
[10:47:25]ADMIN: Build Mode: BartNixon/(Leeann Briggs) modified the floor (120,44,1) to /turf/simulated/floor/redgrid
[10:47:25]ADMIN: Build Mode: BartNixon/(Leeann Briggs) modified the floor (119,44,1) to /turf/simulated/floor/redgrid
[10:47:26]ADMIN: Build Mode: BartNixon/(Leeann Briggs) modified the floor (118,44,1) to /turf/simulated/floor/redgrid
[10:47:26]ADMIN: Build Mode: BartNixon/(Leeann Briggs) modified the floor (118,43,1) to /turf/simulated/floor/redgrid
[10:47:26]ADMIN: Build Mode: BartNixon/(Leeann Briggs) modified the floor (119,43,1) to /turf/simulated/floor/redgrid
[10:47:27]ADMIN: Build Mode: BartNixon/(Leeann Briggs) modified the floor (120,43,1) to /turf/simulated/floor/redgrid
[10:47:29]EMOTE: monkey (498)/ : <B>The monkey (498)</B> jumps!
[10:47:34]ADMIN: Build Mode: BartNixon/(Leeann Briggs) modified the floor (123,42,1) to /turf/simulated/floor/redgrid
[10:47:38]EMOTE: Poly/ : <B>Poly</B> looks in the chief engineer's rubber stamp's direction and takes flight.
[10:47:49]ADMIN: Build Mode: BartNixon/(Leeann Briggs) modified space (123,39,1) to /turf/simulated/floor/bluegrid
[10:47:49]ADMIN: Build Mode: BartNixon/(Leeann Briggs) modified space (122,39,1) to /turf/simulated/floor/bluegrid
[10:47:50]ADMIN: Build Mode: BartNixon/(Leeann Briggs) modified space (122,40,1) to /turf/simulated/floor/bluegrid
[10:47:51]ADMIN: Build Mode: BartNixon/(Leeann Briggs) modified the floor (123,40,1) to /turf/simulated/floor/bluegrid
[10:47:52]ADMIN: Build Mode: BartNixon/(Leeann Briggs) modified space (123,38,1) to /turf/simulated/floor/bluegrid
[10:47:54]ADMIN: Build Mode: BartNixon/(Leeann Briggs) modified space (121,40,1) to /turf/simulated/floor/bluegrid
[10:47:54]ADMIN: Build Mode: BartNixon/(Leeann Briggs) modified space (120,40,1) to /turf/simulated/floor/bluegrid
[10:47:54]ADMIN: Build Mode: BartNixon/(Leeann Briggs) modified space (119,40,1) to /turf/simulated/floor/bluegrid
[10:47:55]ADMIN: Build Mode: BartNixon/(Leeann Briggs) modified space (118,40,1) to /turf/simulated/floor/bluegrid
[10:47:55]ADMIN: Build Mode: BartNixon/(Leeann Briggs) modified space (116,40,1) to /turf/simulated/floor/bluegrid
[10:47:56]ADMIN: Build Mode: BartNixon/(Leeann Briggs) modified space (117,40,1) to /turf/simulated/floor/bluegrid
[10:47:56]ADMIN: Build Mode: BartNixon/(Leeann Briggs) modified space (117,39,1) to /turf/simulated/floor/bluegrid
[10:47:56]ADMIN: Build Mode: BartNixon/(Leeann Briggs) modified space (116,39,1) to /turf/simulated/floor/bluegrid
[10:47:56]ADMIN: Build Mode: BartNixon/(Leeann Briggs) modified space (116,38,1) to /turf/simulated/floor/bluegrid
[10:47:57]ADMIN: Build Mode: BartNixon/(Leeann Briggs) modified space (116,34,1) to /turf/simulated/floor/bluegrid
[10:47:57]ADMIN: Build Mode: BartNixon/(Leeann Briggs) modified space (116,33,1) to /turf/simulated/floor/bluegrid
[10:47:58]ADMIN: Build Mode: BartNixon/(Leeann Briggs) modified space (117,33,1) to /turf/simulated/floor/bluegrid
[10:47:58]ADMIN: Build Mode: BartNixon/(Leeann Briggs) modified the floor (117,33,1) to /turf/simulated/floor/bluegrid
[10:47:58]ADMIN: Build Mode: BartNixon/(Leeann Briggs) modified space (119,33,1) to /turf/simulated/floor/bluegrid
[10:47:58]ADMIN: Build Mode: BartNixon/(Leeann Briggs) modified the floor (119,33,1) to /turf/simulated/floor/bluegrid
[10:47:59]ADMIN: Build Mode: BartNixon/(Leeann Briggs) modified space (118,33,1) to /turf/simulated/floor/bluegrid
[10:47:59]ADMIN: Build Mode: BartNixon/(Leeann Briggs) modified space (121,33,1) to /turf/simulated/floor/bluegrid
[10:47:59]ADMIN: Build Mode: BartNixon/(Leeann Briggs) modified space (120,33,1) to /turf/simulated/floor/bluegrid
[10:48:00]ADMIN: Build Mode: BartNixon/(Leeann Briggs) modified space (122,33,1) to /turf/simulated/floor/bluegrid
[10:48:00]ADMIN: Build Mode: BartNixon/(Leeann Briggs) modified space (123,33,1) to /turf/simulated/floor/bluegrid
[10:48:00]ADMIN: Build Mode: BartNixon/(Leeann Briggs) modified space (123,34,1) to /turf/simulated/floor/bluegrid
[10:48:01]ADMIN: Build Mode: BartNixon/(Leeann Briggs) modified space (123,35,1) to /turf/simulated/floor/bluegrid
[10:48:01]ADMIN: Build Mode: BartNixon/(Leeann Briggs) modified space (123,36,1) to /turf/simulated/floor/bluegrid
[10:48:01]ADMIN: Build Mode: BartNixon/(Leeann Briggs) modified the floor (123,36,1) to /turf/simulated/floor/bluegrid
[10:48:01]ADMIN: Build Mode: BartNixon/(Leeann Briggs) modified space (123,37,1) to /turf/simulated/floor/bluegrid
[10:48:02]ADMIN: Build Mode: BartNixon/(Leeann Briggs) modified space (116,37,1) to /turf/simulated/floor/bluegrid
[10:48:02]ADMIN: Build Mode: BartNixon/(Leeann Briggs) modified space (116,36,1) to /turf/simulated/floor/bluegrid
[10:48:03]ADMIN: Build Mode: BartNixon/(Leeann Briggs) modified space (116,35,1) to /turf/simulated/floor/bluegrid
[10:48:03]ADMIN: Build Mode: BartNixon/(Leeann Briggs) modified space (117,34,1) to /turf/simulated/floor/bluegrid
[10:48:04]ADMIN: Build Mode: BartNixon/(Leeann Briggs) modified space (117,36,1) to /turf/simulated/floor/bluegrid
[10:48:04]ADMIN: Build Mode: BartNixon/(Leeann Briggs) modified space (117,35,1) to /turf/simulated/floor/bluegrid
[10:48:04]ADMIN: Build Mode: BartNixon/(Leeann Briggs) modified space (117,37,1) to /turf/simulated/floor/bluegrid
[10:48:05]ADMIN: Build Mode: BartNixon/(Leeann Briggs) modified space (117,38,1) to /turf/simulated/floor/bluegrid
[10:48:05]ADMIN: Build Mode: BartNixon/(Leeann Briggs) modified space (118,38,1) to /turf/simulated/floor/bluegrid
[10:48:05]ADMIN: Build Mode: BartNixon/(Leeann Briggs) modified space (118,39,1) to /turf/simulated/floor/bluegrid
[10:48:06]ADMIN: Build Mode: BartNixon/(Leeann Briggs) modified space (119,39,1) to /turf/simulated/floor/bluegrid
[10:48:06]ADMIN: Build Mode: BartNixon/(Leeann Briggs) modified the floor (119,39,1) to /turf/simulated/floor/bluegrid
[10:48:06]ADMIN: Build Mode: BartNixon/(Leeann Briggs) modified space (120,39,1) to /turf/simulated/floor/bluegrid
[10:48:06]ADMIN: Build Mode: BartNixon/(Leeann Briggs) modified space (121,39,1) to /turf/simulated/floor/bluegrid
[10:48:07]ADMIN: Build Mode: BartNixon/(Leeann Briggs) modified space (121,38,1) to /turf/simulated/floor/bluegrid
[10:48:07]ADMIN: Build Mode: BartNixon/(Leeann Briggs) modified the floor (121,38,1) to /turf/simulated/floor/bluegrid
[10:48:07]ADMIN: Build Mode: BartNixon/(Leeann Briggs) modified space (122,38,1) to /turf/simulated/floor/bluegrid
[10:48:07]ADMIN: Build Mode: BartNixon/(Leeann Briggs) modified space (120,38,1) to /turf/simulated/floor/bluegrid
[10:48:08]ADMIN: Build Mode: BartNixon/(Leeann Briggs) modified space (119,38,1) to /turf/simulated/floor/bluegrid
[10:48:08]ADMIN: Build Mode: BartNixon/(Leeann Briggs) modified the floor (119,38,1) to /turf/simulated/floor/bluegrid
[10:48:08]ADMIN: Build Mode: BartNixon/(Leeann Briggs) modified space (118,37,1) to /turf/simulated/floor/bluegrid
[10:48:09]ADMIN: Build Mode: BartNixon/(Leeann Briggs) modified the floor (118,37,1) to /turf/simulated/floor/bluegrid
[10:48:09]ADMIN: Build Mode: BartNixon/(Leeann Briggs) modified space (120,37,1) to /turf/simulated/floor/bluegrid
[10:48:09]ADMIN: Build Mode: BartNixon/(Leeann Briggs) modified space (119,37,1) to /turf/simulated/floor/bluegrid
[10:48:10]ADMIN: Build Mode: BartNixon/(Leeann Briggs) modified space (121,37,1) to /turf/simulated/floor/bluegrid
[10:48:10]ADMIN: Build Mode: BartNixon/(Leeann Briggs) modified space (122,37,1) to /turf/simulated/floor/bluegrid
[10:48:10]ADMIN: Build Mode: BartNixon/(Leeann Briggs) modified space (122,36,1) to /turf/simulated/floor/bluegrid
[10:48:11]ADMIN: Build Mode: BartNixon/(Leeann Briggs) modified space (122,34,1) to /turf/simulated/floor/bluegrid
[10:48:11]ADMIN: Build Mode: BartNixon/(Leeann Briggs) modified the floor (122,34,1) to /turf/simulated/floor/bluegrid
[10:48:11]ADMIN: Build Mode: BartNixon/(Leeann Briggs) modified the floor (122,34,1) to /turf/simulated/floor/bluegrid
[10:48:12]ADMIN: Build Mode: BartNixon/(Leeann Briggs) modified space (122,35,1) to /turf/simulated/floor/bluegrid
[10:48:12]ADMIN: Build Mode: BartNixon/(Leeann Briggs) modified space (121,34,1) to /turf/simulated/floor/bluegrid
[10:48:12]ADMIN: Build Mode: BartNixon/(Leeann Briggs) modified the floor (121,34,1) to /turf/simulated/floor/bluegrid
[10:48:12]ADMIN: Build Mode: BartNixon/(Leeann Briggs) modified space (121,35,1) to /turf/simulated/floor/bluegrid
[10:48:13]ADMIN: Build Mode: BartNixon/(Leeann Briggs) modified space (121,36,1) to /turf/simulated/floor/bluegrid
[10:48:13]ADMIN: Build Mode: BartNixon/(Leeann Briggs) modified the floor (121,36,1) to /turf/simulated/floor/bluegrid
[10:48:13]ADMIN: Build Mode: BartNixon/(Leeann Briggs) modified space (120,35,1) to /turf/simulated/floor/bluegrid
[10:48:14]ADMIN: Build Mode: BartNixon/(Leeann Briggs) modified space (120,34,1) to /turf/simulated/floor/bluegrid
[10:48:14]ADMIN: Build Mode: BartNixon/(Leeann Briggs) modified space (120,36,1) to /turf/simulated/floor/bluegrid
[10:48:15]ADMIN: Build Mode: BartNixon/(Leeann Briggs) modified space (119,34,1) to /turf/simulated/floor/bluegrid
[10:48:15]ADMIN: Build Mode: BartNixon/(Leeann Briggs) modified space (119,35,1) to /turf/simulated/floor/bluegrid
[10:48:15]ADMIN: Build Mode: BartNixon/(Leeann Briggs) modified space (119,36,1) to /turf/simulated/floor/bluegrid
[10:48:16]ADMIN: Build Mode: BartNixon/(Leeann Briggs) modified space (118,36,1) to /turf/simulated/floor/bluegrid
[10:48:16]ADMIN: Build Mode: BartNixon/(Leeann Briggs) modified space (118,35,1) to /turf/simulated/floor/bluegrid
[10:48:16]ADMIN: Build Mode: BartNixon/(Leeann Briggs) modified space (118,34,1) to /turf/simulated/floor/bluegrid
[10:48:25]ADMIN: Build Mode: BartNixon/(Leeann Briggs) modified the floor (124,41,1) to /turf/simulated/floor/greengrid
[10:48:26]ADMIN: Build Mode: BartNixon/(Leeann Briggs) modified the floor (124,42,1) to /turf/simulated/floor/greengrid
[10:48:26]ADMIN: Build Mode: BartNixon/(Leeann Briggs) modified the floor (125,42,1) to /turf/simulated/floor/greengrid
[10:48:26]ADMIN: Build Mode: BartNixon/(Leeann Briggs) modified the floor (125,41,1) to /turf/simulated/floor/greengrid
[10:48:27]ADMIN: Build Mode: BartNixon/(Leeann Briggs) modified the floor (126,41,1) to /turf/simulated/floor/greengrid
[10:48:27]ADMIN: Build Mode: BartNixon/(Leeann Briggs) modified the floor (126,42,1) to /turf/simulated/floor/greengrid
[10:48:27]ADMIN: Build Mode: BartNixon/(Leeann Briggs) modified the floor (127,42,1) to /turf/simulated/floor/greengrid
[10:48:27]ADMIN: Build Mode: BartNixon/(Leeann Briggs) modified the floor (127,41,1) to /turf/simulated/floor/greengrid
[10:48:28]ADMIN: Build Mode: BartNixon/(Leeann Briggs) modified the floor (128,41,1) to /turf/simulated/floor/greengrid
[10:48:28]ADMIN: Build Mode: BartNixon/(Leeann Briggs) modified the floor (128,42,1) to /turf/simulated/floor/greengrid
[10:48:28]ADMIN: Build Mode: BartNixon/(Leeann Briggs) modified the floor (129,42,1) to /turf/simulated/floor/greengrid
[10:48:28]ADMIN: Build Mode: BartNixon/(Leeann Briggs) modified the floor (129,42,1) to /turf/simulated/floor/greengrid
[10:48:29]ADMIN: Build Mode: BartNixon/(Leeann Briggs) modified the floor (129,41,1) to /turf/simulated/floor/greengrid
[10:48:29]ADMIN: Build Mode: BartNixon/(Leeann Briggs) modified the floor (130,41,1) to /turf/simulated/floor/greengrid
[10:48:29]ADMIN: Build Mode: BartNixon/(Leeann Briggs) modified the floor (130,42,1) to /turf/simulated/floor/greengrid
[10:48:29]ADMIN: Build Mode: BartNixon/(Leeann Briggs) modified the floor (130,43,1) to /turf/simulated/floor/greengrid
[10:48:30]ADMIN: Build Mode: BartNixon/(Leeann Briggs) modified the floor (130,44,1) to /turf/simulated/floor/greengrid
[10:48:30]ADMIN: Build Mode: BartNixon/(Leeann Briggs) modified the floor (130,44,1) to /turf/simulated/floor/greengrid
[10:48:30]ADMIN: Build Mode: BartNixon/(Leeann Briggs) modified the floor (129,44,1) to /turf/simulated/floor/greengrid
[10:48:31]ADMIN: Build Mode: BartNixon/(Leeann Briggs) modified the floor (129,43,1) to /turf/simulated/floor/greengrid
[10:48:31]ADMIN: Build Mode: BartNixon/(Leeann Briggs) modified the floor (128,43,1) to /turf/simulated/floor/greengrid
[10:48:31]ADMIN: Build Mode: BartNixon/(Leeann Briggs) modified the floor (126,43,1) to /turf/simulated/floor/greengrid
[10:48:32]ADMIN: Build Mode: BartNixon/(Leeann Briggs) modified the floor (126,43,1) to /turf/simulated/floor/greengrid
[10:48:32]ADMIN: Build Mode: BartNixon/(Leeann Briggs) modified the floor (125,43,1) to /turf/simulated/floor/greengrid
[10:48:32]ADMIN: Build Mode: BartNixon/(Leeann Briggs) modified the floor (125,43,1) to /turf/simulated/floor/greengrid
[10:48:32]ADMIN: Build Mode: BartNixon/(Leeann Briggs) modified the floor (125,43,1) to /turf/simulated/floor/greengrid
[10:48:33]ADMIN: Build Mode: BartNixon/(Leeann Briggs) modified the floor (124,43,1) to /turf/simulated/floor/greengrid
[10:48:33]ADMIN: Build Mode: BartNixon/(Leeann Briggs) modified the floor (124,43,1) to /turf/simulated/floor/greengrid
[10:48:33]ADMIN: Build Mode: BartNixon/(Leeann Briggs) modified the floor (124,44,1) to /turf/simulated/floor/greengrid
[10:48:33]ADMIN: Build Mode: BartNixon/(Leeann Briggs) modified the floor (125,44,1) to /turf/simulated/floor/greengrid
[10:48:34]ADMIN: Build Mode: BartNixon/(Leeann Briggs) modified the floor (125,45,1) to /turf/simulated/floor/greengrid
[10:48:34]ADMIN: Build Mode: BartNixon/(Leeann Briggs) modified the floor (124,45,1) to /turf/simulated/floor/greengrid
[10:48:34]ADMIN: Build Mode: BartNixon/(Leeann Briggs) modified the floor (124,46,1) to /turf/simulated/floor/greengrid
[10:48:34]ADMIN: Build Mode: BartNixon/(Leeann Briggs) modified the floor (124,46,1) to /turf/simulated/floor/greengrid
[10:48:35]ADMIN: Build Mode: BartNixon/(Leeann Briggs) modified the floor (124,47,1) to /turf/simulated/floor/greengrid
[10:48:35]ADMIN: Build Mode: BartNixon/(Leeann Briggs) modified the floor (125,46,1) to /turf/simulated/floor/greengrid
[10:48:35]EMOTE: Poly/ : <B>Poly</B> looks in the chief engineer's rubber stamp's direction and takes flight.
[10:48:35]ADMIN: Build Mode: BartNixon/(Leeann Briggs) modified the floor (126,46,1) to /turf/simulated/floor/greengrid
[10:48:36]ADMIN: Build Mode: BartNixon/(Leeann Briggs) modified the floor (126,46,1) to /turf/simulated/floor/greengrid
[10:48:36]ADMIN: Build Mode: BartNixon/(Leeann Briggs) modified the floor (125,47,1) to /turf/simulated/floor/greengrid
[10:48:36]ADMIN: Build Mode: BartNixon/(Leeann Briggs) modified the floor (125,47,1) to /turf/simulated/floor/greengrid
[10:48:37]ADMIN: Build Mode: BartNixon/(Leeann Briggs) modified the floor (126,47,1) to /turf/simulated/floor/greengrid
[10:48:37]ADMIN: Build Mode: BartNixon/(Leeann Briggs) modified the floor (127,47,1) to /turf/simulated/floor/greengrid
[10:48:37]ADMIN: Build Mode: BartNixon/(Leeann Briggs) modified the floor (127,47,1) to /turf/simulated/floor/greengrid
[10:48:38]ADMIN: Build Mode: BartNixon/(Leeann Briggs) modified the floor (127,47,1) to /turf/simulated/floor/greengrid
[10:48:38]ADMIN: Build Mode: BartNixon/(Leeann Briggs) modified the floor (128,47,1) to /turf/simulated/floor/greengrid
[10:48:38]ADMIN: Build Mode: BartNixon/(Leeann Briggs) modified the floor (129,47,1) to /turf/simulated/floor/greengrid
[10:48:39]ADMIN: Build Mode: BartNixon/(Leeann Briggs) modified the floor (130,47,1) to /turf/simulated/floor/greengrid
[10:48:39]ADMIN: Build Mode: BartNixon/(Leeann Briggs) modified the floor (130,46,1) to /turf/simulated/floor/greengrid
[10:48:40]ADMIN: Build Mode: BartNixon/(Leeann Briggs) modified the floor (130,45,1) to /turf/simulated/floor/greengrid
[10:48:40]ADMIN: Build Mode: BartNixon/(Leeann Briggs) modified the floor (129,45,1) to /turf/simulated/floor/greengrid
[10:48:41]ADMIN: Build Mode: BartNixon/(Leeann Briggs) modified the floor (128,44,1) to /turf/simulated/floor/greengrid
[10:48:41]ADMIN: Build Mode: BartNixon/(Leeann Briggs) modified the floor (127,44,1) to /turf/simulated/floor/greengrid
[10:48:41]ADMIN: Build Mode: BartNixon/(Leeann Briggs) modified the floor (127,43,1) to /turf/simulated/floor/greengrid
[10:48:42]ADMIN: Build Mode: BartNixon/(Leeann Briggs) modified the floor (127,43,1) to /turf/simulated/floor/greengrid
[10:48:42]ADMIN: Build Mode: BartNixon/(Leeann Briggs) modified the floor (126,44,1) to /turf/simulated/floor/greengrid
[10:48:42]ADMIN: Build Mode: BartNixon/(Leeann Briggs) modified the floor (126,44,1) to /turf/simulated/floor/greengrid
[10:48:42]ADMIN: Build Mode: BartNixon/(Leeann Briggs) modified the floor (126,45,1) to /turf/simulated/floor/greengrid
[10:48:43]ADMIN: Build Mode: BartNixon/(Leeann Briggs) modified the floor (126,45,1) to /turf/simulated/floor/greengrid
[10:48:43]ADMIN: Build Mode: BartNixon/(Leeann Briggs) modified the floor (126,46,1) to /turf/simulated/floor/greengrid
[10:48:44]ADMIN: Build Mode: BartNixon/(Leeann Briggs) modified the floor (127,45,1) to /turf/simulated/floor/greengrid
[10:48:44]ADMIN: Build Mode: BartNixon/(Leeann Briggs) modified the floor (127,46,1) to /turf/simulated/floor/greengrid
[10:48:44]ADMIN: Build Mode: BartNixon/(Leeann Briggs) modified the floor (127,46,1) to /turf/simulated/floor/greengrid
[10:48:45]ADMIN: Build Mode: BartNixon/(Leeann Briggs) modified the floor (128,45,1) to /turf/simulated/floor/greengrid
[10:48:45]ADMIN: Build Mode: BartNixon/(Leeann Briggs) modified the floor (128,45,1) to /turf/simulated/floor/greengrid
[10:48:45]ADMIN: Build Mode: BartNixon/(Leeann Briggs) modified the floor (128,45,1) to /turf/simulated/floor/greengrid
[10:48:45]ADMIN: Build Mode: BartNixon/(Leeann Briggs) modified the floor (128,46,1) to /turf/simulated/floor/greengrid
[10:48:45]EMOTE: monkey (498)/ : <B>The monkey (498)</B> jumps!
[10:48:46]ADMIN: Build Mode: BartNixon/(Leeann Briggs) modified the floor (129,46,1) to /turf/simulated/floor/greengrid
[10:48:53]ADMIN: BartNixon/(Leeann Briggs) has left build mode.
[10:48:53]SAY: grey baby slime (149)/ : Blop...
[10:49:17]EMOTE: mouse/ : <B>The mouse</B> squeeks
[10:49:31]EMOTE: Poly/ : <B>Poly</B> looks in the Power-ON cartridge's direction and takes flight.
[10:49:31]EMOTE: monkey (318)/ : <B>The monkey (318)</B> jumps!
[10:49:57]EMOTE: mouse/ : <B>The mouse</B> squeeks
[10:50:03]EMOTE: Pete/ : <B>Pete</B> shakes its head
[10:50:11]EMOTE: mouse/ : <B>The mouse</B> shakes
[10:50:32]SAY: mouse/ : SQUEEK!
[10:51:02]EMOTE: mouse/ : <B>The mouse</B> squeeks
[10:51:02]EMOTE: monkey (945)/ : <B>The monkey (945)</B> jumps!
[10:51:08]EMOTE: mouse/ : <B>The mouse</B> runs in a circle
[10:51:36]EMOTE: Poly/ : <B>Poly</B> looks in the Power-ON cartridge's direction and takes flight.
[10:51:44]EMOTE: Tom/ : <B>Tom</B> squeeks
[10:52:14]EMOTE: monkey (183)/ : <B>The monkey (183)</B> jumps!
[10:52:16]SAY: mouse/ : SQUEEK!
[10:52:30]EMOTE: mouse/ : <B>The mouse</B> shakes
[10:52:34]EMOTE: Poly/ : <B>Poly</B> looks in the Power-ON cartridge's direction and takes flight.
[10:52:34]SAY: Tom/ : Squeek!
[10:52:36]EMOTE: monkey (978)/ : <B>The monkey (978)</B> jumps!
[10:53:10]ACCESS: Logout: BartNixon[DC]/(Leeann Briggs)
