

Starting up. 00:30.03
---------------------
Adding game mode blob (blob) to configuration.
Adding game mode changeling (changeling) to configuration.
Adding game mode traitor+changeling (traitorchan) to configuration.
Adding game mode double agents (double_agents) to configuration.
Adding game mode traitor (traitor) to configuration.
Adding game mode cult (cult) to configuration.
Adding game mode extended (extended) to configuration.
Adding game mode gang war (gang) to configuration.
Adding game mode AI malfunction (malfunction) to configuration.
Adding game mode meteor (meteor) to configuration.
Adding game mode monkey (monkey) to configuration.
Adding game mode nuclear emergency (nuclear) to configuration.
Adding game mode revolution (revolution) to configuration.
Adding game mode sandbox (sandbox) to configuration.
Adding game mode wizard (wizard) to configuration.
Saved mode is 'extended'
[00:30:03]ADMIN: Loading Banlistjob
[00:30:03]ADMIN: Loading jobban_rank
[00:30:03]ADMIN: jobban_keylist was empty
[00:30:03]ADMIN: Loading appearance_rank
[00:30:03]ADMIN: appearance_keylist was empty
[00:30:03]ADMIN: Updating jobbanfile!
[00:30:03]ADMIN: Loading Banlist
[00:32:34]ACCESS: Login: BartNixon/(BartNixon) from 127.0.0.1-3529772718 || BYOND v506
[00:33:02]ADMIN: BartNixon has started the game.
[00:33:19]ACCESS: Logout: *no key*/(BartNixon)
[00:33:19]ACCESS: Login: BartNixon/(Leeann Briggs) from 127.0.0.1-3529772718 || BYOND v506
[00:33:23]EMOTE: Poly/ : <B>Poly</B> turns and flies towards the pen.
[00:33:37]SAY: mouse/ : Squeek?
[00:33:53]SAY: mouse/ : Squeek!
[00:33:59]EMOTE: Ian/ : <B>Ian</B> dances around.
[00:34:29]EMOTE: Poly/ : <B>Poly</B> looks in the cigarette packet's direction and takes flight.
[00:34:35]EMOTE: mouse/ : <B>The mouse</B> shakes
[00:35:11]EMOTE: Pun Pun/ : <B>Pun Pun</B> jumps!
[00:35:25]EMOTE: Poly/ : <B>Poly</B> looks in the monitor decryption key's direction and takes flight.
[00:35:25]SAY: mouse/ : Squeek?
[00:35:29]EMOTE: monkey (127)/ : <B>The monkey (127)</B> jumps!
[00:35:37]EMOTE: monkey (208)/ : <B>The monkey (208)</B> jumps!
[00:36:21]EMOTE: Poly/ : <B>Poly</B> looks in the Zippo lighter's direction and takes flight.
[00:36:47]EMOTE: monkey (523)/ : <B>The monkey (523)</B> jumps!
[00:36:51]SAY: Ian/ : Woof!
[00:36:53]SAY: mouse/ : Squeek?
[00:36:57]ACCESS: Logout: BartNixon[DC]/(Leeann Briggs)


Starting up. 05:25.05
---------------------
Adding game mode blob (blob) to configuration.
Adding game mode changeling (changeling) to configuration.
Adding game mode traitor+changeling (traitorchan) to configuration.
Adding game mode double agents (double_agents) to configuration.
Adding game mode traitor (traitor) to configuration.
Adding game mode cult (cult) to configuration.
Adding game mode extended (extended) to configuration.
Adding game mode gang war (gang) to configuration.
Adding game mode AI malfunction (malfunction) to configuration.
Adding game mode meteor (meteor) to configuration.
Adding game mode monkey (monkey) to configuration.
Adding game mode nuclear emergency (nuclear) to configuration.
Adding game mode revolution (revolution) to configuration.
Adding game mode sandbox (sandbox) to configuration.
Adding game mode wizard (wizard) to configuration.
Saved mode is 'extended'
[05:25:05]ADMIN: Loading Banlistjob
[05:25:05]ADMIN: Loading jobban_rank
[05:25:05]ADMIN: jobban_keylist was empty
[05:25:05]ADMIN: Loading appearance_rank
[05:25:05]ADMIN: appearance_keylist was empty
[05:25:05]ADMIN: Updating jobbanfile!
[05:25:05]ADMIN: Loading Banlist
[05:26:03]ACCESS: Login: BartNixon/(BartNixon) from 127.0.0.1-3529772718 || BYOND v506
[05:26:48]ADMIN: BartNixon has started the game.
[05:26:52]ACCESS: Logout: *no key*/(BartNixon)
[05:26:52]ACCESS: Login: BartNixon/(Leeann Briggs) from 127.0.0.1-3529772718 || BYOND v506
[05:27:09]SAY: mouse/ : Squeek?
[05:27:15]SAY: Tom/ : Squeek!
[05:27:19]ADMIN: BartNixon/(Leeann Briggs) created a /turf/unsimulated/floor/horizontalasphalttopbordertop
[05:27:19]EMOTE: mouse/ : <B>The mouse</B> shakes
[05:27:21]ADMIN: BartNixon/(Leeann Briggs) created a /turf/unsimulated/floor/horizontalasphalttopbordertop
[05:27:22]ADMIN: BartNixon/(Leeann Briggs) created a /turf/unsimulated/floor/horizontalasphalttopbordertop
[05:27:23]ADMIN: BartNixon/(Leeann Briggs) created a /turf/unsimulated/floor/horizontalasphalttopbordertop
[05:27:23]ADMIN: BartNixon/(Leeann Briggs) created a /turf/unsimulated/floor/horizontalasphalttopbordertop
[05:27:26]ADMIN: BartNixon/(Leeann Briggs) created a /turf/unsimulated/floor/horizontalasphalttopbordertop
[05:27:27]ADMIN: BartNixon/(Leeann Briggs) created a /turf/unsimulated/floor/horizontalasphalttopbordertop
[05:27:45]EMOTE: Poly/ : <B>Poly</B> looks in the pen's direction and takes flight.
[05:27:46]ADMIN: BartNixon/(Leeann Briggs) created a /turf/unsimulated/floor/horizontalasphalttopbordertop
[05:27:47]ADMIN: BartNixon/(Leeann Briggs) created a /turf/unsimulated/floor/horizontalasphalttopbordertop
[05:27:49]ADMIN: BartNixon/(Leeann Briggs) created a /turf/unsimulated/floor/horizontalasphalttopborderbottom
[05:27:50]ADMIN: BartNixon/(Leeann Briggs) created a /turf/unsimulated/floor/horizontalasphalttopborderbottom
[05:27:50]ADMIN: BartNixon/(Leeann Briggs) created a /turf/unsimulated/floor/horizontalasphalttopborderbottom
[05:27:51]ADMIN: BartNixon/(Leeann Briggs) created a /turf/unsimulated/floor/horizontalasphalttopborderbottom
[05:27:52]ADMIN: BartNixon/(Leeann Briggs) created a /turf/unsimulated/floor/horizontalasphalttopborderbottom
[05:27:53]EMOTE: mouse/ : <B>The mouse</B> shakes
[05:27:54]ADMIN: BartNixon/(Leeann Briggs) created a /turf/unsimulated/floor/horizontalasphalttopborderbottom
[05:27:55]ADMIN: BartNixon/(Leeann Briggs) created a /turf/unsimulated/floor/horizontalasphalttopborderbottom
[05:27:57]ADMIN: BartNixon/(Leeann Briggs) created a /turf/unsimulated/floor/horizontalasphalttopborderbottom
[05:28:01]ADMIN: BartNixon/(Leeann Briggs) created a /turf/unsimulated/floor/horizontalasphalttopborderbottom
[05:28:02]ADMIN: BartNixon/(Leeann Briggs) created a /turf/unsimulated/floor/horizontalasphalttopborderbottom
[05:28:06]ADMIN: BartNixon/(Leeann Briggs) created a /turf/unsimulated/floor/horizontalasphaltinnermain
[05:28:06]ADMIN: BartNixon/(Leeann Briggs) created a /turf/unsimulated/floor/horizontalasphaltinnermain
[05:28:07]ADMIN: BartNixon/(Leeann Briggs) created a /turf/unsimulated/floor/horizontalasphaltinnermain
[05:28:08]ADMIN: BartNixon/(Leeann Briggs) created a /turf/unsimulated/floor/horizontalasphaltinnermain
[05:28:09]ADMIN: BartNixon/(Leeann Briggs) created a /turf/unsimulated/floor/horizontalasphaltinnermain
[05:28:10]ADMIN: BartNixon/(Leeann Briggs) created a /turf/unsimulated/floor/horizontalasphaltinnermain
[05:28:10]ADMIN: BartNixon/(Leeann Briggs) created a /turf/unsimulated/floor/horizontalasphaltinnermain
[05:28:11]ADMIN: BartNixon/(Leeann Briggs) created a /turf/unsimulated/floor/horizontalasphaltinnermain
[05:28:12]ADMIN: BartNixon/(Leeann Briggs) created a /turf/unsimulated/floor/horizontalasphaltinnermain
[05:28:14]ADMIN: BartNixon/(Leeann Briggs) created a /turf/unsimulated/floor/horizontalasphaltbottombordertop
[05:28:15]ADMIN: BartNixon/(Leeann Briggs) created a /turf/unsimulated/floor/horizontalasphaltbottombordertop
[05:28:16]ADMIN: BartNixon/(Leeann Briggs) created a /turf/unsimulated/floor/horizontalasphaltbottombordertop
[05:28:18]ADMIN: BartNixon/(Leeann Briggs) created a /turf/unsimulated/floor/horizontalasphaltbottombordertop
[05:28:19]ADMIN: BartNixon/(Leeann Briggs) created a /turf/unsimulated/floor/horizontalasphaltbottombordertop
[05:28:20]ADMIN: BartNixon/(Leeann Briggs) created a /turf/unsimulated/floor/horizontalasphaltbottombordertop
[05:28:21]ADMIN: BartNixon/(Leeann Briggs) created a /turf/unsimulated/floor/horizontalasphaltbottombordertop
[05:28:22]ADMIN: BartNixon/(Leeann Briggs) created a /turf/unsimulated/floor/horizontalasphaltbottombordertop
[05:28:23]ADMIN: BartNixon/(Leeann Briggs) created a /turf/unsimulated/floor/horizontalasphaltbottombordertop
[05:28:25]ADMIN: BartNixon/(Leeann Briggs) created a /turf/unsimulated/floor/horizontalasphaltbottomborderbottom
[05:28:26]ADMIN: BartNixon/(Leeann Briggs) created a /turf/unsimulated/floor/horizontalasphaltbottomborderbottom
[05:28:28]ADMIN: BartNixon/(Leeann Briggs) created a /turf/unsimulated/floor/horizontalasphaltbottomborderbottom
[05:28:29]ADMIN: BartNixon/(Leeann Briggs) created a /turf/unsimulated/floor/horizontalasphaltbottomborderbottom
[05:28:31]ADMIN: BartNixon/(Leeann Briggs) created a /turf/unsimulated/floor/horizontalasphaltbottomborderbottom
[05:28:31]ADMIN: BartNixon/(Leeann Briggs) created a /turf/unsimulated/floor/horizontalasphaltbottomborderbottom
[05:28:32]ADMIN: BartNixon/(Leeann Briggs) created a /turf/unsimulated/floor/horizontalasphaltbottomborderbottom
[05:28:33]ADMIN: BartNixon/(Leeann Briggs) created a /turf/unsimulated/floor/horizontalasphaltbottomborderbottom
[05:28:34]ADMIN: BartNixon/(Leeann Briggs) created a /turf/unsimulated/floor/horizontalasphaltbottomborderbottom
[05:28:38]ADMIN: BartNixon/(Leeann Briggs) created a /turf/unsimulated/floor/horizontalasphaltoutermain
[05:28:39]ADMIN: BartNixon/(Leeann Briggs) created a /turf/unsimulated/floor/horizontalasphaltoutermain
[05:28:41]EMOTE: Poly/ : <B>Poly</B> looks in the cigarette packet's direction and takes flight.
[05:28:41]ADMIN: BartNixon/(Leeann Briggs) created a /turf/unsimulated/floor/horizontalasphaltoutermain
[05:28:42]ADMIN: BartNixon/(Leeann Briggs) created a /turf/unsimulated/floor/horizontalasphaltoutermain
[05:28:42]ADMIN: BartNixon/(Leeann Briggs) created a /turf/unsimulated/floor/horizontalasphaltoutermain
[05:28:44]ADMIN: BartNixon/(Leeann Briggs) created a /turf/unsimulated/floor/horizontalasphaltoutermain
[05:28:45]EMOTE: mouse/ : <B>The mouse</B> shakes
[05:28:45]ADMIN: BartNixon/(Leeann Briggs) created a /turf/unsimulated/floor/horizontalasphaltoutermain
[05:28:46]ADMIN: BartNixon/(Leeann Briggs) created a /turf/unsimulated/floor/horizontalasphaltoutermain
[05:28:47]ADMIN: BartNixon/(Leeann Briggs) created a /turf/unsimulated/floor/horizontalasphaltoutermain
[05:28:49]EMOTE: Runtime/ : <B>Runtime</B> shakes its head
[05:28:52]ADMIN: BartNixon/(Leeann Briggs) created a /turf/unsimulated/floor/verticalasphaltleftborderleft
[05:28:52]SAY: mouse/ : Squeek!
[05:28:54]ADMIN: BartNixon/(Leeann Briggs) created a /turf/unsimulated/floor/verticalasphaltleftborderleft
[05:28:56]ADMIN: BartNixon/(Leeann Briggs) created a /turf/unsimulated/floor/verticalasphaltleftborderleft
[05:28:56]EMOTE: mouse/ : <B>The mouse</B> shakes
[05:28:57]ADMIN: BartNixon/(Leeann Briggs) created a /turf/unsimulated/floor/verticalasphaltleftborderleft
[05:28:58]ADMIN: BartNixon/(Leeann Briggs) created a /turf/unsimulated/floor/verticalasphaltleftborderleft
[05:28:59]ADMIN: BartNixon/(Leeann Briggs) created a /turf/unsimulated/floor/verticalasphaltleftborderleft
[05:29:00]ADMIN: BartNixon/(Leeann Briggs) created a /turf/unsimulated/floor/verticalasphaltleftborderleft
[05:29:04]EMOTE: Pete/ : <B>Pete</B> shakes its head
[05:29:04]ADMIN: BartNixon/(Leeann Briggs) created a /turf/unsimulated/floor/verticalasphaltleftborderright
[05:29:05]ADMIN: BartNixon/(Leeann Briggs) created a /turf/unsimulated/floor/verticalasphaltleftborderright
[05:29:06]ADMIN: BartNixon/(Leeann Briggs) created a /turf/unsimulated/floor/verticalasphaltleftborderright
[05:29:07]ADMIN: BartNixon/(Leeann Briggs) created a /turf/unsimulated/floor/verticalasphaltleftborderright
[05:29:08]ADMIN: BartNixon/(Leeann Briggs) created a /turf/unsimulated/floor/verticalasphaltleftborderright
[05:29:09]ADMIN: BartNixon/(Leeann Briggs) created a /turf/unsimulated/floor/verticalasphaltleftborderright
[05:29:10]ADMIN: BartNixon/(Leeann Briggs) created a /turf/unsimulated/floor/verticalasphaltleftborderright
[05:29:12]ADMIN: BartNixon/(Leeann Briggs) created a /turf/unsimulated/floor/verticalasphaltinnermain
[05:29:13]ADMIN: BartNixon/(Leeann Briggs) created a /turf/unsimulated/floor/verticalasphaltinnermain
[05:29:14]ADMIN: BartNixon/(Leeann Briggs) created a /turf/unsimulated/floor/verticalasphaltinnermain
[05:29:15]ADMIN: BartNixon/(Leeann Briggs) created a /turf/unsimulated/floor/verticalasphaltinnermain
[05:29:16]ADMIN: BartNixon/(Leeann Briggs) created a /turf/unsimulated/floor/verticalasphaltinnermain
[05:29:17]ADMIN: BartNixon/(Leeann Briggs) created a /turf/unsimulated/floor/verticalasphaltinnermain
[05:29:18]ADMIN: BartNixon/(Leeann Briggs) created a /turf/unsimulated/floor/verticalasphaltinnermain
[05:29:20]ADMIN: BartNixon/(Leeann Briggs) created a /turf/unsimulated/floor/verticalasphaltrightborderleft
[05:29:21]ADMIN: BartNixon/(Leeann Briggs) created a /turf/unsimulated/floor/verticalasphaltrightborderleft
[05:29:22]ADMIN: BartNixon/(Leeann Briggs) created a /turf/unsimulated/floor/verticalasphaltrightborderleft
[05:29:24]ADMIN: BartNixon/(Leeann Briggs) created a /turf/unsimulated/floor/verticalasphaltrightborderleft
[05:29:25]ADMIN: BartNixon/(Leeann Briggs) created a /turf/unsimulated/floor/verticalasphaltrightborderleft
[05:29:26]ADMIN: BartNixon/(Leeann Briggs) created a /turf/unsimulated/floor/verticalasphaltrightborderleft
[05:29:27]ADMIN: BartNixon/(Leeann Briggs) created a /turf/unsimulated/floor/verticalasphaltrightborderleft
[05:29:29]ADMIN: BartNixon/(Leeann Briggs) created a /turf/unsimulated/floor/verticalasphaltrightborderright
[05:29:30]ADMIN: BartNixon/(Leeann Briggs) created a /turf/unsimulated/floor/verticalasphaltrightborderright
[05:29:31]ADMIN: BartNixon/(Leeann Briggs) created a /turf/unsimulated/floor/verticalasphaltrightborderright
[05:29:33]ADMIN: BartNixon/(Leeann Briggs) created a /turf/unsimulated/floor/verticalasphaltrightborderright
[05:29:34]ADMIN: BartNixon/(Leeann Briggs) created a /turf/unsimulated/floor/verticalasphaltrightborderright
[05:29:35]ADMIN: BartNixon/(Leeann Briggs) created a /turf/unsimulated/floor/verticalasphaltrightborderright
[05:29:36]ADMIN: BartNixon/(Leeann Briggs) created a /turf/unsimulated/floor/verticalasphaltrightborderright
[05:29:36]EMOTE: monkey (481)/ : <B>The monkey (481)</B> jumps!
[05:29:40]ADMIN: BartNixon/(Leeann Briggs) created a /turf/unsimulated/floor/verticalasphaltoutermain
[05:29:42]ADMIN: BartNixon/(Leeann Briggs) created a /turf/unsimulated/floor/verticalasphaltoutermain
[05:29:43]ADMIN: BartNixon/(Leeann Briggs) created a /turf/unsimulated/floor/verticalasphaltoutermain
[05:29:45]ADMIN: BartNixon/(Leeann Briggs) created a /turf/unsimulated/floor/verticalasphaltoutermain
[05:29:46]ADMIN: BartNixon/(Leeann Briggs) created a /turf/unsimulated/floor/verticalasphaltoutermain
[05:29:47]ADMIN: BartNixon/(Leeann Briggs) created a /turf/unsimulated/floor/verticalasphaltoutermain
[05:29:56]EMOTE: Poly/ : <B>Poly</B> looks in the cigarette packet's direction and takes flight.
[05:29:59]ADMIN: BartNixon/(Leeann Briggs) modified road's icon_state to horizontalasphaltinnermain1
[05:30:10]ADMIN: BartNixon/(Leeann Briggs) modified road's icon_state to verticalasphaltleftborderright2
[05:30:27]ADMIN: BartNixon/(Leeann Briggs) modified road's icon_state to verticalasphaltleftborderright2top
[05:30:41]EMOTE: mouse/ : <B>The mouse</B> squeeks
[05:30:42]ADMIN: BartNixon/(Leeann Briggs) modified road's icon_state to verticalasphaltleftborderright2bottom
[05:30:45]SAY: mouse/ : SQUEEK!
[05:30:51]EMOTE: Poly/ : <B>Poly</B> looks in the monitor decryption key's direction and takes flight.
[05:30:54]ADMIN: BartNixon/(Leeann Briggs) modified road's icon_state to verticalasphaltinnermain1
[05:31:05]ADMIN: BartNixon/(Leeann Briggs) modified road's icon_state to verticalasphaltleftborderleft3
[05:31:23]EMOTE: mouse/ : <B>The mouse</B> runs in a circle
[05:31:23]EMOTE: monkey (870)/ : <B>The monkey (870)</B> jumps!
[05:31:25]ADMIN: BartNixon/(Leeann Briggs) modified road's icon_state to verticalasphaltoutermain2
[05:31:29]ADMIN: BartNixon/(Leeann Briggs) modified road's icon_state to verticalasphaltoutermain1
[05:31:39]EMOTE: monkey (403)/ : <B>The monkey (403)</B> jumps!
[05:31:41]ADMIN: BartNixon/(Leeann Briggs) modified road's icon_state to verticalasphaltleftborderleft2top
[05:31:47]EMOTE: Poly/ : <B>Poly</B> looks in the monitor decryption key's direction and takes flight.
[05:31:49]EMOTE: monkey (403)/ : <B>The monkey (403)</B> jumps!
[05:31:52]ADMIN: BartNixon/(Leeann Briggs) modified road's icon_state to verticalasphaltleftborderleft2bottom
[05:32:07]ADMIN: BartNixon/(Leeann Briggs) spawned /turf/unsimulated/floor/wasteland at (14,128,1)
[05:32:17]ADMIN: BartNixon/(Leeann Briggs) has entered build mode.
[05:32:20]ADMIN: Build Mode: BartNixon/(Leeann Briggs) modified space (13,128,1) to /turf/unsimulated/floor/wasteland
[05:32:21]ADMIN: Build Mode: BartNixon/(Leeann Briggs) modified space (12,128,1) to /turf/unsimulated/floor/wasteland
[05:32:21]ADMIN: Build Mode: BartNixon/(Leeann Briggs) modified the wasteland (12,128,1) to /turf/unsimulated/floor/wasteland
[05:32:21]ADMIN: Build Mode: BartNixon/(Leeann Briggs) modified space (11,128,1) to /turf/unsimulated/floor/wasteland
[05:32:22]ADMIN: Build Mode: BartNixon/(Leeann Briggs) modified space (10,128,1) to /turf/unsimulated/floor/wasteland
[05:32:22]ADMIN: Build Mode: BartNixon/(Leeann Briggs) modified space (9,128,1) to /turf/unsimulated/floor/wasteland
[05:32:22]ADMIN: Build Mode: BartNixon/(Leeann Briggs) modified space (8,128,1) to /turf/unsimulated/floor/wasteland
[05:32:22]ADMIN: Build Mode: BartNixon/(Leeann Briggs) modified space (6,128,1) to /turf/unsimulated/floor/wasteland
[05:32:23]ADMIN: Build Mode: BartNixon/(Leeann Briggs) modified space (7,128,1) to /turf/unsimulated/floor/wasteland
[05:32:23]ADMIN: Build Mode: BartNixon/(Leeann Briggs) modified space (7,127,1) to /turf/unsimulated/floor/wasteland
[05:32:24]ADMIN: Build Mode: BartNixon/(Leeann Briggs) modified space (9,127,1) to /turf/unsimulated/floor/wasteland
[05:32:24]ADMIN: Build Mode: BartNixon/(Leeann Briggs) modified the wasteland (9,127,1) to /turf/unsimulated/floor/wasteland
[05:32:24]ADMIN: Build Mode: BartNixon/(Leeann Briggs) modified space (8,127,1) to /turf/unsimulated/floor/wasteland
[05:32:26]ADMIN: Build Mode: BartNixon/(Leeann Briggs) modified space (10,127,1) to /turf/unsimulated/floor/wasteland
[05:32:26]ADMIN: Build Mode: BartNixon/(Leeann Briggs) modified space (11,127,1) to /turf/unsimulated/floor/wasteland
[05:32:26]ADMIN: Build Mode: BartNixon/(Leeann Briggs) modified space (12,127,1) to /turf/unsimulated/floor/wasteland
[05:32:27]ADMIN: Build Mode: BartNixon/(Leeann Briggs) modified space (13,127,1) to /turf/unsimulated/floor/wasteland
[05:32:27]ADMIN: Build Mode: BartNixon/(Leeann Briggs) modified space (14,127,1) to /turf/unsimulated/floor/wasteland
[05:32:27]ADMIN: Build Mode: BartNixon/(Leeann Briggs) modified the wasteland (14,127,1) to /turf/unsimulated/floor/wasteland
[05:32:27]ADMIN: Build Mode: BartNixon/(Leeann Briggs) modified space (14,126,1) to /turf/unsimulated/floor/wasteland
[05:32:28]ADMIN: Build Mode: BartNixon/(Leeann Briggs) modified space (14,125,1) to /turf/unsimulated/floor/wasteland
[05:32:28]ADMIN: Build Mode: BartNixon/(Leeann Briggs) modified space (14,124,1) to /turf/unsimulated/floor/wasteland
[05:32:28]ADMIN: Build Mode: BartNixon/(Leeann Briggs) modified the wasteland (14,124,1) to /turf/unsimulated/floor/wasteland
[05:32:29]ADMIN: Build Mode: BartNixon/(Leeann Briggs) modified space (13,124,1) to /turf/unsimulated/floor/wasteland
[05:32:29]ADMIN: Build Mode: BartNixon/(Leeann Briggs) modified space (13,126,1) to /turf/unsimulated/floor/wasteland
[05:32:29]ADMIN: Build Mode: BartNixon/(Leeann Briggs) modified the wasteland (13,126,1) to /turf/unsimulated/floor/wasteland
[05:32:30]ADMIN: Build Mode: BartNixon/(Leeann Briggs) modified space (13,125,1) to /turf/unsimulated/floor/wasteland
[05:32:30]ADMIN: Build Mode: BartNixon/(Leeann Briggs) modified space (12,124,1) to /turf/unsimulated/floor/wasteland
[05:32:30]ADMIN: Build Mode: BartNixon/(Leeann Briggs) modified the wasteland (12,124,1) to /turf/unsimulated/floor/wasteland
[05:32:31]ADMIN: Build Mode: BartNixon/(Leeann Briggs) modified space (12,126,1) to /turf/unsimulated/floor/wasteland
[05:32:31]ADMIN: Build Mode: BartNixon/(Leeann Briggs) modified space (12,125,1) to /turf/unsimulated/floor/wasteland
[05:32:32]ADMIN: Build Mode: BartNixon/(Leeann Briggs) modified the wasteland (12,126,1) to /turf/unsimulated/floor/wasteland
[05:32:32]ADMIN: Build Mode: BartNixon/(Leeann Briggs) modified space (11,125,1) to /turf/unsimulated/floor/wasteland
[05:32:32]ADMIN: Build Mode: BartNixon/(Leeann Briggs) modified the wasteland (11,125,1) to /turf/unsimulated/floor/wasteland
[05:32:32]ADMIN: Build Mode: BartNixon/(Leeann Briggs) modified space (11,124,1) to /turf/unsimulated/floor/wasteland
[05:32:32]ADMIN: Build Mode: BartNixon/(Leeann Briggs) modified the wasteland (11,124,1) to /turf/unsimulated/floor/wasteland
[05:32:33]ADMIN: Build Mode: BartNixon/(Leeann Briggs) modified space (11,126,1) to /turf/unsimulated/floor/wasteland
[05:32:33]ADMIN: Build Mode: BartNixon/(Leeann Briggs) modified space (10,126,1) to /turf/unsimulated/floor/wasteland
[05:32:34]ADMIN: Build Mode: BartNixon/(Leeann Briggs) modified space (10,125,1) to /turf/unsimulated/floor/wasteland
[05:32:34]ADMIN: Build Mode: BartNixon/(Leeann Briggs) modified space (10,124,1) to /turf/unsimulated/floor/wasteland
[05:32:34]ADMIN: Build Mode: BartNixon/(Leeann Briggs) modified the wasteland (10,124,1) to /turf/unsimulated/floor/wasteland
[05:32:34]ADMIN: Build Mode: BartNixon/(Leeann Briggs) modified space (9,124,1) to /turf/unsimulated/floor/wasteland
[05:32:35]ADMIN: Build Mode: BartNixon/(Leeann Briggs) modified space (9,126,1) to /turf/unsimulated/floor/wasteland
[05:32:35]ADMIN: Build Mode: BartNixon/(Leeann Briggs) modified the wasteland (9,126,1) to /turf/unsimulated/floor/wasteland
[05:32:35]ADMIN: Build Mode: BartNixon/(Leeann Briggs) modified space (9,125,1) to /turf/unsimulated/floor/wasteland
[05:32:36]ADMIN: Build Mode: BartNixon/(Leeann Briggs) modified space (8,126,1) to /turf/unsimulated/floor/wasteland
[05:32:36]ADMIN: Build Mode: BartNixon/(Leeann Briggs) modified space (8,124,1) to /turf/unsimulated/floor/wasteland
[05:32:37]ADMIN: Build Mode: BartNixon/(Leeann Briggs) modified the wasteland (8,124,1) to /turf/unsimulated/floor/wasteland
[05:32:37]ADMIN: Build Mode: BartNixon/(Leeann Briggs) modified space (8,125,1) to /turf/unsimulated/floor/wasteland
[05:32:37]ADMIN: Build Mode: BartNixon/(Leeann Briggs) modified space (7,124,1) to /turf/unsimulated/floor/wasteland
[05:32:37]ADMIN: Build Mode: BartNixon/(Leeann Briggs) modified the wasteland (7,124,1) to /turf/unsimulated/floor/wasteland
[05:32:38]ADMIN: Build Mode: BartNixon/(Leeann Briggs) modified space (7,125,1) to /turf/unsimulated/floor/wasteland
[05:32:38]ADMIN: Build Mode: BartNixon/(Leeann Briggs) modified space (7,126,1) to /turf/unsimulated/floor/wasteland
[05:32:38]ADMIN: Build Mode: BartNixon/(Leeann Briggs) modified the wasteland (7,126,1) to /turf/unsimulated/floor/wasteland
[05:32:39]ADMIN: Build Mode: BartNixon/(Leeann Briggs) modified space (6,126,1) to /turf/unsimulated/floor/wasteland
[05:32:39]ADMIN: Build Mode: BartNixon/(Leeann Briggs) modified the wasteland (6,126,1) to /turf/unsimulated/floor/wasteland
[05:32:39]ADMIN: Build Mode: BartNixon/(Leeann Briggs) modified space (6,127,1) to /turf/unsimulated/floor/wasteland
[05:32:40]ADMIN: Build Mode: BartNixon/(Leeann Briggs) modified space (6,124,1) to /turf/unsimulated/floor/wasteland
[05:32:41]ADMIN: Build Mode: BartNixon/(Leeann Briggs) modified space (6,125,1) to /turf/unsimulated/floor/wasteland
[05:32:41]ADMIN: Build Mode: BartNixon/(Leeann Briggs) modified space (6,129,1) to /turf/unsimulated/floor/wasteland
[05:32:42]ADMIN: Build Mode: BartNixon/(Leeann Briggs) modified space (6,130,1) to /turf/unsimulated/floor/wasteland
[05:32:42]ADMIN: Build Mode: BartNixon/(Leeann Briggs) modified space (6,131,1) to /turf/unsimulated/floor/wasteland
[05:32:42]ADMIN: Build Mode: BartNixon/(Leeann Briggs) modified space (6,133,1) to /turf/unsimulated/floor/wasteland
[05:32:43]ADMIN: Build Mode: BartNixon/(Leeann Briggs) modified space (6,134,1) to /turf/unsimulated/floor/wasteland
[05:32:43]ADMIN: Build Mode: BartNixon/(Leeann Briggs) modified space (6,132,1) to /turf/unsimulated/floor/wasteland
[05:32:44]EMOTE: Poly/ : <B>Poly</B> looks in the Zippo lighter's direction and takes flight.
[05:32:45]ADMIN: Build Mode: BartNixon/(Leeann Briggs) modified space (16,131,1) to /turf/unsimulated/floor/wasteland
[05:32:45]ADMIN: Build Mode: BartNixon/(Leeann Briggs) modified space (17,131,1) to /turf/unsimulated/floor/wasteland
[05:32:45]ADMIN: Build Mode: BartNixon/(Leeann Briggs) modified space (18,131,1) to /turf/unsimulated/floor/wasteland
[05:32:46]ADMIN: Build Mode: BartNixon/(Leeann Briggs) modified space (19,131,1) to /turf/unsimulated/floor/wasteland
[05:32:46]ADMIN: Build Mode: BartNixon/(Leeann Briggs) modified space (20,131,1) to /turf/unsimulated/floor/wasteland
[05:32:46]ADMIN: Build Mode: BartNixon/(Leeann Briggs) modified the wasteland (20,131,1) to /turf/unsimulated/floor/wasteland
[05:32:47]ADMIN: Build Mode: BartNixon/(Leeann Briggs) modified space (20,132,1) to /turf/unsimulated/floor/wasteland
[05:32:47]ADMIN: Build Mode: BartNixon/(Leeann Briggs) modified the wasteland (20,132,1) to /turf/unsimulated/floor/wasteland
[05:32:47]ADMIN: Build Mode: BartNixon/(Leeann Briggs) modified space (19,132,1) to /turf/unsimulated/floor/wasteland
[05:32:47]ADMIN: Build Mode: BartNixon/(Leeann Briggs) modified space (17,132,1) to /turf/unsimulated/floor/wasteland
[05:32:48]ADMIN: Build Mode: BartNixon/(Leeann Briggs) modified the wasteland (17,132,1) to /turf/unsimulated/floor/wasteland
[05:32:48]ADMIN: Build Mode: BartNixon/(Leeann Briggs) modified space (18,132,1) to /turf/unsimulated/floor/wasteland
[05:32:48]ADMIN: Build Mode: BartNixon/(Leeann Briggs) modified space (16,132,1) to /turf/unsimulated/floor/wasteland
[05:32:49]ADMIN: Build Mode: BartNixon/(Leeann Briggs) modified space (16,133,1) to /turf/unsimulated/floor/wasteland
[05:32:49]ADMIN: Build Mode: BartNixon/(Leeann Briggs) modified space (17,133,1) to /turf/unsimulated/floor/wasteland
[05:32:49]ADMIN: Build Mode: BartNixon/(Leeann Briggs) modified space (18,133,1) to /turf/unsimulated/floor/wasteland
[05:32:50]ADMIN: Build Mode: BartNixon/(Leeann Briggs) modified space (19,133,1) to /turf/unsimulated/floor/wasteland
[05:32:50]ADMIN: Build Mode: BartNixon/(Leeann Briggs) modified space (20,133,1) to /turf/unsimulated/floor/wasteland
[05:32:50]ADMIN: Build Mode: BartNixon/(Leeann Briggs) modified space (20,134,1) to /turf/unsimulated/floor/wasteland
[05:32:51]ADMIN: Build Mode: BartNixon/(Leeann Briggs) modified the wasteland (20,134,1) to /turf/unsimulated/floor/wasteland
[05:32:51]ADMIN: Build Mode: BartNixon/(Leeann Briggs) modified space (19,134,1) to /turf/unsimulated/floor/wasteland
[05:32:51]ADMIN: Build Mode: BartNixon/(Leeann Briggs) modified space (18,134,1) to /turf/unsimulated/floor/wasteland
[05:32:51]ADMIN: Build Mode: BartNixon/(Leeann Briggs) modified the wasteland (18,134,1) to /turf/unsimulated/floor/wasteland
[05:32:52]ADMIN: Build Mode: BartNixon/(Leeann Briggs) modified space (16,134,1) to /turf/unsimulated/floor/wasteland
[05:32:52]ADMIN: Build Mode: BartNixon/(Leeann Briggs) modified space (17,134,1) to /turf/unsimulated/floor/wasteland
[05:32:54]SAY: mouse/ : Squeek!
[05:32:54]ADMIN: Build Mode: BartNixon/(Leeann Briggs) modified space (6,135,1) to /turf/unsimulated/floor/wasteland
[05:32:54]ADMIN: Build Mode: BartNixon/(Leeann Briggs) modified space (7,135,1) to /turf/unsimulated/floor/wasteland
[05:32:54]ADMIN: Build Mode: BartNixon/(Leeann Briggs) modified space (8,135,1) to /turf/unsimulated/floor/wasteland
[05:32:56]ADMIN: Build Mode: BartNixon/(Leeann Briggs) modified space (6,136,1) to /turf/unsimulated/floor/wasteland
[05:32:56]ADMIN: Build Mode: BartNixon/(Leeann Briggs) modified space (7,136,1) to /turf/unsimulated/floor/wasteland
[05:32:57]ADMIN: Build Mode: BartNixon/(Leeann Briggs) modified space (9,136,1) to /turf/unsimulated/floor/wasteland
[05:32:57]ADMIN: Build Mode: BartNixon/(Leeann Briggs) modified space (8,136,1) to /turf/unsimulated/floor/wasteland
[05:32:58]ADMIN: Build Mode: BartNixon/(Leeann Briggs) modified the wasteland (9,136,1) to /turf/unsimulated/floor/wasteland
[05:32:58]ADMIN: Build Mode: BartNixon/(Leeann Briggs) modified space (9,135,1) to /turf/unsimulated/floor/wasteland
[05:32:58]ADMIN: Build Mode: BartNixon/(Leeann Briggs) modified space (10,135,1) to /turf/unsimulated/floor/wasteland
[05:32:58]ADMIN: Build Mode: BartNixon/(Leeann Briggs) modified the wasteland (10,135,1) to /turf/unsimulated/floor/wasteland
[05:32:58]ADMIN: Build Mode: BartNixon/(Leeann Briggs) modified space (10,136,1) to /turf/unsimulated/floor/wasteland
[05:32:59]ADMIN: Build Mode: BartNixon/(Leeann Briggs) modified the wasteland (10,136,1) to /turf/unsimulated/floor/wasteland
[05:32:59]ADMIN: Build Mode: BartNixon/(Leeann Briggs) modified space (11,136,1) to /turf/unsimulated/floor/wasteland
[05:32:59]ADMIN: Build Mode: BartNixon/(Leeann Briggs) modified space (11,135,1) to /turf/unsimulated/floor/wasteland
[05:33:00]ADMIN: Build Mode: BartNixon/(Leeann Briggs) modified space (12,135,1) to /turf/unsimulated/floor/wasteland
[05:33:00]ADMIN: Build Mode: BartNixon/(Leeann Briggs) modified space (12,136,1) to /turf/unsimulated/floor/wasteland
[05:33:00]ADMIN: Build Mode: BartNixon/(Leeann Briggs) modified space (13,136,1) to /turf/unsimulated/floor/wasteland
[05:33:00]ADMIN: Build Mode: BartNixon/(Leeann Briggs) modified space (13,135,1) to /turf/unsimulated/floor/wasteland
[05:33:01]ADMIN: Build Mode: BartNixon/(Leeann Briggs) modified the wasteland (13,135,1) to /turf/unsimulated/floor/wasteland
[05:33:01]ADMIN: Build Mode: BartNixon/(Leeann Briggs) modified space (14,135,1) to /turf/unsimulated/floor/wasteland
[05:33:01]ADMIN: Build Mode: BartNixon/(Leeann Briggs) modified space (14,136,1) to /turf/unsimulated/floor/wasteland
[05:33:02]ADMIN: Build Mode: BartNixon/(Leeann Briggs) modified space (15,136,1) to /turf/unsimulated/floor/wasteland
[05:33:02]ADMIN: Build Mode: BartNixon/(Leeann Briggs) modified space (15,135,1) to /turf/unsimulated/floor/wasteland
[05:33:02]ADMIN: Build Mode: BartNixon/(Leeann Briggs) modified the wasteland (15,135,1) to /turf/unsimulated/floor/wasteland
[05:33:02]ADMIN: Build Mode: BartNixon/(Leeann Briggs) modified space (16,135,1) to /turf/unsimulated/floor/wasteland
[05:33:02]ADMIN: Build Mode: BartNixon/(Leeann Briggs) modified the wasteland (16,135,1) to /turf/unsimulated/floor/wasteland
[05:33:03]ADMIN: Build Mode: BartNixon/(Leeann Briggs) modified space (16,136,1) to /turf/unsimulated/floor/wasteland
[05:33:03]ADMIN: Build Mode: BartNixon/(Leeann Briggs) modified space (17,135,1) to /turf/unsimulated/floor/wasteland
[05:33:03]SAY: mouse/ : SQUEEK!
[05:33:03]ADMIN: Build Mode: BartNixon/(Leeann Briggs) modified the wasteland (17,135,1) to /turf/unsimulated/floor/wasteland
[05:33:04]ADMIN: Build Mode: BartNixon/(Leeann Briggs) modified space (17,136,1) to /turf/unsimulated/floor/wasteland
[05:33:04]ADMIN: Build Mode: BartNixon/(Leeann Briggs) modified space (18,136,1) to /turf/unsimulated/floor/wasteland
[05:33:04]ADMIN: Build Mode: BartNixon/(Leeann Briggs) modified space (18,135,1) to /turf/unsimulated/floor/wasteland
[05:33:05]ADMIN: Build Mode: BartNixon/(Leeann Briggs) modified space (19,135,1) to /turf/unsimulated/floor/wasteland
[05:33:05]ADMIN: Build Mode: BartNixon/(Leeann Briggs) modified space (19,136,1) to /turf/unsimulated/floor/wasteland
[05:33:05]ADMIN: Build Mode: BartNixon/(Leeann Briggs) modified space (20,136,1) to /turf/unsimulated/floor/wasteland
[05:33:06]ADMIN: Build Mode: BartNixon/(Leeann Briggs) modified space (20,135,1) to /turf/unsimulated/floor/wasteland
[05:33:07]ADMIN: BartNixon/(Leeann Briggs) has left build mode.
[05:33:09]EMOTE: monkey (481)/ : <B>The monkey (481)</B> jumps!
[05:33:25]ADMIN: BartNixon/(Leeann Briggs) modified road's icon_state to verticalasphaltleftborderrighttop
[05:33:27]EMOTE: monkey (749)/ : <B>The monkey (749)</B> jumps!
[05:33:35]SAY: mouse/ : SQUEEK!
[05:33:37]ADMIN: BartNixon/(Leeann Briggs) modified road's icon_state to verticalasphaltinnermaintop
[05:33:46]ADMIN: BartNixon/(Leeann Briggs) modified road's icon_state to verticalasphaltrightborderlefttop
[05:33:47]EMOTE: mouse/ : <B>The mouse</B> runs in a circle
[05:33:56]ADMIN: BartNixon/(Leeann Briggs) modified road's icon_state to verticalasphaltrightborderrighttop
[05:34:06]ADMIN: BartNixon/(Leeann Briggs) modified road's icon_state to verticalasphaltleftborderlefttop
[05:34:11]EMOTE: Poly/ : <B>Poly</B> looks in the Zippo lighter's direction and takes flight.
[05:34:13]SAY: mouse/ : Squeek?
[05:34:13]EMOTE: Poly/ : <B>Poly</B> flutters its wings.
[05:34:17]ADMIN: BartNixon/(Leeann Briggs) modified road's icon_state to horizontalasphaltbottomborderbottomright
[05:34:40]SAY: mouse/ : Squeek?
[05:34:54]ADMIN: BartNixon/(Leeann Briggs) modified road's icon_state to horizontalasphaltbottombordertopright
[05:35:05]ADMIN: BartNixon/(Leeann Briggs) modified road's icon_state to horizontalasphaltinnermainright
[05:35:06]EMOTE: Poly/ : <B>Poly</B> looks in the chief engineer's rubber stamp's direction and takes flight.
[05:35:15]ADMIN: BartNixon/(Leeann Briggs) modified road's icon_state to horizontalasphalttopborderbottomright
[05:35:25]ADMIN: BartNixon/(Leeann Briggs) modified road's icon_state to horizontalasphalttopbordertopright
[05:35:28]EMOTE: monkey (254)/ : <B>The monkey (254)</B> jumps!
[05:35:36]ADMIN: BartNixon/(Leeann Briggs) modified road's icon_state to horizontalasphaltinnermain3
[05:35:40]SAY: mouse/ : Squeek?
[05:35:44]ADMIN: BartNixon/(Leeann Briggs) modified road's icon_state to horizontalasphalttopborderbottom2
[05:35:52]ADMIN: BartNixon/(Leeann Briggs) modified road's icon_state to horizontalasphaltbottombordertop2
[05:36:14]EMOTE: Poly/ : <B>Poly</B> looks in the chief engineer's rubber stamp's direction and takes flight.
[05:36:14]SAY: mouse/ : Squeek?
[05:36:16]SAY: mouse/ : SQUEEK!
[05:36:18]SAY: mouse/ : Squeek?
[05:36:21]ADMIN: BartNixon/(Leeann Briggs) modified road's icon_state to horizontalasphaltbottomborderbottom0
[05:36:39]ADMIN: BartNixon/(Leeann Briggs) created a /turf/unsimulated/floor/housefloor
[05:36:40]ADMIN: BartNixon/(Leeann Briggs) created a /turf/unsimulated/floor/housefloor
[05:36:41]ADMIN: BartNixon/(Leeann Briggs) created a /turf/unsimulated/floor/housefloor
[05:36:42]ADMIN: BartNixon/(Leeann Briggs) created a /turf/unsimulated/floor/housefloor
[05:36:43]ADMIN: BartNixon/(Leeann Briggs) created a /turf/unsimulated/floor/housefloor
[05:36:44]ADMIN: BartNixon/(Leeann Briggs) created a /turf/unsimulated/floor/housefloor
[05:36:46]ADMIN: BartNixon/(Leeann Briggs) created a /turf/unsimulated/floor/housebase
[05:36:48]ADMIN: BartNixon/(Leeann Briggs) created a /turf/unsimulated/floor/housebase
[05:36:49]ADMIN: BartNixon/(Leeann Briggs) created a /turf/unsimulated/floor/housebase
[05:36:53]SAY: mouse/ : Squeek?
[05:36:57]SAY: mouse/ : Squeek!
[05:37:05]SAY: mouse/ : Squeek!
[05:37:09]EMOTE: Poly/ : <B>Poly</B> looks in the Power-ON cartridge's direction and takes flight.
[05:37:13]SAY: mouse/ : Squeek?
[05:37:17]EMOTE: monkey (159)/ : <B>The monkey (159)</B> jumps!
[05:37:21]EMOTE: monkey (481)/ : <B>The monkey (481)</B> jumps!
[05:37:23]EMOTE: mouse/ : <B>The mouse</B> shakes
[05:37:33]SAY: mouse/ : SQUEEK!
[05:37:45]ACCESS: Logout: BartNixon[DC]/(Leeann Briggs)
