

Starting up. 05:15.06
---------------------


Starting up. 05:39.01
---------------------


Starting up. 06:35.44
---------------------


Starting up. 17:56.54
---------------------
[18:05:00]ATTACK: <font color='red'>Jason Nud(ideee) attacked Gilroy Rudah(bartnixon) with C-20r SMG(INTENT: HARM) (DAMTYE: BRUTE)</font>
[18:05:23]ATTACK: <font color='red'>Jason Nud(ideee) attacked Gilroy Rudah(bartnixon) with Stechkin pistol(INTENT: HARM) (DAMTYE: BRUTE)</font>


Starting up. 18:09.30
---------------------
[18:24:15]ATTACK: <font color='red'>Spencer Tedrow(headcrabko) hit Jason Nud(ideee) with The wrench</font>
[18:24:17]ATTACK: <font color='red'>Spencer Tedrow(headcrabko) shaked Jason Nud(ideee) </font>
[18:24:23]ATTACK: <font color='red'>Spencer Tedrow(headcrabko) hit Jason Nud(ideee) with The wrench</font>
[18:24:33]ATTACK: <font color='red'>Spencer Tedrow(headcrabko) hit Spencer Tedrow(headcrabko) with The wrench</font>
[18:24:36]ATTACK: <font color='red'>Jason Nud(ideee) shot Spencer Tedrow(headcrabko) with The bullet</font>
[18:24:36]ATTACK: <font color='red'>Jason Nud(ideee) shot Spencer Tedrow(headcrabko) with The bullet</font>
[18:24:37]ATTACK: <font color='red'>Jason Nud(ideee) shot Spencer Tedrow(headcrabko) with The bullet</font>
[18:24:37]ATTACK: <font color='red'>Jason Nud(ideee) shot Spencer Tedrow(headcrabko) with The bullet</font>
[18:27:09]ATTACK: <font color='red'>Jason Nud(ideee) disarmed Spencer Tedrow(headcrabko) </font>
[18:27:12]ATTACK: <font color='red'>Jason Nud(ideee) shaked Spencer Tedrow(headcrabko) </font>
[18:27:14]ATTACK: <font color='red'>Jason Nud(ideee) disarmed Spencer Tedrow(headcrabko) </font>
[18:27:16]ATTACK: <font color='red'>Jason Nud(ideee) shaked Spencer Tedrow(headcrabko) </font>
[18:27:17]ATTACK: <font color='red'>Jason Nud(ideee) disarmed Spencer Tedrow(headcrabko) </font>
[18:27:18]ATTACK: <font color='red'>Jason Nud(ideee) shaked Spencer Tedrow(headcrabko) </font>
[18:27:19]ATTACK: <font color='red'>Jason Nud(ideee) disarmed Spencer Tedrow(headcrabko) </font>
[18:27:20]ATTACK: <font color='red'>Jason Nud(ideee) disarmed Spencer Tedrow(headcrabko) </font>
[18:27:21]ATTACK: <font color='red'>Jason Nud(ideee) shaked Spencer Tedrow(headcrabko) </font>
[18:27:50]ATTACK: <font color='red'>Jason Nud(ideee) attacked Spencer Tedrow(headcrabko) with C-20r SMG(INTENT: HARM) (DAMTYE: BRUTE)</font>
[18:28:39]ATTACK: <font color='red'>Spencer Tedrow(headcrabko) disarmed Jason Nud(ideee) </font>
[18:28:42]ATTACK: <font color='red'>Jason Nud(ideee) disarmed Jason Nud(ideee) </font>
[18:28:43]ATTACK: <font color='red'>Spencer Tedrow(headcrabko) disarmed Jason Nud(ideee) </font>
[18:28:43]ATTACK: <font color='red'>Jason Nud(ideee) disarmed Jason Nud(ideee) </font>
[18:28:44]ATTACK: <font color='red'>Jason Nud(ideee) disarmed Jason Nud(ideee) </font>
[18:28:44]ATTACK: <font color='red'>Spencer Tedrow(headcrabko) disarmed Jason Nud(ideee) </font>
[18:28:45]ATTACK: <font color='red'>Jason Nud(ideee) disarmed Jason Nud(ideee) </font>
[18:28:45]ATTACK: <font color='red'>Spencer Tedrow(headcrabko) disarmed Jason Nud(ideee) </font>
[18:28:45]ATTACK: <font color='red'>Jason Nud(ideee) disarmed Jason Nud(ideee) </font>
[18:28:46]ATTACK: <font color='red'>Spencer Tedrow(headcrabko) disarmed Jason Nud(ideee) </font>
[18:28:46]ATTACK: <font color='red'>Jason Nud(ideee) disarmed Jason Nud(ideee) </font>
[18:28:47]ATTACK: <font color='red'>Spencer Tedrow(headcrabko) disarmed Jason Nud(ideee) </font>
[18:28:50]ATTACK: <font color='red'>Spencer Tedrow(headcrabko) grabbed Jason Nud(ideee) passively</font>
[18:28:52]ATTACK: <font color='red'>Jason Nud(ideee) disarmed Jason Nud(ideee) </font>
[18:28:53]ATTACK: <font color='red'>Jason Nud(ideee) disarmed Jason Nud(ideee) </font>
[18:28:54]ATTACK: <font color='red'>Jason Nud(ideee) disarmed Jason Nud(ideee) </font>
[18:28:55]ATTACK: <font color='red'>Jason Nud(ideee) disarmed Jason Nud(ideee) </font>
[18:28:59]ATTACK: <font color='red'>Jason Nud(ideee) shot Grant Gibson(lydee) with The bullet</font>
[18:29:03]ATTACK: <font color='red'>Spencer Tedrow(headcrabko) shot Grant Gibson(lydee) with The pulse</font>
[18:29:07]ATTACK: <font color='red'>Spencer Tedrow(headcrabko) shot Grant Gibson(lydee) with The pulse</font>
[18:29:13]ATTACK: <font color='red'>Spencer Tedrow(headcrabko) shot Jason Nud(ideee) with The electrode</font>
[18:29:13]ATTACK: <font color='red'>Jason Nud(ideee) shot Spencer Tedrow(headcrabko) with The electrode</font>
[18:29:16]ATTACK: <font color='red'>Jason Nud(ideee) hit Poly with The energy combat shield</font>
[18:29:23]ATTACK: <font color='red'>Jason Nud(ideee) hit Poly with The energy combat shield</font>
[18:29:23]ATTACK: <font color='red'>Jason Nud(ideee) hit Spencer Tedrow(headcrabko) with The energy combat shield</font>
[18:30:00]ATTACK: <font color='red'>Jason Nud(ideee) hit Grant Gibson(lydee) with The energy combat shield</font>
[18:30:09]ATTACK: <font color='red'>Grant Gibson(lydee) shot Jason Nud(ideee) with The electrode</font>
[18:30:09]ATTACK: <font color='red'>Jason Nud(ideee) shot Spencer Tedrow(headcrabko) with The electrode</font>
[18:30:10]ATTACK: <font color='red'>Grant Gibson(lydee) shot Jason Nud(ideee) with The electrode</font>
[18:30:10]ATTACK: <font color='red'>Grant Gibson(lydee) shot Jason Nud(ideee) with The electrode</font>
[18:30:11]ATTACK: <font color='red'>Grant Gibson(lydee) shot Jason Nud(ideee) with The electrode</font>
[18:30:12]ATTACK: <font color='red'>Grant Gibson(lydee) shot Jason Nud(ideee) with The electrode</font>
[18:30:12]ATTACK: <font color='red'>Jason Nud(ideee) shot Grant Gibson(lydee) with The electrode</font>
[18:30:12]ATTACK: <font color='red'>Grant Gibson(lydee) shot Jason Nud(ideee) with The electrode</font>
[18:30:13]ATTACK: <font color='red'>Grant Gibson(lydee) shot Jason Nud(ideee) with The electrode</font>
[18:30:13]ATTACK: <font color='red'>Jason Nud(ideee) shot Grant Gibson(lydee) with The electrode</font>
[18:30:13]ATTACK: <font color='red'>Jason Nud(ideee) shot Grant Gibson(lydee) with The electrode</font>
[18:30:13]ATTACK: <font color='red'>Grant Gibson(lydee) shot Jason Nud(ideee) with The electrode</font>
[18:30:13]ATTACK: <font color='red'>Grant Gibson(lydee) shot Jason Nud(ideee) with The electrode</font>
[18:30:14]ATTACK: <font color='red'>Grant Gibson(lydee) shot Jason Nud(ideee) with The electrode</font>
[18:30:15]ATTACK: <font color='red'>Jason Nud(ideee) shot Grant Gibson(lydee) with The electrode</font>
[18:30:16]ATTACK: <font color='red'>Grant Gibson(lydee) shot Jason Nud(ideee) with The electrode</font>
[18:30:16]ATTACK: <font color='red'>Jason Nud(ideee) shot Grant Gibson(lydee) with The electrode</font>
[18:30:16]ATTACK: <font color='red'>Grant Gibson(lydee) shot Jason Nud(ideee) with The electrode</font>
[18:30:18]ATTACK: <font color='red'>Grant Gibson(lydee) shot Jason Nud(ideee) with The laser</font>
[18:30:19]ATTACK: <font color='red'>Grant Gibson(lydee) shot Jason Nud(ideee) with The laser</font>
[18:30:19]ATTACK: <font color='red'>Jason Nud(ideee) shot Grant Gibson(lydee) with The laser</font>
[18:30:19]ATTACK: <font color='red'>Grant Gibson(lydee) shot Spencer Tedrow(headcrabko) with The laser</font>
[18:30:19]ATTACK: <font color='red'>Grant Gibson(lydee) shot Spencer Tedrow(headcrabko) with The laser</font>
[18:30:20]ATTACK: <font color='red'>Grant Gibson(lydee) shot Spencer Tedrow(headcrabko) with The laser</font>
[18:30:20]ATTACK: <font color='red'>Grant Gibson(lydee) shot Spencer Tedrow(headcrabko) with The laser</font>
[18:30:23]ATTACK: <font color='red'>Jason Nud(ideee) shot Grant Gibson(lydee) with The bullet</font>
[18:30:24]ATTACK: <font color='red'>Jason Nud(ideee) shot Grant Gibson(lydee) with The bullet</font>
[18:30:28]ATTACK: <font color='red'>Jason Nud(ideee) shaked Grant Gibson(lydee) </font>
[18:30:32]ATTACK: <font color='red'>Jason Nud(ideee) shot Grant Gibson(lydee) with The bullet</font>
[18:38:39]ATTACK: <font color='red'>Grant Gibson(lydee) shot Spencer Tedrow(headcrabko) with The pulse</font>
[18:40:34]ATTACK: <font color='red'>Grant Gibson(lydee) shot Spencer Tedrow(headcrabko) with The pulse</font>
[18:40:57]ATTACK: <font color='red'>Grant Gibson(lydee) attacked Grant Gibson(lydee) with energy sword(INTENT: HELP) (DAMTYE: BRUTE)</font>
[18:40:59]ATTACK: <font color='red'>Grant Gibson(lydee) attacked Grant Gibson(lydee) with energy sword(INTENT: HELP) (DAMTYE: BRUTE)</font>
[18:41:01]ATTACK: <font color='red'>Grant Gibson(lydee) attacked Grant Gibson(lydee) with energy sword(INTENT: HELP) (DAMTYE: BRUTE)</font>
[18:42:52]ATTACK: <font color='red'>Grant Gibson(lydee) hit Jason Nud(ideee) with The energy sword</font>
[18:42:58]ATTACK: <font color='red'>Jason Nud(ideee) hit Grant Gibson(lydee) with The energy sword</font>
[18:43:07]ATTACK: <font color='red'>Jason Nud(ideee) shot Grant Gibson(lydee) with The bullet</font>
[18:43:08]ATTACK: <font color='red'>Jason Nud(ideee) shot Grant Gibson(lydee) with The bullet</font>
[18:44:05]ATTACK: <font color='red'>Jason Nud(ideee) attacked Grant Gibson(lydee) with energy sword(INTENT: HELP) (DAMTYE: BRUTE)</font>
[18:44:05]ATTACK: <font color='red'>Grant Gibson(lydee) shot Jason Nud(ideee) with The bullet</font>
[18:44:07]ATTACK: <font color='red'>Grant Gibson(lydee) shot Jason Nud(ideee) with The bullet</font>
[18:44:07]ATTACK: <font color='red'>Jason Nud(ideee) attacked Grant Gibson(lydee) with energy sword(INTENT: HELP) (DAMTYE: BRUTE)</font>
[18:44:08]ATTACK: <font color='red'>Grant Gibson(lydee) shot Jason Nud(ideee) with The bullet</font>
[18:44:23]ATTACK: <font color='red'>Grant Gibson(lydee) shot Spencer Tedrow(headcrabko) with The bullet</font>
[18:44:24]ATTACK: <font color='red'>Jason Nud(ideee) shot Spencer Tedrow(headcrabko) with The bullet</font>
[18:44:24]ATTACK: <font color='red'>Jason Nud(ideee) shot Spencer Tedrow(headcrabko) with The bullet</font>
[18:44:25]ATTACK: <font color='red'>Jason Nud(ideee) shot Spencer Tedrow(headcrabko) with The bullet</font>
[18:44:26]ATTACK: <font color='red'>Grant Gibson(lydee) shot Spencer Tedrow(headcrabko) with The bullet</font>
[18:44:37]ATTACK: <font color='red'>Jason Nud(ideee) shot Spencer Tedrow(headcrabko) with The bullet</font>
[18:44:38]ATTACK: <font color='red'>Jason Nud(ideee) shot Spencer Tedrow(headcrabko) with The bullet</font>
[18:44:42]ATTACK: <font color='red'>Jason Nud(ideee) shot Spencer Tedrow(headcrabko) with The bullet</font>
[18:44:43]ATTACK: <font color='red'>Jason Nud(ideee) shot Spencer Tedrow(headcrabko) with The bullet</font>
[18:44:43]ATTACK: <font color='red'>Jason Nud(ideee) shot Spencer Tedrow(headcrabko) with The bullet</font>
[18:44:44]ATTACK: <font color='red'>Jason Nud(ideee) shot Spencer Tedrow(headcrabko) with The bullet</font>
[18:45:35]ATTACK: <font color='red'>Jason Nud(ideee) shot Spencer Tedrow(headcrabko) with The bullet</font>
[18:45:51]ATTACK: <font color='red'>Jason Nud(ideee) shot Spencer Tedrow with The bullet</font>
[18:45:52]ATTACK: <font color='red'>Jason Nud(ideee) shot Spencer Tedrow with The bullet</font>
[18:45:52]ATTACK: <font color='red'>Jason Nud(ideee) shot Spencer Tedrow with The bullet</font>
[18:46:42]ATTACK: <font color='red'>Jason Nud(ideee) shot Spencer Tedrow(headcrabko) with The bullet</font>
[18:46:43]ATTACK: <font color='red'>Jason Nud(ideee) shot Spencer Tedrow(headcrabko) with The bullet</font>
[18:49:02]ATTACK: <font color='red'>Jason Nud(ideee) shot Grant Gibson(lydee) with The bullet</font>
[18:49:11]ATTACK: <font color='red'>Jason Nud(ideee) shot Grant Gibson(lydee) with The bullet</font>
[18:49:24]ATTACK: <font color='red'>Jason Nud(ideee) shot Spencer Tedrow(headcrabko) with The bullet</font>
[18:49:24]ATTACK: <font color='red'>Jason Nud(ideee) shot Spencer Tedrow(headcrabko) with The bullet</font>
[18:49:25]ATTACK: <font color='red'>Jason Nud(ideee) shot Spencer Tedrow(headcrabko) with The bullet</font>
[18:50:16]ATTACK: <font color='red'>Jason Nud(ideee) shot Spencer Tedrow(headcrabko) with The bullet</font>
[18:50:22]ATTACK: <font color='red'>Jason Nud(ideee) shot Spencer Tedrow(headcrabko) with The bullet</font>
[18:50:53]ATTACK: <font color='red'>Jason Nud(ideee) shot Spencer Tedrow(headcrabko) with The bullet</font>
[18:51:12]ATTACK: <font color='red'>Jason Nud(ideee) shaked Grant Gibson(lydee) </font>
[18:51:13]ATTACK: <font color='red'>Jason Nud(ideee) shaked Grant Gibson(lydee) </font>
[18:51:14]ATTACK: <font color='red'>Jason Nud(ideee) shaked Grant Gibson(lydee) </font>
[18:51:16]ATTACK: <font color='red'>Jason Nud(ideee) grabbed Grant Gibson(lydee) passively</font>
[18:51:22]ATTACK: <font color='red'>Jason Nud(ideee) neck-grabbed Grant Gibson(lydee) </font>
[18:51:37]ATTACK: <font color='red'>Jason Nud(ideee) strangled Grant Gibson(lydee) </font>
[18:52:28]ATTACK: <font color='red'>Spencer Tedrow(headcrabko) shot Jason Nud(ideee) with The bullet</font>
[18:52:29]ATTACK: <font color='red'>Spencer Tedrow(headcrabko) shot Jason Nud(ideee) with The bullet</font>
[18:52:30]ATTACK: <font color='red'>Spencer Tedrow(headcrabko) shot Jason Nud(ideee) with The bullet</font>
[18:52:31]ATTACK: <font color='red'>Spencer Tedrow(headcrabko) shot Jason Nud(ideee) with The bullet</font>
[18:52:32]ATTACK: <font color='red'>Spencer Tedrow(headcrabko) shot Jason Nud(ideee) with The bullet</font>
[18:52:33]ATTACK: <font color='red'>Spencer Tedrow(headcrabko) shot Jason Nud(ideee) with The bullet</font>
[18:52:39]ATTACK: <font color='red'>Spencer Tedrow(headcrabko) shot Jason Nud(ideee) with The bullet</font>
[18:52:47]ATTACK: <font color='red'>Jason Nud(ideee) attacked Jason Nud(ideee) with energy combat shield(INTENT: GRAB) (DAMTYE: BRUTE)</font>
[18:52:55]ATTACK: <font color='red'>Spencer Tedrow(headcrabko) shot Jason Nud(ideee) with The bullet</font>
[18:53:01]ATTACK: <font color='red'>Jason Nud(ideee) shot Spencer Tedrow(headcrabko) with The bullet</font>
[18:53:13]ATTACK: <font color='red'>Spencer Tedrow(headcrabko) shot Jason Nud(ideee) with The bullet</font>
[18:53:14]ATTACK: <font color='red'>Jason Nud(ideee) shot Spencer Tedrow(headcrabko) with The bullet</font>
[18:53:14]ATTACK: <font color='red'>Spencer Tedrow(headcrabko) shot Jason Nud(ideee) with The bullet</font>
[18:53:53]ATTACK: <font color='red'>Jason Nud(ideee) shot Spencer Tedrow(headcrabko) with The bullet</font>
[18:53:59]ATTACK: <font color='red'>Jason Nud(ideee) shaked Spencer Tedrow(headcrabko) </font>
[18:54:09]ATTACK: <font color='red'>Spencer Tedrow(headcrabko) shot Jason Nud(ideee) with The pulse</font>
[18:54:09]ATTACK: <font color='red'>Jason Nud(ideee) shot Spencer Tedrow(headcrabko) with The pulse</font>
[18:54:11]ATTACK: <font color='red'>Spencer Tedrow(headcrabko) shot Jason Nud(ideee) with The pulse</font>
[18:54:11]ATTACK: <font color='red'>Jason Nud(ideee) shot Spencer Tedrow(headcrabko) with The pulse</font>
[18:54:11]ATTACK: <font color='red'>Spencer Tedrow(headcrabko) shot Jason Nud(ideee) with The pulse</font>
[18:54:12]ATTACK: <font color='red'>Spencer Tedrow(headcrabko) shot Jason Nud(ideee) with The pulse</font>
[18:54:12]ATTACK: <font color='red'>Spencer Tedrow(headcrabko) shot Jason Nud(ideee) with The pulse</font>
[18:54:13]ATTACK: <font color='red'>Jason Nud(ideee) shot Spencer Tedrow(headcrabko) with The pulse</font>
[18:54:13]ATTACK: <font color='red'>Spencer Tedrow(headcrabko) shot Jason Nud(ideee) with The pulse</font>
[18:54:13]ATTACK: <font color='red'>Spencer Tedrow(headcrabko) shot Jason Nud(ideee) with The pulse</font>
[18:54:14]ATTACK: <font color='red'>Spencer Tedrow(headcrabko) shot Jason Nud(ideee) with The pulse</font>
[18:54:14]ATTACK: <font color='red'>Jason Nud(ideee) shot Spencer Tedrow(headcrabko) with The pulse</font>
[18:54:15]ATTACK: <font color='red'>Spencer Tedrow(headcrabko) shot Jason Nud(ideee) with The pulse</font>
[18:54:26]ATTACK: <font color='red'>Jason Nud(ideee) shot Spencer Tedrow(headcrabko) with The electrode</font>
[18:54:26]ATTACK: <font color='red'>Jason Nud(ideee) shot Spencer Tedrow(headcrabko) with The electrode</font>
[18:54:27]ATTACK: <font color='red'>Jason Nud(ideee) shot Spencer Tedrow(headcrabko) with The electrode</font>
[18:54:27]ATTACK: <font color='red'>Jason Nud(ideee) shot Spencer Tedrow(headcrabko) with The electrode</font>
[18:54:28]ATTACK: <font color='red'>Jason Nud(ideee) shot Spencer Tedrow(headcrabko) with The electrode</font>
[18:54:28]ATTACK: <font color='red'>Jason Nud(ideee) shot Spencer Tedrow(headcrabko) with The electrode</font>
[18:54:29]ATTACK: <font color='red'>Jason Nud(ideee) shot Spencer Tedrow(headcrabko) with The electrode</font>
[18:54:29]ATTACK: <font color='red'>Jason Nud(ideee) shot Spencer Tedrow(headcrabko) with The electrode</font>
[18:54:30]ATTACK: <font color='red'>Jason Nud(ideee) shot Spencer Tedrow(headcrabko) with The electrode</font>
[18:54:32]ATTACK: <font color='red'>Jason Nud(ideee) shot Spencer Tedrow(headcrabko) with The electrode</font>
[18:54:33]ATTACK: <font color='red'>Jason Nud(ideee) shot Spencer Tedrow(headcrabko) with The electrode</font>
[18:54:44]ATTACK: <font color='red'>Jason Nud(ideee) hit Spencer Tedrow(headcrabko) with The pulse rifle</font>
[18:54:49]ATTACK: <font color='red'>Spencer Tedrow(headcrabko) shot Jason Nud(ideee) with The electrode</font>
[18:54:49]ATTACK: <font color='red'>Jason Nud(ideee) shot Spencer Tedrow(headcrabko) with The electrode</font>
[18:54:49]ATTACK: <font color='red'>Spencer Tedrow(headcrabko) shot Jason Nud(ideee) with The electrode</font>
[18:54:50]ATTACK: <font color='red'>Spencer Tedrow(headcrabko) shot Jason Nud(ideee) with The electrode</font>
[18:54:50]ATTACK: <font color='red'>Spencer Tedrow(headcrabko) shot Jason Nud(ideee) with The electrode</font>
[18:54:51]ATTACK: <font color='red'>Jason Nud(ideee) shot Spencer Tedrow(headcrabko) with The electrode</font>
[18:54:51]ATTACK: <font color='red'>Spencer Tedrow(headcrabko) shot Jason Nud(ideee) with The electrode</font>
[18:54:51]ATTACK: <font color='red'>Spencer Tedrow(headcrabko) shot Jason Nud(ideee) with The electrode</font>
[18:54:51]ATTACK: <font color='red'>Jason Nud(ideee) shot Spencer Tedrow(headcrabko) with The electrode</font>
[18:54:51]ATTACK: <font color='red'>Spencer Tedrow(headcrabko) shot Jason Nud(ideee) with The electrode</font>
[18:54:51]ATTACK: <font color='red'>Jason Nud(ideee) shot Spencer Tedrow(headcrabko) with The electrode</font>
[18:54:52]ATTACK: <font color='red'>Spencer Tedrow(headcrabko) shot Jason Nud(ideee) with The electrode</font>
[18:54:52]ATTACK: <font color='red'>Spencer Tedrow(headcrabko) shot Jason Nud(ideee) with The electrode</font>
[18:54:52]ATTACK: <font color='red'>Spencer Tedrow(headcrabko) shot Jason Nud(ideee) with The electrode</font>
[18:54:53]ATTACK: <font color='red'>Jason Nud(ideee) shot Spencer Tedrow(headcrabko) with The electrode</font>
[18:54:53]ATTACK: <font color='red'>Spencer Tedrow(headcrabko) shot Jason Nud(ideee) with The electrode</font>
[18:54:54]ATTACK: <font color='red'>Spencer Tedrow(headcrabko) shot Jason Nud(ideee) with The electrode</font>
[18:54:54]ATTACK: <font color='red'>Spencer Tedrow(headcrabko) shot Jason Nud(ideee) with The electrode</font>
[18:54:54]ATTACK: <font color='red'>Jason Nud(ideee) shot Spencer Tedrow(headcrabko) with The electrode</font>
[18:54:55]ATTACK: <font color='red'>Spencer Tedrow(headcrabko) shot Jason Nud(ideee) with The electrode</font>
[18:54:55]ATTACK: <font color='red'>Spencer Tedrow(headcrabko) shot Jason Nud(ideee) with The electrode</font>
[18:54:55]ATTACK: <font color='red'>Jason Nud(ideee) shot Spencer Tedrow(headcrabko) with The electrode</font>
[18:54:56]ATTACK: <font color='red'>Spencer Tedrow(headcrabko) shot Jason Nud(ideee) with The electrode</font>
[18:54:56]ATTACK: <font color='red'>Spencer Tedrow(headcrabko) shot Jason Nud(ideee) with The electrode</font>
[18:54:56]ATTACK: <font color='red'>Jason Nud(ideee) shot Spencer Tedrow(headcrabko) with The electrode</font>
[18:54:57]ATTACK: <font color='red'>Spencer Tedrow(headcrabko) shot Jason Nud(ideee) with The electrode</font>
[18:54:57]ATTACK: <font color='red'>Jason Nud(ideee) shot Spencer Tedrow(headcrabko) with The electrode</font>
[18:54:57]ATTACK: <font color='red'>Spencer Tedrow(headcrabko) shot Jason Nud(ideee) with The electrode</font>
[18:54:59]ATTACK: <font color='red'>Spencer Tedrow(headcrabko) shot Jason Nud(ideee) with The laser</font>
[18:54:59]ATTACK: <font color='red'>Jason Nud(ideee) shot Spencer Tedrow(headcrabko) with The laser</font>
[18:54:59]ATTACK: <font color='red'>Spencer Tedrow(headcrabko) shot Jason Nud(ideee) with The laser</font>
[18:55:00]ATTACK: <font color='red'>Spencer Tedrow(headcrabko) shot Jason Nud(ideee) with The laser</font>
[18:55:00]ATTACK: <font color='red'>Jason Nud(ideee) shot Spencer Tedrow(headcrabko) with The laser</font>
[18:55:00]ATTACK: <font color='red'>Spencer Tedrow(headcrabko) shot Jason Nud(ideee) with The laser</font>
[18:55:01]ATTACK: <font color='red'>Jason Nud(ideee) shot Spencer Tedrow(headcrabko) with The laser</font>
[18:55:01]ATTACK: <font color='red'>Spencer Tedrow(headcrabko) shot Jason Nud(ideee) with The laser</font>
[18:55:02]ATTACK: <font color='red'>Spencer Tedrow(headcrabko) shot Jason Nud(ideee) with The laser</font>
[18:55:02]ATTACK: <font color='red'>Jason Nud(ideee) shot Spencer Tedrow(headcrabko) with The laser</font>
[18:55:02]ATTACK: <font color='red'>Spencer Tedrow(headcrabko) shot Jason Nud(ideee) with The laser</font>
[18:55:02]ATTACK: <font color='red'>Jason Nud(ideee) shot Spencer Tedrow(headcrabko) with The laser</font>
[18:55:03]ATTACK: <font color='red'>Spencer Tedrow(headcrabko) shot Jason Nud(ideee) with The laser</font>
[18:55:03]ATTACK: <font color='red'>Spencer Tedrow(headcrabko) shot Jason Nud(ideee) with The laser</font>
[18:55:03]ATTACK: <font color='red'>Jason Nud(ideee) shot Spencer Tedrow(headcrabko) with The laser</font>
[18:55:04]ATTACK: <font color='red'>Spencer Tedrow(headcrabko) shot Jason Nud(ideee) with The laser</font>
[18:55:04]ATTACK: <font color='red'>Jason Nud(ideee) shot Spencer Tedrow(headcrabko) with The laser</font>
[18:55:04]ATTACK: <font color='red'>Spencer Tedrow(headcrabko) shot Jason Nud(ideee) with The laser</font>
[18:55:05]ATTACK: <font color='red'>Spencer Tedrow(headcrabko) shot Jason Nud(ideee) with The laser</font>
[18:55:05]ATTACK: <font color='red'>Spencer Tedrow(headcrabko) shot Jason Nud(ideee) with The laser</font>
[18:55:06]ATTACK: <font color='red'>Spencer Tedrow(headcrabko) shot Jason Nud(ideee) with The laser</font>
[18:55:06]ATTACK: <font color='red'>Jason Nud(ideee) shot Spencer Tedrow(headcrabko) with The laser</font>
[18:55:07]ATTACK: <font color='red'>Spencer Tedrow(headcrabko) shot Jason Nud(ideee) with The laser</font>
[18:55:07]ATTACK: <font color='red'>Jason Nud(ideee) shot Spencer Tedrow(headcrabko) with The laser</font>
[18:55:07]ATTACK: <font color='red'>Spencer Tedrow(headcrabko) shot Jason Nud(ideee) with The laser</font>
[18:55:07]ATTACK: <font color='red'>Spencer Tedrow(headcrabko) shot Jason Nud(ideee) with The laser</font>
[18:55:08]ATTACK: <font color='red'>Spencer Tedrow(headcrabko) shot Jason Nud(ideee) with The laser</font>
[18:55:08]ATTACK: <font color='red'>Jason Nud(ideee) shot Spencer Tedrow(headcrabko) with The laser</font>
[18:55:08]ATTACK: <font color='red'>Spencer Tedrow(headcrabko) shot Jason Nud(ideee) with The laser</font>
[18:55:08]ATTACK: <font color='red'>Spencer Tedrow(headcrabko) shot Jason Nud(ideee) with The laser</font>
[18:55:10]ATTACK: <font color='red'>Spencer Tedrow(headcrabko) shot Jason Nud(ideee) with The laser</font>
[18:55:11]ATTACK: <font color='red'>Jason Nud(ideee) shot Spencer Tedrow(headcrabko) with The laser</font>
[18:55:11]ATTACK: <font color='red'>Spencer Tedrow(headcrabko) shot Jason Nud(ideee) with The laser</font>
[18:55:11]ATTACK: <font color='red'>Spencer Tedrow(headcrabko) shot Jason Nud(ideee) with The laser</font>
[18:55:11]ATTACK: <font color='red'>Jason Nud(ideee) shot Spencer Tedrow(headcrabko) with The laser</font>
[18:55:11]ATTACK: <font color='red'>Spencer Tedrow(headcrabko) shot Jason Nud(ideee) with The laser</font>
[18:55:12]ATTACK: <font color='red'>Spencer Tedrow(headcrabko) shot Jason Nud(ideee) with The laser</font>
[18:55:17]ATTACK: <font color='red'>Spencer Tedrow(headcrabko) shot Jason Nud(ideee) with The laser</font>
[18:55:24]ATTACK: <font color='red'>Jason Nud(ideee) shot Spencer Tedrow(headcrabko) with The bullet</font>
[18:55:27]ATTACK: <font color='red'>Jason Nud(ideee) shaked Spencer Tedrow(headcrabko) </font>
[18:56:14]ATTACK: <font color='red'>Spencer Tedrow(headcrabko) grabbed Grant Gibson(lydee) passively</font>
[18:56:24]ATTACK: <font color='red'>Spencer Tedrow(headcrabko) hit Grant Gibson(lydee) with The space violin</font>
[18:56:40]ATTACK: <font color='red'>Jason Nud(ideee) shot Spencer Tedrow(headcrabko) with The laser</font>
[18:56:43]ATTACK: <font color='red'>Jason Nud(ideee) shot Spencer Tedrow(headcrabko) with The electrode</font>
[18:56:44]ATTACK: <font color='red'>Jason Nud(ideee) shot Spencer Tedrow(headcrabko) with The electrode</font>
[18:56:44]ATTACK: <font color='red'>Spencer Tedrow(headcrabko) shot Jason Nud(ideee) with The electrode</font>
[18:56:44]ATTACK: <font color='red'>Jason Nud(ideee) shot Spencer Tedrow(headcrabko) with The electrode</font>
[18:56:47]ATTACK: <font color='red'>Jason Nud(ideee) hit Spencer Tedrow(headcrabko) with The pulse rifle</font>
[18:56:49]ATTACK: <font color='red'>Jason Nud(ideee) shot Spencer Tedrow(headcrabko) with The bullet</font>
[18:56:50]ATTACK: <font color='red'>Jason Nud(ideee) shot Spencer Tedrow(headcrabko) with The bullet</font>
[18:56:50]ATTACK: <font color='red'>Spencer Tedrow(headcrabko) attacked Jason Nud(ideee) with energy sword(INTENT: HARM) (DAMTYE: BRUTE)</font>
[18:56:50]ATTACK: <font color='red'>Jason Nud(ideee) shot Spencer Tedrow(headcrabko) with The bullet</font>
[18:56:53]ATTACK: <font color='red'>Jason Nud(ideee) shot Spencer Tedrow(headcrabko) with The bullet</font>
[18:57:07]ATTACK: <font color='red'>Jason Nud(ideee) attacked Spencer Tedrow(headcrabko) with energy sword(INTENT: HARM) (DAMTYE: BRUTE)</font>
[18:57:08]ATTACK: <font color='red'>Jason Nud(ideee) attacked Spencer Tedrow(headcrabko) with energy sword(INTENT: HARM) (DAMTYE: BRUTE)</font>
[18:57:10]ATTACK: <font color='red'>Spencer Tedrow(headcrabko) shot Jason Nud(ideee) with The bullet</font>
[18:57:13]ATTACK: <font color='red'>Spencer Tedrow(headcrabko) shot Jason Nud(ideee) with The bullet</font>
[18:57:14]ATTACK: <font color='red'>Spencer Tedrow(headcrabko) shot Jason Nud(ideee) with The bullet</font>
[18:57:15]ATTACK: <font color='red'>Spencer Tedrow(headcrabko) shot Jason Nud(ideee) with The bullet</font>
[18:57:17]ATTACK: <font color='red'>Spencer Tedrow(headcrabko) shot Jason Nud(ideee) with The bullet</font>
[18:57:45]ATTACK: <font color='red'>Jason Nud(ideee) shot Grant Gibson(lydee) with The electrode</font>
[18:57:46]ATTACK: <font color='red'>Jason Nud(ideee) shot Spencer Tedrow(headcrabko) with The electrode</font>
[18:57:47]ATTACK: <font color='red'>Jason Nud(ideee) shot Spencer Tedrow(headcrabko) with The electrode</font>
[18:57:47]ATTACK: <font color='red'>Spencer Tedrow(headcrabko) shot Jason Nud(ideee) with The electrode</font>
[18:58:09]ATTACK: <font color='red'>Spencer Tedrow(headcrabko) shot Jason Nud(ideee) with The electrode</font>
[18:58:42]ATTACK: <font color='red'>Jason Nud(ideee) attempted to touch Spencer Tedrow(headcrabko) </font>
[18:58:43]ATTACK: <font color='red'>Jason Nud(ideee) attempted to touch Spencer Tedrow(headcrabko) </font>
[18:58:44]ATTACK: <font color='red'>Jason Nud(ideee) attempted to touch Spencer Tedrow(headcrabko) </font>
[18:58:45]ATTACK: <font color='red'>Jason Nud(ideee) attempted to touch Spencer Tedrow(headcrabko) </font>
[18:58:46]ATTACK: <font color='red'>Jason Nud(ideee) disarmed Spencer Tedrow(headcrabko) </font>
[18:58:55]ATTACK: <font color='red'>Spencer Tedrow(headcrabko) shot Jason Nud(ideee) with The electrode</font>
[18:59:00]ATTACK: <font color='red'>Spencer Tedrow(headcrabko) shot Jason Nud(ideee) with The electrode</font>
[18:59:00]ATTACK: <font color='red'>Spencer Tedrow(headcrabko) shot Jason Nud(ideee) with The electrode</font>
[18:59:01]ATTACK: <font color='red'>Spencer Tedrow(headcrabko) shot Jason Nud(ideee) with The electrode</font>
[18:59:01]ATTACK: <font color='red'>Spencer Tedrow(headcrabko) shot Jason Nud(ideee) with The electrode</font>
[18:59:02]ATTACK: <font color='red'>Spencer Tedrow(headcrabko) shot Jason Nud(ideee) with The electrode</font>
[18:59:02]ATTACK: <font color='red'>Spencer Tedrow(headcrabko) shot Jason Nud(ideee) with The electrode</font>
[18:59:02]ATTACK: <font color='red'>Spencer Tedrow(headcrabko) shot Jason Nud(ideee) with The electrode</font>
[18:59:03]ATTACK: <font color='red'>Spencer Tedrow(headcrabko) shot Jason Nud(ideee) with The electrode</font>
[18:59:04]ATTACK: <font color='red'>Spencer Tedrow(headcrabko) shot Jason Nud(ideee) with The electrode</font>
[18:59:04]ATTACK: <font color='red'>Spencer Tedrow(headcrabko) shot Jason Nud(ideee) with The electrode</font>
[18:59:05]ATTACK: <font color='red'>Spencer Tedrow(headcrabko) shot Jason Nud(ideee) with The electrode</font>
[18:59:05]ATTACK: <font color='red'>Spencer Tedrow(headcrabko) shot Jason Nud(ideee) with The electrode</font>
[18:59:05]ATTACK: <font color='red'>Spencer Tedrow(headcrabko) shot Jason Nud(ideee) with The electrode</font>
[18:59:06]ATTACK: <font color='red'>Spencer Tedrow(headcrabko) shot Jason Nud(ideee) with The electrode</font>
[18:59:06]ATTACK: <font color='red'>Spencer Tedrow(headcrabko) shot Jason Nud(ideee) with The electrode</font>
[18:59:16]ATTACK: <font color='red'>Spencer Tedrow(headcrabko) shot Jason Nud(ideee) with The electrode</font>
[18:59:44]ATTACK: <font color='red'>Spencer Tedrow(headcrabko) shot Grant Gibson(lydee) with The electrode</font>
[18:59:45]ATTACK: <font color='red'>Spencer Tedrow(headcrabko) shot Grant Gibson(lydee) with The electrode</font>
[18:59:45]ATTACK: <font color='red'>Spencer Tedrow(headcrabko) shot Grant Gibson(lydee) with The electrode</font>
[18:59:47]ATTACK: <font color='red'>Spencer Tedrow(headcrabko) shot Jason Nud(ideee) with The electrode</font>
[18:59:48]ATTACK: <font color='red'>Spencer Tedrow(headcrabko) shot Jason Nud(ideee) with The electrode</font>
[18:59:49]ATTACK: <font color='red'>Spencer Tedrow(headcrabko) shot Jason Nud(ideee) with The electrode</font>
[18:59:49]ATTACK: <font color='red'>Spencer Tedrow(headcrabko) shot Jason Nud(ideee) with The electrode</font>
[18:59:50]ATTACK: <font color='red'>Spencer Tedrow(headcrabko) shot Jason Nud(ideee) with The electrode</font>
[18:59:50]ATTACK: <font color='red'>Spencer Tedrow(headcrabko) shot Jason Nud(ideee) with The electrode</font>
[18:59:51]ATTACK: <font color='red'>Spencer Tedrow(headcrabko) shot Jason Nud(ideee) with The electrode</font>
[18:59:51]ATTACK: <font color='red'>Spencer Tedrow(headcrabko) shot Jason Nud(ideee) with The electrode</font>
[18:59:52]ATTACK: <font color='red'>Spencer Tedrow(headcrabko) shot Jason Nud(ideee) with The electrode</font>
[18:59:52]ATTACK: <font color='red'>Spencer Tedrow(headcrabko) shot Grant Gibson(lydee) with The electrode</font>
[18:59:53]ATTACK: <font color='red'>Spencer Tedrow(headcrabko) shot Grant Gibson(lydee) with The electrode</font>
[18:59:53]ATTACK: <font color='red'>Spencer Tedrow(headcrabko) shot Grant Gibson(lydee) with The electrode</font>
[18:59:54]ATTACK: <font color='red'>Spencer Tedrow(headcrabko) shot Grant Gibson(lydee) with The electrode</font>
[18:59:55]ATTACK: <font color='red'>Spencer Tedrow(headcrabko) shot Grant Gibson(lydee) with The electrode</font>
[18:59:55]ATTACK: <font color='red'>Spencer Tedrow(headcrabko) shot Grant Gibson(lydee) with The electrode</font>


Starting up. 00:00.00
---------------------
[00:05:41]ATTACK: <font color='red'>Jason Nud(ideee) hit Gilroy Rudah(bartnixon) with The Stechkin pistol</font>
[00:09:54]ATTACK: <font color='red'>Jason Nud(ideee) shot Gilroy Rudah(bartnixon) with The dragonsbreath round</font>
[00:09:57]ATTACK: <font color='red'>Jason Nud(ideee) shot Gilroy Rudah(bartnixon) with The dragonsbreath round</font>
[00:10:01]ATTACK: <font color='red'>Jason Nud(ideee) shot Gilroy Rudah(bartnixon) with The dragonsbreath round</font>
[00:10:23]ATTACK: <font color='red'>Gilroy Rudah(bartnixon) attacked Gilroy Rudah(bartnixon) with fire extinguisher(INTENT: HELP) (DAMTYE: BRUTE)</font>
[00:11:20]ATTACK: <font color='red'>Jason Nud(ideee) attacked Cristian Zalack with the Dark Gygax(INTENT: HARM) (DAMTYE: BRUTE)</font>
[00:11:47]ATTACK: <font color='red'>Jason Nud(ideee) attacked Cristian Zalack with the Dark Gygax(INTENT: HARM) (DAMTYE: BRUTE)</font>
[00:11:48]ATTACK: <font color='red'>Jason Nud(ideee) attacked Cristian Zalack with the Dark Gygax(INTENT: HARM) (DAMTYE: BRUTE)</font>
[00:11:55]ATTACK: <font color='red'>Jason Nud(ideee) attacked Cristian Zalack with the Dark Gygax(INTENT: HARM) (DAMTYE: BRUTE)</font>
[00:11:56]ATTACK: <font color='red'>Jason Nud(ideee) attacked Cristian Zalack with the Dark Gygax(INTENT: HARM) (DAMTYE: BRUTE)</font>
[00:11:59]ATTACK: <font color='red'>Jason Nud(ideee) attacked Cristian Zalack with the Dark Gygax(INTENT: HARM) (DAMTYE: BRUTE)</font>
[00:12:00]ATTACK: <font color='red'>Jason Nud(ideee) shot Cristian Zalack with The dragonsbreath round</font>
[00:12:01]ATTACK: <font color='red'>Jason Nud(ideee) attacked Cristian Zalack with the Dark Gygax(INTENT: HARM) (DAMTYE: BRUTE)</font>
[00:12:01]ATTACK: <font color='red'>Jason Nud(ideee) shot Cristian Zalack with The dragonsbreath round</font>
[00:12:02]ATTACK: <font color='red'>Jason Nud(ideee) attacked Cristian Zalack with the Dark Gygax(INTENT: HARM) (DAMTYE: BRUTE)</font>
[00:12:02]ATTACK: <font color='red'>Jason Nud(ideee) shot Cristian Zalack with The dragonsbreath round</font>
[00:12:03]ATTACK: <font color='red'>Jason Nud(ideee) attacked Cristian Zalack with the Dark Gygax(INTENT: HARM) (DAMTYE: BRUTE)</font>
[00:12:04]ATTACK: <font color='red'>Jason Nud(ideee) attacked Cristian Zalack with the Dark Gygax(INTENT: HARM) (DAMTYE: BRUTE)</font>
[00:12:05]ATTACK: <font color='red'>Jason Nud(ideee) attacked Cristian Zalack with the Dark Gygax(INTENT: HARM) (DAMTYE: BRUTE)</font>
[00:12:06]ATTACK: <font color='red'>Jason Nud(ideee) attacked Cristian Zalack with the Dark Gygax(INTENT: HARM) (DAMTYE: BRUTE)</font>
[00:12:07]ATTACK: <font color='red'>Jason Nud(ideee) attacked Cristian Zalack with the Dark Gygax(INTENT: HARM) (DAMTYE: BRUTE)</font>
[00:13:24]ATTACK: <font color='red'>Jason Nud(ideee) shot Gilroy Rudah(bartnixon) with The bullet</font>
[00:13:28]ATTACK: <font color='red'>Jason Nud(ideee) shot Gilroy Rudah(bartnixon) with The bullet</font>
[00:13:31]ATTACK: <font color='red'>Jason Nud(ideee) shot Gilroy Rudah(bartnixon) with The bullet</font>
[00:13:53]ATTACK: <font color='red'>Jason Nud(ideee) shot Gilroy Rudah(bartnixon) with The bullet</font>
[00:13:56]ATTACK: <font color='red'>Jason Nud(ideee) shot Gilroy Rudah(bartnixon) with The bullet</font>
[00:14:00]ATTACK: <font color='red'>Jason Nud(ideee) shot Gilroy Rudah(bartnixon) with The bullet</font>
[00:14:04]ATTACK: <font color='red'>Jason Nud(ideee) shot Gilroy Rudah(@bartnixon) with The bullet</font>
[00:14:14]ATTACK: <font color='red'>Jason Nud(ideee) shot Gilroy Rudah(@bartnixon) with The bullet</font>
[00:14:22]ATTACK: <font color='red'>Jason Nud(ideee) attacked Gilroy Rudah(@bartnixon) with the Dark Gygax(INTENT: HARM) (DAMTYE: BRUTE)</font>
[00:14:23]ATTACK: <font color='red'>Jason Nud(ideee) attacked Gilroy Rudah(@bartnixon) with the Dark Gygax(INTENT: HARM) (DAMTYE: BRUTE)</font>
[00:14:24]ATTACK: <font color='red'>Jason Nud(ideee) attacked Gilroy Rudah(@bartnixon) with the Dark Gygax(INTENT: HARM) (DAMTYE: BRUTE)</font>
[00:14:25]ATTACK: <font color='red'>Jason Nud(ideee) attacked Gilroy Rudah(@bartnixon) with the Dark Gygax(INTENT: HARM) (DAMTYE: BRUTE)</font>
[00:14:26]ATTACK: <font color='red'>Jason Nud(ideee) attacked Gilroy Rudah(@bartnixon) with the Dark Gygax(INTENT: HARM) (DAMTYE: BRUTE)</font>
[00:14:27]ATTACK: <font color='red'>Jason Nud(ideee) attacked Gilroy Rudah(@bartnixon) with the Dark Gygax(INTENT: HARM) (DAMTYE: BRUTE)</font>
[00:14:28]ATTACK: <font color='red'>Jason Nud(ideee) attacked Gilroy Rudah(@bartnixon) with the Dark Gygax(INTENT: HARM) (DAMTYE: BRUTE)</font>
[00:14:29]ATTACK: <font color='red'>Jason Nud(ideee) attacked Gilroy Rudah(@bartnixon) with the Dark Gygax(INTENT: HARM) (DAMTYE: BRUTE)</font>
[00:14:30]ATTACK: <font color='red'>Jason Nud(ideee) attacked Gilroy Rudah(@bartnixon) with the Dark Gygax(INTENT: HARM) (DAMTYE: BRUTE)</font>
[00:15:29]ATTACK: <font color='red'>Gilroy Rudah(@bartnixon) CPRed Jason Nud(ideee) </font>
[00:17:25]ATTACK: <font color='red'>Grant Gibson(lydee) flashed Grant Gibson(lydee) with flash</font>
[00:17:27]ATTACK: <font color='red'>Grant Gibson(lydee) flashed Grant Gibson(lydee) with flash</font>
[00:17:28]ATTACK: <font color='red'>Grant Gibson(lydee) flashed Grant Gibson(lydee) with flash</font>
[00:17:30]ATTACK: <font color='red'>Grant Gibson(lydee) flashed Jason Nud(ideee) with flash</font>
[00:17:33]ATTACK: <font color='red'>Grant Gibson(lydee) flashed Grant Gibson(lydee) with flash</font>
[00:17:40]ATTACK: <font color='red'>Grant Gibson(lydee) shaked Jason Nud(ideee) </font>
[00:21:52]ATTACK: <font color='red'>Jason Nud(ideee) shot Gilroy Rudah(bartnixon) with The bullet</font>
[00:22:03]ATTACK: <font color='red'>Gilroy Rudah(bartnixon) attacked Pun Pun with Zippo lighter(INTENT: HELP) (DAMTYE: BRUTE)</font>
[00:22:29]ATTACK: <font color='red'>Gilroy Rudah(bartnixon) splashed Pun Pun with vodka (50),</font>
[00:22:30]ATTACK: <font color='red'>Gilroy Rudah(bartnixon) attacked Pun Pun with Zippo lighter(INTENT: HELP) (DAMTYE: FIRE)</font>
[00:22:48]ATTACK: <font color='red'>Jason Nud(ideee) attacked Pun Pun with shard(INTENT: HARM) (DAMTYE: BRUTE)</font>
[00:22:49]ATTACK: <font color='red'>Jason Nud(ideee) attacked Pun Pun with shard(INTENT: HARM) (DAMTYE: BRUTE)</font>
[00:22:51]ATTACK: <font color='red'>Jason Nud(ideee) attacked Pun Pun with shard(INTENT: HARM) (DAMTYE: BRUTE)</font>
[00:22:51]ATTACK: <font color='red'>Jason Nud(ideee) attacked Pun Pun with shard(INTENT: HARM) (DAMTYE: BRUTE)</font>
[00:22:52]ATTACK: <font color='red'>Jason Nud(ideee) attacked Pun Pun with shard(INTENT: HARM) (DAMTYE: BRUTE)</font>
[00:22:53]ATTACK: <font color='red'>Jason Nud(ideee) attacked Pun Pun with shard(INTENT: HARM) (DAMTYE: BRUTE)</font>
[00:22:54]ATTACK: <font color='red'>Jason Nud(ideee) attacked Pun Pun with shard(INTENT: HARM) (DAMTYE: BRUTE)</font>
[00:22:55]ATTACK: <font color='red'>Jason Nud(ideee) attacked Pun Pun with shard(INTENT: HARM) (DAMTYE: BRUTE)</font>
[00:22:56]ATTACK: <font color='red'>Jason Nud(ideee) attacked Pun Pun with shard(INTENT: HARM) (DAMTYE: BRUTE)</font>
[00:22:57]ATTACK: <font color='red'>Jason Nud(ideee) attacked Pun Pun with shard(INTENT: HARM) (DAMTYE: BRUTE)</font>
[00:22:58]ATTACK: <font color='red'>Jason Nud(ideee) attacked Pun Pun with shard(INTENT: HARM) (DAMTYE: BRUTE)</font>
[00:22:59]ATTACK: <font color='red'>Jason Nud(ideee) attacked Pun Pun with shard(INTENT: HARM) (DAMTYE: BRUTE)</font>
[00:23:00]ATTACK: <font color='red'>Jason Nud(ideee) attacked Pun Pun with shard(INTENT: HARM) (DAMTYE: BRUTE)</font>
[00:23:01]ATTACK: <font color='red'>Jason Nud(ideee) attacked Pun Pun with shard(INTENT: HARM) (DAMTYE: BRUTE)</font>
