

Starting up. 01:43.54
---------------------


Starting up. 05:22.10
---------------------
[05:31:46]ATTACK: <font color='red'>Chuckles(hithisisfronk) attacked Gilroy Rudah(bartnixon) with bike horn(INTENT: HELP) (DAMTYE: BRUTE)</font>
[05:31:48]ATTACK: <font color='red'>Chuckles(hithisisfronk) attacked Gilroy Rudah(bartnixon) with bike horn(INTENT: HELP) (DAMTYE: BRUTE)</font>
[05:31:50]ATTACK: <font color='red'>Chuckles(hithisisfronk) attacked Gilroy Rudah(bartnixon) with bike horn(INTENT: HELP) (DAMTYE: BRUTE)</font>
[05:41:55]ATTACK: <font color='red'>NON-EXISTANT SUBJECT shot Unknown(bartnixon) with The emitter beam</font>
[05:46:35]ATTACK: <font color='red'>Chuckles(hithisisfronk) attacked Lachlan Hoffmann(spocklan116) with bike horn(INTENT: HELP) (DAMTYE: BRUTE)</font>
[05:46:37]ATTACK: <font color='red'>Chuckles(hithisisfronk) attacked Lachlan Hoffmann(spocklan116) with bike horn(INTENT: HELP) (DAMTYE: BRUTE)</font>
[05:46:45]ATTACK: <font color='red'>Chuckles(hithisisfronk) shot Lachlan Hoffmann(spocklan116) with The bullet</font>
[05:46:45]ATTACK: <font color='red'>Chuckles(hithisisfronk) shot Lachlan Hoffmann(spocklan116) with The bullet</font>
[05:46:46]ATTACK: <font color='red'>Chuckles(hithisisfronk) shot Lachlan Hoffmann(spocklan116) with The bullet</font>
[05:46:47]ATTACK: <font color='red'>Chuckles(hithisisfronk) shot Lachlan Hoffmann(spocklan116) with The bullet</font>
[05:46:59]ATTACK: <font color='red'>Chuckles(hithisisfronk) shot Lachlan Hoffmann(spocklan116) with The bullet</font>
[05:47:00]ATTACK: <font color='red'>Chuckles(hithisisfronk) shot Lachlan Hoffmann(spocklan116) with The bullet</font>
[05:47:06]ATTACK: <font color='red'>Chuckles(hithisisfronk) disarmed Gilroy Rudah (as Captain)(bartnixon) </font>
[05:47:08]ATTACK: <font color='red'>Chuckles(hithisisfronk) shot Gilroy Rudah (as Captain)(bartnixon) with The bullet</font>
[05:47:26]ATTACK: <font color='red'>Gilroy Rudah (as Captain)(bartnixon) hit Chuckles(hithisisfronk) with The high-capacity power cell</font>
[05:50:22]ATTACK: <font color='red'>Chuckles(hithisisfronk) hit Poly with The screwdriver</font>
[05:50:24]ATTACK: <font color='red'>Chuckles(hithisisfronk) hit Poly with The screwdriver</font>
[05:50:27]ATTACK: <font color='red'>Chuckles(hithisisfronk) hit Poly with The screwdriver</font>
[05:52:50]ATTACK: <font color='red'>Lachlan Hoffmann(spocklan116) shot Gilroy Rudah (as Captain)(bartnixon) with The bullet</font>
[05:52:55]ATTACK: <font color='red'>Lachlan Hoffmann(spocklan116) shot Gilroy Rudah (as Captain)(bartnixon) with The bullet</font>
[05:52:55]ATTACK: <font color='red'>Lachlan Hoffmann(spocklan116) shot Gilroy Rudah (as Captain)(bartnixon) with The bullet</font>
[05:52:56]ATTACK: <font color='red'>Lachlan Hoffmann(spocklan116) shot Gilroy Rudah (as Captain)(bartnixon) with The bullet</font>
[05:52:56]ATTACK: <font color='red'>Lachlan Hoffmann(spocklan116) shot Gilroy Rudah (as Captain)(bartnixon) with The bullet</font>
[05:52:57]ATTACK: <font color='red'>Lachlan Hoffmann(spocklan116) shot Gilroy Rudah (as Captain)(bartnixon) with The bullet</font>
[05:52:57]ATTACK: <font color='red'>Lachlan Hoffmann(spocklan116) shot Gilroy Rudah (as Captain)(bartnixon) with The bullet</font>
[05:52:58]ATTACK: <font color='red'>Lachlan Hoffmann(spocklan116) shot Gilroy Rudah (as Captain)(bartnixon) with The bullet</font>
[05:52:58]ATTACK: <font color='red'>Lachlan Hoffmann(spocklan116) shot Gilroy Rudah (as Captain)(bartnixon) with The bullet</font>
[05:52:59]ATTACK: <font color='red'>Lachlan Hoffmann(spocklan116) shot Gilroy Rudah (as Captain)(bartnixon) with The bullet</font>
[05:52:59]ATTACK: <font color='red'>Lachlan Hoffmann(spocklan116) shot Gilroy Rudah (as Captain)(bartnixon) with The bullet</font>
[05:53:00]ATTACK: <font color='red'>Lachlan Hoffmann(spocklan116) shot Gilroy Rudah (as Captain)(bartnixon) with The bullet</font>
[05:53:00]ATTACK: <font color='red'>Lachlan Hoffmann(spocklan116) shot Gilroy Rudah (as Captain)(bartnixon) with The bullet</font>


Starting up. 08:44.08
---------------------


Starting up. 09:49.13
---------------------


Starting up. 10:06.19
---------------------


Starting up. 12:29.02
---------------------


Starting up. 19:38.13
---------------------


Starting up. 20:04.24
---------------------
