

Starting up. 06:38.32
---------------------
[07:05:25]ATTACK: <font color='red'>Gilroy Rudah(bartnixon) equipped Jimmy Campbell with The Vault utility jumpsuit</font>
[07:05:30]ATTACK: <font color='red'>Gilroy Rudah(bartnixon) equipped Jimmy Campbell with the welding helmet</font>
[07:05:40]ATTACK: <font color='red'>Gilroy Rudah(bartnixon) equipped Unknown with the black gloves</font>
[07:05:44]ATTACK: <font color='red'>Gilroy Rudah(bartnixon) equipped Unknown with the black metal armor</font>
[07:06:05]ATTACK: <font color='red'>Gilroy Rudah(bartnixon) equipped Unknown with the L6 SAW</font>
[07:06:52]ATTACK: <font color='red'>Gilroy Rudah(bartnixon) equipped Hunter Kiefer with the jackboots</font>
[07:07:01]ATTACK: <font color='red'>Gilroy Rudah(bartnixon) equipped Jasmine Haynes with the standard Vault 13 jumpsuit</font>
[07:07:06]ATTACK: <font color='red'>Gilroy Rudah(bartnixon) equipped Jasmine Haynes with the leather armor</font>
[07:07:16]ATTACK: <font color='red'>Gilroy Rudah(bartnixon) equipped Jasmine Haynes with the roman helmet</font>
[07:07:28]ATTACK: <font color='red'>Gilroy Rudah(bartnixon) stripped Jasmine Haynes of the roman helmet</font>
[07:07:37]ATTACK: <font color='red'>Gilroy Rudah(bartnixon) stripped Jasmine Haynes of the leather armor</font>
[07:07:44]ATTACK: <font color='red'>Gilroy Rudah(bartnixon) equipped Hunter Kiefer with the roman helmet</font>
[07:07:51]ATTACK: <font color='red'>Gilroy Rudah(bartnixon) equipped Hunter Kiefer with the leather armor</font>
[07:08:09]ATTACK: <font color='red'>Gilroy Rudah(bartnixon) stripped Hunter Kiefer of the leather armor</font>
[07:08:19]ATTACK: <font color='red'>Gilroy Rudah(bartnixon) equipped Hunter Kiefer with the leather armor</font>
[07:08:37]ATTACK: <font color='red'>Gilroy Rudah(bartnixon) equipped Hunter Kiefer with the double-barreled shotgun</font>
[07:10:03]ATTACK: <font color='red'>Gilroy Rudah(bartnixon) stripped Hunter Kiefer of the roman helmet</font>
[07:10:07]ATTACK: <font color='red'>Gilroy Rudah(bartnixon) equipped Hunter Kiefer with the welding goggles</font>
[07:11:48]ATTACK: <font color='red'>Gilroy Rudah(bartnixon) stripped Hunter Kiefer of the jackboots</font>
[07:12:06]ATTACK: <font color='red'>Gilroy Rudah(bartnixon) equipped Jasmine Haynes with the jackboots</font>
[07:12:09]ATTACK: <font color='red'>Gilroy Rudah(bartnixon) equipped Jasmine Haynes with the black gloves</font>
[07:12:22]ATTACK: <font color='red'>Gilroy Rudah(bartnixon) equipped Jasmine Haynes with Uzi</font>
[07:12:42]ATTACK: <font color='red'>Gilroy Rudah(bartnixon) equipped Nathan Mingle with The Vault utility jumpsuit</font>
[07:12:47]ATTACK: <font color='red'>Gilroy Rudah(bartnixon) equipped Nathan Mingle with the jackboots</font>
[07:13:06]ATTACK: <font color='red'>Gilroy Rudah(bartnixon) equipped Nathan Mingle with the pocket crowbar</font>
[07:13:31]ATTACK: <font color='red'>Gilroy Rudah(bartnixon) shot Nathan Mingle with The bullet</font>
[07:19:11]ATTACK: <font color='red'>Gilroy Rudah(bartnixon) stripped Hunter Kiefer of the double-barreled shotgun</font>
[07:19:11]ATTACK: <font color='red'>Gilroy Rudah(bartnixon) stripped Hunter Kiefer of the welding goggles</font>
[07:19:12]ATTACK: <font color='red'>Gilroy Rudah(bartnixon) stripped Hunter Kiefer of the leather armor</font>
[07:19:21]ATTACK: <font color='red'>Gilroy Rudah(bartnixon) stripped Nathan Mingle of the jackboots</font>
[07:19:22]ATTACK: <font color='red'>Gilroy Rudah(bartnixon) stripped Nathan Mingle of The Vault utility jumpsuit</font>
[07:19:22]ATTACK: <font color='red'>Gilroy Rudah(bartnixon) stripped Nathan Mingle of the pocket crowbar</font>
[07:19:41]ATTACK: <font color='red'>Gilroy Rudah(bartnixon) equipped Hunter Kiefer with the jackboots</font>
[07:19:49]ATTACK: <font color='red'>Gilroy Rudah(bartnixon) equipped Hunter Kiefer with The Vault utility jumpsuit</font>
[07:20:22]ATTACK: <font color='red'>Gilroy Rudah(bartnixon) equipped Nathan Mingle with the double-barreled shotgun</font>
[07:20:32]ATTACK: <font color='red'>Gilroy Rudah(bartnixon) equipped Nathan Mingle with the welding goggles</font>
[07:20:37]ATTACK: <font color='red'>Gilroy Rudah(bartnixon) equipped Nathan Mingle with the leather armor</font>
[07:20:54]ATTACK: <font color='red'>Gilroy Rudah(bartnixon) equipped Hunter Kiefer with the pocket crowbar</font>
[07:24:33]ATTACK: <font color='red'>Hunter Kiefer(bartnixon) attacked Jasmine Haynes with pocket crowbar(INTENT: HELP) (DAMTYE: BRUTE)</font>
[07:24:34]ATTACK: <font color='red'>Hunter Kiefer(bartnixon) attacked Jasmine Haynes with pocket crowbar(INTENT: HELP) (DAMTYE: BRUTE)</font>
[07:24:35]ATTACK: <font color='red'>Hunter Kiefer(bartnixon) attacked Jasmine Haynes with pocket crowbar(INTENT: HELP) (DAMTYE: BRUTE)</font>
[07:24:38]ATTACK: <font color='red'>Hunter Kiefer(bartnixon) attacked Jasmine Haynes with pocket crowbar(INTENT: HELP) (DAMTYE: BRUTE)</font>
[07:24:39]ATTACK: <font color='red'>Hunter Kiefer(bartnixon) attacked Jasmine Haynes with pocket crowbar(INTENT: HELP) (DAMTYE: BRUTE)</font>
[07:24:40]ATTACK: <font color='red'>Hunter Kiefer(bartnixon) attacked Jasmine Haynes with pocket crowbar(INTENT: HELP) (DAMTYE: BRUTE)</font>
[07:24:41]ATTACK: <font color='red'>Hunter Kiefer(bartnixon) attacked Jasmine Haynes with pocket crowbar(INTENT: HELP) (DAMTYE: BRUTE)</font>
[07:24:42]ATTACK: <font color='red'>Hunter Kiefer(bartnixon) attacked Jasmine Haynes with pocket crowbar(INTENT: HELP) (DAMTYE: BRUTE)</font>
[07:24:43]ATTACK: <font color='red'>Hunter Kiefer(bartnixon) attacked Jasmine Haynes with pocket crowbar(INTENT: HELP) (DAMTYE: BRUTE)</font>
[07:24:44]ATTACK: <font color='red'>Hunter Kiefer(bartnixon) attacked Jasmine Haynes with pocket crowbar(INTENT: HELP) (DAMTYE: BRUTE)</font>
[07:24:44]ATTACK: <font color='red'>Hunter Kiefer(bartnixon) attacked Jasmine Haynes with pocket crowbar(INTENT: HELP) (DAMTYE: BRUTE)</font>
[07:24:45]ATTACK: <font color='red'>Hunter Kiefer(bartnixon) attacked Jasmine Haynes with pocket crowbar(INTENT: HELP) (DAMTYE: BRUTE)</font>
[07:24:46]ATTACK: <font color='red'>Hunter Kiefer(bartnixon) attacked Jasmine Haynes with pocket crowbar(INTENT: HELP) (DAMTYE: BRUTE)</font>
[07:24:47]ATTACK: <font color='red'>Hunter Kiefer(bartnixon) attacked Jasmine Haynes with pocket crowbar(INTENT: HELP) (DAMTYE: BRUTE)</font>
[07:24:48]ATTACK: <font color='red'>Hunter Kiefer(bartnixon) attacked Jasmine Haynes with pocket crowbar(INTENT: HELP) (DAMTYE: BRUTE)</font>
[07:24:56]ATTACK: <font color='red'>Hunter Kiefer(bartnixon) shot Jasmine Haynes with The bullet</font>
[07:24:57]ATTACK: <font color='red'>Hunter Kiefer(bartnixon) shot Jasmine Haynes with The bullet</font>
[07:25:04]ATTACK: <font color='red'>Hunter Kiefer(bartnixon) attacked Jasmine Haynes with Uzi(INTENT: HARM) (DAMTYE: BRUTE)</font>
[07:35:58]ATTACK: <font color='red'>Jerry Carmichael(bartnixon) stripped Nathan Mingle(@bartnixon) of the welding goggles</font>
[07:35:59]ATTACK: <font color='red'>Jerry Carmichael(bartnixon) stripped Nathan Mingle(@bartnixon) of the leather armor</font>
[07:36:00]ATTACK: <font color='red'>Jerry Carmichael(bartnixon) stripped Nathan Mingle(@bartnixon) of the double-barreled shotgun</font>
[07:36:20]ATTACK: <font color='red'>Jerry Carmichael(bartnixon) equipped Nathan Mingle(@bartnixon) with the welding goggles</font>
[07:36:31]ATTACK: <font color='red'>Jerry Carmichael(bartnixon) stripped Nathan Mingle(@bartnixon) of the welding goggles</font>
[07:36:35]ATTACK: <font color='red'>Jerry Carmichael(bartnixon) stripped Nathan Mingle(@bartnixon) of the welding goggles</font>


Starting up. 22:25.27
---------------------
[22:29:18]ATTACK: <font color='red'>Gilroy Rudah(bartnixon) attacked Gilroy Rudah(bartnixon) with holodisk(INTENT: HELP) (DAMTYE: BRUTE)</font>


Starting up. 22:40.32
---------------------
