

Starting up. 00:08.06
---------------------
Adding game mode blob (blob) to configuration.
Adding game mode changeling (changeling) to configuration.
Adding game mode traitor+changeling (traitorchan) to configuration.
Adding game mode double agents (double_agents) to configuration.
Adding game mode traitor (traitor) to configuration.
Adding game mode cult (cult) to configuration.
Adding game mode extended (extended) to configuration.
Adding game mode AI malfunction (malfunction) to configuration.
Adding game mode meteor (meteor) to configuration.
Adding game mode monkey (monkey) to configuration.
Adding game mode nuclear emergency (nuclear) to configuration.
Adding game mode revolution (revolution) to configuration.
Adding game mode sandbox (sandbox) to configuration.
Adding game mode wizard (wizard) to configuration.
Saved mode is 'extended'
[00:08:07]ADMIN: Loading Banlistjob
[00:08:07]ADMIN: Loading jobban_rank
[00:08:07]ADMIN: jobban_keylist was empty
[00:08:07]ADMIN: Loading appearance_rank
[00:08:07]ADMIN: appearance_keylist was empty
[00:08:07]ADMIN: Updating jobbanfile!
[00:08:07]ADMIN: Loading Banlist
[00:11:59]ACCESS: Login: BartNixon/(BartNixon) from 127.0.0.1-3529772718 || BYOND v506
[00:14:45]SAY: mouse/ : SQUEEK!
[00:14:51]SAY: mouse/ : Squeek?
[00:14:59]SAY: mouse/ : Squeek?
[00:15:13]EMOTE: monkey (317)/ : <B>The monkey (317)</B> jumps!
[00:15:21]EMOTE: Pun Pun/ : <B>Pun Pun</B> jumps!
[00:15:37]EMOTE: monkey (161)/ : <B>The monkey (161)</B> jumps!
[00:15:51]SAY: mouse/ : Squeek?
[00:16:11]EMOTE: monkey (739)/ : <B>The monkey (739)</B> jumps!
[00:16:29]SAY: mouse/ : SQUEEK!
[00:16:37]SAY: grey baby slime (947)/ : Rawr...
[00:20:01]SAY: mouse/ : SQUEEK!
[00:20:42]EMOTE: monkey (940)/ : <B>The monkey (940)</B> jumps!
[00:21:06]ACCESS: Logout: *no key*/(BartNixon)
[00:21:06]ACCESS: Login: BartNixon/(Gilroy Rudah) from 127.0.0.1-3529772718 || BYOND v506
[00:21:10]EMOTE: monkey (917)/ : <B>The monkey (917)</B> jumps!
[00:21:16]EMOTE: monkey (645)/ : <B>The monkey (645)</B> jumps!
[00:21:23]GAME: Explosion with size (1, 2, 3, 0) in area Bar (136,136,1)
[00:21:26]GAME: Explosion with size (1, 2, 3, 0) in area Bar (140,136,1)
[00:21:32]EMOTE: monkey (161)/ : <B>The monkey (161)</B> jumps!
[00:21:32]GAME: Explosion with size (3, 5, 7, 0) in area Starboard Primary Hallway (140,130,1)
[00:21:43]GAME: Explosion with size (1, 2, 3, 0) in area Starboard Primary Hallway (136,129,1)
[00:21:57]GAME: Explosion with size (1, 2, 3, 0) in area Escape Shuttle Hallway (190,136,1)
[00:22:02]GAME: Explosion with size (3, 5, 7, 0) in area Escape Shuttle Hallway (190,130,1)
[00:22:10]GAME: Explosion with size (3, 5, 7, 0) in area Starboard Primary Hallway (176,128,1)
[00:22:21]EMOTE: monkey (848)/ : <B>The monkey (848)</B> jumps!
[00:23:05]GAME: Explosion with size (2, 3, 4, 0) in area Starboard Primary Hallway (153,128,1)
[00:23:21]ADMIN: BartNixon/(Gilroy Rudah) spawned /obj/machinery/syndicatebomb at (149,118,1)
[00:23:26]SAY: mouse/ : SQUEEK!
[00:23:26]SAY: Ian/ : AUUUUUU
[00:23:30]ADMIN: BartNixon/(Gilroy Rudah) modified syndicate bomb's active to 1
[00:23:36]ADMIN: BartNixon/(Gilroy Rudah) modified syndicate bomb's timer to 5
[00:23:44]GAME: Explosion with size (2, 5, 11, 11) in area Medbay (149,118,1)
[00:24:17]GAME: Explosion with size (1, 2, 3, 0) in area Cargo Office (86,119,1)
[00:24:29]EMOTE: Pun Pun/ : <B>Pun Pun</B> gasps!
[00:24:37]EMOTE: Pun Pun/ : <B>Pun Pun</B> gasps!
[00:24:50]OOC: Gilroy Rudah/BartNixon : Also! Replaced gun sounds!
[00:25:00]ADMIN: BartNixon/(Gilroy Rudah) has used rudimentary transformation on BartNixon/(Gilroy Rudah). Transforming to human; deletemob=1
[00:25:00]ACCESS: Logout: *no key*/(Gilroy Rudah)
[00:25:00]ACCESS: Login: BartNixon/(Gilroy Rudah) from 127.0.0.1-3529772718 || BYOND v506
[00:25:16]ADMIN: BartNixon/(Gilroy Rudah) changed the equipment of BartNixon/(Gilroy Rudah) to Chief Engineer.
[00:25:33]ADMIN: BartNixon/(Gilroy Rudah) spawned /obj/item/weapon/gun/projectile/automatic/pistol at (56,133,1)
[00:25:43]ADMIN: BartNixon/(Gilroy Rudah) spawned /obj/item/weapon/gun/projectile/automatic/c20r at (55,133,1)
[00:26:11]ADMIN: BartNixon/(Gilroy Rudah) spawned /obj/item/weapon/holodisk01 at (55,133,1)
[00:26:29]EMOTE: Pun Pun/ : <B>Pun Pun</B> gasps!
[00:26:30]ADMIN: BartNixon/(Gilroy Rudah) modified holodisk's icon_state to holodisk_anim
[00:26:31]EMOTE: monkey (10)/ : <B>The monkey (10)</B> jumps!
[00:26:37]EMOTE: Pun Pun/ : <B>Pun Pun</B> gasps!
[00:27:49]EMOTE: Pun Pun/ : <B>Pun Pun</B> gasps!
[00:28:05]EMOTE: Pun Pun/ : <B>Pun Pun</B> gasps!
[00:28:12]EMOTE: Pun Pun/ : <B>Pun Pun</B> gasps!
[00:28:20]EMOTE: Pun Pun/ : <B>Pun Pun</B> gasps!
[00:28:35]EMOTE: Pun Pun/ : <B>Pun Pun</B> gasps!
[00:28:43]EMOTE: Pun Pun/ : <B>Pun Pun</B> gasps!
[00:28:47]GAME: Explosion with size (3, 5, 7, 0) in area Vacant Office (55,133,1)
[00:28:50]ACCESS: Logout: *no key*/(Gilroy Rudah)
[00:28:50]ACCESS: Login: BartNixon/(Gilroy Rudah) from 127.0.0.1-3529772718 || BYOND v506
[00:28:58]EMOTE: monkey (10)/ : <B>The monkey (10)</B> jumps!
[00:29:02]GAME: Explosion with size (3, 5, 7, 0) in area Vacant Office (55,133,1)
[00:29:06]GAME: Explosion with size (3, 5, 7, 0) in area Vacant Office (55,135,1)
[00:29:10]GAME: Explosion with size (3, 5, 7, 0) in area Vacant Office (55,136,1)
[00:29:13]GAME: Explosion with size (3, 5, 7, 0) in area Arrival Shuttle Hallway (55,138,1)
[00:29:16]GAME: Explosion with size (3, 5, 7, 0) in area Arrival Shuttle Hallway (55,140,1)
[00:29:18]EMOTE: monkey (212)/ : <B>The monkey (212)</B> jumps!
[00:29:22]GAME: Explosion with size (3, 5, 7, 0) in area Port Primary Hallway (68,140,1)
[00:29:22]GAME: Explosion with size (-1, 0, 2, 2) in area Locker Room (69,138,1)
[00:29:41]SAY: mouse/ : Squeek?
[00:29:41]SAY: grey baby slime (754)/ : Lonely...
[00:30:55]ACCESS: Logout: BartNixon[DC]/(Gilroy Rudah)


Starting up. 00:49.02
---------------------
Adding game mode blob (blob) to configuration.
Adding game mode changeling (changeling) to configuration.
Adding game mode traitor+changeling (traitorchan) to configuration.
Adding game mode double agents (double_agents) to configuration.
Adding game mode traitor (traitor) to configuration.
Adding game mode cult (cult) to configuration.
Adding game mode extended (extended) to configuration.
Adding game mode AI malfunction (malfunction) to configuration.
Adding game mode meteor (meteor) to configuration.
Adding game mode monkey (monkey) to configuration.
Adding game mode nuclear emergency (nuclear) to configuration.
Adding game mode revolution (revolution) to configuration.
Adding game mode sandbox (sandbox) to configuration.
Adding game mode wizard (wizard) to configuration.
Saved mode is 'extended'
[00:49:02]ADMIN: Loading Banlistjob
[00:49:02]ADMIN: Loading jobban_rank
[00:49:02]ADMIN: jobban_keylist was empty
[00:49:02]ADMIN: Loading appearance_rank
[00:49:02]ADMIN: appearance_keylist was empty
[00:49:02]ADMIN: Updating jobbanfile!
[00:49:02]ADMIN: Loading Banlist
[00:49:50]ACCESS: Login: BartNixon/(BartNixon) from 127.0.0.1-3529772718 || BYOND v506
[00:50:00]ACCESS: Logout: *no key*/(BartNixon)
[00:50:00]ACCESS: Login: BartNixon/(Gilroy Rudah) from 127.0.0.1-3529772718 || BYOND v506
[00:50:04]ADMIN: BartNixon has started the game.
[00:50:10]GAME: Explosion with size (3, 5, 7, 0) in area EVA Maintenance (96,145,1)
[00:50:10]GAME: Explosion with size (-1, 0, 2, 2) in area EVA Maintenance (97,146,1)
[00:50:14]GAME: Explosion with size (3, 5, 7, 0) in area EVA Storage (103,145,1)
[00:50:15]GAME: Explosion with size (-1, 0, 2, 2) in area EVA Storage (105,145,1)
[00:50:18]GAME: Explosion with size (3, 5, 7, 0) in area Central Primary Hallway (103,139,1)
[00:50:22]GAME: Explosion with size (3, 5, 7, 0) in area Auxiliary Tool Storage (95,137,1)
[00:50:23]GAME: Explosion with size (-1, 0, 2, 2) in area Auxiliary Tool Storage (91,134,1)
[00:50:26]GAME: Explosion with size (1, 2, 3, 0) in area Art Supply Storage (78,137,1)
[00:50:28]GAME: Explosion with size (2, 3, 4, 0) in area Locker Room (73,135,1)
[00:50:31]GAME: Explosion with size (3, 5, 7, 0) in area Locker Room (68,136,1)
[00:50:32]GAME: Explosion with size (-1, 0, 2, 2) in area Locker Room (69,138,1)
[00:50:35]SAY: Tom/ : SQUEEK!
[00:50:36]GAME: Explosion with size (3, 5, 7, 0) in area Garden (62,146,1)
[00:50:39]GAME: Explosion with size (3, 5, 7, 0) in area Arrival Shuttle Hallway (52,143,1)
[00:50:43]GAME: Explosion with size (3, 5, 7, 0) in area Vacant Office (55,133,1)
[00:50:50]GAME: Explosion with size (3, 5, 7, 0) in area Locker Room (76,131,1)
[00:51:03]GAME: Explosion with size (3, 5, 7, 0) in area Captain's Office (123,131,1)
[00:51:12]EMOTE: monkey (57)/ : <B>The monkey (57)</B> jumps!
[00:51:26]EMOTE: Pun Pun/ : <B>Pun Pun</B> jumps!
[00:51:43]EMOTE: monkey (594)/ : <B>The monkey (594)</B> jumps!
[00:51:48]GAME: Explosion with size (3, 5, 7, 0) in area Technical Storage (108,106,1)
[00:52:26]SAY: mouse/ : Squeek?
[00:52:32]EMOTE: Pun Pun/ : <B>Pun Pun</B> jumps!
[00:52:36]GAME: Explosion with size (3, 5, 7, 0) in area Virology (159,100,1)
[00:54:00]GAME: Explosion with size (3, 5, 7, 0) in area Genetics Lab (160,117,1)
[00:54:18]EMOTE: monkey (414)/ : <B>The monkey (414)</B> gasps!
[00:54:32]SAY: Ian/ : YAP
[00:57:10]SAY: Poly/ : Check the singlo, you chucklefucks!
[00:57:14]SAY: mouse/ : Squeek!
[00:57:18]SAY: mouse/ : Squeek!
[00:57:36]ACCESS: Logout: BartNixon[DC]/(Gilroy Rudah)
