

Starting up. 05:39.02
---------------------
Adding game mode blob (blob) to configuration.
Adding game mode changeling (changeling) to configuration.
Adding game mode traitor+changeling (traitorchan) to configuration.
Adding game mode double agents (double_agents) to configuration.
Adding game mode traitor (traitor) to configuration.
Adding game mode cult (cult) to configuration.
Adding game mode extended (extended) to configuration.
Adding game mode AI malfunction (malfunction) to configuration.
Adding game mode meteor (meteor) to configuration.
Adding game mode monkey (monkey) to configuration.
Adding game mode nuclear emergency (nuclear) to configuration.
Adding game mode revolution (revolution) to configuration.
Adding game mode sandbox (sandbox) to configuration.
Adding game mode wizard (wizard) to configuration.
Saved mode is 'extended'
[05:39:02]ADMIN: Loading Banlistjob
[05:39:02]ADMIN: Loading jobban_rank
[05:39:02]ADMIN: jobban_keylist was empty
[05:39:02]ADMIN: Loading appearance_rank
[05:39:02]ADMIN: appearance_keylist was empty
[05:39:02]ADMIN: Updating jobbanfile!
[05:39:02]ADMIN: Loading Banlist
[05:41:19]ACCESS: Login: BartNixon/(BartNixon) from 127.0.0.1-3529772718 || BYOND v506
[05:42:00]ADMIN: BartNixon has started the game.
[05:42:05]ACCESS: Logout: *no key*/(BartNixon)
[05:42:05]ACCESS: Login: BartNixon/(Gilroy Rudah) from 127.0.0.1-3529772718 || BYOND v506
[05:42:28]ADMIN: BartNixon/(Gilroy Rudah) spawned /obj/machinery/vending/nukacolavend at (76,138,1)
[05:42:33]SAY: mouse/ : Squeek!
[05:42:37]ADMIN: BartNixon/(Gilroy Rudah) spawned /obj/item/weapon/reagent_containers/food/drinks/nukacola at (75,137,1)
[05:42:37]SAY: grey baby slime (509)/ : Blop...
[05:42:59]EMOTE: monkey (410)/ : <B>The monkey (410)</B> jumps!
[05:43:12]ADMIN: BartNixon/(Gilroy Rudah) spawned /obj/item/weapon/reagent_containers/food/snacks/grown/tea at (74,137,1)
[05:43:21]SAY: Runtime/ : Esp!
[05:44:16]ADMIN: BartNixon/(Gilroy Rudah) spawned /obj/machinery/vending/coffee at (75,137,1)
[05:44:39]SAY: mouse/ : Squeek?
[05:44:46]ADMIN: BartNixon/(Gilroy Rudah) spawned /obj/item/weapon/reagent_containers/food/drinks/nukacola at (73,135,1)
[05:44:57]SAY: mouse/ : SQUEEK!
[05:45:23]SAY: mouse/ : Squeek!
[05:45:28]ACCESS: Logout: BartNixon[DC]/(Gilroy Rudah)


Starting up. 23:16.49
---------------------
Adding game mode blob (blob) to configuration.
Adding game mode changeling (changeling) to configuration.
Adding game mode traitor+changeling (traitorchan) to configuration.
Adding game mode double agents (double_agents) to configuration.
Adding game mode traitor (traitor) to configuration.
Adding game mode cult (cult) to configuration.
Adding game mode extended (extended) to configuration.
Adding game mode AI malfunction (malfunction) to configuration.
Adding game mode meteor (meteor) to configuration.
Adding game mode monkey (monkey) to configuration.
Adding game mode nuclear emergency (nuclear) to configuration.
Adding game mode revolution (revolution) to configuration.
Adding game mode sandbox (sandbox) to configuration.
Adding game mode wizard (wizard) to configuration.
Saved mode is 'extended'
[23:16:50]ADMIN: Loading Banlistjob
[23:16:50]ADMIN: Loading jobban_rank
[23:16:50]ADMIN: jobban_keylist was empty
[23:16:50]ADMIN: Loading appearance_rank
[23:16:50]ADMIN: appearance_keylist was empty
[23:16:50]ADMIN: Updating jobbanfile!
[23:16:50]ADMIN: Loading Banlist
[23:17:59]ACCESS: Login: BartNixon/(BartNixon) from 127.0.0.1-3529772718 || BYOND v506
[23:19:57]ACCESS: Logout: *no key*/(BartNixon)
[23:19:57]ACCESS: Login: BartNixon/(Gilroy Rudah) from 127.0.0.1-3529772718 || BYOND v506
[23:20:05]ACCESS: Logout: *no key*/(Gilroy Rudah)
[23:20:05]ACCESS: Login: BartNixon/(Gilroy Rudah) from 127.0.0.1-3529772718 || BYOND v506
[23:20:14]SAY: grey baby slime (960)/ : Lonely...
[23:20:22]ADMIN: BartNixon/(Gilroy Rudah) created a /turf/simulated/floor/plating/wasteland
[23:20:23]ADMIN: BartNixon/(Gilroy Rudah) created a /turf/simulated/floor/plating/wasteland
[23:20:24]ADMIN: BartNixon/(Gilroy Rudah) created a /turf/simulated/floor/plating/wasteland
[23:20:25]ADMIN: BartNixon/(Gilroy Rudah) created a /turf/simulated/floor/plating/wasteland
[23:20:26]ADMIN: BartNixon/(Gilroy Rudah) created a /turf/simulated/floor/plating/wasteland
[23:20:27]ADMIN: BartNixon/(Gilroy Rudah) created a /turf/simulated/floor/plating/wasteland
[23:20:28]ADMIN: BartNixon/(Gilroy Rudah) created a /turf/simulated/floor/plating/wasteland
[23:20:40]SAY: mouse/ : Squeek?
[23:21:00]EMOTE: monkey (302)/ : <B>The monkey (302)</B> jumps!
[23:21:02]ADMIN: BartNixon/(Gilroy Rudah) has entered build mode.
[23:21:10]ADMIN: Build Mode: BartNixon/(Gilroy Rudah) modified space (34,107,1) to /turf/simulated/floor/plating/wasteland
[23:21:11]ADMIN: Build Mode: BartNixon/(Gilroy Rudah) modified space (34,108,1) to /turf/simulated/floor/plating/wasteland
[23:21:11]ADMIN: Build Mode: BartNixon/(Gilroy Rudah) modified space (34,109,1) to /turf/simulated/floor/plating/wasteland
[23:21:11]ADMIN: Build Mode: BartNixon/(Gilroy Rudah) modified space (34,110,1) to /turf/simulated/floor/plating/wasteland
[23:21:12]ADMIN: Build Mode: BartNixon/(Gilroy Rudah) modified space (33,110,1) to /turf/simulated/floor/plating/wasteland
[23:21:12]ADMIN: Build Mode: BartNixon/(Gilroy Rudah) modified space (32,110,1) to /turf/simulated/floor/plating/wasteland
[23:21:13]ADMIN: Build Mode: BartNixon/(Gilroy Rudah) modified space (31,110,1) to /turf/simulated/floor/plating/wasteland
[23:21:13]ADMIN: Build Mode: BartNixon/(Gilroy Rudah) modified space (31,109,1) to /turf/simulated/floor/plating/wasteland
[23:21:13]ADMIN: Build Mode: BartNixon/(Gilroy Rudah) modified space (30,109,1) to /turf/simulated/floor/plating/wasteland
[23:21:14]ADMIN: Build Mode: BartNixon/(Gilroy Rudah) modified space (30,108,1) to /turf/simulated/floor/plating/wasteland
[23:21:15]ADMIN: Build Mode: BartNixon/(Gilroy Rudah) modified space (30,107,1) to /turf/simulated/floor/plating/wasteland
[23:21:15]ADMIN: Build Mode: BartNixon/(Gilroy Rudah) modified space (31,107,1) to /turf/simulated/floor/plating/wasteland
[23:21:15]ADMIN: Build Mode: BartNixon/(Gilroy Rudah) modified space (31,106,1) to /turf/simulated/floor/plating/wasteland
[23:21:16]ADMIN: Build Mode: BartNixon/(Gilroy Rudah) modified space (38,106,1) to /turf/simulated/floor/plating/wasteland
[23:21:17]ADMIN: Build Mode: BartNixon/(Gilroy Rudah) modified space (40,106,1) to /turf/simulated/floor/plating/wasteland
[23:21:17]ADMIN: Build Mode: BartNixon/(Gilroy Rudah) modified space (39,106,1) to /turf/simulated/floor/plating/wasteland
[23:21:18]ADMIN: Build Mode: BartNixon/(Gilroy Rudah) modified space (40,105,1) to /turf/simulated/floor/plating/wasteland
[23:21:18]EMOTE: monkey (606)/ : <B>The monkey (606)</B> jumps!
[23:21:18]ADMIN: Build Mode: BartNixon/(Gilroy Rudah) modified space (40,104,1) to /turf/simulated/floor/plating/wasteland
[23:21:19]ADMIN: Build Mode: BartNixon/(Gilroy Rudah) modified space (40,103,1) to /turf/simulated/floor/plating/wasteland
[23:21:19]ADMIN: Build Mode: BartNixon/(Gilroy Rudah) modified space (40,102,1) to /turf/simulated/floor/plating/wasteland
[23:21:19]ADMIN: Build Mode: BartNixon/(Gilroy Rudah) modified space (40,101,1) to /turf/simulated/floor/plating/wasteland
[23:21:20]ADMIN: Build Mode: BartNixon/(Gilroy Rudah) modified space (39,101,1) to /turf/simulated/floor/plating/wasteland
[23:21:20]ADMIN: Build Mode: BartNixon/(Gilroy Rudah) modified space (39,102,1) to /turf/simulated/floor/plating/wasteland
[23:21:20]ADMIN: Build Mode: BartNixon/(Gilroy Rudah) modified space (39,103,1) to /turf/simulated/floor/plating/wasteland
[23:21:21]ADMIN: Build Mode: BartNixon/(Gilroy Rudah) modified space (39,105,1) to /turf/simulated/floor/plating/wasteland
[23:21:22]ADMIN: Build Mode: BartNixon/(Gilroy Rudah) modified space (39,104,1) to /turf/simulated/floor/plating/wasteland
[23:21:22]ADMIN: Build Mode: BartNixon/(Gilroy Rudah) modified space (38,104,1) to /turf/simulated/floor/plating/wasteland
[23:21:22]ADMIN: Build Mode: BartNixon/(Gilroy Rudah) modified space (38,103,1) to /turf/simulated/floor/plating/wasteland
[23:21:23]ADMIN: Build Mode: BartNixon/(Gilroy Rudah) modified space (38,102,1) to /turf/simulated/floor/plating/wasteland
[23:21:23]ADMIN: Build Mode: BartNixon/(Gilroy Rudah) modified space (38,101,1) to /turf/simulated/floor/plating/wasteland
[23:21:24]ADMIN: Build Mode: BartNixon/(Gilroy Rudah) modified space (38,105,1) to /turf/simulated/floor/plating/wasteland
[23:21:24]ADMIN: Build Mode: BartNixon/(Gilroy Rudah) modified space (36,105,1) to /turf/simulated/floor/plating/wasteland
[23:21:25]ADMIN: Build Mode: BartNixon/(Gilroy Rudah) modified space (37,105,1) to /turf/simulated/floor/plating/wasteland
[23:21:25]ADMIN: Build Mode: BartNixon/(Gilroy Rudah) modified space (37,104,1) to /turf/simulated/floor/plating/wasteland
[23:21:26]ADMIN: Build Mode: BartNixon/(Gilroy Rudah) modified space (37,103,1) to /turf/simulated/floor/plating/wasteland
[23:21:26]ADMIN: Build Mode: BartNixon/(Gilroy Rudah) modified space (37,102,1) to /turf/simulated/floor/plating/wasteland
[23:21:27]ADMIN: Build Mode: BartNixon/(Gilroy Rudah) modified space (37,101,1) to /turf/simulated/floor/plating/wasteland
[23:21:27]ADMIN: Build Mode: BartNixon/(Gilroy Rudah) modified space (36,101,1) to /turf/simulated/floor/plating/wasteland
[23:21:28]ADMIN: Build Mode: BartNixon/(Gilroy Rudah) modified space (36,102,1) to /turf/simulated/floor/plating/wasteland
[23:21:28]ADMIN: Build Mode: BartNixon/(Gilroy Rudah) modified space (36,103,1) to /turf/simulated/floor/plating/wasteland
[23:21:29]ADMIN: Build Mode: BartNixon/(Gilroy Rudah) modified space (36,104,1) to /turf/simulated/floor/plating/wasteland
[23:21:29]ADMIN: Build Mode: BartNixon/(Gilroy Rudah) modified space (35,104,1) to /turf/simulated/floor/plating/wasteland
[23:21:30]ADMIN: Build Mode: BartNixon/(Gilroy Rudah) modified space (35,103,1) to /turf/simulated/floor/plating/wasteland
[23:21:30]ADMIN: Build Mode: BartNixon/(Gilroy Rudah) modified space (35,102,1) to /turf/simulated/floor/plating/wasteland
[23:21:30]ADMIN: Build Mode: BartNixon/(Gilroy Rudah) modified space (35,101,1) to /turf/simulated/floor/plating/wasteland
[23:21:31]ADMIN: Build Mode: BartNixon/(Gilroy Rudah) modified space (33,101,1) to /turf/simulated/floor/plating/wasteland
[23:21:31]ADMIN: Build Mode: BartNixon/(Gilroy Rudah) modified space (33,102,1) to /turf/simulated/floor/plating/wasteland
[23:21:32]ADMIN: Build Mode: BartNixon/(Gilroy Rudah) modified space (34,103,1) to /turf/simulated/floor/plating/wasteland
[23:21:32]ADMIN: Build Mode: BartNixon/(Gilroy Rudah) modified space (34,102,1) to /turf/simulated/floor/plating/wasteland
[23:21:33]ADMIN: Build Mode: BartNixon/(Gilroy Rudah) modified space (34,101,1) to /turf/simulated/floor/plating/wasteland
[23:21:33]ADMIN: Build Mode: BartNixon/(Gilroy Rudah) modified space (33,103,1) to /turf/simulated/floor/plating/wasteland
[23:21:34]ADMIN: Build Mode: BartNixon/(Gilroy Rudah) modified space (34,105,1) to /turf/simulated/floor/plating/wasteland
[23:21:35]ADMIN: Build Mode: BartNixon/(Gilroy Rudah) modified space (34,104,1) to /turf/simulated/floor/plating/wasteland
[23:21:35]ADMIN: Build Mode: BartNixon/(Gilroy Rudah) modified space (33,104,1) to /turf/simulated/floor/plating/wasteland
[23:21:35]ADMIN: Build Mode: BartNixon/(Gilroy Rudah) modified space (33,105,1) to /turf/simulated/floor/plating/wasteland
[23:21:36]ADMIN: Build Mode: BartNixon/(Gilroy Rudah) modified space (33,106,1) to /turf/simulated/floor/plating/wasteland
[23:21:36]ADMIN: Build Mode: BartNixon/(Gilroy Rudah) modified space (34,106,1) to /turf/simulated/floor/plating/wasteland
[23:21:36]ADMIN: Build Mode: BartNixon/(Gilroy Rudah) modified space (35,106,1) to /turf/simulated/floor/plating/wasteland
[23:21:37]ADMIN: Build Mode: BartNixon/(Gilroy Rudah) modified space (35,105,1) to /turf/simulated/floor/plating/wasteland
[23:21:37]ADMIN: Build Mode: BartNixon/(Gilroy Rudah) modified space (36,106,1) to /turf/simulated/floor/plating/wasteland
[23:21:37]ADMIN: Build Mode: BartNixon/(Gilroy Rudah) modified space (37,106,1) to /turf/simulated/floor/plating/wasteland
[23:21:38]ADMIN: Build Mode: BartNixon/(Gilroy Rudah) modified space (37,107,1) to /turf/simulated/floor/plating/wasteland
[23:21:38]ADMIN: Build Mode: BartNixon/(Gilroy Rudah) modified space (36,107,1) to /turf/simulated/floor/plating/wasteland
[23:21:38]ADMIN: Build Mode: BartNixon/(Gilroy Rudah) modified space (35,107,1) to /turf/simulated/floor/plating/wasteland
[23:21:39]ADMIN: Build Mode: BartNixon/(Gilroy Rudah) modified space (35,108,1) to /turf/simulated/floor/plating/wasteland
[23:21:39]ADMIN: Build Mode: BartNixon/(Gilroy Rudah) modified space (36,108,1) to /turf/simulated/floor/plating/wasteland
[23:21:39]ADMIN: Build Mode: BartNixon/(Gilroy Rudah) modified space (37,108,1) to /turf/simulated/floor/plating/wasteland
[23:21:40]ADMIN: Build Mode: BartNixon/(Gilroy Rudah) modified space (38,108,1) to /turf/simulated/floor/plating/wasteland
[23:21:40]ADMIN: Build Mode: BartNixon/(Gilroy Rudah) modified space (38,107,1) to /turf/simulated/floor/plating/wasteland
[23:21:41]ADMIN: Build Mode: BartNixon/(Gilroy Rudah) modified space (39,107,1) to /turf/simulated/floor/plating/wasteland
[23:21:41]ADMIN: Build Mode: BartNixon/(Gilroy Rudah) modified space (39,108,1) to /turf/simulated/floor/plating/wasteland
[23:21:41]ADMIN: Build Mode: BartNixon/(Gilroy Rudah) modified space (40,108,1) to /turf/simulated/floor/plating/wasteland
[23:21:42]ADMIN: Build Mode: BartNixon/(Gilroy Rudah) modified space (40,107,1) to /turf/simulated/floor/plating/wasteland
[23:21:42]ADMIN: Build Mode: BartNixon/(Gilroy Rudah) modified space (40,109,1) to /turf/simulated/floor/plating/wasteland
[23:21:42]ADMIN: Build Mode: BartNixon/(Gilroy Rudah) modified space (39,109,1) to /turf/simulated/floor/plating/wasteland
[23:21:43]ADMIN: Build Mode: BartNixon/(Gilroy Rudah) modified space (38,109,1) to /turf/simulated/floor/plating/wasteland
[23:21:43]ADMIN: Build Mode: BartNixon/(Gilroy Rudah) modified space (37,109,1) to /turf/simulated/floor/plating/wasteland
[23:21:43]ADMIN: Build Mode: BartNixon/(Gilroy Rudah) modified space (36,109,1) to /turf/simulated/floor/plating/wasteland
[23:21:44]ADMIN: Build Mode: BartNixon/(Gilroy Rudah) modified space (35,109,1) to /turf/simulated/floor/plating/wasteland
[23:21:44]ADMIN: Build Mode: BartNixon/(Gilroy Rudah) modified space (35,110,1) to /turf/simulated/floor/plating/wasteland
[23:21:44]ADMIN: Build Mode: BartNixon/(Gilroy Rudah) modified space (36,110,1) to /turf/simulated/floor/plating/wasteland
[23:21:45]ADMIN: Build Mode: BartNixon/(Gilroy Rudah) modified space (37,110,1) to /turf/simulated/floor/plating/wasteland
[23:21:45]ADMIN: Build Mode: BartNixon/(Gilroy Rudah) modified space (38,110,1) to /turf/simulated/floor/plating/wasteland
[23:21:46]ADMIN: Build Mode: BartNixon/(Gilroy Rudah) modified space (39,110,1) to /turf/simulated/floor/plating/wasteland
[23:21:46]ADMIN: Build Mode: BartNixon/(Gilroy Rudah) modified space (40,110,1) to /turf/simulated/floor/plating/wasteland
[23:21:47]ADMIN: Build Mode: BartNixon/(Gilroy Rudah) modified space (32,106,1) to /turf/simulated/floor/plating/wasteland
[23:21:48]ADMIN: Build Mode: BartNixon/(Gilroy Rudah) modified space (32,104,1) to /turf/simulated/floor/plating/wasteland
[23:21:48]ADMIN: Build Mode: BartNixon/(Gilroy Rudah) modified space (32,103,1) to /turf/simulated/floor/plating/wasteland
[23:21:49]ADMIN: Build Mode: BartNixon/(Gilroy Rudah) modified space (32,105,1) to /turf/simulated/floor/plating/wasteland
[23:21:49]ADMIN: Build Mode: BartNixon/(Gilroy Rudah) modified space (31,105,1) to /turf/simulated/floor/plating/wasteland
[23:21:50]ADMIN: Build Mode: BartNixon/(Gilroy Rudah) modified space (31,104,1) to /turf/simulated/floor/plating/wasteland
[23:21:50]ADMIN: Build Mode: BartNixon/(Gilroy Rudah) modified space (31,103,1) to /turf/simulated/floor/plating/wasteland
[23:21:51]ADMIN: Build Mode: BartNixon/(Gilroy Rudah) modified space (31,102,1) to /turf/simulated/floor/plating/wasteland
[23:21:51]ADMIN: Build Mode: BartNixon/(Gilroy Rudah) modified space (32,102,1) to /turf/simulated/floor/plating/wasteland
[23:21:52]ADMIN: Build Mode: BartNixon/(Gilroy Rudah) modified space (32,101,1) to /turf/simulated/floor/plating/wasteland
[23:21:52]ADMIN: Build Mode: BartNixon/(Gilroy Rudah) modified space (31,101,1) to /turf/simulated/floor/plating/wasteland
[23:21:53]ADMIN: Build Mode: BartNixon/(Gilroy Rudah) modified space (30,101,1) to /turf/simulated/floor/plating/wasteland
[23:21:53]ADMIN: Build Mode: BartNixon/(Gilroy Rudah) modified space (30,102,1) to /turf/simulated/floor/plating/wasteland
[23:21:54]ADMIN: Build Mode: BartNixon/(Gilroy Rudah) modified space (30,103,1) to /turf/simulated/floor/plating/wasteland
[23:21:54]ADMIN: Build Mode: BartNixon/(Gilroy Rudah) modified space (30,104,1) to /turf/simulated/floor/plating/wasteland
[23:21:55]ADMIN: Build Mode: BartNixon/(Gilroy Rudah) modified space (30,105,1) to /turf/simulated/floor/plating/wasteland
[23:21:55]ADMIN: Build Mode: BartNixon/(Gilroy Rudah) modified space (30,106,1) to /turf/simulated/floor/plating/wasteland
[23:21:56]ADMIN: Build Mode: BartNixon/(Gilroy Rudah) modified space (29,106,1) to /turf/simulated/floor/plating/wasteland
[23:21:56]ADMIN: Build Mode: BartNixon/(Gilroy Rudah) modified space (29,105,1) to /turf/simulated/floor/plating/wasteland
[23:21:56]ADMIN: Build Mode: BartNixon/(Gilroy Rudah) modified space (29,104,1) to /turf/simulated/floor/plating/wasteland
[23:21:57]ADMIN: Build Mode: BartNixon/(Gilroy Rudah) modified space (29,103,1) to /turf/simulated/floor/plating/wasteland
[23:21:57]ADMIN: Build Mode: BartNixon/(Gilroy Rudah) modified space (29,102,1) to /turf/simulated/floor/plating/wasteland
[23:21:58]ADMIN: Build Mode: BartNixon/(Gilroy Rudah) modified space (29,101,1) to /turf/simulated/floor/plating/wasteland
[23:21:58]ADMIN: Build Mode: BartNixon/(Gilroy Rudah) modified space (28,101,1) to /turf/simulated/floor/plating/wasteland
[23:21:58]ADMIN: Build Mode: BartNixon/(Gilroy Rudah) modified space (28,102,1) to /turf/simulated/floor/plating/wasteland
[23:21:59]ADMIN: Build Mode: BartNixon/(Gilroy Rudah) modified space (28,103,1) to /turf/simulated/floor/plating/wasteland
[23:21:59]ADMIN: Build Mode: BartNixon/(Gilroy Rudah) modified space (28,104,1) to /turf/simulated/floor/plating/wasteland
[23:21:59]ADMIN: Build Mode: BartNixon/(Gilroy Rudah) modified space (28,105,1) to /turf/simulated/floor/plating/wasteland
[23:22:00]ADMIN: Build Mode: BartNixon/(Gilroy Rudah) modified space (28,106,1) to /turf/simulated/floor/plating/wasteland
[23:22:00]ADMIN: Build Mode: BartNixon/(Gilroy Rudah) modified space (28,107,1) to /turf/simulated/floor/plating/wasteland
[23:22:01]ADMIN: Build Mode: BartNixon/(Gilroy Rudah) modified space (29,107,1) to /turf/simulated/floor/plating/wasteland
[23:22:01]ADMIN: Build Mode: BartNixon/(Gilroy Rudah) modified space (29,108,1) to /turf/simulated/floor/plating/wasteland
[23:22:01]ADMIN: Build Mode: BartNixon/(Gilroy Rudah) modified space (28,108,1) to /turf/simulated/floor/plating/wasteland
[23:22:02]ADMIN: Build Mode: BartNixon/(Gilroy Rudah) modified space (28,109,1) to /turf/simulated/floor/plating/wasteland
[23:22:02]ADMIN: Build Mode: BartNixon/(Gilroy Rudah) modified Wasteland (28,109,1) to /turf/simulated/floor/plating/wasteland
[23:22:03]ADMIN: Build Mode: BartNixon/(Gilroy Rudah) modified space (29,109,1) to /turf/simulated/floor/plating/wasteland
[23:22:03]ADMIN: Build Mode: BartNixon/(Gilroy Rudah) modified space (29,110,1) to /turf/simulated/floor/plating/wasteland
[23:22:03]ADMIN: Build Mode: BartNixon/(Gilroy Rudah) modified Wasteland (29,110,1) to /turf/simulated/floor/plating/wasteland
[23:22:04]ADMIN: Build Mode: BartNixon/(Gilroy Rudah) modified space (30,110,1) to /turf/simulated/floor/plating/wasteland
[23:22:04]ADMIN: Build Mode: BartNixon/(Gilroy Rudah) modified space (28,110,1) to /turf/simulated/floor/plating/wasteland
[23:22:04]ADMIN: Build Mode: BartNixon/(Gilroy Rudah) modified space (27,110,1) to /turf/simulated/floor/plating/wasteland
[23:22:05]ADMIN: Build Mode: BartNixon/(Gilroy Rudah) modified space (27,109,1) to /turf/simulated/floor/plating/wasteland
[23:22:05]ADMIN: Build Mode: BartNixon/(Gilroy Rudah) modified space (26,109,1) to /turf/simulated/floor/plating/wasteland
[23:22:06]EMOTE: monkey (806)/ : <B>The monkey (806)</B> jumps!
[23:22:06]ADMIN: Build Mode: BartNixon/(Gilroy Rudah) modified space (26,110,1) to /turf/simulated/floor/plating/wasteland
[23:22:06]ADMIN: Build Mode: BartNixon/(Gilroy Rudah) modified space (26,108,1) to /turf/simulated/floor/plating/wasteland
[23:22:07]ADMIN: Build Mode: BartNixon/(Gilroy Rudah) modified space (27,108,1) to /turf/simulated/floor/plating/wasteland
[23:22:07]ADMIN: Build Mode: BartNixon/(Gilroy Rudah) modified space (27,107,1) to /turf/simulated/floor/plating/wasteland
[23:22:07]ADMIN: Build Mode: BartNixon/(Gilroy Rudah) modified space (26,107,1) to /turf/simulated/floor/plating/wasteland
[23:22:08]ADMIN: Build Mode: BartNixon/(Gilroy Rudah) modified space (27,106,1) to /turf/simulated/floor/plating/wasteland
[23:22:08]ADMIN: Build Mode: BartNixon/(Gilroy Rudah) modified space (26,106,1) to /turf/simulated/floor/plating/wasteland
[23:22:09]ADMIN: Build Mode: BartNixon/(Gilroy Rudah) modified space (26,105,1) to /turf/simulated/floor/plating/wasteland
[23:22:09]ADMIN: Build Mode: BartNixon/(Gilroy Rudah) modified space (27,105,1) to /turf/simulated/floor/plating/wasteland
[23:22:10]ADMIN: Build Mode: BartNixon/(Gilroy Rudah) modified space (27,104,1) to /turf/simulated/floor/plating/wasteland
[23:22:10]ADMIN: Build Mode: BartNixon/(Gilroy Rudah) modified space (26,104,1) to /turf/simulated/floor/plating/wasteland
[23:22:10]ADMIN: Build Mode: BartNixon/(Gilroy Rudah) modified space (26,103,1) to /turf/simulated/floor/plating/wasteland
[23:22:11]ADMIN: Build Mode: BartNixon/(Gilroy Rudah) modified Wasteland (26,103,1) to /turf/simulated/floor/plating/wasteland
[23:22:11]ADMIN: Build Mode: BartNixon/(Gilroy Rudah) modified space (27,103,1) to /turf/simulated/floor/plating/wasteland
[23:22:11]ADMIN: Build Mode: BartNixon/(Gilroy Rudah) modified space (27,102,1) to /turf/simulated/floor/plating/wasteland
[23:22:12]ADMIN: Build Mode: BartNixon/(Gilroy Rudah) modified space (26,102,1) to /turf/simulated/floor/plating/wasteland
[23:22:12]ADMIN: Build Mode: BartNixon/(Gilroy Rudah) modified space (26,101,1) to /turf/simulated/floor/plating/wasteland
[23:22:12]ADMIN: Build Mode: BartNixon/(Gilroy Rudah) modified space (27,101,1) to /turf/simulated/floor/plating/wasteland
[23:22:14]ADMIN: Build Mode: BartNixon/(Gilroy Rudah) modified space (26,111,1) to /turf/simulated/floor/plating/wasteland
[23:22:14]ADMIN: Build Mode: BartNixon/(Gilroy Rudah) modified space (26,112,1) to /turf/simulated/floor/plating/wasteland
[23:22:14]ADMIN: Build Mode: BartNixon/(Gilroy Rudah) modified space (27,112,1) to /turf/simulated/floor/plating/wasteland
[23:22:15]ADMIN: Build Mode: BartNixon/(Gilroy Rudah) modified space (27,111,1) to /turf/simulated/floor/plating/wasteland
[23:22:15]ADMIN: Build Mode: BartNixon/(Gilroy Rudah) modified space (28,111,1) to /turf/simulated/floor/plating/wasteland
[23:22:15]ADMIN: Build Mode: BartNixon/(Gilroy Rudah) modified space (28,112,1) to /turf/simulated/floor/plating/wasteland
[23:22:16]ADMIN: Build Mode: BartNixon/(Gilroy Rudah) modified space (29,112,1) to /turf/simulated/floor/plating/wasteland
[23:22:16]ADMIN: Build Mode: BartNixon/(Gilroy Rudah) modified Wasteland (29,112,1) to /turf/simulated/floor/plating/wasteland
[23:22:16]ADMIN: Build Mode: BartNixon/(Gilroy Rudah) modified space (30,111,1) to /turf/simulated/floor/plating/wasteland
[23:22:17]ADMIN: Build Mode: BartNixon/(Gilroy Rudah) modified space (31,112,1) to /turf/simulated/floor/plating/wasteland
[23:22:18]ADMIN: Build Mode: BartNixon/(Gilroy Rudah) modified space (30,112,1) to /turf/simulated/floor/plating/wasteland
[23:22:18]ADMIN: Build Mode: BartNixon/(Gilroy Rudah) modified Wasteland (28,111,1) to /turf/simulated/floor/plating/wasteland
[23:22:18]ADMIN: Build Mode: BartNixon/(Gilroy Rudah) modified space (31,111,1) to /turf/simulated/floor/plating/wasteland
[23:22:19]ADMIN: Build Mode: BartNixon/(Gilroy Rudah) modified Wasteland (31,111,1) to /turf/simulated/floor/plating/wasteland
[23:22:19]ADMIN: Build Mode: BartNixon/(Gilroy Rudah) modified Wasteland (28,111,1) to /turf/simulated/floor/plating/wasteland
[23:22:19]ADMIN: Build Mode: BartNixon/(Gilroy Rudah) modified space (29,111,1) to /turf/simulated/floor/plating/wasteland
[23:22:20]ADMIN: Build Mode: BartNixon/(Gilroy Rudah) modified space (32,112,1) to /turf/simulated/floor/plating/wasteland
[23:22:20]ADMIN: Build Mode: BartNixon/(Gilroy Rudah) modified space (32,111,1) to /turf/simulated/floor/plating/wasteland
[23:22:20]ADMIN: Build Mode: BartNixon/(Gilroy Rudah) modified space (33,111,1) to /turf/simulated/floor/plating/wasteland
[23:22:21]ADMIN: Build Mode: BartNixon/(Gilroy Rudah) modified space (33,112,1) to /turf/simulated/floor/plating/wasteland
[23:22:21]ADMIN: Build Mode: BartNixon/(Gilroy Rudah) modified space (34,112,1) to /turf/simulated/floor/plating/wasteland
[23:22:21]ADMIN: Build Mode: BartNixon/(Gilroy Rudah) modified space (34,111,1) to /turf/simulated/floor/plating/wasteland
[23:22:22]ADMIN: Build Mode: BartNixon/(Gilroy Rudah) modified space (35,111,1) to /turf/simulated/floor/plating/wasteland
[23:22:22]ADMIN: Build Mode: BartNixon/(Gilroy Rudah) modified space (35,112,1) to /turf/simulated/floor/plating/wasteland
[23:22:23]ADMIN: Build Mode: BartNixon/(Gilroy Rudah) modified space (36,112,1) to /turf/simulated/floor/plating/wasteland
[23:22:23]ADMIN: Build Mode: BartNixon/(Gilroy Rudah) modified space (36,111,1) to /turf/simulated/floor/plating/wasteland
[23:22:23]ADMIN: Build Mode: BartNixon/(Gilroy Rudah) modified space (37,111,1) to /turf/simulated/floor/plating/wasteland
[23:22:24]ADMIN: Build Mode: BartNixon/(Gilroy Rudah) modified space (37,112,1) to /turf/simulated/floor/plating/wasteland
[23:22:24]SAY: grey baby slime (433)/ : Rawr...
[23:22:24]ADMIN: Build Mode: BartNixon/(Gilroy Rudah) modified space (38,112,1) to /turf/simulated/floor/plating/wasteland
[23:22:24]ADMIN: Build Mode: BartNixon/(Gilroy Rudah) modified space (38,111,1) to /turf/simulated/floor/plating/wasteland
[23:22:24]ADMIN: Build Mode: BartNixon/(Gilroy Rudah) modified Wasteland (38,111,1) to /turf/simulated/floor/plating/wasteland
[23:22:25]ADMIN: Build Mode: BartNixon/(Gilroy Rudah) modified space (39,111,1) to /turf/simulated/floor/plating/wasteland
[23:22:25]ADMIN: Build Mode: BartNixon/(Gilroy Rudah) modified space (39,112,1) to /turf/simulated/floor/plating/wasteland
[23:22:25]ADMIN: Build Mode: BartNixon/(Gilroy Rudah) modified space (40,112,1) to /turf/simulated/floor/plating/wasteland
[23:22:26]ADMIN: Build Mode: BartNixon/(Gilroy Rudah) modified space (40,111,1) to /turf/simulated/floor/plating/wasteland
[23:22:26]ADMIN: Build Mode: BartNixon/(Gilroy Rudah) modified space (40,113,1) to /turf/simulated/floor/plating/wasteland
[23:22:26]ADMIN: Build Mode: BartNixon/(Gilroy Rudah) modified space (38,113,1) to /turf/simulated/floor/plating/wasteland
[23:22:27]ADMIN: Build Mode: BartNixon/(Gilroy Rudah) modified space (37,113,1) to /turf/simulated/floor/plating/wasteland
[23:22:27]ADMIN: Build Mode: BartNixon/(Gilroy Rudah) modified space (34,113,1) to /turf/simulated/floor/plating/wasteland
[23:22:27]ADMIN: Build Mode: BartNixon/(Gilroy Rudah) modified space (32,113,1) to /turf/simulated/floor/plating/wasteland
[23:22:28]ADMIN: Build Mode: BartNixon/(Gilroy Rudah) modified space (28,113,1) to /turf/simulated/floor/plating/wasteland
[23:22:28]ADMIN: Build Mode: BartNixon/(Gilroy Rudah) modified space (27,113,1) to /turf/simulated/floor/plating/wasteland
[23:22:28]ADMIN: Build Mode: BartNixon/(Gilroy Rudah) modified space (26,114,1) to /turf/simulated/floor/plating/wasteland
[23:22:29]ADMIN: Build Mode: BartNixon/(Gilroy Rudah) modified Wasteland (26,114,1) to /turf/simulated/floor/plating/wasteland
[23:22:29]ADMIN: Build Mode: BartNixon/(Gilroy Rudah) modified space (27,114,1) to /turf/simulated/floor/plating/wasteland
[23:22:29]ADMIN: Build Mode: BartNixon/(Gilroy Rudah) modified space (26,113,1) to /turf/simulated/floor/plating/wasteland
[23:22:30]ADMIN: Build Mode: BartNixon/(Gilroy Rudah) modified space (28,114,1) to /turf/simulated/floor/plating/wasteland
[23:22:30]ADMIN: Build Mode: BartNixon/(Gilroy Rudah) modified space (29,114,1) to /turf/simulated/floor/plating/wasteland
[23:22:30]ADMIN: Build Mode: BartNixon/(Gilroy Rudah) modified space (29,113,1) to /turf/simulated/floor/plating/wasteland
[23:22:30]ADMIN: Build Mode: BartNixon/(Gilroy Rudah) modified space (30,113,1) to /turf/simulated/floor/plating/wasteland
[23:22:31]ADMIN: Build Mode: BartNixon/(Gilroy Rudah) modified space (30,114,1) to /turf/simulated/floor/plating/wasteland
[23:22:31]ADMIN: Build Mode: BartNixon/(Gilroy Rudah) modified space (31,114,1) to /turf/simulated/floor/plating/wasteland
[23:22:31]ADMIN: Build Mode: BartNixon/(Gilroy Rudah) modified space (31,113,1) to /turf/simulated/floor/plating/wasteland
[23:22:31]ADMIN: Build Mode: BartNixon/(Gilroy Rudah) modified space (32,114,1) to /turf/simulated/floor/plating/wasteland
[23:22:32]EMOTE: monkey (124)/ : <B>The monkey (124)</B> jumps!
[23:22:32]ADMIN: Build Mode: BartNixon/(Gilroy Rudah) modified space (33,114,1) to /turf/simulated/floor/plating/wasteland
[23:22:32]ADMIN: Build Mode: BartNixon/(Gilroy Rudah) modified space (33,113,1) to /turf/simulated/floor/plating/wasteland
[23:22:32]ADMIN: Build Mode: BartNixon/(Gilroy Rudah) modified space (35,114,1) to /turf/simulated/floor/plating/wasteland
[23:22:33]ADMIN: Build Mode: BartNixon/(Gilroy Rudah) modified space (34,114,1) to /turf/simulated/floor/plating/wasteland
[23:22:33]ADMIN: Build Mode: BartNixon/(Gilroy Rudah) modified space (35,113,1) to /turf/simulated/floor/plating/wasteland
[23:22:34]ADMIN: Build Mode: BartNixon/(Gilroy Rudah) modified space (36,113,1) to /turf/simulated/floor/plating/wasteland
[23:22:34]ADMIN: Build Mode: BartNixon/(Gilroy Rudah) modified space (36,114,1) to /turf/simulated/floor/plating/wasteland
[23:22:34]ADMIN: Build Mode: BartNixon/(Gilroy Rudah) modified space (37,114,1) to /turf/simulated/floor/plating/wasteland
[23:22:35]ADMIN: Build Mode: BartNixon/(Gilroy Rudah) modified space (38,114,1) to /turf/simulated/floor/plating/wasteland
[23:22:35]ADMIN: Build Mode: BartNixon/(Gilroy Rudah) modified Wasteland (38,114,1) to /turf/simulated/floor/plating/wasteland
[23:22:36]ADMIN: Build Mode: BartNixon/(Gilroy Rudah) modified space (39,113,1) to /turf/simulated/floor/plating/wasteland
[23:22:36]ADMIN: Build Mode: BartNixon/(Gilroy Rudah) modified space (40,114,1) to /turf/simulated/floor/plating/wasteland
[23:22:37]ADMIN: Build Mode: BartNixon/(Gilroy Rudah) modified Wasteland (40,114,1) to /turf/simulated/floor/plating/wasteland
[23:22:37]ADMIN: Build Mode: BartNixon/(Gilroy Rudah) modified space (39,114,1) to /turf/simulated/floor/plating/wasteland
[23:22:37]ADMIN: Build Mode: BartNixon/(Gilroy Rudah) modified space (39,115,1) to /turf/simulated/floor/plating/wasteland
[23:22:37]SAY: mouse/ : Squeek?
[23:22:38]ADMIN: Build Mode: BartNixon/(Gilroy Rudah) modified space (40,115,1) to /turf/simulated/floor/plating/wasteland
[23:22:38]ADMIN: Build Mode: BartNixon/(Gilroy Rudah) modified Wasteland (39,115,1) to /turf/simulated/floor/plating/wasteland
[23:22:38]ADMIN: Build Mode: BartNixon/(Gilroy Rudah) modified space (37,115,1) to /turf/simulated/floor/plating/wasteland
[23:22:39]ADMIN: Build Mode: BartNixon/(Gilroy Rudah) modified space (35,115,1) to /turf/simulated/floor/plating/wasteland
[23:22:39]ADMIN: Build Mode: BartNixon/(Gilroy Rudah) modified Wasteland (37,115,1) to /turf/simulated/floor/plating/wasteland
[23:22:40]ADMIN: Build Mode: BartNixon/(Gilroy Rudah) modified space (36,115,1) to /turf/simulated/floor/plating/wasteland
[23:22:40]ADMIN: Build Mode: BartNixon/(Gilroy Rudah) modified space (38,115,1) to /turf/simulated/floor/plating/wasteland
[23:22:41]ADMIN: Build Mode: BartNixon/(Gilroy Rudah) modified space (34,115,1) to /turf/simulated/floor/plating/wasteland
[23:22:41]ADMIN: Build Mode: BartNixon/(Gilroy Rudah) modified space (32,115,1) to /turf/simulated/floor/plating/wasteland
[23:22:42]ADMIN: Build Mode: BartNixon/(Gilroy Rudah) modified space (31,115,1) to /turf/simulated/floor/plating/wasteland
[23:22:42]ADMIN: Build Mode: BartNixon/(Gilroy Rudah) modified space (33,115,1) to /turf/simulated/floor/plating/wasteland
[23:22:43]ADMIN: Build Mode: BartNixon/(Gilroy Rudah) modified space (30,115,1) to /turf/simulated/floor/plating/wasteland
[23:22:45]ADMIN: Build Mode: BartNixon/(Gilroy Rudah) modified space (29,115,1) to /turf/simulated/floor/plating/wasteland
[23:22:46]ADMIN: Build Mode: BartNixon/(Gilroy Rudah) modified space (28,115,1) to /turf/simulated/floor/plating/wasteland
[23:22:46]ADMIN: Build Mode: BartNixon/(Gilroy Rudah) modified space (27,115,1) to /turf/simulated/floor/plating/wasteland
[23:22:46]ADMIN: Build Mode: BartNixon/(Gilroy Rudah) modified space (26,115,1) to /turf/simulated/floor/plating/wasteland
[23:22:47]ADMIN: BartNixon/(Gilroy Rudah) has left build mode.
[23:22:53]EMOTE: monkey (586)/ : <B>The monkey (586)</B> jumps!
[23:22:57]EMOTE: monkey (808)/ : <B>The monkey (808)</B> jumps!
[23:23:05]EMOTE: monkey (500)/ : <B>The monkey (500)</B> jumps!
[23:23:17]SAY: mouse/ : Squeek!
[23:23:31]SAY: mouse/ : SQUEEK!
[23:23:35]EMOTE: monkey (566)/ : <B>The monkey (566)</B> jumps!
[23:24:17]SAY: mouse/ : SQUEEK!
[23:24:25]EMOTE: monkey (586)/ : <B>The monkey (586)</B> jumps!
[23:24:39]SAY: mouse/ : SQUEEK!
[23:24:49]ADMIN: BartNixon/(Gilroy Rudah) spawned /obj/machinery/vending/nukacolavend at (33,108,1)
[23:24:55]SAY: mouse/ : Squeek!
[23:25:00]ADMIN: BartNixon/(Gilroy Rudah) modified Nuka-Cola vending machine's icon_state to nuka_vending
[23:25:01]EMOTE: monkey (291)/ : <B>The monkey (291)</B> jumps!
[23:25:29]SAY: Runtime/ : Purr!
[23:25:29]ACCESS: Logout: *no key*/(Gilroy Rudah)
[23:25:29]ACCESS: Login: BartNixon/(Gilroy Rudah) from 127.0.0.1-3529772718 || BYOND v506
[23:25:35]ADMIN: BartNixon/(Gilroy Rudah) spawned /obj/item/weapon/holodisk02 at (75,141,1)
[23:25:42]ADMIN: BartNixon/(Gilroy Rudah) spawned /obj/item/weapon/holodisk01 at (74,141,1)
[23:27:09]ACCESS: Logout: BartNixon[DC]/(Gilroy Rudah)
