

Starting up. 00:05.19
---------------------
Adding game mode blob (blob) to configuration.
Adding game mode changeling (changeling) to configuration.
Adding game mode traitor+changeling (traitorchan) to configuration.
Adding game mode double agents (double_agents) to configuration.
Adding game mode traitor (traitor) to configuration.
Adding game mode cult (cult) to configuration.
Adding game mode extended (extended) to configuration.
Adding game mode AI malfunction (malfunction) to configuration.
Adding game mode meteor (meteor) to configuration.
Adding game mode monkey (monkey) to configuration.
Adding game mode nuclear emergency (nuclear) to configuration.
Adding game mode revolution (revolution) to configuration.
Adding game mode sandbox (sandbox) to configuration.
Adding game mode wizard (wizard) to configuration.
Saved mode is 'extended'
[00:05:20]ADMIN: Loading Banlistjob
[00:05:20]ADMIN: Loading jobban_rank
[00:05:20]ADMIN: jobban_keylist was empty
[00:05:20]ADMIN: Loading appearance_rank
[00:05:20]ADMIN: appearance_keylist was empty
[00:05:20]ADMIN: Updating jobbanfile!
[00:05:20]ADMIN: Loading Banlist


Starting up. 00:09.48
---------------------
Adding game mode blob (blob) to configuration.
Adding game mode changeling (changeling) to configuration.
Adding game mode traitor+changeling (traitorchan) to configuration.
Adding game mode double agents (double_agents) to configuration.
Adding game mode traitor (traitor) to configuration.
Adding game mode cult (cult) to configuration.
Adding game mode extended (extended) to configuration.
Adding game mode AI malfunction (malfunction) to configuration.
Adding game mode meteor (meteor) to configuration.
Adding game mode monkey (monkey) to configuration.
Adding game mode nuclear emergency (nuclear) to configuration.
Adding game mode revolution (revolution) to configuration.
Adding game mode sandbox (sandbox) to configuration.
Adding game mode wizard (wizard) to configuration.
Saved mode is 'extended'
[00:09:48]ADMIN: Loading Banlistjob
[00:09:48]ADMIN: Loading jobban_rank
[00:09:48]ADMIN: jobban_keylist was empty
[00:09:48]ADMIN: Loading appearance_rank
[00:09:48]ADMIN: appearance_keylist was empty
[00:09:48]ADMIN: Updating jobbanfile!
[00:09:48]ADMIN: Loading Banlist
[00:11:08]ACCESS: Login: BartNixon/(BartNixon) from 127.0.0.1-3529772718 || BYOND v506
[00:11:33]ADMIN: BartNixon has started the game.
[00:11:36]ACCESS: Logout: *no key*/(BartNixon)
[00:11:36]ACCESS: Login: BartNixon/(Gilroy Rudah) from 127.0.0.1-3529772718 || BYOND v506
[00:11:54]ACCESS: Logout: *no key*/(Gilroy Rudah)
[00:11:54]ACCESS: Login: BartNixon/(Gilroy Rudah) from 127.0.0.1-3529772718 || BYOND v506
[00:12:09]ADMIN: BartNixon/(Gilroy Rudah) has entered build mode.
[00:12:10]ADMIN: Build Mode: BartNixon/(Gilroy Rudah) deleted space at (49,119,1)
[00:12:10]ADMIN: Build Mode: BartNixon/(Gilroy Rudah) deleted the lattice at (49,119,1)
[00:12:11]ADMIN: Build Mode: BartNixon/(Gilroy Rudah) deleted space at (49,119,1)
[00:12:11]ADMIN: Build Mode: BartNixon/(Gilroy Rudah) deleted the lattice at (49,120,1)
[00:12:12]ADMIN: BartNixon/(Gilroy Rudah) has left build mode.
[00:12:18]ADMIN: BartNixon/(Gilroy Rudah) spawned /turf/simulated/floor/plating/wasteland at (49,113,1)
[00:12:29]ADMIN: BartNixon/(Gilroy Rudah) has entered build mode.
[00:12:32]ADMIN: Build Mode: BartNixon/(Gilroy Rudah) modified space (50,113,1) to /turf/simulated/floor/plating/wasteland
[00:12:32]SAY: mouse/ : Squeek?
[00:12:32]ADMIN: Build Mode: BartNixon/(Gilroy Rudah) modified space (51,113,1) to /turf/simulated/floor/plating/wasteland
[00:12:33]ADMIN: Build Mode: BartNixon/(Gilroy Rudah) modified space (52,113,1) to /turf/simulated/floor/plating/wasteland
[00:12:33]ADMIN: Build Mode: BartNixon/(Gilroy Rudah) modified space (53,113,1) to /turf/simulated/floor/plating/wasteland
[00:12:34]ADMIN: Build Mode: BartNixon/(Gilroy Rudah) modified space (54,113,1) to /turf/simulated/floor/plating/wasteland
[00:12:34]ADMIN: Build Mode: BartNixon/(Gilroy Rudah) modified space (55,113,1) to /turf/simulated/floor/plating/wasteland
[00:12:34]ADMIN: Build Mode: BartNixon/(Gilroy Rudah) modified space (55,114,1) to /turf/simulated/floor/plating/wasteland
[00:12:35]ADMIN: Build Mode: BartNixon/(Gilroy Rudah) modified space (56,114,1) to /turf/simulated/floor/plating/wasteland
[00:12:36]ADMIN: Build Mode: BartNixon/(Gilroy Rudah) modified space (56,113,1) to /turf/simulated/floor/plating/wasteland
[00:12:36]ADMIN: Build Mode: BartNixon/(Gilroy Rudah) modified space (53,114,1) to /turf/simulated/floor/plating/wasteland
[00:12:36]ADMIN: Build Mode: BartNixon/(Gilroy Rudah) modified space (52,114,1) to /turf/simulated/floor/plating/wasteland
[00:12:37]ADMIN: Build Mode: BartNixon/(Gilroy Rudah) modified space (54,114,1) to /turf/simulated/floor/plating/wasteland
[00:12:37]ADMIN: Build Mode: BartNixon/(Gilroy Rudah) modified space (54,112,1) to /turf/simulated/floor/plating/wasteland
[00:12:38]ADMIN: Build Mode: BartNixon/(Gilroy Rudah) modified space (55,112,1) to /turf/simulated/floor/plating/wasteland
[00:12:38]ADMIN: Build Mode: BartNixon/(Gilroy Rudah) modified space (56,112,1) to /turf/simulated/floor/plating/wasteland
[00:12:38]ADMIN: Build Mode: BartNixon/(Gilroy Rudah) modified space (56,111,1) to /turf/simulated/floor/plating/wasteland
[00:12:39]ADMIN: Build Mode: BartNixon/(Gilroy Rudah) modified space (55,111,1) to /turf/simulated/floor/plating/wasteland
[00:12:39]ADMIN: Build Mode: BartNixon/(Gilroy Rudah) modified space (54,111,1) to /turf/simulated/floor/plating/wasteland
[00:12:39]ADMIN: Build Mode: BartNixon/(Gilroy Rudah) modified space (53,112,1) to /turf/simulated/floor/plating/wasteland
[00:12:40]ADMIN: Build Mode: BartNixon/(Gilroy Rudah) modified space (53,111,1) to /turf/simulated/floor/plating/wasteland
[00:12:40]ADMIN: Build Mode: BartNixon/(Gilroy Rudah) modified space (51,111,1) to /turf/simulated/floor/plating/wasteland
[00:12:40]ADMIN: Build Mode: BartNixon/(Gilroy Rudah) modified space (52,112,1) to /turf/simulated/floor/plating/wasteland
[00:12:41]ADMIN: Build Mode: BartNixon/(Gilroy Rudah) modified space (52,111,1) to /turf/simulated/floor/plating/wasteland
[00:12:41]ADMIN: Build Mode: BartNixon/(Gilroy Rudah) modified space (50,112,1) to /turf/simulated/floor/plating/wasteland
[00:12:42]ADMIN: Build Mode: BartNixon/(Gilroy Rudah) modified Wasteland (50,112,1) to /turf/simulated/floor/plating/wasteland
[00:12:42]ADMIN: Build Mode: BartNixon/(Gilroy Rudah) modified space (51,112,1) to /turf/simulated/floor/plating/wasteland
[00:12:42]ADMIN: Build Mode: BartNixon/(Gilroy Rudah) modified space (50,111,1) to /turf/simulated/floor/plating/wasteland
[00:12:43]ADMIN: Build Mode: BartNixon/(Gilroy Rudah) modified space (50,110,1) to /turf/simulated/floor/plating/wasteland
[00:12:43]ADMIN: Build Mode: BartNixon/(Gilroy Rudah) modified space (51,110,1) to /turf/simulated/floor/plating/wasteland
[00:12:43]ADMIN: Build Mode: BartNixon/(Gilroy Rudah) modified space (53,110,1) to /turf/simulated/floor/plating/wasteland
[00:12:44]ADMIN: Build Mode: BartNixon/(Gilroy Rudah) modified space (52,110,1) to /turf/simulated/floor/plating/wasteland
[00:12:44]ADMIN: Build Mode: BartNixon/(Gilroy Rudah) modified space (54,110,1) to /turf/simulated/floor/plating/wasteland
[00:12:45]ADMIN: Build Mode: BartNixon/(Gilroy Rudah) modified space (55,110,1) to /turf/simulated/floor/plating/wasteland
[00:12:45]ADMIN: Build Mode: BartNixon/(Gilroy Rudah) modified space (56,110,1) to /turf/simulated/floor/plating/wasteland
[00:12:46]ADMIN: Build Mode: BartNixon/(Gilroy Rudah) modified space (56,109,1) to /turf/simulated/floor/plating/wasteland
[00:12:46]ADMIN: Build Mode: BartNixon/(Gilroy Rudah) modified space (55,109,1) to /turf/simulated/floor/plating/wasteland
[00:12:47]ADMIN: Build Mode: BartNixon/(Gilroy Rudah) modified space (54,109,1) to /turf/simulated/floor/plating/wasteland
[00:12:47]ADMIN: Build Mode: BartNixon/(Gilroy Rudah) modified space (53,109,1) to /turf/simulated/floor/plating/wasteland
[00:12:47]ADMIN: Build Mode: BartNixon/(Gilroy Rudah) modified space (52,109,1) to /turf/simulated/floor/plating/wasteland
[00:12:48]ADMIN: Build Mode: BartNixon/(Gilroy Rudah) modified space (51,109,1) to /turf/simulated/floor/plating/wasteland
[00:12:48]ADMIN: Build Mode: BartNixon/(Gilroy Rudah) modified space (50,109,1) to /turf/simulated/floor/plating/wasteland
[00:12:49]ADMIN: Build Mode: BartNixon/(Gilroy Rudah) modified space (50,108,1) to /turf/simulated/floor/plating/wasteland
[00:12:49]ADMIN: Build Mode: BartNixon/(Gilroy Rudah) modified space (51,108,1) to /turf/simulated/floor/plating/wasteland
[00:12:50]ADMIN: Build Mode: BartNixon/(Gilroy Rudah) modified space (52,108,1) to /turf/simulated/floor/plating/wasteland
[00:12:50]ADMIN: Build Mode: BartNixon/(Gilroy Rudah) modified space (53,108,1) to /turf/simulated/floor/plating/wasteland
[00:12:50]ADMIN: Build Mode: BartNixon/(Gilroy Rudah) modified space (54,108,1) to /turf/simulated/floor/plating/wasteland
[00:12:51]ADMIN: Build Mode: BartNixon/(Gilroy Rudah) modified space (55,108,1) to /turf/simulated/floor/plating/wasteland
[00:12:51]ADMIN: Build Mode: BartNixon/(Gilroy Rudah) modified space (56,108,1) to /turf/simulated/floor/plating/wasteland
[00:12:51]ADMIN: Build Mode: BartNixon/(Gilroy Rudah) modified space (56,107,1) to /turf/simulated/floor/plating/wasteland
[00:12:52]ADMIN: Build Mode: BartNixon/(Gilroy Rudah) modified space (55,107,1) to /turf/simulated/floor/plating/wasteland
[00:12:52]ADMIN: Build Mode: BartNixon/(Gilroy Rudah) modified space (53,107,1) to /turf/simulated/floor/plating/wasteland
[00:12:53]ADMIN: Build Mode: BartNixon/(Gilroy Rudah) modified space (54,107,1) to /turf/simulated/floor/plating/wasteland
[00:12:54]ADMIN: Build Mode: BartNixon/(Gilroy Rudah) modified space (52,107,1) to /turf/simulated/floor/plating/wasteland
[00:12:54]ADMIN: Build Mode: BartNixon/(Gilroy Rudah) modified space (51,107,1) to /turf/simulated/floor/plating/wasteland
[00:12:54]ADMIN: Build Mode: BartNixon/(Gilroy Rudah) modified space (50,107,1) to /turf/simulated/floor/plating/wasteland
[00:12:55]ADMIN: Build Mode: BartNixon/(Gilroy Rudah) modified space (50,106,1) to /turf/simulated/floor/plating/wasteland
[00:12:55]ADMIN: Build Mode: BartNixon/(Gilroy Rudah) modified space (51,106,1) to /turf/simulated/floor/plating/wasteland
[00:12:55]ADMIN: Build Mode: BartNixon/(Gilroy Rudah) modified space (52,106,1) to /turf/simulated/floor/plating/wasteland
[00:12:56]ADMIN: Build Mode: BartNixon/(Gilroy Rudah) modified space (53,106,1) to /turf/simulated/floor/plating/wasteland
[00:12:56]ADMIN: Build Mode: BartNixon/(Gilroy Rudah) modified space (54,106,1) to /turf/simulated/floor/plating/wasteland
[00:12:57]ADMIN: Build Mode: BartNixon/(Gilroy Rudah) modified space (55,106,1) to /turf/simulated/floor/plating/wasteland
[00:12:57]ADMIN: Build Mode: BartNixon/(Gilroy Rudah) modified space (56,106,1) to /turf/simulated/floor/plating/wasteland
[00:12:58]ADMIN: Build Mode: BartNixon/(Gilroy Rudah) modified space (49,106,1) to /turf/simulated/floor/plating/wasteland
[00:12:58]ADMIN: Build Mode: BartNixon/(Gilroy Rudah) modified space (48,106,1) to /turf/simulated/floor/plating/wasteland
[00:12:59]ADMIN: Build Mode: BartNixon/(Gilroy Rudah) modified space (46,106,1) to /turf/simulated/floor/plating/wasteland
[00:12:59]ADMIN: Build Mode: BartNixon/(Gilroy Rudah) modified space (45,106,1) to /turf/simulated/floor/plating/wasteland
[00:13:00]ADMIN: Build Mode: BartNixon/(Gilroy Rudah) modified space (47,106,1) to /turf/simulated/floor/plating/wasteland
[00:13:00]ADMIN: Build Mode: BartNixon/(Gilroy Rudah) modified space (43,106,1) to /turf/simulated/floor/plating/wasteland
[00:13:00]ADMIN: Build Mode: BartNixon/(Gilroy Rudah) modified space (44,106,1) to /turf/simulated/floor/plating/wasteland
[00:13:01]ADMIN: Build Mode: BartNixon/(Gilroy Rudah) modified space (42,106,1) to /turf/simulated/floor/plating/wasteland
[00:13:01]ADMIN: Build Mode: BartNixon/(Gilroy Rudah) modified space (42,107,1) to /turf/simulated/floor/plating/wasteland
[00:13:02]ADMIN: Build Mode: BartNixon/(Gilroy Rudah) modified space (43,107,1) to /turf/simulated/floor/plating/wasteland
[00:13:02]ADMIN: Build Mode: BartNixon/(Gilroy Rudah) modified space (43,108,1) to /turf/simulated/floor/plating/wasteland
[00:13:03]ADMIN: Build Mode: BartNixon/(Gilroy Rudah) modified space (42,108,1) to /turf/simulated/floor/plating/wasteland
[00:13:03]ADMIN: Build Mode: BartNixon/(Gilroy Rudah) modified space (42,109,1) to /turf/simulated/floor/plating/wasteland
[00:13:03]ADMIN: Build Mode: BartNixon/(Gilroy Rudah) modified space (43,109,1) to /turf/simulated/floor/plating/wasteland
[00:13:03]ADMIN: Build Mode: BartNixon/(Gilroy Rudah) modified space (43,110,1) to /turf/simulated/floor/plating/wasteland
[00:13:04]ADMIN: Build Mode: BartNixon/(Gilroy Rudah) modified space (42,110,1) to /turf/simulated/floor/plating/wasteland
[00:13:04]ADMIN: Build Mode: BartNixon/(Gilroy Rudah) modified space (43,111,1) to /turf/simulated/floor/plating/wasteland
[00:13:04]EMOTE: monkey (494)/ : <B>The monkey (494)</B> jumps!
[00:13:04]ADMIN: Build Mode: BartNixon/(Gilroy Rudah) modified Wasteland (43,111,1) to /turf/simulated/floor/plating/wasteland
[00:13:05]ADMIN: Build Mode: BartNixon/(Gilroy Rudah) modified space (42,111,1) to /turf/simulated/floor/plating/wasteland
[00:13:05]ADMIN: Build Mode: BartNixon/(Gilroy Rudah) modified space (43,112,1) to /turf/simulated/floor/plating/wasteland
[00:13:06]ADMIN: Build Mode: BartNixon/(Gilroy Rudah) modified Wasteland (43,112,1) to /turf/simulated/floor/plating/wasteland
[00:13:06]ADMIN: Build Mode: BartNixon/(Gilroy Rudah) modified space (42,112,1) to /turf/simulated/floor/plating/wasteland
[00:13:06]ADMIN: Build Mode: BartNixon/(Gilroy Rudah) modified space (43,113,1) to /turf/simulated/floor/plating/wasteland
[00:13:07]ADMIN: Build Mode: BartNixon/(Gilroy Rudah) modified space (44,113,1) to /turf/simulated/floor/plating/wasteland
[00:13:07]ADMIN: Build Mode: BartNixon/(Gilroy Rudah) modified space (44,112,1) to /turf/simulated/floor/plating/wasteland
[00:13:07]ADMIN: Build Mode: BartNixon/(Gilroy Rudah) modified space (44,111,1) to /turf/simulated/floor/plating/wasteland
[00:13:08]ADMIN: Build Mode: BartNixon/(Gilroy Rudah) modified space (44,110,1) to /turf/simulated/floor/plating/wasteland
[00:13:08]ADMIN: Build Mode: BartNixon/(Gilroy Rudah) modified space (44,109,1) to /turf/simulated/floor/plating/wasteland
[00:13:08]ADMIN: Build Mode: BartNixon/(Gilroy Rudah) modified space (44,108,1) to /turf/simulated/floor/plating/wasteland
[00:13:08]ADMIN: Build Mode: BartNixon/(Gilroy Rudah) modified space (44,107,1) to /turf/simulated/floor/plating/wasteland
[00:13:09]ADMIN: Build Mode: BartNixon/(Gilroy Rudah) modified space (45,107,1) to /turf/simulated/floor/plating/wasteland
[00:13:09]ADMIN: Build Mode: BartNixon/(Gilroy Rudah) modified space (45,108,1) to /turf/simulated/floor/plating/wasteland
[00:13:09]ADMIN: Build Mode: BartNixon/(Gilroy Rudah) modified space (45,109,1) to /turf/simulated/floor/plating/wasteland
[00:13:09]ADMIN: Build Mode: BartNixon/(Gilroy Rudah) modified space (45,110,1) to /turf/simulated/floor/plating/wasteland
[00:13:10]ADMIN: Build Mode: BartNixon/(Gilroy Rudah) modified space (45,111,1) to /turf/simulated/floor/plating/wasteland
[00:13:10]ADMIN: Build Mode: BartNixon/(Gilroy Rudah) modified space (45,112,1) to /turf/simulated/floor/plating/wasteland
[00:13:10]ADMIN: Build Mode: BartNixon/(Gilroy Rudah) modified space (45,113,1) to /turf/simulated/floor/plating/wasteland
[00:13:10]ADMIN: Build Mode: BartNixon/(Gilroy Rudah) modified space (46,113,1) to /turf/simulated/floor/plating/wasteland
[00:13:11]ADMIN: Build Mode: BartNixon/(Gilroy Rudah) modified space (48,113,1) to /turf/simulated/floor/plating/wasteland
[00:13:12]ADMIN: Build Mode: BartNixon/(Gilroy Rudah) modified space (47,113,1) to /turf/simulated/floor/plating/wasteland
[00:13:12]ADMIN: Build Mode: BartNixon/(Gilroy Rudah) modified space (47,112,1) to /turf/simulated/floor/plating/wasteland
[00:13:12]ADMIN: Build Mode: BartNixon/(Gilroy Rudah) modified space (46,112,1) to /turf/simulated/floor/plating/wasteland
[00:13:13]ADMIN: Build Mode: BartNixon/(Gilroy Rudah) modified space (48,112,1) to /turf/simulated/floor/plating/wasteland
[00:13:13]ADMIN: Build Mode: BartNixon/(Gilroy Rudah) modified space (49,112,1) to /turf/simulated/floor/plating/wasteland
[00:13:13]ADMIN: Build Mode: BartNixon/(Gilroy Rudah) modified space (49,111,1) to /turf/simulated/floor/plating/wasteland
[00:13:13]ADMIN: Build Mode: BartNixon/(Gilroy Rudah) modified space (48,111,1) to /turf/simulated/floor/plating/wasteland
[00:13:14]ADMIN: Build Mode: BartNixon/(Gilroy Rudah) modified space (47,111,1) to /turf/simulated/floor/plating/wasteland
[00:13:14]ADMIN: Build Mode: BartNixon/(Gilroy Rudah) modified space (46,111,1) to /turf/simulated/floor/plating/wasteland
[00:13:15]ADMIN: Build Mode: BartNixon/(Gilroy Rudah) modified space (46,110,1) to /turf/simulated/floor/plating/wasteland
[00:13:15]ADMIN: Build Mode: BartNixon/(Gilroy Rudah) modified space (47,110,1) to /turf/simulated/floor/plating/wasteland
[00:13:15]ADMIN: Build Mode: BartNixon/(Gilroy Rudah) modified space (48,110,1) to /turf/simulated/floor/plating/wasteland
[00:13:15]ADMIN: Build Mode: BartNixon/(Gilroy Rudah) modified space (49,110,1) to /turf/simulated/floor/plating/wasteland
[00:13:16]ADMIN: Build Mode: BartNixon/(Gilroy Rudah) modified space (49,109,1) to /turf/simulated/floor/plating/wasteland
[00:13:16]ADMIN: Build Mode: BartNixon/(Gilroy Rudah) modified space (48,109,1) to /turf/simulated/floor/plating/wasteland
[00:13:16]ADMIN: Build Mode: BartNixon/(Gilroy Rudah) modified space (46,109,1) to /turf/simulated/floor/plating/wasteland
[00:13:17]ADMIN: Build Mode: BartNixon/(Gilroy Rudah) modified Wasteland (48,109,1) to /turf/simulated/floor/plating/wasteland
[00:13:18]ADMIN: Build Mode: BartNixon/(Gilroy Rudah) modified space (47,109,1) to /turf/simulated/floor/plating/wasteland
[00:13:18]ADMIN: Build Mode: BartNixon/(Gilroy Rudah) modified space (46,108,1) to /turf/simulated/floor/plating/wasteland
[00:13:18]ADMIN: Build Mode: BartNixon/(Gilroy Rudah) modified space (47,108,1) to /turf/simulated/floor/plating/wasteland
[00:13:19]ADMIN: Build Mode: BartNixon/(Gilroy Rudah) modified space (48,108,1) to /turf/simulated/floor/plating/wasteland
[00:13:19]ADMIN: Build Mode: BartNixon/(Gilroy Rudah) modified space (49,108,1) to /turf/simulated/floor/plating/wasteland
[00:13:20]ADMIN: Build Mode: BartNixon/(Gilroy Rudah) modified space (49,107,1) to /turf/simulated/floor/plating/wasteland
[00:13:20]ADMIN: Build Mode: BartNixon/(Gilroy Rudah) modified space (48,107,1) to /turf/simulated/floor/plating/wasteland
[00:13:20]ADMIN: Build Mode: BartNixon/(Gilroy Rudah) modified space (47,107,1) to /turf/simulated/floor/plating/wasteland
[00:13:21]ADMIN: Build Mode: BartNixon/(Gilroy Rudah) modified space (46,107,1) to /turf/simulated/floor/plating/wasteland
[00:13:24]ADMIN: Build Mode: BartNixon/(Gilroy Rudah) modified Wasteland (48,110,1) to /turf/simulated/floor/plating/wasteland
[00:13:24]ADMIN: Build Mode: BartNixon/(Gilroy Rudah) modified Wasteland (49,110,1) to /turf/simulated/floor/plating/wasteland
[00:13:25]ADMIN: Build Mode: BartNixon/(Gilroy Rudah) modified Wasteland (48,110,1) to /turf/simulated/floor/plating/wasteland
[00:13:26]ADMIN: Build Mode: BartNixon/(Gilroy Rudah) modified Wasteland (49,111,1) to /turf/simulated/floor/plating/wasteland
[00:13:27]ADMIN: Build Mode: BartNixon/(Gilroy Rudah) modified space (47,114,1) to /turf/simulated/floor/plating/wasteland
[00:13:27]ADMIN: Build Mode: BartNixon/(Gilroy Rudah) modified space (46,114,1) to /turf/simulated/floor/plating/wasteland
[00:13:27]ADMIN: Build Mode: BartNixon/(Gilroy Rudah) modified space (45,114,1) to /turf/simulated/floor/plating/wasteland
[00:13:28]ADMIN: Build Mode: BartNixon/(Gilroy Rudah) modified Wasteland (47,114,1) to /turf/simulated/floor/plating/wasteland
[00:13:28]ADMIN: Build Mode: BartNixon/(Gilroy Rudah) modified Wasteland (47,114,1) to /turf/simulated/floor/plating/wasteland
[00:13:28]ADMIN: Build Mode: BartNixon/(Gilroy Rudah) modified space (43,114,1) to /turf/simulated/floor/plating/wasteland
[00:13:29]ADMIN: Build Mode: BartNixon/(Gilroy Rudah) modified space (44,114,1) to /turf/simulated/floor/plating/wasteland
[00:13:29]ADMIN: Build Mode: BartNixon/(Gilroy Rudah) modified space (42,114,1) to /turf/simulated/floor/plating/wasteland
[00:13:32]ADMIN: Build Mode: BartNixon/(Gilroy Rudah) modified Wasteland (49,110,1) to /turf/simulated/floor/plating/wasteland
[00:13:34]ADMIN: Build Mode: BartNixon/(Gilroy Rudah) modified space (42,113,1) to /turf/simulated/floor/plating/wasteland
[00:13:34]ADMIN: Build Mode: BartNixon/(Gilroy Rudah) modified space (42,115,1) to /turf/simulated/floor/plating/wasteland
[00:13:35]ADMIN: Build Mode: BartNixon/(Gilroy Rudah) modified space (43,116,1) to /turf/simulated/floor/plating/wasteland
[00:13:35]ADMIN: Build Mode: BartNixon/(Gilroy Rudah) modified space (44,115,1) to /turf/simulated/floor/plating/wasteland
[00:13:36]ADMIN: Build Mode: BartNixon/(Gilroy Rudah) modified space (43,115,1) to /turf/simulated/floor/plating/wasteland
[00:13:36]ADMIN: Build Mode: BartNixon/(Gilroy Rudah) modified space (44,116,1) to /turf/simulated/floor/plating/wasteland
[00:13:36]ADMIN: Build Mode: BartNixon/(Gilroy Rudah) modified space (44,117,1) to /turf/simulated/floor/plating/wasteland
[00:13:37]ADMIN: Build Mode: BartNixon/(Gilroy Rudah) modified space (43,117,1) to /turf/simulated/floor/plating/wasteland
[00:13:37]ADMIN: Build Mode: BartNixon/(Gilroy Rudah) modified space (42,117,1) to /turf/simulated/floor/plating/wasteland
[00:13:37]ADMIN: Build Mode: BartNixon/(Gilroy Rudah) modified space (42,116,1) to /turf/simulated/floor/plating/wasteland
[00:13:38]ADMIN: Build Mode: BartNixon/(Gilroy Rudah) modified space (42,118,1) to /turf/simulated/floor/plating/wasteland
[00:13:39]ADMIN: Build Mode: BartNixon/(Gilroy Rudah) modified space (42,119,1) to /turf/simulated/floor/plating/wasteland
[00:13:39]ADMIN: Build Mode: BartNixon/(Gilroy Rudah) modified space (43,119,1) to /turf/simulated/floor/plating/wasteland
[00:13:39]ADMIN: Build Mode: BartNixon/(Gilroy Rudah) modified space (43,118,1) to /turf/simulated/floor/plating/wasteland
[00:13:40]ADMIN: Build Mode: BartNixon/(Gilroy Rudah) modified space (44,118,1) to /turf/simulated/floor/plating/wasteland
[00:13:40]ADMIN: Build Mode: BartNixon/(Gilroy Rudah) modified space (44,119,1) to /turf/simulated/floor/plating/wasteland
[00:13:40]ADMIN: Build Mode: BartNixon/(Gilroy Rudah) modified space (45,119,1) to /turf/simulated/floor/plating/wasteland
[00:13:40]ADMIN: Build Mode: BartNixon/(Gilroy Rudah) modified space (46,119,1) to /turf/simulated/floor/plating/wasteland
[00:13:41]ADMIN: Build Mode: BartNixon/(Gilroy Rudah) modified space (46,120,1) to /turf/simulated/floor/plating/wasteland
[00:13:42]ADMIN: Build Mode: BartNixon/(Gilroy Rudah) modified space (45,120,1) to /turf/simulated/floor/plating/wasteland
[00:13:42]ADMIN: Build Mode: BartNixon/(Gilroy Rudah) modified space (44,120,1) to /turf/simulated/floor/plating/wasteland
[00:13:42]ADMIN: Build Mode: BartNixon/(Gilroy Rudah) modified space (43,120,1) to /turf/simulated/floor/plating/wasteland
[00:13:42]ADMIN: Build Mode: BartNixon/(Gilroy Rudah) modified space (42,120,1) to /turf/simulated/floor/plating/wasteland
[00:13:43]ADMIN: Build Mode: BartNixon/(Gilroy Rudah) modified Wasteland (42,120,1) to /turf/simulated/floor/plating/wasteland
[00:13:44]ADMIN: Build Mode: BartNixon/(Gilroy Rudah) modified space (47,120,1) to /turf/simulated/floor/plating/wasteland
[00:13:44]ADMIN: Build Mode: BartNixon/(Gilroy Rudah) modified space (49,120,1) to /turf/simulated/floor/plating/wasteland
[00:13:44]ADMIN: Build Mode: BartNixon/(Gilroy Rudah) modified space (50,120,1) to /turf/simulated/floor/plating/wasteland
[00:13:45]ADMIN: Build Mode: BartNixon/(Gilroy Rudah) modified space (48,120,1) to /turf/simulated/floor/plating/wasteland
[00:13:45]ADMIN: Build Mode: BartNixon/(Gilroy Rudah) modified space (52,120,1) to /turf/simulated/floor/plating/wasteland
[00:13:46]ADMIN: Build Mode: BartNixon/(Gilroy Rudah) modified space (51,120,1) to /turf/simulated/floor/plating/wasteland
[00:13:46]ADMIN: Build Mode: BartNixon/(Gilroy Rudah) modified space (54,120,1) to /turf/simulated/floor/plating/wasteland
[00:13:47]ADMIN: Build Mode: BartNixon/(Gilroy Rudah) modified space (55,120,1) to /turf/simulated/floor/plating/wasteland
[00:13:47]ADMIN: Build Mode: BartNixon/(Gilroy Rudah) modified space (53,120,1) to /turf/simulated/floor/plating/wasteland
[00:13:48]ADMIN: Build Mode: BartNixon/(Gilroy Rudah) modified space (53,119,1) to /turf/simulated/floor/plating/wasteland
[00:13:48]ADMIN: Build Mode: BartNixon/(Gilroy Rudah) modified space (54,119,1) to /turf/simulated/floor/plating/wasteland
[00:13:48]ADMIN: Build Mode: BartNixon/(Gilroy Rudah) modified space (55,119,1) to /turf/simulated/floor/plating/wasteland
[00:13:49]ADMIN: Build Mode: BartNixon/(Gilroy Rudah) modified space (56,119,1) to /turf/simulated/floor/plating/wasteland
[00:13:49]ADMIN: Build Mode: BartNixon/(Gilroy Rudah) modified space (56,120,1) to /turf/simulated/floor/plating/wasteland
[00:13:50]ADMIN: Build Mode: BartNixon/(Gilroy Rudah) modified space (56,118,1) to /turf/simulated/floor/plating/wasteland
[00:13:50]ADMIN: Build Mode: BartNixon/(Gilroy Rudah) modified space (55,118,1) to /turf/simulated/floor/plating/wasteland
[00:13:51]ADMIN: Build Mode: BartNixon/(Gilroy Rudah) modified space (54,118,1) to /turf/simulated/floor/plating/wasteland
[00:13:51]ADMIN: Build Mode: BartNixon/(Gilroy Rudah) modified space (53,118,1) to /turf/simulated/floor/plating/wasteland
[00:13:51]ADMIN: Build Mode: BartNixon/(Gilroy Rudah) modified space (52,119,1) to /turf/simulated/floor/plating/wasteland
[00:13:52]ADMIN: Build Mode: BartNixon/(Gilroy Rudah) modified space (52,118,1) to /turf/simulated/floor/plating/wasteland
[00:13:52]ADMIN: Build Mode: BartNixon/(Gilroy Rudah) modified space (50,118,1) to /turf/simulated/floor/plating/wasteland
[00:13:52]ADMIN: Build Mode: BartNixon/(Gilroy Rudah) modified space (51,119,1) to /turf/simulated/floor/plating/wasteland
[00:13:53]ADMIN: Build Mode: BartNixon/(Gilroy Rudah) modified space (51,118,1) to /turf/simulated/floor/plating/wasteland
[00:13:53]ADMIN: Build Mode: BartNixon/(Gilroy Rudah) modified space (49,119,1) to /turf/simulated/floor/plating/wasteland
[00:13:54]ADMIN: Build Mode: BartNixon/(Gilroy Rudah) modified space (48,119,1) to /turf/simulated/floor/plating/wasteland
[00:13:54]ADMIN: Build Mode: BartNixon/(Gilroy Rudah) modified space (48,118,1) to /turf/simulated/floor/plating/wasteland
[00:13:54]EMOTE: monkey (930)/ : <B>The monkey (930)</B> jumps!
[00:13:54]ADMIN: Build Mode: BartNixon/(Gilroy Rudah) modified space (50,119,1) to /turf/simulated/floor/plating/wasteland
[00:13:55]ADMIN: Build Mode: BartNixon/(Gilroy Rudah) modified space (49,118,1) to /turf/simulated/floor/plating/wasteland
[00:13:55]ADMIN: Build Mode: BartNixon/(Gilroy Rudah) modified space (47,119,1) to /turf/simulated/floor/plating/wasteland
[00:13:56]ADMIN: Build Mode: BartNixon/(Gilroy Rudah) modified space (47,118,1) to /turf/simulated/floor/plating/wasteland
[00:13:56]ADMIN: Build Mode: BartNixon/(Gilroy Rudah) modified space (46,118,1) to /turf/simulated/floor/plating/wasteland
[00:13:57]ADMIN: Build Mode: BartNixon/(Gilroy Rudah) modified space (45,118,1) to /turf/simulated/floor/plating/wasteland
[00:13:57]ADMIN: Build Mode: BartNixon/(Gilroy Rudah) modified space (45,117,1) to /turf/simulated/floor/plating/wasteland
[00:13:58]ADMIN: Build Mode: BartNixon/(Gilroy Rudah) modified space (46,117,1) to /turf/simulated/floor/plating/wasteland
[00:13:58]ADMIN: Build Mode: BartNixon/(Gilroy Rudah) modified space (46,116,1) to /turf/simulated/floor/plating/wasteland
[00:13:59]ADMIN: Build Mode: BartNixon/(Gilroy Rudah) modified space (45,116,1) to /turf/simulated/floor/plating/wasteland
[00:13:59]ADMIN: Build Mode: BartNixon/(Gilroy Rudah) modified space (45,115,1) to /turf/simulated/floor/plating/wasteland
[00:13:59]ADMIN: Build Mode: BartNixon/(Gilroy Rudah) modified space (46,115,1) to /turf/simulated/floor/plating/wasteland
[00:13:59]ADMIN: Build Mode: BartNixon/(Gilroy Rudah) modified space (47,115,1) to /turf/simulated/floor/plating/wasteland
[00:14:00]ADMIN: Build Mode: BartNixon/(Gilroy Rudah) modified space (47,116,1) to /turf/simulated/floor/plating/wasteland
[00:14:00]ADMIN: Build Mode: BartNixon/(Gilroy Rudah) modified space (47,117,1) to /turf/simulated/floor/plating/wasteland
[00:14:01]ADMIN: Build Mode: BartNixon/(Gilroy Rudah) modified space (48,117,1) to /turf/simulated/floor/plating/wasteland
[00:14:01]ADMIN: Build Mode: BartNixon/(Gilroy Rudah) modified Wasteland (48,117,1) to /turf/simulated/floor/plating/wasteland
[00:14:01]ADMIN: Build Mode: BartNixon/(Gilroy Rudah) modified space (48,116,1) to /turf/simulated/floor/plating/wasteland
[00:14:01]ADMIN: Build Mode: BartNixon/(Gilroy Rudah) modified space (48,115,1) to /turf/simulated/floor/plating/wasteland
[00:14:02]ADMIN: Build Mode: BartNixon/(Gilroy Rudah) modified space (48,114,1) to /turf/simulated/floor/plating/wasteland
[00:14:02]ADMIN: Build Mode: BartNixon/(Gilroy Rudah) modified Wasteland (48,114,1) to /turf/simulated/floor/plating/wasteland
[00:14:02]SAY: Tom/ : Squeek?
[00:14:02]ADMIN: Build Mode: BartNixon/(Gilroy Rudah) modified space (49,114,1) to /turf/simulated/floor/plating/wasteland
[00:14:03]ADMIN: Build Mode: BartNixon/(Gilroy Rudah) modified space (49,115,1) to /turf/simulated/floor/plating/wasteland
[00:14:03]ADMIN: Build Mode: BartNixon/(Gilroy Rudah) modified space (49,116,1) to /turf/simulated/floor/plating/wasteland
[00:14:03]ADMIN: Build Mode: BartNixon/(Gilroy Rudah) modified space (50,115,1) to /turf/simulated/floor/plating/wasteland
[00:14:03]ADMIN: Build Mode: BartNixon/(Gilroy Rudah) modified space (50,114,1) to /turf/simulated/floor/plating/wasteland
[00:14:04]ADMIN: Build Mode: BartNixon/(Gilroy Rudah) modified space (51,114,1) to /turf/simulated/floor/plating/wasteland
[00:14:04]ADMIN: Build Mode: BartNixon/(Gilroy Rudah) modified space (51,115,1) to /turf/simulated/floor/plating/wasteland
[00:14:05]ADMIN: Build Mode: BartNixon/(Gilroy Rudah) modified space (51,116,1) to /turf/simulated/floor/plating/wasteland
[00:14:05]ADMIN: Build Mode: BartNixon/(Gilroy Rudah) modified space (50,116,1) to /turf/simulated/floor/plating/wasteland
[00:14:05]ADMIN: Build Mode: BartNixon/(Gilroy Rudah) modified space (50,117,1) to /turf/simulated/floor/plating/wasteland
[00:14:05]ADMIN: Build Mode: BartNixon/(Gilroy Rudah) modified Wasteland (48,117,1) to /turf/simulated/floor/plating/wasteland
[00:14:06]ADMIN: Build Mode: BartNixon/(Gilroy Rudah) modified space (49,117,1) to /turf/simulated/floor/plating/wasteland
[00:14:06]ADMIN: Build Mode: BartNixon/(Gilroy Rudah) modified space (52,117,1) to /turf/simulated/floor/plating/wasteland
[00:14:07]ADMIN: Build Mode: BartNixon/(Gilroy Rudah) modified space (51,117,1) to /turf/simulated/floor/plating/wasteland
[00:14:07]ADMIN: Build Mode: BartNixon/(Gilroy Rudah) modified space (53,117,1) to /turf/simulated/floor/plating/wasteland
[00:14:07]ADMIN: Build Mode: BartNixon/(Gilroy Rudah) modified space (53,116,1) to /turf/simulated/floor/plating/wasteland
[00:14:08]ADMIN: Build Mode: BartNixon/(Gilroy Rudah) modified space (52,116,1) to /turf/simulated/floor/plating/wasteland
[00:14:08]ADMIN: Build Mode: BartNixon/(Gilroy Rudah) modified Wasteland (52,116,1) to /turf/simulated/floor/plating/wasteland
[00:14:08]ADMIN: Build Mode: BartNixon/(Gilroy Rudah) modified space (52,115,1) to /turf/simulated/floor/plating/wasteland
[00:14:08]ADMIN: Build Mode: BartNixon/(Gilroy Rudah) modified space (53,115,1) to /turf/simulated/floor/plating/wasteland
[00:14:09]ADMIN: Build Mode: BartNixon/(Gilroy Rudah) modified space (54,115,1) to /turf/simulated/floor/plating/wasteland
[00:14:09]ADMIN: Build Mode: BartNixon/(Gilroy Rudah) modified space (54,116,1) to /turf/simulated/floor/plating/wasteland
[00:14:09]ADMIN: Build Mode: BartNixon/(Gilroy Rudah) modified space (54,117,1) to /turf/simulated/floor/plating/wasteland
[00:14:10]ADMIN: Build Mode: BartNixon/(Gilroy Rudah) modified space (55,117,1) to /turf/simulated/floor/plating/wasteland
[00:14:10]ADMIN: Build Mode: BartNixon/(Gilroy Rudah) modified space (56,117,1) to /turf/simulated/floor/plating/wasteland
[00:14:10]ADMIN: Build Mode: BartNixon/(Gilroy Rudah) modified space (55,116,1) to /turf/simulated/floor/plating/wasteland
[00:14:11]ADMIN: Build Mode: BartNixon/(Gilroy Rudah) modified space (55,115,1) to /turf/simulated/floor/plating/wasteland
[00:14:11]ADMIN: Build Mode: BartNixon/(Gilroy Rudah) modified space (56,116,1) to /turf/simulated/floor/plating/wasteland
[00:14:11]ADMIN: Build Mode: BartNixon/(Gilroy Rudah) modified Wasteland (56,116,1) to /turf/simulated/floor/plating/wasteland
[00:14:12]ADMIN: Build Mode: BartNixon/(Gilroy Rudah) modified space (56,115,1) to /turf/simulated/floor/plating/wasteland
[00:14:16]ADMIN: Build Mode: BartNixon/(Gilroy Rudah) modified buildmode's name to derp
[00:14:18]ADMIN: Build Mode: BartNixon/(Gilroy Rudah) deleted Wasteland at (48,108,1)
[00:14:26]ADMIN: Build Mode: BartNixon/(Gilroy Rudah) deleted Wasteland at (46,117,1)
[00:14:33]ADMIN: Build Mode: BartNixon/(Gilroy Rudah) modified space (46,117,1) to /turf/simulated/floor/plating/wasteland
[00:14:34]ADMIN: Build Mode: BartNixon/(Gilroy Rudah) modified space (48,108,1) to /turf/simulated/floor/plating/wasteland
[00:14:35]ADMIN: BartNixon/(Gilroy Rudah) has left build mode.
[00:14:44]EMOTE: monkey (206)/ : <B>The monkey (206)</B> jumps!
[00:14:59]ADMIN: BartNixon/(Gilroy Rudah) modified Gilroy Rudah's icon to blank.gif
[00:16:41]EMOTE: monkey (494)/ : <B>The monkey (494)</B> jumps!
[00:16:49]EMOTE: monkey (206)/ : <B>The monkey (206)</B> jumps!
[00:17:03]SAY: mouse/ : SQUEEK!
[00:17:31]SAY: mouse/ : Squeek?
[00:17:39]EMOTE: monkey (930)/ : <B>The monkey (930)</B> jumps!
[00:18:11]EMOTE: monkey (850)/ : <B>The monkey (850)</B> jumps!
[00:18:18]SAY: mouse/ : Squeek!
[00:18:44]SAY: mouse/ : Squeek!
[00:19:28]EMOTE: monkey (905)/ : <B>The monkey (905)</B> jumps!
[00:20:34]EMOTE: monkey (494)/ : <B>The monkey (494)</B> jumps!
[00:21:17]EMOTE: monkey (879)/ : <B>The monkey (879)</B> jumps!
[00:21:31]EMOTE: monkey (242)/ : <B>The monkey (242)</B> jumps!
[00:21:57]SAY: mouse/ : Squeek!
[00:22:17]SAY: grey baby slime (959)/ : Blop...
[00:22:25]EMOTE: monkey (242)/ : <B>The monkey (242)</B> jumps!
[00:23:03]SAY: mouse/ : SQUEEK!
[00:23:11]SAY: mouse/ : Squeek?
[00:23:29]EMOTE: monkey (879)/ : <B>The monkey (879)</B> jumps!
[00:23:59]EMOTE: monkey (774)/ : <B>The monkey (774)</B> jumps!
[00:24:27]SAY: Ian/ : AUUUUUU
[00:25:03]EMOTE: monkey (850)/ : <B>The monkey (850)</B> jumps!
[00:25:17]SAY: grey baby slime (475)/ : Blorble...
[00:25:25]EMOTE: monkey (930)/ : <B>The monkey (930)</B> jumps!
[00:25:38]SAY: mouse/ : SQUEEK!
[00:26:24]SAY: mouse/ : SQUEEK!
[00:26:30]SAY: mouse/ : SQUEEK!
[00:26:34]SAY: grey baby slime (475)/ : Lonely...
[00:27:18]EMOTE: monkey (774)/ : <B>The monkey (774)</B> jumps!
[00:27:28]SAY: mouse/ : Squeek?
[00:27:32]EMOTE: monkey (905)/ : <B>The monkey (905)</B> jumps!
[00:28:46]SAY: Runtime/ : Purr!
[00:28:48]EMOTE: Pun Pun/ : <B>Pun Pun</B> jumps!
[00:29:12]EMOTE: monkey (206)/ : <B>The monkey (206)</B> jumps!
[00:29:22]SAY: grey baby slime (959)/ : Lonely...
[00:30:17]SAY: mouse/ : Squeek!
[00:30:37]EMOTE: monkey (718)/ : <B>The monkey (718)</B> jumps!
[00:30:49]EMOTE: monkey (905)/ : <B>The monkey (905)</B> jumps!
[00:31:13]SAY: mouse/ : Squeek!
[00:31:17]EMOTE: monkey (206)/ : <B>The monkey (206)</B> jumps!
[00:31:43]EMOTE: monkey (931)/ : <B>The monkey (931)</B> jumps!
[00:31:49]SAY: mouse/ : Squeek?
[00:32:49]EMOTE: monkey (206)/ : <B>The monkey (206)</B> jumps!
[00:32:51]EMOTE: monkey (850)/ : <B>The monkey (850)</B> jumps!
[00:33:09]EMOTE: monkey (206)/ : <B>The monkey (206)</B> jumps!
[00:33:17]EMOTE: monkey (494)/ : <B>The monkey (494)</B> jumps!
[00:33:31]SAY: mouse/ : SQUEEK!
[00:34:50]EMOTE: Pun Pun/ : <B>Pun Pun</B> jumps!
[00:35:16]SAY: mouse/ : Squeek?
[00:35:18]EMOTE: monkey (850)/ : <B>The monkey (850)</B> jumps!
[00:35:39]ACCESS: Logout: BartNixon[DC]/(Gilroy Rudah)
