

Starting up. 04:24.02
---------------------
Adding game mode blob (blob) to configuration.
Adding game mode changeling (changeling) to configuration.
Adding game mode traitor+changeling (traitorchan) to configuration.
Adding game mode double agents (double_agents) to configuration.
Adding game mode traitor (traitor) to configuration.
Adding game mode cult (cult) to configuration.
Adding game mode extended (extended) to configuration.
Adding game mode AI malfunction (malfunction) to configuration.
Adding game mode meteor (meteor) to configuration.
Adding game mode monkey (monkey) to configuration.
Adding game mode nuclear emergency (nuclear) to configuration.
Adding game mode revolution (revolution) to configuration.
Adding game mode sandbox (sandbox) to configuration.
Adding game mode wizard (wizard) to configuration.
Saved mode is 'extended'
[04:24:02]ADMIN: Loading Banlistjob
[04:24:03]ADMIN: Loading jobban_rank
[04:24:03]ADMIN: jobban_keylist was empty
[04:24:03]ADMIN: Loading appearance_rank
[04:24:03]ADMIN: appearance_keylist was empty
[04:24:03]ADMIN: Updating jobbanfile!
[04:24:03]ADMIN: Loading Banlist
[04:25:20]ACCESS: Login: BartNixon/(BartNixon) from 127.0.0.1-3529772718 || BYOND v506
[04:25:48]ADMIN: BartNixon has started the game.
[04:26:02]ACCESS: Logout: *no key*/(BartNixon)
[04:26:02]ACCESS: Login: BartNixon/(Gilroy Rudah) from 127.0.0.1-3529772718 || BYOND v506
[04:26:17]ADMIN: BartNixon/(Gilroy Rudah) created a /turf/simulated/floor/plating/wasteland
[04:26:23]SAY: mouse/ : Squeek!
[04:26:45]ADMIN: BartNixon/(Gilroy Rudah) has entered build mode.
[04:26:49]ADMIN: Build Mode: BartNixon/(Gilroy Rudah) modified space (42,111,1) to /turf/simulated/floor/plating/wasteland
[04:26:49]ADMIN: Build Mode: BartNixon/(Gilroy Rudah) modified space (43,111,1) to /turf/simulated/floor/plating/wasteland
[04:26:50]ADMIN: Build Mode: BartNixon/(Gilroy Rudah) modified space (44,111,1) to /turf/simulated/floor/plating/wasteland
[04:26:50]ADMIN: Build Mode: BartNixon/(Gilroy Rudah) modified space (45,111,1) to /turf/simulated/floor/plating/wasteland
[04:26:51]ADMIN: Build Mode: BartNixon/(Gilroy Rudah) modified space (46,111,1) to /turf/simulated/floor/plating/wasteland
[04:26:51]ADMIN: Build Mode: BartNixon/(Gilroy Rudah) modified space (47,111,1) to /turf/simulated/floor/plating/wasteland
[04:26:52]ADMIN: Build Mode: BartNixon/(Gilroy Rudah) modified space (48,111,1) to /turf/simulated/floor/plating/wasteland
[04:26:52]ADMIN: Build Mode: BartNixon/(Gilroy Rudah) modified space (48,110,1) to /turf/simulated/floor/plating/wasteland
[04:26:52]ADMIN: Build Mode: BartNixon/(Gilroy Rudah) modified space (47,110,1) to /turf/simulated/floor/plating/wasteland
[04:26:52]ADMIN: Build Mode: BartNixon/(Gilroy Rudah) modified space (46,110,1) to /turf/simulated/floor/plating/wasteland
[04:26:53]ADMIN: Build Mode: BartNixon/(Gilroy Rudah) modified space (45,110,1) to /turf/simulated/floor/plating/wasteland
[04:26:53]ADMIN: Build Mode: BartNixon/(Gilroy Rudah) modified space (44,110,1) to /turf/simulated/floor/plating/wasteland
[04:26:54]ADMIN: Build Mode: BartNixon/(Gilroy Rudah) modified space (43,110,1) to /turf/simulated/floor/plating/wasteland
[04:26:54]ADMIN: Build Mode: BartNixon/(Gilroy Rudah) modified space (42,110,1) to /turf/simulated/floor/plating/wasteland
[04:26:55]ADMIN: Build Mode: BartNixon/(Gilroy Rudah) modified space (41,110,1) to /turf/simulated/floor/plating/wasteland
[04:26:55]ADMIN: Build Mode: BartNixon/(Gilroy Rudah) modified space (41,109,1) to /turf/simulated/floor/plating/wasteland
[04:26:55]ADMIN: Build Mode: BartNixon/(Gilroy Rudah) modified space (42,109,1) to /turf/simulated/floor/plating/wasteland
[04:26:56]ADMIN: Build Mode: BartNixon/(Gilroy Rudah) modified space (43,109,1) to /turf/simulated/floor/plating/wasteland
[04:26:56]ADMIN: Build Mode: BartNixon/(Gilroy Rudah) modified space (44,109,1) to /turf/simulated/floor/plating/wasteland
[04:26:57]ADMIN: Build Mode: BartNixon/(Gilroy Rudah) modified space (45,109,1) to /turf/simulated/floor/plating/wasteland
[04:26:57]ADMIN: Build Mode: BartNixon/(Gilroy Rudah) modified space (46,109,1) to /turf/simulated/floor/plating/wasteland
[04:26:57]ADMIN: Build Mode: BartNixon/(Gilroy Rudah) modified space (47,109,1) to /turf/simulated/floor/plating/wasteland
[04:26:58]ADMIN: Build Mode: BartNixon/(Gilroy Rudah) modified space (48,109,1) to /turf/simulated/floor/plating/wasteland
[04:26:58]ADMIN: Build Mode: BartNixon/(Gilroy Rudah) modified space (48,108,1) to /turf/simulated/floor/plating/wasteland
[04:26:59]ADMIN: Build Mode: BartNixon/(Gilroy Rudah) modified space (47,108,1) to /turf/simulated/floor/plating/wasteland
[04:26:59]ADMIN: Build Mode: BartNixon/(Gilroy Rudah) modified space (46,108,1) to /turf/simulated/floor/plating/wasteland
[04:26:59]ADMIN: Build Mode: BartNixon/(Gilroy Rudah) modified space (44,108,1) to /turf/simulated/floor/plating/wasteland
[04:27:00]ADMIN: Build Mode: BartNixon/(Gilroy Rudah) modified space (45,108,1) to /turf/simulated/floor/plating/wasteland
[04:27:00]ADMIN: Build Mode: BartNixon/(Gilroy Rudah) modified space (42,108,1) to /turf/simulated/floor/plating/wasteland
[04:27:01]ADMIN: Build Mode: BartNixon/(Gilroy Rudah) modified space (43,108,1) to /turf/simulated/floor/plating/wasteland
[04:27:01]ADMIN: Build Mode: BartNixon/(Gilroy Rudah) modified space (43,107,1) to /turf/simulated/floor/plating/wasteland
[04:27:02]ADMIN: Build Mode: BartNixon/(Gilroy Rudah) modified space (44,107,1) to /turf/simulated/floor/plating/wasteland
[04:27:02]ADMIN: Build Mode: BartNixon/(Gilroy Rudah) modified space (45,107,1) to /turf/simulated/floor/plating/wasteland
[04:27:02]ADMIN: Build Mode: BartNixon/(Gilroy Rudah) modified space (46,107,1) to /turf/simulated/floor/plating/wasteland
[04:27:03]ADMIN: Build Mode: BartNixon/(Gilroy Rudah) modified space (47,107,1) to /turf/simulated/floor/plating/wasteland
[04:27:03]ADMIN: Build Mode: BartNixon/(Gilroy Rudah) modified space (48,107,1) to /turf/simulated/floor/plating/wasteland
[04:27:03]ADMIN: Build Mode: BartNixon/(Gilroy Rudah) modified space (48,106,1) to /turf/simulated/floor/plating/wasteland
[04:27:04]ADMIN: Build Mode: BartNixon/(Gilroy Rudah) modified space (47,106,1) to /turf/simulated/floor/plating/wasteland
[04:27:04]ADMIN: Build Mode: BartNixon/(Gilroy Rudah) modified space (45,106,1) to /turf/simulated/floor/plating/wasteland
[04:27:05]ADMIN: Build Mode: BartNixon/(Gilroy Rudah) modified space (46,106,1) to /turf/simulated/floor/plating/wasteland
[04:27:06]ADMIN: Build Mode: BartNixon/(Gilroy Rudah) modified space (46,105,1) to /turf/simulated/floor/plating/wasteland
[04:27:06]ADMIN: Build Mode: BartNixon/(Gilroy Rudah) modified space (47,105,1) to /turf/simulated/floor/plating/wasteland
[04:27:06]ADMIN: Build Mode: BartNixon/(Gilroy Rudah) modified space (48,105,1) to /turf/simulated/floor/plating/wasteland
[04:27:06]ADMIN: Build Mode: BartNixon/(Gilroy Rudah) modified space (48,104,1) to /turf/simulated/floor/plating/wasteland
[04:27:07]ADMIN: Build Mode: BartNixon/(Gilroy Rudah) modified space (46,104,1) to /turf/simulated/floor/plating/wasteland
[04:27:07]ADMIN: Build Mode: BartNixon/(Gilroy Rudah) modified Wasteland (46,104,1) to /turf/simulated/floor/plating/wasteland
[04:27:08]ADMIN: Build Mode: BartNixon/(Gilroy Rudah) modified space (47,104,1) to /turf/simulated/floor/plating/wasteland
[04:27:08]ADMIN: Build Mode: BartNixon/(Gilroy Rudah) modified space (45,104,1) to /turf/simulated/floor/plating/wasteland
[04:27:08]ADMIN: Build Mode: BartNixon/(Gilroy Rudah) modified space (45,105,1) to /turf/simulated/floor/plating/wasteland
[04:27:09]ADMIN: Build Mode: BartNixon/(Gilroy Rudah) modified space (44,105,1) to /turf/simulated/floor/plating/wasteland
[04:27:09]ADMIN: Build Mode: BartNixon/(Gilroy Rudah) modified space (44,104,1) to /turf/simulated/floor/plating/wasteland
[04:27:10]ADMIN: Build Mode: BartNixon/(Gilroy Rudah) modified space (43,104,1) to /turf/simulated/floor/plating/wasteland
[04:27:10]ADMIN: Build Mode: BartNixon/(Gilroy Rudah) modified space (43,105,1) to /turf/simulated/floor/plating/wasteland
[04:27:10]ADMIN: Build Mode: BartNixon/(Gilroy Rudah) modified space (43,106,1) to /turf/simulated/floor/plating/wasteland
[04:27:11]ADMIN: Build Mode: BartNixon/(Gilroy Rudah) modified space (44,106,1) to /turf/simulated/floor/plating/wasteland
[04:27:11]ADMIN: Build Mode: BartNixon/(Gilroy Rudah) modified space (42,105,1) to /turf/simulated/floor/plating/wasteland
[04:27:11]ADMIN: Build Mode: BartNixon/(Gilroy Rudah) modified space (42,104,1) to /turf/simulated/floor/plating/wasteland
[04:27:12]ADMIN: Build Mode: BartNixon/(Gilroy Rudah) modified Wasteland (42,104,1) to /turf/simulated/floor/plating/wasteland
[04:27:12]ADMIN: Build Mode: BartNixon/(Gilroy Rudah) modified space (40,104,1) to /turf/simulated/floor/plating/wasteland
[04:27:12]ADMIN: Build Mode: BartNixon/(Gilroy Rudah) modified space (41,105,1) to /turf/simulated/floor/plating/wasteland
[04:27:13]SAY: mouse/ : Squeek?
[04:27:13]SAY: Tom/ : SQUEEK!
[04:27:13]ADMIN: Build Mode: BartNixon/(Gilroy Rudah) modified space (40,105,1) to /turf/simulated/floor/plating/wasteland
[04:27:14]ADMIN: Build Mode: BartNixon/(Gilroy Rudah) modified space (41,104,1) to /turf/simulated/floor/plating/wasteland
[04:27:14]ADMIN: Build Mode: BartNixon/(Gilroy Rudah) modified space (40,107,1) to /turf/simulated/floor/plating/wasteland
[04:27:14]ADMIN: Build Mode: BartNixon/(Gilroy Rudah) modified space (40,106,1) to /turf/simulated/floor/plating/wasteland
[04:27:15]ADMIN: Build Mode: BartNixon/(Gilroy Rudah) modified space (41,106,1) to /turf/simulated/floor/plating/wasteland
[04:27:15]ADMIN: Build Mode: BartNixon/(Gilroy Rudah) modified space (42,106,1) to /turf/simulated/floor/plating/wasteland
[04:27:15]ADMIN: Build Mode: BartNixon/(Gilroy Rudah) modified space (42,107,1) to /turf/simulated/floor/plating/wasteland
[04:27:15]ADMIN: Build Mode: BartNixon/(Gilroy Rudah) modified space (41,107,1) to /turf/simulated/floor/plating/wasteland
[04:27:16]ADMIN: Build Mode: BartNixon/(Gilroy Rudah) modified space (41,108,1) to /turf/simulated/floor/plating/wasteland
[04:27:16]ADMIN: Build Mode: BartNixon/(Gilroy Rudah) modified space (40,108,1) to /turf/simulated/floor/plating/wasteland
[04:27:17]ADMIN: Build Mode: BartNixon/(Gilroy Rudah) modified space (39,108,1) to /turf/simulated/floor/plating/wasteland
[04:27:17]ADMIN: Build Mode: BartNixon/(Gilroy Rudah) modified space (39,107,1) to /turf/simulated/floor/plating/wasteland
[04:27:17]ADMIN: Build Mode: BartNixon/(Gilroy Rudah) modified space (39,106,1) to /turf/simulated/floor/plating/wasteland
[04:27:17]ADMIN: Build Mode: BartNixon/(Gilroy Rudah) modified space (39,105,1) to /turf/simulated/floor/plating/wasteland
[04:27:18]ADMIN: Build Mode: BartNixon/(Gilroy Rudah) modified space (39,104,1) to /turf/simulated/floor/plating/wasteland
[04:27:18]ADMIN: Build Mode: BartNixon/(Gilroy Rudah) modified Wasteland (39,104,1) to /turf/simulated/floor/plating/wasteland
[04:27:18]ADMIN: Build Mode: BartNixon/(Gilroy Rudah) modified space (37,104,1) to /turf/simulated/floor/plating/wasteland
[04:27:19]ADMIN: Build Mode: BartNixon/(Gilroy Rudah) modified space (38,106,1) to /turf/simulated/floor/plating/wasteland
[04:27:19]ADMIN: Build Mode: BartNixon/(Gilroy Rudah) modified space (38,104,1) to /turf/simulated/floor/plating/wasteland
[04:27:20]ADMIN: Build Mode: BartNixon/(Gilroy Rudah) modified space (38,105,1) to /turf/simulated/floor/plating/wasteland
[04:27:20]ADMIN: Build Mode: BartNixon/(Gilroy Rudah) modified space (37,105,1) to /turf/simulated/floor/plating/wasteland
[04:27:20]ADMIN: Build Mode: BartNixon/(Gilroy Rudah) modified space (37,106,1) to /turf/simulated/floor/plating/wasteland
[04:27:20]ADMIN: Build Mode: BartNixon/(Gilroy Rudah) modified space (37,107,1) to /turf/simulated/floor/plating/wasteland
[04:27:21]ADMIN: Build Mode: BartNixon/(Gilroy Rudah) modified space (38,107,1) to /turf/simulated/floor/plating/wasteland
[04:27:21]ADMIN: Build Mode: BartNixon/(Gilroy Rudah) modified Wasteland (38,107,1) to /turf/simulated/floor/plating/wasteland
[04:27:21]ADMIN: Build Mode: BartNixon/(Gilroy Rudah) modified space (38,108,1) to /turf/simulated/floor/plating/wasteland
[04:27:21]ADMIN: Build Mode: BartNixon/(Gilroy Rudah) modified space (37,108,1) to /turf/simulated/floor/plating/wasteland
[04:27:22]ADMIN: Build Mode: BartNixon/(Gilroy Rudah) modified Wasteland (37,108,1) to /turf/simulated/floor/plating/wasteland
[04:27:22]ADMIN: Build Mode: BartNixon/(Gilroy Rudah) modified space (36,108,1) to /turf/simulated/floor/plating/wasteland
[04:27:22]ADMIN: Build Mode: BartNixon/(Gilroy Rudah) modified Wasteland (36,108,1) to /turf/simulated/floor/plating/wasteland
[04:27:22]ADMIN: Build Mode: BartNixon/(Gilroy Rudah) modified space (36,107,1) to /turf/simulated/floor/plating/wasteland
[04:27:23]ADMIN: Build Mode: BartNixon/(Gilroy Rudah) modified space (36,106,1) to /turf/simulated/floor/plating/wasteland
[04:27:23]ADMIN: Build Mode: BartNixon/(Gilroy Rudah) modified space (36,105,1) to /turf/simulated/floor/plating/wasteland
[04:27:23]ADMIN: Build Mode: BartNixon/(Gilroy Rudah) modified Wasteland (36,105,1) to /turf/simulated/floor/plating/wasteland
[04:27:24]ADMIN: Build Mode: BartNixon/(Gilroy Rudah) modified space (36,104,1) to /turf/simulated/floor/plating/wasteland
[04:27:24]ADMIN: Build Mode: BartNixon/(Gilroy Rudah) modified space (35,104,1) to /turf/simulated/floor/plating/wasteland
[04:27:24]ADMIN: Build Mode: BartNixon/(Gilroy Rudah) modified space (34,105,1) to /turf/simulated/floor/plating/wasteland
[04:27:24]ADMIN: Build Mode: BartNixon/(Gilroy Rudah) modified space (35,107,1) to /turf/simulated/floor/plating/wasteland
[04:27:25]ADMIN: Build Mode: BartNixon/(Gilroy Rudah) modified space (35,108,1) to /turf/simulated/floor/plating/wasteland
[04:27:25]ADMIN: Build Mode: BartNixon/(Gilroy Rudah) modified Wasteland (35,108,1) to /turf/simulated/floor/plating/wasteland
[04:27:25]ADMIN: Build Mode: BartNixon/(Gilroy Rudah) modified space (34,108,1) to /turf/simulated/floor/plating/wasteland
[04:27:26]ADMIN: Build Mode: BartNixon/(Gilroy Rudah) modified space (34,107,1) to /turf/simulated/floor/plating/wasteland
[04:27:26]ADMIN: Build Mode: BartNixon/(Gilroy Rudah) modified space (34,106,1) to /turf/simulated/floor/plating/wasteland
[04:27:26]ADMIN: Build Mode: BartNixon/(Gilroy Rudah) modified space (35,106,1) to /turf/simulated/floor/plating/wasteland
[04:27:26]ADMIN: Build Mode: BartNixon/(Gilroy Rudah) modified Wasteland (35,106,1) to /turf/simulated/floor/plating/wasteland
[04:27:27]ADMIN: Build Mode: BartNixon/(Gilroy Rudah) modified space (35,105,1) to /turf/simulated/floor/plating/wasteland
[04:27:27]EMOTE: monkey (863)/ : <B>The monkey (863)</B> jumps!
[04:27:27]ADMIN: Build Mode: BartNixon/(Gilroy Rudah) modified space (34,104,1) to /turf/simulated/floor/plating/wasteland
[04:27:28]ADMIN: Build Mode: BartNixon/(Gilroy Rudah) modified space (35,109,1) to /turf/simulated/floor/plating/wasteland
[04:27:29]ADMIN: Build Mode: BartNixon/(Gilroy Rudah) modified space (34,109,1) to /turf/simulated/floor/plating/wasteland
[04:27:29]ADMIN: Build Mode: BartNixon/(Gilroy Rudah) modified space (34,110,1) to /turf/simulated/floor/plating/wasteland
[04:27:29]ADMIN: Build Mode: BartNixon/(Gilroy Rudah) modified space (34,111,1) to /turf/simulated/floor/plating/wasteland
[04:27:30]ADMIN: Build Mode: BartNixon/(Gilroy Rudah) modified space (34,113,1) to /turf/simulated/floor/plating/wasteland
[04:27:30]ADMIN: Build Mode: BartNixon/(Gilroy Rudah) modified space (34,114,1) to /turf/simulated/floor/plating/wasteland
[04:27:30]ADMIN: Build Mode: BartNixon/(Gilroy Rudah) modified space (34,115,1) to /turf/simulated/floor/plating/wasteland
[04:27:31]ADMIN: Build Mode: BartNixon/(Gilroy Rudah) modified Wasteland (34,115,1) to /turf/simulated/floor/plating/wasteland
[04:27:31]ADMIN: Build Mode: BartNixon/(Gilroy Rudah) modified space (35,116,1) to /turf/simulated/floor/plating/wasteland
[04:27:31]ADMIN: Build Mode: BartNixon/(Gilroy Rudah) modified space (35,115,1) to /turf/simulated/floor/plating/wasteland
[04:27:32]ADMIN: Build Mode: BartNixon/(Gilroy Rudah) modified space (35,113,1) to /turf/simulated/floor/plating/wasteland
[04:27:32]ADMIN: Build Mode: BartNixon/(Gilroy Rudah) modified Wasteland (35,113,1) to /turf/simulated/floor/plating/wasteland
[04:27:32]ADMIN: Build Mode: BartNixon/(Gilroy Rudah) modified space (35,112,1) to /turf/simulated/floor/plating/wasteland
[04:27:33]ADMIN: Build Mode: BartNixon/(Gilroy Rudah) modified space (34,112,1) to /turf/simulated/floor/plating/wasteland
[04:27:33]EMOTE: monkey (859)/ : <B>The monkey (859)</B> jumps!
[04:27:33]ADMIN: Build Mode: BartNixon/(Gilroy Rudah) modified space (35,111,1) to /turf/simulated/floor/plating/wasteland
[04:27:33]ADMIN: Build Mode: BartNixon/(Gilroy Rudah) modified space (35,110,1) to /turf/simulated/floor/plating/wasteland
[04:27:33]ADMIN: Build Mode: BartNixon/(Gilroy Rudah) modified space (36,110,1) to /turf/simulated/floor/plating/wasteland
[04:27:34]ADMIN: Build Mode: BartNixon/(Gilroy Rudah) modified Wasteland (36,110,1) to /turf/simulated/floor/plating/wasteland
[04:27:34]ADMIN: Build Mode: BartNixon/(Gilroy Rudah) modified space (36,109,1) to /turf/simulated/floor/plating/wasteland
[04:27:34]ADMIN: Build Mode: BartNixon/(Gilroy Rudah) modified space (37,109,1) to /turf/simulated/floor/plating/wasteland
[04:27:35]ADMIN: Build Mode: BartNixon/(Gilroy Rudah) modified space (39,109,1) to /turf/simulated/floor/plating/wasteland
[04:27:35]ADMIN: Build Mode: BartNixon/(Gilroy Rudah) modified Wasteland (39,109,1) to /turf/simulated/floor/plating/wasteland
[04:27:35]ADMIN: Build Mode: BartNixon/(Gilroy Rudah) modified space (40,109,1) to /turf/simulated/floor/plating/wasteland
[04:27:36]ADMIN: Build Mode: BartNixon/(Gilroy Rudah) modified space (40,110,1) to /turf/simulated/floor/plating/wasteland
[04:27:36]ADMIN: Build Mode: BartNixon/(Gilroy Rudah) modified space (39,110,1) to /turf/simulated/floor/plating/wasteland
[04:27:36]ADMIN: Build Mode: BartNixon/(Gilroy Rudah) modified space (38,110,1) to /turf/simulated/floor/plating/wasteland
[04:27:37]ADMIN: Build Mode: BartNixon/(Gilroy Rudah) modified Wasteland (38,110,1) to /turf/simulated/floor/plating/wasteland
[04:27:37]ADMIN: Build Mode: BartNixon/(Gilroy Rudah) modified space (38,109,1) to /turf/simulated/floor/plating/wasteland
[04:27:37]ADMIN: Build Mode: BartNixon/(Gilroy Rudah) modified space (37,110,1) to /turf/simulated/floor/plating/wasteland
[04:27:37]ADMIN: Build Mode: BartNixon/(Gilroy Rudah) modified space (37,111,1) to /turf/simulated/floor/plating/wasteland
[04:27:38]ADMIN: Build Mode: BartNixon/(Gilroy Rudah) modified space (38,111,1) to /turf/simulated/floor/plating/wasteland
[04:27:38]ADMIN: Build Mode: BartNixon/(Gilroy Rudah) modified space (39,111,1) to /turf/simulated/floor/plating/wasteland
[04:27:39]ADMIN: Build Mode: BartNixon/(Gilroy Rudah) modified space (40,112,1) to /turf/simulated/floor/plating/wasteland
[04:27:39]ADMIN: Build Mode: BartNixon/(Gilroy Rudah) modified space (40,111,1) to /turf/simulated/floor/plating/wasteland
[04:27:40]ADMIN: Build Mode: BartNixon/(Gilroy Rudah) modified space (39,112,1) to /turf/simulated/floor/plating/wasteland
[04:27:40]ADMIN: Build Mode: BartNixon/(Gilroy Rudah) modified space (37,112,1) to /turf/simulated/floor/plating/wasteland
[04:27:40]ADMIN: Build Mode: BartNixon/(Gilroy Rudah) modified Wasteland (37,112,1) to /turf/simulated/floor/plating/wasteland
[04:27:41]ADMIN: Build Mode: BartNixon/(Gilroy Rudah) modified space (38,112,1) to /turf/simulated/floor/plating/wasteland
[04:27:41]ADMIN: Build Mode: BartNixon/(Gilroy Rudah) modified space (36,112,1) to /turf/simulated/floor/plating/wasteland
[04:27:41]ADMIN: Build Mode: BartNixon/(Gilroy Rudah) modified space (36,111,1) to /turf/simulated/floor/plating/wasteland
[04:27:42]ADMIN: Build Mode: BartNixon/(Gilroy Rudah) modified space (37,113,1) to /turf/simulated/floor/plating/wasteland
[04:27:42]ADMIN: Build Mode: BartNixon/(Gilroy Rudah) modified Wasteland (37,113,1) to /turf/simulated/floor/plating/wasteland
[04:27:43]ADMIN: Build Mode: BartNixon/(Gilroy Rudah) modified space (38,113,1) to /turf/simulated/floor/plating/wasteland
[04:27:43]ADMIN: Build Mode: BartNixon/(Gilroy Rudah) modified space (39,113,1) to /turf/simulated/floor/plating/wasteland
[04:27:44]ADMIN: Build Mode: BartNixon/(Gilroy Rudah) modified space (40,114,1) to /turf/simulated/floor/plating/wasteland
[04:27:45]ADMIN: Build Mode: BartNixon/(Gilroy Rudah) modified space (41,113,1) to /turf/simulated/floor/plating/wasteland
[04:27:45]ADMIN: Build Mode: BartNixon/(Gilroy Rudah) modified Wasteland (41,113,1) to /turf/simulated/floor/plating/wasteland
[04:27:45]ADMIN: Build Mode: BartNixon/(Gilroy Rudah) modified space (40,113,1) to /turf/simulated/floor/plating/wasteland
[04:27:46]ADMIN: Build Mode: BartNixon/(Gilroy Rudah) modified space (41,112,1) to /turf/simulated/floor/plating/wasteland
[04:27:46]ADMIN: Build Mode: BartNixon/(Gilroy Rudah) modified space (42,112,1) to /turf/simulated/floor/plating/wasteland
[04:27:46]ADMIN: Build Mode: BartNixon/(Gilroy Rudah) modified space (43,112,1) to /turf/simulated/floor/plating/wasteland
[04:27:47]ADMIN: Build Mode: BartNixon/(Gilroy Rudah) modified space (42,113,1) to /turf/simulated/floor/plating/wasteland
[04:27:47]ADMIN: Build Mode: BartNixon/(Gilroy Rudah) modified space (43,113,1) to /turf/simulated/floor/plating/wasteland
[04:27:47]ADMIN: Build Mode: BartNixon/(Gilroy Rudah) modified space (44,113,1) to /turf/simulated/floor/plating/wasteland
[04:27:47]ADMIN: Build Mode: BartNixon/(Gilroy Rudah) modified Wasteland (44,113,1) to /turf/simulated/floor/plating/wasteland
[04:27:48]ADMIN: Build Mode: BartNixon/(Gilroy Rudah) modified space (44,112,1) to /turf/simulated/floor/plating/wasteland
[04:27:48]ADMIN: Build Mode: BartNixon/(Gilroy Rudah) modified space (45,112,1) to /turf/simulated/floor/plating/wasteland
[04:27:48]ADMIN: Build Mode: BartNixon/(Gilroy Rudah) modified space (45,113,1) to /turf/simulated/floor/plating/wasteland
[04:27:48]ADMIN: Build Mode: BartNixon/(Gilroy Rudah) modified space (46,113,1) to /turf/simulated/floor/plating/wasteland
[04:27:49]ADMIN: Build Mode: BartNixon/(Gilroy Rudah) modified space (46,112,1) to /turf/simulated/floor/plating/wasteland
[04:27:49]ADMIN: Build Mode: BartNixon/(Gilroy Rudah) modified space (47,112,1) to /turf/simulated/floor/plating/wasteland
[04:27:49]ADMIN: Build Mode: BartNixon/(Gilroy Rudah) modified space (47,113,1) to /turf/simulated/floor/plating/wasteland
[04:27:50]ADMIN: Build Mode: BartNixon/(Gilroy Rudah) modified space (48,113,1) to /turf/simulated/floor/plating/wasteland
[04:27:50]ADMIN: Build Mode: BartNixon/(Gilroy Rudah) modified space (48,112,1) to /turf/simulated/floor/plating/wasteland
[04:27:51]ADMIN: Build Mode: BartNixon/(Gilroy Rudah) modified space (48,114,1) to /turf/simulated/floor/plating/wasteland
[04:27:51]ADMIN: Build Mode: BartNixon/(Gilroy Rudah) modified space (47,114,1) to /turf/simulated/floor/plating/wasteland
[04:27:51]ADMIN: Build Mode: BartNixon/(Gilroy Rudah) modified space (46,114,1) to /turf/simulated/floor/plating/wasteland
[04:27:51]ADMIN: Build Mode: BartNixon/(Gilroy Rudah) modified space (45,114,1) to /turf/simulated/floor/plating/wasteland
[04:27:52]ADMIN: Build Mode: BartNixon/(Gilroy Rudah) modified space (44,114,1) to /turf/simulated/floor/plating/wasteland
[04:27:52]ADMIN: Build Mode: BartNixon/(Gilroy Rudah) modified space (43,114,1) to /turf/simulated/floor/plating/wasteland
[04:27:52]ADMIN: Build Mode: BartNixon/(Gilroy Rudah) modified space (42,114,1) to /turf/simulated/floor/plating/wasteland
[04:27:53]ADMIN: Build Mode: BartNixon/(Gilroy Rudah) modified space (41,114,1) to /turf/simulated/floor/plating/wasteland
[04:27:53]ADMIN: Build Mode: BartNixon/(Gilroy Rudah) modified Wasteland (41,114,1) to /turf/simulated/floor/plating/wasteland
[04:27:53]ADMIN: Build Mode: BartNixon/(Gilroy Rudah) modified Wasteland (40,114,1) to /turf/simulated/floor/plating/wasteland
[04:27:53]ADMIN: Build Mode: BartNixon/(Gilroy Rudah) modified space (38,114,1) to /turf/simulated/floor/plating/wasteland
[04:27:54]ADMIN: Build Mode: BartNixon/(Gilroy Rudah) modified space (39,114,1) to /turf/simulated/floor/plating/wasteland
[04:27:54]ADMIN: Build Mode: BartNixon/(Gilroy Rudah) modified space (37,114,1) to /turf/simulated/floor/plating/wasteland
[04:27:54]ADMIN: Build Mode: BartNixon/(Gilroy Rudah) modified Wasteland (37,114,1) to /turf/simulated/floor/plating/wasteland
[04:27:55]ADMIN: Build Mode: BartNixon/(Gilroy Rudah) modified space (36,114,1) to /turf/simulated/floor/plating/wasteland
[04:27:55]ADMIN: Build Mode: BartNixon/(Gilroy Rudah) modified space (36,113,1) to /turf/simulated/floor/plating/wasteland
[04:27:55]ADMIN: Build Mode: BartNixon/(Gilroy Rudah) modified Wasteland (36,113,1) to /turf/simulated/floor/plating/wasteland
[04:27:55]ADMIN: Build Mode: BartNixon/(Gilroy Rudah) modified space (35,114,1) to /turf/simulated/floor/plating/wasteland
[04:27:56]ADMIN: Build Mode: BartNixon/(Gilroy Rudah) modified space (36,115,1) to /turf/simulated/floor/plating/wasteland
[04:27:56]ADMIN: Build Mode: BartNixon/(Gilroy Rudah) modified space (37,115,1) to /turf/simulated/floor/plating/wasteland
[04:27:56]ADMIN: Build Mode: BartNixon/(Gilroy Rudah) modified space (36,116,1) to /turf/simulated/floor/plating/wasteland
[04:27:56]ADMIN: Build Mode: BartNixon/(Gilroy Rudah) modified Wasteland (36,116,1) to /turf/simulated/floor/plating/wasteland
[04:27:57]ADMIN: Build Mode: BartNixon/(Gilroy Rudah) modified Wasteland (35,116,1) to /turf/simulated/floor/plating/wasteland
[04:27:57]ADMIN: Build Mode: BartNixon/(Gilroy Rudah) modified space (34,116,1) to /turf/simulated/floor/plating/wasteland
[04:27:58]ADMIN: Build Mode: BartNixon/(Gilroy Rudah) modified space (37,116,1) to /turf/simulated/floor/plating/wasteland
[04:27:58]ADMIN: Build Mode: BartNixon/(Gilroy Rudah) modified space (38,116,1) to /turf/simulated/floor/plating/wasteland
[04:27:58]ADMIN: Build Mode: BartNixon/(Gilroy Rudah) modified space (39,116,1) to /turf/simulated/floor/plating/wasteland
[04:27:59]ADMIN: Build Mode: BartNixon/(Gilroy Rudah) modified space (39,115,1) to /turf/simulated/floor/plating/wasteland
[04:27:59]ADMIN: Build Mode: BartNixon/(Gilroy Rudah) modified Wasteland (39,115,1) to /turf/simulated/floor/plating/wasteland
[04:27:59]ADMIN: Build Mode: BartNixon/(Gilroy Rudah) modified space (40,115,1) to /turf/simulated/floor/plating/wasteland
[04:27:59]ADMIN: Build Mode: BartNixon/(Gilroy Rudah) modified Wasteland (40,115,1) to /turf/simulated/floor/plating/wasteland
[04:27:59]ADMIN: Build Mode: BartNixon/(Gilroy Rudah) modified Wasteland (40,115,1) to /turf/simulated/floor/plating/wasteland
[04:28:00]ADMIN: Build Mode: BartNixon/(Gilroy Rudah) modified space (40,116,1) to /turf/simulated/floor/plating/wasteland
[04:28:00]ADMIN: Build Mode: BartNixon/(Gilroy Rudah) modified space (41,116,1) to /turf/simulated/floor/plating/wasteland
[04:28:00]ADMIN: Build Mode: BartNixon/(Gilroy Rudah) modified space (41,115,1) to /turf/simulated/floor/plating/wasteland
[04:28:01]ADMIN: Build Mode: BartNixon/(Gilroy Rudah) modified space (42,115,1) to /turf/simulated/floor/plating/wasteland
[04:28:01]ADMIN: Build Mode: BartNixon/(Gilroy Rudah) modified space (38,115,1) to /turf/simulated/floor/plating/wasteland
[04:28:01]ADMIN: Build Mode: BartNixon/(Gilroy Rudah) modified Wasteland (42,115,1) to /turf/simulated/floor/plating/wasteland
[04:28:02]ADMIN: Build Mode: BartNixon/(Gilroy Rudah) modified space (43,115,1) to /turf/simulated/floor/plating/wasteland
[04:28:02]ADMIN: Build Mode: BartNixon/(Gilroy Rudah) modified space (43,116,1) to /turf/simulated/floor/plating/wasteland
[04:28:02]ADMIN: Build Mode: BartNixon/(Gilroy Rudah) modified Wasteland (43,116,1) to /turf/simulated/floor/plating/wasteland
[04:28:03]ADMIN: Build Mode: BartNixon/(Gilroy Rudah) modified space (42,116,1) to /turf/simulated/floor/plating/wasteland
[04:28:03]ADMIN: Build Mode: BartNixon/(Gilroy Rudah) modified space (44,116,1) to /turf/simulated/floor/plating/wasteland
[04:28:03]ADMIN: Build Mode: BartNixon/(Gilroy Rudah) modified space (45,116,1) to /turf/simulated/floor/plating/wasteland
[04:28:03]ADMIN: Build Mode: BartNixon/(Gilroy Rudah) modified space (45,115,1) to /turf/simulated/floor/plating/wasteland
[04:28:04]ADMIN: Build Mode: BartNixon/(Gilroy Rudah) modified space (44,115,1) to /turf/simulated/floor/plating/wasteland
[04:28:04]ADMIN: Build Mode: BartNixon/(Gilroy Rudah) modified space (47,115,1) to /turf/simulated/floor/plating/wasteland
[04:28:04]ADMIN: Build Mode: BartNixon/(Gilroy Rudah) modified Wasteland (47,115,1) to /turf/simulated/floor/plating/wasteland
[04:28:05]ADMIN: Build Mode: BartNixon/(Gilroy Rudah) modified space (47,116,1) to /turf/simulated/floor/plating/wasteland
[04:28:05]ADMIN: Build Mode: BartNixon/(Gilroy Rudah) modified Wasteland (47,116,1) to /turf/simulated/floor/plating/wasteland
[04:28:05]ADMIN: Build Mode: BartNixon/(Gilroy Rudah) modified space (46,116,1) to /turf/simulated/floor/plating/wasteland
[04:28:06]ADMIN: Build Mode: BartNixon/(Gilroy Rudah) modified space (48,116,1) to /turf/simulated/floor/plating/wasteland
[04:28:06]ADMIN: Build Mode: BartNixon/(Gilroy Rudah) modified space (48,117,1) to /turf/simulated/floor/plating/wasteland
[04:28:07]ADMIN: Build Mode: BartNixon/(Gilroy Rudah) modified space (48,115,1) to /turf/simulated/floor/plating/wasteland
[04:28:07]ADMIN: Build Mode: BartNixon/(Gilroy Rudah) modified Wasteland (47,115,1) to /turf/simulated/floor/plating/wasteland
[04:28:07]ADMIN: Build Mode: BartNixon/(Gilroy Rudah) modified Wasteland (45,116,1) to /turf/simulated/floor/plating/wasteland
[04:28:07]ADMIN: Build Mode: BartNixon/(Gilroy Rudah) modified Wasteland (46,116,1) to /turf/simulated/floor/plating/wasteland
[04:28:08]ADMIN: Build Mode: BartNixon/(Gilroy Rudah) modified space (46,115,1) to /turf/simulated/floor/plating/wasteland
[04:28:08]ADMIN: Build Mode: BartNixon/(Gilroy Rudah) modified space (47,117,1) to /turf/simulated/floor/plating/wasteland
[04:28:08]ADMIN: Build Mode: BartNixon/(Gilroy Rudah) modified space (47,118,1) to /turf/simulated/floor/plating/wasteland
[04:28:09]ADMIN: Build Mode: BartNixon/(Gilroy Rudah) modified space (48,118,1) to /turf/simulated/floor/plating/wasteland
[04:28:09]ADMIN: Build Mode: BartNixon/(Gilroy Rudah) modified Wasteland (47,118,1) to /turf/simulated/floor/plating/wasteland
[04:28:09]ADMIN: Build Mode: BartNixon/(Gilroy Rudah) modified space (46,118,1) to /turf/simulated/floor/plating/wasteland
[04:28:10]ADMIN: Build Mode: BartNixon/(Gilroy Rudah) modified space (46,117,1) to /turf/simulated/floor/plating/wasteland
[04:28:10]ADMIN: Build Mode: BartNixon/(Gilroy Rudah) modified space (45,117,1) to /turf/simulated/floor/plating/wasteland
[04:28:10]ADMIN: Build Mode: BartNixon/(Gilroy Rudah) modified Wasteland (45,117,1) to /turf/simulated/floor/plating/wasteland
[04:28:10]ADMIN: Build Mode: BartNixon/(Gilroy Rudah) modified space (45,118,1) to /turf/simulated/floor/plating/wasteland
[04:28:10]ADMIN: Build Mode: BartNixon/(Gilroy Rudah) modified space (44,118,1) to /turf/simulated/floor/plating/wasteland
[04:28:11]ADMIN: Build Mode: BartNixon/(Gilroy Rudah) modified space (44,117,1) to /turf/simulated/floor/plating/wasteland
[04:28:11]ADMIN: Build Mode: BartNixon/(Gilroy Rudah) modified Wasteland (44,117,1) to /turf/simulated/floor/plating/wasteland
[04:28:11]ADMIN: Build Mode: BartNixon/(Gilroy Rudah) modified space (42,117,1) to /turf/simulated/floor/plating/wasteland
[04:28:12]ADMIN: Build Mode: BartNixon/(Gilroy Rudah) modified space (43,118,1) to /turf/simulated/floor/plating/wasteland
[04:28:12]ADMIN: Build Mode: BartNixon/(Gilroy Rudah) modified space (43,117,1) to /turf/simulated/floor/plating/wasteland
[04:28:12]ADMIN: Build Mode: BartNixon/(Gilroy Rudah) modified space (42,118,1) to /turf/simulated/floor/plating/wasteland
[04:28:13]ADMIN: Build Mode: BartNixon/(Gilroy Rudah) modified space (41,117,1) to /turf/simulated/floor/plating/wasteland
[04:28:13]ADMIN: Build Mode: BartNixon/(Gilroy Rudah) modified Wasteland (41,117,1) to /turf/simulated/floor/plating/wasteland
[04:28:14]ADMIN: Build Mode: BartNixon/(Gilroy Rudah) modified space (40,118,1) to /turf/simulated/floor/plating/wasteland
[04:28:14]ADMIN: Build Mode: BartNixon/(Gilroy Rudah) modified space (40,117,1) to /turf/simulated/floor/plating/wasteland
[04:28:14]ADMIN: Build Mode: BartNixon/(Gilroy Rudah) modified space (41,118,1) to /turf/simulated/floor/plating/wasteland
[04:28:15]ADMIN: Build Mode: BartNixon/(Gilroy Rudah) modified Wasteland (40,118,1) to /turf/simulated/floor/plating/wasteland
[04:28:15]ADMIN: Build Mode: BartNixon/(Gilroy Rudah) modified space (39,118,1) to /turf/simulated/floor/plating/wasteland
[04:28:15]ADMIN: Build Mode: BartNixon/(Gilroy Rudah) modified space (39,117,1) to /turf/simulated/floor/plating/wasteland
[04:28:16]ADMIN: Build Mode: BartNixon/(Gilroy Rudah) modified space (38,117,1) to /turf/simulated/floor/plating/wasteland
[04:28:16]ADMIN: Build Mode: BartNixon/(Gilroy Rudah) modified space (38,118,1) to /turf/simulated/floor/plating/wasteland
[04:28:17]ADMIN: Build Mode: BartNixon/(Gilroy Rudah) modified space (37,117,1) to /turf/simulated/floor/plating/wasteland
[04:28:17]ADMIN: Build Mode: BartNixon/(Gilroy Rudah) modified Wasteland (37,117,1) to /turf/simulated/floor/plating/wasteland
[04:28:19]ADMIN: Build Mode: BartNixon/(Gilroy Rudah) modified space (37,118,1) to /turf/simulated/floor/plating/wasteland
[04:28:19]ADMIN: Build Mode: BartNixon/(Gilroy Rudah) modified space (36,118,1) to /turf/simulated/floor/plating/wasteland
[04:28:19]ADMIN: Build Mode: BartNixon/(Gilroy Rudah) modified space (36,117,1) to /turf/simulated/floor/plating/wasteland
[04:28:20]ADMIN: Build Mode: BartNixon/(Gilroy Rudah) modified Wasteland (36,117,1) to /turf/simulated/floor/plating/wasteland
[04:28:20]ADMIN: Build Mode: BartNixon/(Gilroy Rudah) modified space (35,117,1) to /turf/simulated/floor/plating/wasteland
[04:28:20]ADMIN: Build Mode: BartNixon/(Gilroy Rudah) modified space (35,118,1) to /turf/simulated/floor/plating/wasteland
[04:28:20]ADMIN: Build Mode: BartNixon/(Gilroy Rudah) modified Wasteland (35,118,1) to /turf/simulated/floor/plating/wasteland
[04:28:21]ADMIN: Build Mode: BartNixon/(Gilroy Rudah) modified space (34,117,1) to /turf/simulated/floor/plating/wasteland
[04:28:21]ADMIN: Build Mode: BartNixon/(Gilroy Rudah) modified space (34,118,1) to /turf/simulated/floor/plating/wasteland
[04:28:30]ADMIN: Build Mode: BartNixon/(Gilroy Rudah) deleted Wasteland at (46,109,1)
[04:28:30]ADMIN: Build Mode: BartNixon/(Gilroy Rudah) deleted Wasteland at (46,106,1)
[04:28:33]ADMIN: Build Mode: BartNixon/(Gilroy Rudah) modified space (46,109,1) to /turf/simulated/floor/plating/wasteland
[04:28:34]ADMIN: Build Mode: BartNixon/(Gilroy Rudah) modified space (46,106,1) to /turf/simulated/floor/plating/wasteland
[04:28:35]ADMIN: BartNixon/(Gilroy Rudah) has left build mode.
[04:28:55]ADMIN: BartNixon/(Gilroy Rudah) modified Gilroy Rudah's icon to blank.gif
[04:28:58]EMOTE: monkey (96)/ : <B>The monkey (96)</B> jumps!
[04:29:54]EMOTE: monkey (718)/ : <B>The monkey (718)</B> jumps!
[04:30:12]EMOTE: Pun Pun/ : <B>Pun Pun</B> jumps!
[04:30:16]SAY: mouse/ : SQUEEK!
[04:30:36]SAY: Runtime/ : HSSSSS
[04:30:53]SAY: mouse/ : Squeek!
[04:30:56]EMOTE: monkey (451)/ : <B>The monkey (451)</B> jumps!
[04:31:04]SAY: mouse/ : Squeek?
[04:31:22]EMOTE: monkey (793)/ : <B>The monkey (793)</B> jumps!
[04:32:35]SAY: mouse/ : Squeek?
[04:32:39]SAY: mouse/ : Squeek?
[04:32:53]SAY: mouse/ : Squeek!
[04:33:09]SAY: Pete/ : EHEHEHEHEH
[04:33:13]SAY: mouse/ : Squeek!
[04:33:19]EMOTE: monkey (451)/ : <B>The monkey (451)</B> jumps!
[04:33:49]SAY: mouse/ : SQUEEK!
[04:33:53]EMOTE: Pun Pun/ : <B>Pun Pun</B> jumps!
[04:34:11]EMOTE: monkey (96)/ : <B>The monkey (96)</B> jumps!
[04:35:09]SAY: mouse/ : Squeek?
[04:36:08]EMOTE: monkey (859)/ : <B>The monkey (859)</B> jumps!
[04:36:54]SAY: mouse/ : Squeek?
[04:37:00]SAY: grey baby slime (186)/ : Lonely...
[04:37:24]SAY: mouse/ : SQUEEK!
[04:37:32]SAY: Tom/ : Squeek!
[04:38:58]SAY: mouse/ : Squeek!
[04:39:08]EMOTE: monkey (932)/ : <B>The monkey (932)</B> jumps!
[04:40:03]EMOTE: monkey (444)/ : <B>The monkey (444)</B> jumps!
[04:40:19]ADMIN: BartNixon/(Gilroy Rudah) has used rudimentary transformation on BartNixon/(Gilroy Rudah). Transforming to human; deletemob=1
[04:40:19]ACCESS: Logout: *no key*/(Gilroy Rudah)
[04:40:19]ACCESS: Login: BartNixon/(Gilroy Rudah) from 127.0.0.1-3529772718 || BYOND v506
[04:40:33]ADMIN: BartNixon/(Gilroy Rudah) spawned /obj/item/weapon/holodisk01 at (75,141,1)
[04:40:39]ADMIN: BartNixon/(Gilroy Rudah) spawned /obj/item/weapon/holodisk02 at (74,141,1)
[04:41:42]ADMIN: BartNixon/(Gilroy Rudah) modified holodisk's icon_state to holodiskanim
[04:43:00]EMOTE: monkey (444)/ : <B>The monkey (444)</B> jumps!
[04:43:05]ADMIN: BartNixon/(Gilroy Rudah) spawned /obj/item/weapon/reagent_containers/food/drinks/nukacola at (72,137,1)
[04:43:08]EMOTE: monkey (793)/ : <B>The monkey (793)</B> jumps!
[04:43:32]ADMIN: BartNixon/(Gilroy Rudah) spawned /obj/item/toy/nuke at (76,137,1)
[04:43:50]ADMIN: BartNixon/(Gilroy Rudah) spawned /obj/machinery/vending/nukacolavend at (76,138,1)
[04:43:56]EMOTE: Pun Pun/ : <B>Pun Pun</B> jumps!
[04:44:20]ADMIN: BartNixon/(Gilroy Rudah) spawned /obj/item/weapon/gun/projectile/automatic/pistol at (97,130,1)
[04:44:32]SAY: mouse/ : SQUEEK!
[04:44:52]SAY: mouse/ : Squeek!
[04:45:22]EMOTE: monkey (107)/ : <B>The monkey (107)</B> jumps!
[04:45:22]SAY: mouse/ : Squeek!
[04:45:26]SAY: grey baby slime (895)/ : Rawr...
[04:46:12]EMOTE: monkey (859)/ : <B>The monkey (859)</B> jumps!
[04:46:23]ADMIN: BartNixon/(Gilroy Rudah) spawned /obj/item/ammo_box/magazine/msmg9mm at (98,117,1)
[04:46:32]ADMIN: BartNixon/(Gilroy Rudah) spawned /obj/item/weapon/gun/projectile/automatic/c20r at (98,116,1)
[04:46:34]SAY: Runtime/ : HSSSSS
[04:47:13]ACCESS: Logout: BartNixon[DC]/(Gilroy Rudah)
