

Starting up. 02:14.17
---------------------
Adding game mode blob (blob) to configuration.
Adding game mode changeling (changeling) to configuration.
Adding game mode traitor+changeling (traitorchan) to configuration.
Adding game mode double agents (double_agents) to configuration.
Adding game mode traitor (traitor) to configuration.
Adding game mode cult (cult) to configuration.
Adding game mode extended (extended) to configuration.
Adding game mode AI malfunction (malfunction) to configuration.
Adding game mode meteor (meteor) to configuration.
Adding game mode monkey (monkey) to configuration.
Adding game mode nuclear emergency (nuclear) to configuration.
Adding game mode revolution (revolution) to configuration.
Adding game mode sandbox (sandbox) to configuration.
Adding game mode wizard (wizard) to configuration.
Saved mode is 'extended'
[02:14:18]ADMIN: Loading Banlistjob
[02:14:18]ADMIN: Loading jobban_rank
[02:14:18]ADMIN: jobban_keylist was empty
[02:14:18]ADMIN: Loading appearance_rank
[02:14:18]ADMIN: appearance_keylist was empty
[02:14:18]ADMIN: Updating jobbanfile!
[02:14:18]ADMIN: Loading Banlist
[02:17:00]ACCESS: Login: BartNixon/(BartNixon) from 127.0.0.1-3529772718 || BYOND v506
[02:17:20]ADMIN: BartNixon/(BartNixon) delayed the game.
[02:41:07]ACCESS: Login: Tehdrama/(Tehdrama) from 192.168.1.2-3393934070 || BYOND v507
[02:41:13]ADMIN: BartNixon/(BartNixon) removed the delay.
[02:41:36]OOC: BartNixon/BartNixon : Я помен шрифт. Олооло.
[02:41:43]OOC: BartNixon/BartNixon : Стильно.
[02:42:05]OOC: Tehdrama/Tehdrama : самым крутым шрифтом считаетскстати myriadpro
[02:42:16]OOC: Tehdrama/Tehdrama : но этот тоже нормик
[02:42:20]OOC: Tehdrama/Tehdrama : консолас?
[02:42:34]OOC: BartNixon/BartNixon : В лобби спрЯтана тонна картинок, но нужен скрипт чтобы оно их менЯло каждых 30 секунд.
[02:42:40]ACCESS: Logout: *no key*/(Tehdrama)
[02:42:40]ACCESS: Login: Tehdrama/(Lyndsey Perkins) from 192.168.1.2-3393934070 || BYOND v507
[02:42:41]OOC: BartNixon/BartNixon : Стандартный Курьер.
[02:42:53]ACCESS: Logout: *no key*/(BartNixon)
[02:42:53]ACCESS: Login: BartNixon/(Gilroy Rudah) from 127.0.0.1-3529772718 || BYOND v506
[02:43:00]ADMIN: BartNixon/(Gilroy Rudah) jumped to Tehdrama/(Lyndsey Perkins)
[02:43:01]OOC: Lyndsey Perkins/Tehdrama : бтв поставь тиккомп 1 и тиклаг 0.3
[02:43:09]OOC: Lyndsey Perkins/Tehdrama : самые оптимальные значени
[02:43:12]OOC: Lyndsey Perkins/Tehdrama : базарю
[02:43:12]EMOTE: monkey (257)/ : <B>The monkey (257)</B> jumps!
[02:43:16]EMOTE: monkey (232)/ : <B>The monkey (232)</B> jumps!
[02:43:20]OOC: Gilroy Rudah/BartNixon : Тиклаг 0.6 стоит, вроде норм.
[02:43:30]ADMIN: BartNixon/(Gilroy Rudah) spawned /obj/item/clothing/under/vault13ut at (123,126,1)
[02:43:34]OOC: Lyndsey Perkins/Tehdrama : дай админа
[02:43:34]ADMIN: BartNixon/(Gilroy Rudah) spawned /obj/item/clothing/under/vault13 at (123,125,1)
[02:43:48]ADMIN: BartNixon/(Gilroy Rudah) spawned /obj/item/clothing/suit/armor/leatherarmor at (124,125,1)
[02:43:55]SAY: Ian/ : AUUUUUU
[02:44:06]ADMIN: BartNixon/(Gilroy Rudah) edited the admin rank of tehdrama to Elder
[02:44:17]EMOTE: monkey (37)/ : <B>The monkey (37)</B> jumps!
[02:44:21]ADMIN: Tehdrama/(Lyndsey Perkins) modified [0x21006d68] (/datum/configuration)'s Ticklag to 0.3
[02:44:26]ADMIN: BartNixon/(Gilroy Rudah) : Этот админчат, и логи - божественно
[02:44:34]OOC: Gilroy Rudah/BartNixon : Подлагивает. Не найс.
[02:44:37]EMOTE: monkey (465)/ : <B>The monkey (465)</B> jumps!
[02:44:46]OOC: Lyndsey Perkins/Tehdrama : ща сек перезайду а то хоткей глючит
[02:44:48]ACCESS: Logout: Tehdrama[DC]/(Lyndsey Perkins)
[02:44:51]SAY: mouse/ : Squeek!
[02:44:58]ACCESS: Login: Tehdrama/(Lyndsey Perkins) from 192.168.1.2-3393934070 || BYOND v507
[02:45:09]EMOTE: monkey (257)/ : <B>The monkey (257)</B> jumps!
[02:45:12]OOC: Lyndsey Perkins/Tehdrama : блджад
[02:45:12]ADMIN: BartNixon/(Gilroy Rudah) spawned /obj/item/clothing/suit/armor/bmetalarmor at (125,126,1)
[02:45:21]OOC: Lyndsey Perkins/Tehdrama : а худе хоткей на ооц?
[02:45:33]EMOTE: Pun Pun/ : <B>Pun Pun</B> jumps!
[02:45:42]OOC: Gilroy Rudah/BartNixon : На ТГ тоже нет хоткеев. Не на ООС, не на Админчат.
[02:45:51]OOC: Gilroy Rudah/BartNixon : Неудобство сплошное.
[02:46:01]EMOTE: monkey (459)/ : <B>The monkey (459)</B> jumps!
[02:46:02]OOC: Lyndsey Perkins/Tehdrama : фичи из тг легко портирую, ак-то портировала слимов аж
[02:46:04]ADMIN: BartNixon/(Gilroy Rudah) spawned /obj/item/weapon/reagent_containers/food/drinks/nukacola at (124,131,1)
[02:46:13]ADMIN: BartNixon/(Gilroy Rudah) spawned /obj/machinery/vending/nukacolavend at (126,131,1)
[02:46:35]ADMIN: BartNixon/(Gilroy Rudah) spawned /obj/item/weapon/holodisk01 at (121,131,1)
[02:46:51]OOC: Lyndsey Perkins/Tehdrama : охуенно ты сделал
[02:47:01]OOC: Gilroy Rudah/BartNixon : Положи ка диск
[02:47:02]OOC: Lyndsey Perkins/Tehdrama : как фанатка фоллача одобрэ
[02:47:12]EMOTE: monkey (465)/ : <B>The monkey (465)</B> jumps!
[02:47:23]OOC: Lyndsey Perkins/Tehdrama : недавно вот переслушивала все записи радио анклава
[02:47:26]OOC: Lyndsey Perkins/Tehdrama : просто так
[02:47:28]SAY: mouse/ : Squeek?
[02:47:30]EMOTE: monkey (257)/ : <B>The monkey (257)</B> jumps!
[02:47:33]ADMIN: BartNixon/(Gilroy Rudah) modified holodisk's icon_state to anim
[02:47:40]ADMIN: BartNixon/(Gilroy Rudah) modified holodisk's icon_state to holodiskanim
[02:47:52]ADMIN: BartNixon/(Gilroy Rudah) spawned /obj/item/weapon/holodisk02 at (123,128,1)
[02:47:54]ADMIN: BartNixon/(Gilroy Rudah) has entered build mode.
[02:47:54]OOC: Lyndsey Perkins/Tehdrama : ну это пушка
[02:47:56]ADMIN: Build Mode: BartNixon/(Gilroy Rudah) modified the closet's (0,0,0) dir to 1
[02:48:02]ADMIN: Build Mode: BartNixon/(Gilroy Rudah) threw the holodisk at the comfy chair (122,130,1)
[02:48:03]ADMIN: Build Mode: BartNixon/(Gilroy Rudah) threw the holodisk at the wooden table (123,129,1)
[02:48:04]EMOTE: monkey (353)/ : <B>The monkey (353)</B> jumps!
[02:48:05]ADMIN: BartNixon/(Gilroy Rudah) has left build mode.
[02:48:08]SAY: mouse/ : Squeek?
[02:48:18]OOC: Lyndsey Perkins/Tehdrama : ОЛОЛОЛО
[02:48:24]OOC: Lyndsey Perkins/Tehdrama : ОЛОЛО ОХУЕННО
[02:48:30]SAY: mouse/ : Squeek?
[02:48:45]SAY: Ian/ : Bark!
[02:48:51]ADMIN: BartNixon/(Gilroy Rudah) teleported Tehdrama/(Lyndsey Perkins)
[02:48:57]OOC: Gilroy Rudah/BartNixon : Это - СМЕСЫ
[02:49:07]OOC: Lyndsey Perkins/Tehdrama : ЧТОЖЕ ТЫ НАДЕЛАЛ СОЙДОМИТ
[02:49:09]OOC: Gilroy Rudah/BartNixon : У них дохрена клёвых анимашек.
[02:49:22]OOC: Lyndsey Perkins/Tehdrama : в стиле братства стали какого-нибудь
[02:49:33]EMOTE: monkey (353)/ : <B>The monkey (353)</B> jumps!
[02:49:34]ADMIN: BartNixon/(Gilroy Rudah) made all SMESs powered
[02:49:34]ADMIN: BartNixon/(Gilroy Rudah) used secret quickpower
[02:49:46]OOC: Lyndsey Perkins/Tehdrama : ты вообще охуенно рисуешь, тут несомненно мне сказать нечего
[02:49:55]SAY: mouse/ : Squeek!
[02:50:01]SAY: mouse/ : Squeek?
[02:50:05]OOC: Lyndsey Perkins/Tehdrama : смесы нные
[02:50:07]SAY: mouse/ : Squeek!
[02:50:10]OOC: Lyndsey Perkins/Tehdrama : их можно и так поставить
[02:50:15]OOC: Lyndsey Perkins/Tehdrama : благо лучше выгл
[02:50:23]OOC: Lyndsey Perkins/Tehdrama : НИТАКМИРРОРЗЭДЖНО
[02:50:30]EMOTE: monkey (465)/ : <B>The monkey (465)</B> jumps!
[02:50:38]OOC: Gilroy Rudah/BartNixon : Индикаторы полноценные, мент цвет на разных уровн, и шкала ползет. Базу спиздил с забытых спрайтов ТГ, но потом сам короче допилил что надо.
[02:50:38]EMOTE: monkey (848)/ : <B>The monkey (848)</B> jumps!
[02:50:38]SAY: Tom/ : Squeek!
[02:50:56]ADMIN: BartNixon/(Gilroy Rudah) spawned /obj/item/weapon/gun/projectile/automatic/pistol at (89,72,1)
[02:51:00]SAY: mouse/ : Squeek?
[02:51:02]SAY: Poly/ : <i>OH GOD ITS FREE CALL THE SHUTTLE</i>
[02:51:05]ADMIN: BartNixon/(Gilroy Rudah) spawned /obj/item/weapon/gun/projectile/automatic/c20r at (89,72,1)
[02:51:10]SAY: mouse/ : Squeek?
[02:51:11]OOC: Gilroy Rudah/BartNixon : Пострел.
[02:51:15]OOC: Gilroy Rudah/BartNixon : ПострелЯй
[02:51:40]OOC: Lyndsey Perkins/Tehdrama : звуки охуенны\
[02:51:42]EMOTE: monkey (183)/ : <B>The monkey (183)</B> jumps!
[02:52:05]OOC: Gilroy Rudah/BartNixon : У станции еще куча рандом эмбиентов, все помен как надо.
[02:52:15]ADMIN: BartNixon/(Gilroy Rudah) teleported Tehdrama/(Lyndsey Perkins)
[02:52:25]ADMIN: BartNixon/(Gilroy Rudah) modified disposal unit's flush to 1
[02:52:26]ADMIN: BartNixon/(Gilroy Rudah) modified disposal unit's flushing to 1
[02:52:26]OOC: Lyndsey Perkins/Tehdrama : блну ты менпугаешь
[02:52:35]EMOTE: monkey (257)/ : <B>The monkey (257)</B> jumps!
[02:52:35]ADMIN: Tehdrama/(Lyndsey Perkins) changed the equipment of Tehdrama/(Lyndsey Perkins) to mobster.
[02:52:41]SAY: mouse/ : Squeek!
[02:52:43]ADMIN: BartNixon/(Gilroy Rudah) mass modified disposal unit's flush to 1
[02:52:46]ADMIN: BartNixon/(Gilroy Rudah) mass modified disposal unit's flushing to 1
[02:52:47]OOC: Lyndsey Perkins/Tehdrama : теперь из стрипа
[02:53:12]OOC: Gilroy Rudah/BartNixon : Да, ТГ всё таки охуенен тем что он крайне шустрый, и как бы просит чтобы его превратили в нечто большее.
[02:53:21]EMOTE: monkey (434)/ : <B>The monkey (434)</B> jumps!
[02:53:31]ADMIN: Tehdrama/(Lyndsey Perkins) created a /obj/item/weapon/card/id/captains_spare
[02:53:31]OOC: Gilroy Rudah/BartNixon : Гостанись ка.
[02:53:39]ACCESS: Logout: *no key*/(Lyndsey Perkins)
[02:53:39]ACCESS: Login: Tehdrama/(Lyndsey Perkins) from 192.168.1.2-3393934070 || BYOND v507
[02:53:49]GAME: Explosion with size (1, 2, 3, 0) in area Brig (109,170,1)
[02:53:54]GAME: Explosion with size (1, 2, 3, 0) in area Brig (114,170,1)
[02:53:58]OOC: Lyndsey Perkins/Tehdrama : ХОЙРЕЗ
[02:53:58]GAME: Explosion with size (1, 2, 3, 0) in area Brig (117,169,1)
[02:54:05]OOC: Lyndsey Perkins/Tehdrama : ГРАФОООН
[02:54:07]GAME: Explosion with size (1, 2, 3, 0) in area Brig (112,166,1)
[02:54:10]EMOTE: monkey (459)/ : <B>The monkey (459)</B> jumps!
[02:54:15]GAME: Explosion with size (1, 2, 3, 0) in area EVA Maintenance (88,155,1)
[02:54:45]ADMIN: BartNixon/(Gilroy Rudah) teleported Tehdrama/(Lyndsey Perkins)
[02:54:45]OOC: Lyndsey Perkins/Tehdrama : СЕК
[02:54:46]GAME: Explosion with size (1, 2, 3, 0) in area Garden (60,148,1)
[02:54:51]OOC: Lyndsey Perkins/Tehdrama : ща покажу кое-что
[02:54:55]GAME: Explosion with size (1, 2, 3, 0) in area Garden (62,147,1)
[02:55:01]GAME: Explosion with size (1, 2, 3, 0) in area Garden (62,147,1)
[02:55:15]ADMIN: BartNixon/(Gilroy Rudah) has modified world.tick_lag to 0.6
[02:55:41]SAY: mouse/ : SQUEEK!
[02:55:52]EMOTE: monkey (353)/ : <B>The monkey (353)</B> jumps!
[02:55:57]ADMIN: BartNixon/(Gilroy Rudah) spawned /turf/simulated/floor/plating/wasteland at (55,134,1)
[02:56:00]SAY: Ian/ : AUUUUUU
[02:56:20]ADMIN: BartNixon/(Gilroy Rudah) spawned /turf/simulated/floor/wood at (55,134,1)
[02:56:22]OOC: Lyndsey Perkins/Tehdrama : бллимит
[02:56:23]ADMIN: BartNixon/(Gilroy Rudah) has entered build mode.
[02:56:28]OOC: Lyndsey Perkins/Tehdrama : не помнишь как ауди лимит снь?
[02:56:41]OOC: Gilroy Rudah/BartNixon : Неа... Не думаю что ингейм пр можно. Эх.
[02:56:50]OOC: Gilroy Rudah/BartNixon : Билдмод зацени.
[02:56:53]ADMIN: Build Mode: BartNixon/(Gilroy Rudah) modified space (46,135,1) to /turf/simulated/floor/plating/wasteland
[02:56:54]ADMIN: Build Mode: BartNixon/(Gilroy Rudah) modified space (45,135,1) to /turf/simulated/floor/plating/wasteland
[02:56:54]ADMIN: Build Mode: BartNixon/(Gilroy Rudah) modified space (45,134,1) to /turf/simulated/floor/plating/wasteland
[02:56:54]ADMIN: Build Mode: BartNixon/(Gilroy Rudah) modified space (45,133,1) to /turf/simulated/floor/plating/wasteland
[02:56:55]ADMIN: Build Mode: BartNixon/(Gilroy Rudah) modified space (45,132,1) to /turf/simulated/floor/plating/wasteland
[02:56:55]ADMIN: Build Mode: BartNixon/(Gilroy Rudah) modified space (45,131,1) to /turf/simulated/floor/plating/wasteland
[02:56:55]OOC: Lyndsey Perkins/Tehdrama : сек
[02:56:55]ADMIN: Build Mode: BartNixon/(Gilroy Rudah) modified space (46,131,1) to /turf/simulated/floor/plating/wasteland
[02:56:56]ADMIN: Build Mode: BartNixon/(Gilroy Rudah) modified space (44,131,1) to /turf/simulated/floor/plating/wasteland
[02:56:56]ADMIN: Build Mode: BartNixon/(Gilroy Rudah) modified space (44,132,1) to /turf/simulated/floor/plating/wasteland
[02:56:57]ADMIN: Build Mode: BartNixon/(Gilroy Rudah) modified space (44,133,1) to /turf/simulated/floor/plating/wasteland
[02:56:57]ADMIN: Build Mode: BartNixon/(Gilroy Rudah) modified space (44,134,1) to /turf/simulated/floor/plating/wasteland
[02:56:57]ADMIN: Build Mode: BartNixon/(Gilroy Rudah) modified space (44,135,1) to /turf/simulated/floor/plating/wasteland
[02:56:58]ADMIN: Build Mode: BartNixon/(Gilroy Rudah) modified space (43,135,1) to /turf/simulated/floor/plating/wasteland
[02:57:00]ADMIN: Build Mode: BartNixon/(Gilroy Rudah) modified space (42,131,1) to /turf/simulated/floor/plating/wasteland
[02:57:00]ADMIN: Build Mode: BartNixon/(Gilroy Rudah) modified space (43,131,1) to /turf/simulated/floor/plating/wasteland
[02:57:00]ADMIN: Build Mode: BartNixon/(Gilroy Rudah) modified space (43,132,1) to /turf/simulated/floor/plating/wasteland
[02:57:01]ADMIN: Build Mode: BartNixon/(Gilroy Rudah) modified space (43,133,1) to /turf/simulated/floor/plating/wasteland
[02:57:01]ADMIN: Build Mode: BartNixon/(Gilroy Rudah) modified space (43,134,1) to /turf/simulated/floor/plating/wasteland
[02:57:01]ADMIN: Build Mode: BartNixon/(Gilroy Rudah) modified space (42,135,1) to /turf/simulated/floor/plating/wasteland
[02:57:02]ADMIN: Build Mode: BartNixon/(Gilroy Rudah) modified space (42,134,1) to /turf/simulated/floor/plating/wasteland
[02:57:02]ADMIN: Build Mode: BartNixon/(Gilroy Rudah) modified Wasteland (42,134,1) to /turf/simulated/floor/plating/wasteland
[02:57:02]ADMIN: Build Mode: BartNixon/(Gilroy Rudah) modified space (42,132,1) to /turf/simulated/floor/plating/wasteland
[02:57:03]ADMIN: Build Mode: BartNixon/(Gilroy Rudah) modified Wasteland (42,132,1) to /turf/simulated/floor/plating/wasteland
[02:57:03]ADMIN: Build Mode: BartNixon/(Gilroy Rudah) modified space (42,133,1) to /turf/simulated/floor/plating/wasteland
[02:57:03]EMOTE: monkey (459)/ : <B>The monkey (459)</B> jumps!
[02:57:04]ADMIN: Build Mode: BartNixon/(Gilroy Rudah) modified space (41,131,1) to /turf/simulated/floor/plating/wasteland
[02:57:04]ADMIN: Build Mode: BartNixon/(Gilroy Rudah) modified Wasteland (41,131,1) to /turf/simulated/floor/plating/wasteland
[02:57:04]ADMIN: Build Mode: BartNixon/(Gilroy Rudah) modified space (41,132,1) to /turf/simulated/floor/plating/wasteland
[02:57:04]ADMIN: Build Mode: BartNixon/(Gilroy Rudah) modified space (41,133,1) to /turf/simulated/floor/plating/wasteland
[02:57:04]ADMIN: Build Mode: BartNixon/(Gilroy Rudah) modified space (41,134,1) to /turf/simulated/floor/plating/wasteland
[02:57:05]ADMIN: Build Mode: BartNixon/(Gilroy Rudah) modified space (41,135,1) to /turf/simulated/floor/plating/wasteland
[02:57:05]ADMIN: Build Mode: BartNixon/(Gilroy Rudah) modified space (40,135,1) to /turf/simulated/floor/plating/wasteland
[02:57:05]ADMIN: Build Mode: BartNixon/(Gilroy Rudah) modified Wasteland (40,135,1) to /turf/simulated/floor/plating/wasteland
[02:57:06]ADMIN: Build Mode: BartNixon/(Gilroy Rudah) modified space (40,133,1) to /turf/simulated/floor/plating/wasteland
[02:57:06]ADMIN: Build Mode: BartNixon/(Gilroy Rudah) modified space (40,131,1) to /turf/simulated/floor/plating/wasteland
[02:57:07]ADMIN: Build Mode: BartNixon/(Gilroy Rudah) modified space (40,132,1) to /turf/simulated/floor/plating/wasteland
[02:57:07]ADMIN: Build Mode: BartNixon/(Gilroy Rudah) modified space (39,132,1) to /turf/simulated/floor/plating/wasteland
[02:57:07]ADMIN: Build Mode: BartNixon/(Gilroy Rudah) modified space (39,131,1) to /turf/simulated/floor/plating/wasteland
[02:57:08]ADMIN: Build Mode: BartNixon/(Gilroy Rudah) modified space (39,133,1) to /turf/simulated/floor/plating/wasteland
[02:57:08]ADMIN: Build Mode: BartNixon/(Gilroy Rudah) modified space (39,134,1) to /turf/simulated/floor/plating/wasteland
[02:57:08]ADMIN: Build Mode: BartNixon/(Gilroy Rudah) modified space (39,135,1) to /turf/simulated/floor/plating/wasteland
[02:57:09]ADMIN: Build Mode: BartNixon/(Gilroy Rudah) modified space (40,134,1) to /turf/simulated/floor/plating/wasteland
[02:57:09]ADMIN: Build Mode: BartNixon/(Gilroy Rudah) modified space (38,135,1) to /turf/simulated/floor/plating/wasteland
[02:57:10]ADMIN: Build Mode: BartNixon/(Gilroy Rudah) modified space (38,133,1) to /turf/simulated/floor/plating/wasteland
[02:57:10]ADMIN: Build Mode: BartNixon/(Gilroy Rudah) modified Wasteland (39,134,1) to /turf/simulated/floor/plating/wasteland
[02:57:11]ADMIN: Build Mode: BartNixon/(Gilroy Rudah) modified space (38,134,1) to /turf/simulated/floor/plating/wasteland
[02:57:11]ADMIN: Build Mode: BartNixon/(Gilroy Rudah) modified space (38,132,1) to /turf/simulated/floor/plating/wasteland
[02:57:11]ADMIN: Build Mode: BartNixon/(Gilroy Rudah) modified space (38,131,1) to /turf/simulated/floor/plating/wasteland
[02:57:12]ADMIN: Build Mode: BartNixon/(Gilroy Rudah) modified space (37,131,1) to /turf/simulated/floor/plating/wasteland
[02:57:12]ADMIN: Build Mode: BartNixon/(Gilroy Rudah) modified space (37,132,1) to /turf/simulated/floor/plating/wasteland
[02:57:12]ADMIN: Build Mode: BartNixon/(Gilroy Rudah) modified space (37,133,1) to /turf/simulated/floor/plating/wasteland
[02:57:13]ADMIN: Build Mode: BartNixon/(Gilroy Rudah) modified space (37,134,1) to /turf/simulated/floor/plating/wasteland
[02:57:13]ADMIN: Build Mode: BartNixon/(Gilroy Rudah) modified space (37,135,1) to /turf/simulated/floor/plating/wasteland
[02:57:15]EMOTE: Pun Pun/ : <B>Pun Pun</B> jumps!
[02:57:15]ADMIN: Build Mode: BartNixon/(Gilroy Rudah) modified space (36,135,1) to /turf/simulated/floor/plating/wasteland
[02:57:15]ADMIN: Build Mode: BartNixon/(Gilroy Rudah) modified space (36,134,1) to /turf/simulated/floor/plating/wasteland
[02:57:16]ADMIN: Build Mode: BartNixon/(Gilroy Rudah) modified space (36,133,1) to /turf/simulated/floor/plating/wasteland
[02:57:16]ADMIN: Build Mode: BartNixon/(Gilroy Rudah) modified space (36,132,1) to /turf/simulated/floor/plating/wasteland
[02:57:17]ADMIN: Build Mode: BartNixon/(Gilroy Rudah) modified space (36,131,1) to /turf/simulated/floor/plating/wasteland
[02:57:17]ADMIN: Build Mode: BartNixon/(Gilroy Rudah) modified space (35,131,1) to /turf/simulated/floor/plating/wasteland
[02:57:17]ADMIN: Build Mode: BartNixon/(Gilroy Rudah) modified space (35,132,1) to /turf/simulated/floor/plating/wasteland
[02:57:18]ADMIN: Build Mode: BartNixon/(Gilroy Rudah) modified space (35,133,1) to /turf/simulated/floor/plating/wasteland
[02:57:18]ADMIN: Build Mode: BartNixon/(Gilroy Rudah) modified space (35,135,1) to /turf/simulated/floor/plating/wasteland
[02:57:19]ADMIN: Build Mode: BartNixon/(Gilroy Rudah) modified space (35,134,1) to /turf/simulated/floor/plating/wasteland
[02:57:19]ADMIN: Build Mode: BartNixon/(Gilroy Rudah) modified space (35,136,1) to /turf/simulated/floor/plating/wasteland
[02:57:20]ADMIN: Build Mode: BartNixon/(Gilroy Rudah) modified space (35,130,1) to /turf/simulated/floor/plating/wasteland
[02:57:21]ADMIN: Build Mode: BartNixon/(Gilroy Rudah) modified Wasteland (35,130,1) to /turf/simulated/floor/plating/wasteland
[02:57:24]ADMIN: BartNixon/(Gilroy Rudah) has left build mode.
[02:57:27]EMOTE: monkey (823)/ : <B>The monkey (823)</B> jumps!
[02:57:28]SAY: mouse/ : Squeek!
[02:57:40]OOC: Lyndsey Perkins/Tehdrama : ща его бль найду
[02:58:08]ADMIN: BartNixon/(Gilroy Rudah) spawned /obj/structure/stool/bed/chair/office at (42,133,1)
[02:58:19]ADMIN: BartNixon/(Gilroy Rudah) spawned /obj/structure/stool/bed/chair/office/light at (41,133,1)
[02:58:21]ADMIN: BartNixon/(Gilroy Rudah) has entered build mode.
[02:58:23]ADMIN: Build Mode: BartNixon/(Gilroy Rudah) deleted the chair at (42,133,1)
[02:58:24]ADMIN: BartNixon/(Gilroy Rudah) has left build mode.
[02:58:46]SAY: mouse/ : Squeek!
[02:59:06]OOC: Lyndsey Perkins/Tehdrama : лиди долежн помнить
[02:59:06]EMOTE: monkey (434)/ : <B>The monkey (434)</B> jumps!
[02:59:12]OOC: Lyndsey Perkins/Tehdrama : ща спрошу у него
[02:59:20]OOC: Gilroy Rudah/BartNixon : Он уже заснул давно
[02:59:22]OOC: Lyndsey Perkins/Tehdrama : он не в сети
[02:59:24]OOC: Lyndsey Perkins/Tehdrama : бл
[02:59:29]OOC: Lyndsey Perkins/Tehdrama : клi москаль
[02:59:33]SAY: mouse/ : Squeek!
[02:59:41]OOC: Lyndsey Perkins/Tehdrama : покажи ЛАНДШАФТ же свой
[02:59:43]EMOTE: monkey (353)/ : <B>The monkey (353)</B> jumps!
[02:59:43]EMOTE: monkey (848)/ : <B>The monkey (848)</B> jumps!
[02:59:45]ADMIN: BartNixon/(Gilroy Rudah) modified chair's icon to BIKE_FO.dmi
[02:59:47]ADMIN: BartNixon/(Gilroy Rudah) modified chair's icon_state to bike
[02:59:53]OOC: Lyndsey Perkins/Tehdrama : а потом покажу тебе будщее
[02:59:53]ADMIN: BartNixon/(Gilroy Rudah) has entered build mode.
[02:59:54]ADMIN: Build Mode: BartNixon/(Gilroy Rudah) built the wall at (36,131,1)
[02:59:55]ADMIN: Build Mode: BartNixon/(Gilroy Rudah) built the wall at (36,132,1)
[02:59:55]EMOTE: monkey (353)/ : <B>The monkey (353)</B> jumps!
[02:59:55]EMOTE: monkey (459)/ : <B>The monkey (459)</B> jumps!
[02:59:55]ADMIN: Build Mode: BartNixon/(Gilroy Rudah) built the wall at (36,133,1)
[02:59:56]ADMIN: Build Mode: BartNixon/(Gilroy Rudah) built the wall at (36,134,1)
[02:59:56]ADMIN: Build Mode: BartNixon/(Gilroy Rudah) built the wall at (36,135,1)
[02:59:57]ADMIN: BartNixon/(Gilroy Rudah) has left build mode.
[03:00:01]ADMIN: BartNixon/(Gilroy Rudah) teleported Tehdrama/(Lyndsey Perkins)
[03:00:11]OOC: Gilroy Rudah/BartNixon : Один из лучших спрайтеров Тау мне помогает.
[03:00:14]ADMIN: BartNixon/(Gilroy Rudah) has entered build mode.
[03:00:14]OOC: Lyndsey Perkins/Tehdrama : надо бы КАМЕШКОВ на текстурках
[03:00:19]OOC: Lyndsey Perkins/Tehdrama : точно камешков
[03:00:19]ADMIN: Build Mode: BartNixon/(Gilroy Rudah) threw the chair at Wasteland (41,133,1)
[03:00:21]ADMIN: Build Mode: BartNixon/(Gilroy Rudah) threw the chair at Wasteland (41,133,1)
[03:00:21]EMOTE: Pun Pun/ : <B>Pun Pun</B> jumps!
[03:00:21]OOC: Lyndsey Perkins/Tehdrama : базарю
[03:00:22]ADMIN: Build Mode: BartNixon/(Gilroy Rudah) threw the chair at Wasteland (40,133,1)
[03:00:23]ADMIN: Build Mode: BartNixon/(Gilroy Rudah) threw the chair at Wasteland (39,133,1)
[03:00:23]ADMIN: Build Mode: BartNixon/(Gilroy Rudah) threw the chair at Wasteland (38,133,1)
[03:00:24]ADMIN: Build Mode: BartNixon/(Gilroy Rudah) threw the chair at Wasteland (37,133,1)
[03:00:24]ADMIN: Build Mode: BartNixon/(Gilroy Rudah) threw the chair at Wasteland (37,134,1)
[03:00:25]ADMIN: Build Mode: BartNixon/(Gilroy Rudah) threw the chair at the chair (37,134,1)
[03:00:25]ADMIN: Build Mode: BartNixon/(Gilroy Rudah) threw the chair at Wasteland (38,135,1)
[03:00:26]ADMIN: Build Mode: BartNixon/(Gilroy Rudah) threw the chair at Wasteland (39,135,1)
[03:00:26]ADMIN: Build Mode: BartNixon/(Gilroy Rudah) threw the chair at Wasteland (42,135,1)
[03:00:26]ADMIN: Build Mode: BartNixon/(Gilroy Rudah) threw the chair at the chair (42,135,1)
[03:00:27]EMOTE: monkey (157)/ : <B>The monkey (157)</B> jumps!
[03:00:27]ADMIN: Build Mode: BartNixon/(Gilroy Rudah) threw the chair at the chair (42,135,1)
[03:00:27]ADMIN: Build Mode: BartNixon/(Gilroy Rudah) threw the chair at Wasteland (44,135,1)
[03:00:27]ADMIN: Build Mode: BartNixon/(Gilroy Rudah) threw the chair at the chair (44,135,1)
[03:00:28]ADMIN: Build Mode: BartNixon/(Gilroy Rudah) threw the chair at Wasteland (45,134,1)
[03:00:28]ADMIN: Build Mode: BartNixon/(Gilroy Rudah) threw the chair at Wasteland (45,133,1)
[03:00:30]ADMIN: Tehdrama/(Lyndsey Perkins) has possessed the chair (/obj/structure/stool/bed/chair/office/light) at (45, 133, 1)
[03:00:35]ADMIN: Tehdrama/(chair) has possessed the chair (/obj/structure/stool/bed/chair/office/light) at (43, 133, 1)
[03:00:41]SAY: Tom/ : Squeek?
[03:00:41]ADMIN: Build Mode: BartNixon/(Gilroy Rudah) threw the chair at Wasteland (42,133,1)
[03:00:41]ADMIN: Build Mode: BartNixon/(Gilroy Rudah) threw the chair at Wasteland (40,133,1)
[03:00:41]ADMIN: Build Mode: BartNixon/(Gilroy Rudah) threw the chair at Wasteland (39,133,1)
[03:00:42]ADMIN: Build Mode: BartNixon/(Gilroy Rudah) threw the chair at Wasteland (38,133,1)
[03:00:42]ADMIN: Build Mode: BartNixon/(Gilroy Rudah) threw the chair at Wasteland (38,134,1)
[03:00:44]ADMIN: Build Mode: BartNixon/(Gilroy Rudah) threw the chair at Wasteland (40,135,1)
[03:00:44]ADMIN: Build Mode: BartNixon/(Gilroy Rudah) threw the chair at Wasteland (42,134,1)
[03:00:44]ADMIN: Build Mode: BartNixon/(Gilroy Rudah) threw the chair at Wasteland (43,134,1)
[03:00:44]ADMIN: Build Mode: BartNixon/(Gilroy Rudah) threw the chair at Wasteland (44,134,1)
[03:00:45]ADMIN: Build Mode: BartNixon/(Gilroy Rudah) threw the chair at Wasteland (45,132,1)
[03:00:45]ADMIN: Build Mode: BartNixon/(Gilroy Rudah) threw the chair at Wasteland (45,132,1)
[03:00:45]ADMIN: Build Mode: BartNixon/(Gilroy Rudah) threw the chair at Wasteland (45,131,1)
[03:00:46]ADMIN: Build Mode: BartNixon/(Gilroy Rudah) threw the chair at Wasteland (42,131,1)
[03:00:46]ADMIN: Build Mode: BartNixon/(Gilroy Rudah) threw the chair at Wasteland (42,131,1)
[03:00:46]ADMIN: Build Mode: BartNixon/(Gilroy Rudah) threw the chair at Wasteland (40,131,1)
[03:00:46]ADMIN: Build Mode: BartNixon/(Gilroy Rudah) threw the chair at Wasteland (39,131,1)
[03:00:47]ADMIN: Build Mode: BartNixon/(Gilroy Rudah) threw the chair at Wasteland (38,131,1)
[03:00:47]ADMIN: Build Mode: BartNixon/(Gilroy Rudah) threw the chair at Wasteland (38,132,1)
[03:00:47]ADMIN: Build Mode: BartNixon/(Gilroy Rudah) threw the chair at Wasteland (39,133,1)
[03:00:48]ADMIN: Build Mode: BartNixon/(Gilroy Rudah) threw the chair at Wasteland (39,134,1)
[03:00:48]ADMIN: Build Mode: BartNixon/(Gilroy Rudah) threw the chair at Wasteland (41,135,1)
[03:00:49]ADMIN: Build Mode: BartNixon/(Gilroy Rudah) threw the chair at Wasteland (42,134,1)
[03:00:49]ADMIN: Build Mode: BartNixon/(Gilroy Rudah) threw the chair at Wasteland (44,134,1)
[03:00:49]ADMIN: Build Mode: BartNixon/(Gilroy Rudah) threw the chair at Wasteland (44,133,1)
[03:00:51]ADMIN: BartNixon/(Gilroy Rudah) has left build mode.
[03:00:52]EMOTE: monkey (459)/ : <B>The monkey (459)</B> jumps!
[03:00:54]SAY: mouse/ : Squeek!
[03:00:57]ADMIN: Tehdrama/(Lyndsey Perkins) created a /mob/living/carbon/human/dummy
[03:01:03]EMOTE: monkey (257)/ : <B>The monkey (257)</B> jumps!
[03:01:03]OOC: Gilroy Rudah/BartNixon : Он под чувака нарисован.
[03:01:06]ADMIN: Tehdrama/(Lyndsey Perkins) assumed direct control of Calvin Staymates.
[03:01:06]ACCESS: Logout: *no key*/(Lyndsey Perkins)
[03:01:06]ACCESS: Login: tehdrama/(Calvin Staymates) from 192.168.1.2-3393934070 || BYOND v507
[03:01:17]OOC: Gilroy Rudah/BartNixon : Можно будет кататс Если правильно оффсеты выставить
[03:01:24]ADMIN: tehdrama/(Calvin Staymates) changed the equipment of tehdrama/(Calvin Staymates) to death commando.
[03:01:30]ADMIN: tehdrama/(Calvin Staymates) jumped to 43,133,1 in the Transport Shuttle
[03:01:30]SAY: mouse/ : Squeek!
[03:01:34]SAY: mouse/ : Squeek!
[03:01:41]OOC: Calvin Staymates/Tehdrama : ЗАЖИГАЙ
[03:01:42]ADMIN: BartNixon/(Gilroy Rudah) played sound dogbark1.ogg
[03:01:47]ADMIN: BartNixon/(Gilroy Rudah) played sound dogbark2.ogg
[03:01:50]SAY: Tom/ : SQUEEK!
[03:01:52]OOC: Calvin Staymates/Tehdrama : тебе с кодом движениего про ща помогу
[03:01:59]OOC: Calvin Staymates/Tehdrama : давай тебе кое-что окажу
[03:02:08]ADMIN: BartNixon/(Gilroy Rudah) played sound sound/ambience/ambigen1.ogg
[03:02:10]SAY: mouse/ : SQUEEK!
[03:02:18]ADMIN: BartNixon/(Gilroy Rudah) played sound sound/ambience/ambigen2.ogg
[03:02:22]ADMIN: BartNixon/(Gilroy Rudah) played sound sound/ambience/ambigen3.ogg
[03:02:30]ADMIN: BartNixon/(Gilroy Rudah) played sound sound/ambience/ambigen4.ogg
[03:02:35]OOC: Calvin Staymates/Tehdrama : сайлент хилл про блеать
[03:02:38]EMOTE: monkey (232)/ : <B>The monkey (232)</B> jumps!
[03:02:40]ADMIN: BartNixon/(Gilroy Rudah) played sound sound/ambience/ambigen13.ogg
[03:02:41]OOC: Calvin Staymates/Tehdrama : надо бы ДЖАЗЦА
[03:02:45]EMOTE: monkey (157)/ : <B>The monkey (157)</B> jumps!
[03:02:48]ADMIN: BartNixon/(Gilroy Rudah) played sound sound/ambience/ambigen12.ogg
[03:02:52]OOC: Calvin Staymates/Tehdrama : даже не , лаунжа
[03:02:56]ADMIN: BartNixon/(Gilroy Rudah) played sound sound/ambience/ambigen11.ogg
[03:03:00]OOC: Calvin Staymates/Tehdrama : лаунжа тех времен
[03:03:07]ADMIN: BartNixon/(Gilroy Rudah) played sound sound/ambience/ambigen10.ogg
[03:03:08]OOC: Calvin Staymates/Tehdrama : чтобы без напров
[03:04:09]SAY: Tom/ : SQUEEK!
[03:04:24]ACCESS: Logout: tehdrama[DC]/(Calvin Staymates)
[03:04:30]SAY: grey baby slime (911)/ : Blorble...
[03:04:34]ADMIN: BartNixon/(Gilroy Rudah) played sound sound/radio/newvegasshow7.ogg
[03:04:38]EMOTE: monkey (257)/ : <B>The monkey (257)</B> jumps!
[03:04:50]SAY: grey baby slime (911)/ : Blorble...
[03:04:57]ACCESS: Logout: BartNixon[DC]/(Gilroy Rudah)
