

Starting up. 05:33.51
---------------------
[06:13:37]ATTACK: <font color='red'>Unknown(bartnixon) attacked Moses Earl with katana(INTENT: HELP) (DAMTYPE: BRUTE)</font>
[06:13:38]ATTACK: <font color='red'>Unknown(bartnixon) attacked Moses Earl with katana(INTENT: HELP) (DAMTYPE: BRUTE)</font>
[06:13:39]ATTACK: <font color='red'>Unknown(bartnixon) attacked Moses Earl with katana(INTENT: HELP) (DAMTYPE: BRUTE)</font>
[06:13:40]ATTACK: <font color='red'>Unknown(bartnixon) attacked Moses Earl with katana(INTENT: HELP) (DAMTYPE: BRUTE)</font>
[06:13:44]ATTACK: <font color='red'>Unknown(bartnixon) attacked Moses Earl with katana(INTENT: HELP) (DAMTYPE: BRUTE)</font>
[06:15:09]ATTACK: <font color='red'>Unknown(bartnixon) equipped Moses Earl with the supa-fly raider armor</font>
[06:16:01]ATTACK: <font color='red'>Austin Zoucks(bartnixon) equipped Moses Earl with the supa-fly raider helmet</font>
[06:16:07]ATTACK: <font color='red'>Austin Zoucks(bartnixon) equipped Unknown with the cyborg boots</font>
[06:16:11]ATTACK: <font color='red'>Austin Zoucks(bartnixon) attacked Unknown with katana(INTENT: HELP) (DAMTYPE: BRUTE)</font>
[06:16:17]ATTACK: <font color='red'>Austin Zoucks(bartnixon) attacked Unknown with katana(INTENT: HELP) (DAMTYPE: BRUTE)</font>
[06:16:20]ATTACK: <font color='red'>Austin Zoucks(bartnixon) attacked Unknown with katana(INTENT: HELP) (DAMTYPE: BRUTE)</font>
[06:16:21]ATTACK: <font color='red'>Austin Zoucks(bartnixon) attacked Unknown with katana(INTENT: HELP) (DAMTYPE: BRUTE)</font>
[06:16:22]ATTACK: <font color='red'>Austin Zoucks(bartnixon) attacked Unknown with katana(INTENT: HELP) (DAMTYPE: BRUTE)</font>
[06:17:05]ATTACK: <font color='red'>Austin Zoucks(bartnixon) stripped Unknown of the supa-fly raider armor</font>
[06:17:40]ATTACK: <font color='red'>Austin Zoucks(bartnixon) equipped Unknown with the supa-fly raider armor</font>


Starting up. 07:12.54
---------------------


Starting up. 07:31.26
---------------------
[07:48:19]ATTACK: <font color='red'>Gilroy Rudah(bartnixon) grabbed Elle Richter passively</font>
[07:48:32]ATTACK: <font color='red'>Gilroy Rudah(bartnixon) neck-grabbed Elle Richter </font>


Starting up. 13:35.57
---------------------


Starting up. 14:09.45
---------------------


Starting up. 14:59.58
---------------------


Starting up. 18:05.44
---------------------


Starting up. 18:16.50
---------------------


Starting up. 18:47.00
---------------------


Starting up. 19:20.02
---------------------


Starting up. 20:24.16
---------------------


Starting up. 20:57.03
---------------------


Starting up. 21:07.08
---------------------


Starting up. 21:21.03
---------------------
