

Starting up. 21:35.50
---------------------
Adding game mode blob (blob) to configuration.
Adding game mode changeling (changeling) to configuration.
Adding game mode traitor+changeling (traitorchan) to configuration.
Adding game mode double agents (double_agents) to configuration.
Adding game mode traitor (traitor) to configuration.
Adding game mode cult (cult) to configuration.
Adding game mode extended (extended) to configuration.
Adding game mode gang war (gang) to configuration.
Adding game mode AI malfunction (malfunction) to configuration.
Adding game mode meteor (meteor) to configuration.
Adding game mode monkey (monkey) to configuration.
Adding game mode nuclear emergency (nuclear) to configuration.
Adding game mode revolution (revolution) to configuration.
Adding game mode sandbox (sandbox) to configuration.
Adding game mode wizard (wizard) to configuration.
Saved mode is 'extended'
[21:35:50]ADMIN: Loading Banlistjob
[21:35:50]ADMIN: Banlistjob is empty.
[21:35:50]ADMIN: Banlistjob missing base dir.
[21:35:50]ADMIN: Loading jobban_rank
[21:35:50]ADMIN: jobban_keylist was empty
[21:35:50]ADMIN: Loading appearance_rank
[21:35:50]ADMIN: appearance_keylist was empty
[21:35:50]ADMIN: Updating jobbanfile!
[21:35:50]ADMIN: Loading Banlist
[21:35:50]ADMIN: Banlist is empty.
[21:35:50]ADMIN: Banlist missing base dir.
[21:38:07]ACCESS: Login: Guest-3529772718/(Guest-3529772718) from 127.0.0.1-3529772718 || BYOND v507
[21:40:26]EMOTE: monkey (267)/ : <B>The monkey (267)</B> jumps!
[21:40:38]EMOTE: monkey (921)/ : <B>The monkey (921)</B> jumps!
[21:40:42]ACCESS: Logout: Guest-3529772718[DC]/(Guest-3529772718)


Starting up. 22:02.57
---------------------
Adding game mode blob (blob) to configuration.
Adding game mode changeling (changeling) to configuration.
Adding game mode traitor+changeling (traitorchan) to configuration.
Adding game mode double agents (double_agents) to configuration.
Adding game mode traitor (traitor) to configuration.
Adding game mode cult (cult) to configuration.
Adding game mode extended (extended) to configuration.
Adding game mode gang war (gang) to configuration.
Adding game mode AI malfunction (malfunction) to configuration.
Adding game mode meteor (meteor) to configuration.
Adding game mode monkey (monkey) to configuration.
Adding game mode nuclear emergency (nuclear) to configuration.
Adding game mode revolution (revolution) to configuration.
Adding game mode sandbox (sandbox) to configuration.
Adding game mode wizard (wizard) to configuration.
Saved mode is 'extended'
[22:02:57]ADMIN: Loading Banlistjob
[22:02:57]ADMIN: Loading jobban_rank
[22:02:57]ADMIN: jobban_keylist was empty
[22:02:57]ADMIN: Loading appearance_rank
[22:02:57]ADMIN: appearance_keylist was empty
[22:02:57]ADMIN: Updating jobbanfile!
[22:02:57]ADMIN: Loading Banlist
[22:04:57]ACCESS: Login: Guest-3529772718/(Guest-3529772718) from 127.0.0.1-3529772718 || BYOND v507
[22:07:33]EMOTE: mouse/ : <B>The mouse</B> runs in a circle
[22:08:01]EMOTE: mouse/ : <B>The mouse</B> shakes
[22:08:13]EMOTE: monkey (753)/ : <B>The monkey (753)</B> jumps!
[22:08:15]EMOTE: Poly/ : <B>Poly</B> looks in the pen's direction and takes flight.
[22:08:29]EMOTE: monkey (759)/ : <B>The monkey (759)</B> jumps!
[22:08:33]EMOTE: monkey (92)/ : <B>The monkey (92)</B> jumps!
[22:08:49]EMOTE: mouse/ : <B>The mouse</B> squeeks
[22:09:01]ACCESS: Logout: Guest-3529772718[DC]/(Guest-3529772718)
[22:09:26]ACCESS: Login: BartNixon/(BartNixon) from 127.0.0.1-3529772718 || BYOND v507
[22:09:34]EMOTE: Poly/ : <B>Poly</B> looks in the Space Cigarettes packet's direction and takes flight.
[22:10:03]ACCESS: Logout: BartNixon[DC]/(BartNixon)
[22:10:08]ACCESS: Login: BartNixon/(BartNixon) from 127.0.0.1-3529772718 || BYOND v507
[22:10:11]EMOTE: Runtime/ : <B>Runtime</B> shakes its head
[22:10:31]EMOTE: mouse/ : <B>The mouse</B> runs in a circle
[22:10:31]EMOTE: monkey (603)/ : <B>The monkey (603)</B> jumps!
[22:10:37]EMOTE: mouse/ : <B>The mouse</B> squeeks
[22:10:57]EMOTE: Poly/ : <B>Poly</B> flutters its wings.
[22:10:59]SAY: mouse/ : Squeek?
[22:11:05]EMOTE: Poly/ : <B>Poly</B> looks in the Space Cigarettes packet's direction and takes flight.
[22:11:07]EMOTE: Ian/ : <B>Ian</B> chases its tail!
[22:11:30]ACCESS: Logout: BartNixon[DC]/(BartNixon)
[22:11:35]ACCESS: Login: BartNixon/(BartNixon) from 127.0.0.1-3529772718 || BYOND v507
[22:12:00]EMOTE: Pun Pun/ : <B>Pun Pun</B> jumps!
[22:12:04]EMOTE: Poly/ : <B>Poly</B> looks in the monitor decryption key's direction and takes flight.
[22:12:16]EMOTE: mouse/ : <B>The mouse</B> runs in a circle
[22:12:28]EMOTE: Ian/ : <B>Ian</B> dances around.
[22:12:32]EMOTE: monkey (349)/ : <B>The monkey (349)</B> jumps!
[22:12:38]SAY: mouse/ : Squeek?
[22:12:38]SAY: Runtime/ : Meow!
[22:12:46]EMOTE: mouse/ : <B>The mouse</B> squeeks
[22:13:00]EMOTE: Poly/ : <B>Poly</B> looks in the Zippo lighter's direction and takes flight.
[22:13:08]EMOTE: mouse/ : <B>The mouse</B> shakes
[22:13:20]EMOTE: monkey (986)/ : <B>The monkey (986)</B> jumps!
[22:13:22]EMOTE: mouse/ : <B>The mouse</B> runs in a circle
[22:13:24]EMOTE: monkey (986)/ : <B>The monkey (986)</B> jumps!
[22:13:36]EMOTE: monkey (753)/ : <B>The monkey (753)</B> jumps!
[22:13:36]SAY: mouse/ : SQUEEK!
[22:14:02]EMOTE: monkey (753)/ : <B>The monkey (753)</B> jumps!
[22:14:26]EMOTE: Poly/ : <B>Poly</B> looks in the Zippo lighter's direction and takes flight.
[22:14:26]EMOTE: monkey (425)/ : <B>The monkey (425)</B> jumps!
[22:14:35]SAY: mouse/ : Squeek!
[22:14:49]EMOTE: mouse/ : <B>The mouse</B> squeeks
[22:14:51]EMOTE: monkey (349)/ : <B>The monkey (349)</B> jumps!
[22:15:21]EMOTE: Poly/ : <B>Poly</B> looks in the chief engineer's rubber stamp's direction and takes flight.
[22:15:25]EMOTE: mouse/ : <B>The mouse</B> runs in a circle
[22:15:26]ACCESS: Logout: *no key*/(BartNixon)
[22:15:26]ACCESS: Login: BartNixon/(Marely Harrison) from 127.0.0.1-3529772718 || BYOND v507
[22:15:36]SAY: Ian/ : Woof!
[22:16:08]EMOTE: monkey (753)/ : <B>The monkey (753)</B> jumps!
[22:16:18]EMOTE: Poly/ : <B>Poly</B> looks in the Power-ON cartridge's direction and takes flight.
[22:16:42]SAY: Pete/ : EHEHEHEHEH
[22:16:48]EMOTE: monkey (489)/ : <B>The monkey (489)</B> jumps!
[22:16:52]EMOTE: mouse/ : <B>The mouse</B> squeeks
[22:17:40]EMOTE: Poly/ : <B>Poly</B> looks in the Power-ON cartridge's direction and takes flight.
[22:18:01]ADMIN: BartNixon/(Marely Harrison) has used rudimentary transformation on BartNixon/(Marely Harrison). Transforming to human; deletemob=1
[22:18:01]ACCESS: Logout: *no key*/(Marely Harrison)
[22:18:01]ACCESS: Login: BartNixon/(Marely Harrison) from 127.0.0.1-3529772718 || BYOND v507
[22:18:08]ADMIN: BartNixon/(Marely Harrison) spawned /obj/item/device/guitar at (135,141,1)
[22:18:21]EMOTE: Tom/ : <B>Tom</B> runs in a circle
[22:18:24]EMOTE: Pun Pun/ : <B>Pun Pun</B> jumps!
[22:18:29]SAY: Poly/ : WHO TOOK THE DAMN HARDSUITS?
[22:18:29]SAY: mouse/ : Squeek!
[22:18:39]EMOTE: Poly/ : <B>Poly</B> looks in the Power-ON cartridge's direction and takes flight.
[22:18:43]SAY: mouse/ : Squeek?
[22:18:47]SAY: mouse/ : SQUEEK!
[22:19:08]SAY: mouse/ : Squeek?
[22:19:13]EMOTE: mouse/ : <B>The mouse</B> shakes
[22:19:33]EMOTE: mouse/ : <B>The mouse</B> squeeks
[22:19:35]SAY: mouse/ : Squeek?
[22:19:35]SAY: Tom/ : Squeek!
[22:19:37]EMOTE: Poly/ : <B>Poly</B> looks in the Power-ON cartridge's direction and takes flight.
[22:19:39]SAY: mouse/ : Squeek!
[22:19:51]SAY: grey baby slime (654)/ : Rawr...
[22:20:09]SAY: mouse/ : Squeek!
[22:20:11]EMOTE: mouse/ : <B>The mouse</B> squeeks
[22:20:11]ADMIN: BartNixon/(Marely Harrison) spawned /obj/item/weapon/holodisk/holodiskcursed at (93,119,1)
[22:20:19]EMOTE: monkey (749)/ : <B>The monkey (749)</B> jumps!
[22:20:34]EMOTE: Poly/ : <B>Poly</B> looks in the BreatheDeep cartridge's direction and takes flight.
[22:20:45]ACCESS: Logout: *no key*/(Marely Harrison)
[22:20:45]ACCESS: Login: BartNixon/(Marely Harrison) from 127.0.0.1-3529772718 || BYOND v507
[22:20:46]EMOTE: mouse/ : <B>The mouse</B> shakes
[22:20:48]SAY: Poly/ : Check the singlo, you chucklefucks!
[22:21:16]SAY: mouse/ : Squeek?
[22:21:22]EMOTE: Ian/ : <B>Ian</B> chases its tail!
[22:21:30]SAY: mouse/ : Squeek?
[22:21:32]EMOTE: Poly/ : <B>Poly</B> looks in the bruise pack's direction and takes flight.
[22:21:42]SAY: mouse/ : Squeek!
[22:21:44]EMOTE: mouse/ : <B>The mouse</B> squeeks
[22:22:06]EMOTE: monkey (425)/ : <B>The monkey (425)</B> jumps!
[22:22:16]SAY: mouse/ : Squeek!
[22:22:20]EMOTE: space carp/ : <B>The space carp</B> nashes at Tom!
[22:22:30]EMOTE: Poly/ : <B>Poly</B> looks in the kelotane pill's direction and takes flight.
[22:22:42]SAY: mouse/ : Squeek!
[22:22:46]EMOTE: monkey (749)/ : <B>The monkey (749)</B> jumps!
[22:22:46]SAY: mouse/ : Squeek?
[22:22:48]EMOTE: Ian/ : <B>Ian</B> dances around.
[22:23:02]EMOTE: mouse/ : <B>The mouse</B> shakes
[22:23:22]SAY: mouse/ : SQUEEK!
[22:23:26]EMOTE: Pun Pun/ : <B>Pun Pun</B> jumps!
[22:23:28]EMOTE: Poly/ : <B>Poly</B> bawks!
[22:23:28]EMOTE: Poly/ : <B>Poly</B> looks in the earmuffs's direction and takes flight.
[22:23:34]EMOTE: mouse/ : <B>The mouse</B> shakes
[22:23:34]EMOTE: space carp/ : <B>The space carp</B> nashes at the mouse!
[22:23:36]EMOTE: Ian/ : <B>Ian</B> chases its tail!
[22:23:50]SAY: mouse/ : SQUEEK!
[22:24:04]EMOTE: Ian/ : <B>Ian</B> chases its tail!
[22:24:12]EMOTE: space carp/ : <B>The space carp</B> nashes at the mouse!
[22:24:14]SAY: Runtime/ : Purr!
[22:24:24]EMOTE: mouse/ : <B>The mouse</B> shakes
[22:24:34]EMOTE: Poly/ : <B>Poly</B> looks in the earmuffs's direction and takes flight.
[22:24:46]EMOTE: Pun Pun/ : <B>Pun Pun</B> jumps!
[22:25:02]EMOTE: mouse/ : <B>The mouse</B> squeeks
[22:25:14]SAY: grey baby slime (25)/ : Lonely...
[22:25:35]EMOTE: Poly/ : <B>Poly</B> looks in the earmuffs's direction and takes flight.
[22:25:45]SAY: mouse/ : SQUEEK!
[22:25:47]EMOTE: mouse/ : <B>The mouse</B> shakes
[22:26:03]SAY: mouse/ : Squeek?
[22:26:05]EMOTE: monkey (759)/ : <B>The monkey (759)</B> jumps!
[22:26:21]SAY: mouse/ : SQUEEK!
[22:26:25]EMOTE: Runtime/ : <B>Runtime</B> mews
[22:26:32]ACCESS: Logout: BartNixon[DC]/(Marely Harrison)
[22:53:56]ACCESS: Login: Login/(Login) from 127.0.0.1-3529772718 || BYOND v507
[22:54:07]EMOTE: monkey (489)/ : <B>The monkey (489)</B> jumps!
[22:54:15]EMOTE: monkey (317)/ : <B>The monkey (317)</B> jumps!
[22:54:21]EMOTE: Ian/ : <B>Ian</B> dances around.
[22:54:22]ACCESS: Logout: *no key*/(Login)
[22:54:22]ACCESS: Login: Login/(April Woolery) from 127.0.0.1-3529772718 || BYOND v507
[22:54:25]EMOTE: Poly/ : <B>Poly</B> looks in the earmuffs's direction and takes flight.
[22:54:33]SAY: mouse/ : Squeek?
[22:54:35]EMOTE: mouse/ : <B>The mouse</B> shakes
[22:54:35]SAY: mouse/ : Squeek?
[22:54:43]SAY: mouse/ : Squeek?
[22:54:53]ACCESS: Logout: Login[DC]/(April Woolery)
