

Starting up. 00:25.16
---------------------


Starting up. 02:03.02
---------------------


Starting up. 02:13.39
---------------------
[02:42:35]ATTACK: <font color='red'>Gilroy Rudah(bartnixon) fed Gilroy Rudah(bartnixon) with dexalin(30 units); </font>
[02:42:37]ATTACK: <font color='red'>Gilroy Rudah(bartnixon) fed Gilroy Rudah(bartnixon) with dexalin(30 units); </font>
[02:43:45]ATTACK: <font color='red'>Jason Nud(ideee) revived Gilroy Rudah(bartnixon) with defibrillator</font>
[02:43:58]ATTACK: <font color='red'>Jason Nud(ideee) fed Gilroy Rudah(bartnixon) with dexalin(30 units); </font>
[02:44:27]ATTACK: <font color='red'>Jason Nud(ideee) fed Gilroy Rudah(bartnixon) with dexalin(30 units); </font>
[02:44:32]ATTACK: <font color='red'>Jason Nud(ideee) fed Gilroy Rudah(bartnixon) with dexalin(30 units); </font>
[02:44:38]ATTACK: <font color='red'>Jason Nud(ideee) fed Gilroy Rudah(bartnixon) with dexalin(30 units); </font>
[02:44:56]ATTACK: <font color='red'>Gilroy Rudah(bartnixon) CPRed Jason Nud(ideee) </font>
[02:45:06]ATTACK: <font color='red'>Gilroy Rudah(bartnixon) CPRed Jason Nud(ideee) </font>
[02:45:07]ATTACK: <font color='red'>Gilroy Rudah(bartnixon) CPRed Jason Nud(ideee) </font>
[02:45:08]ATTACK: <font color='red'>Gilroy Rudah(bartnixon) CPRed Jason Nud(ideee) </font>
[02:45:11]ATTACK: <font color='red'>Gilroy Rudah(bartnixon) CPRed Jason Nud(ideee) </font>
[02:45:26]ATTACK: <font color='red'>Jason Nud(ideee) shaked Gilroy Rudah(bartnixon) </font>
[02:45:27]ATTACK: <font color='red'>Jason Nud(ideee) shaked Gilroy Rudah(bartnixon) </font>
[02:45:28]ATTACK: <font color='red'>Jason Nud(ideee) shaked Gilroy Rudah(bartnixon) </font>
[02:45:29]ATTACK: <font color='red'>Jason Nud(ideee) shaked Gilroy Rudah(bartnixon) </font>
[02:45:30]ATTACK: <font color='red'>Jason Nud(ideee) shaked Gilroy Rudah(bartnixon) </font>
[02:45:32]ATTACK: <font color='red'>Jason Nud(ideee) shaked Gilroy Rudah(bartnixon) </font>
[02:45:33]ATTACK: <font color='red'>Jason Nud(ideee) shaked Gilroy Rudah(bartnixon) </font>
[02:45:34]ATTACK: <font color='red'>Jason Nud(ideee) shaked Gilroy Rudah(bartnixon) </font>
[02:45:44]ATTACK: <font color='red'>Jason Nud(ideee) attacked Gilroy Rudah(bartnixon) with defibrillator(INTENT: HELP) (DAMTYPE: BRUTE)</font>
[02:50:04]ATTACK: <font color='red'>Jason Nud(ideee) shot Gilroy Rudah(bartnixon) with The stunshot</font>
[02:50:43]ATTACK: <font color='red'>Gilroy Rudah(bartnixon) shot Jason Nud(ideee) with The stunshot</font>
[02:51:23]ATTACK: <font color='red'>Jason Nud(ideee) attacked Gilroy Rudah(bartnixon) with Bulldog shotgun(INTENT: HARM) (DAMTYPE: BRUTE)</font>
[02:52:24]ATTACK: <font color='red'>Jason Nud(ideee) attacked Gilroy Rudah(bartnixon) with Bulldog shotgun(INTENT: HARM) (DAMTYPE: BRUTE)</font>
[02:56:11]ATTACK: <font color='red'>Jason Nud(ideee) shot Gilroy Rudah(bartnixon) with The dragonsbreath round</font>
[02:56:11]ATTACK: <font color='red'>Jason Nud(ideee) shot Gilroy Rudah(bartnixon) with The dragonsbreath round</font>
[02:56:54]ATTACK: <font color='red'>Jason Nud(ideee) shot Gilroy Rudah(bartnixon) with The dragonsbreath round</font>
[02:57:09]ATTACK: <font color='red'>Jason Nud(ideee) shot Gilroy Rudah(bartnixon) with The dragonsbreath round</font>
[02:57:56]ATTACK: <font color='red'>Jason Nud(ideee) shot Unknown(bartnixon) with The dragonsbreath round</font>
[02:57:56]ATTACK: <font color='red'>Jason Nud(ideee) shot Unknown(bartnixon) with The dragonsbreath round</font>
[02:59:24]ATTACK: <font color='red'>Unknown(ideee) attacked Unknown(bartnixon) with wasteland doctor fatigues(INTENT: HARM) (DAMTYPE: BRUTE)</font>
[02:59:25]ATTACK: <font color='red'>Unknown(ideee) attacked Unknown(bartnixon) with wasteland doctor fatigues(INTENT: HARM) (DAMTYPE: BRUTE)</font>
[03:07:34]ATTACK: <font color='red'>Unknown(ideee) attacked Gilroy Rudah(bartnixon) with electric razor(INTENT: HARM) (DAMTYPE: BRUTE)</font>
[03:07:38]ATTACK: <font color='red'>Unknown(ideee) attacked Gilroy Rudah(bartnixon) with electric razor(INTENT: HARM) (DAMTYPE: BRUTE)</font>
[03:07:39]ATTACK: <font color='red'>Unknown(ideee) attacked Gilroy Rudah(bartnixon) with electric razor(INTENT: HARM) (DAMTYPE: BRUTE)</font>
[03:10:11]ATTACK: <font color='red'>Unknown(ideee) attacked Unknown(ideee) with surgical drapes(INTENT: HARM) (DAMTYPE: BRUTE)</font>
[03:10:14]ATTACK: <font color='red'>Unknown(ideee) attacked Unknown(ideee) with surgical drapes(INTENT: HARM) (DAMTYPE: BRUTE)</font>
[03:10:15]ATTACK: <font color='red'>Unknown(ideee) attacked Unknown(ideee) with surgical drapes(INTENT: HARM) (DAMTYPE: BRUTE)</font>


Starting up. 17:30.25
---------------------
[18:39:02]ATTACK: <font color='red'>Gilroy Rudah(bartnixon) equipped Sarah Schaeffer with the merc adventurer outfit</font>
[18:41:58]ATTACK: <font color='red'>Gilroy Rudah(bartnixon) attacked Gilroy Rudah(bartnixon) with electric razor(INTENT: HELP) (DAMTYPE: BRUTE)</font>
[18:41:59]ATTACK: <font color='red'>Gilroy Rudah(bartnixon) attacked Gilroy Rudah(bartnixon) with electric razor(INTENT: HELP) (DAMTYPE: BRUTE)</font>
[18:49:21]ATTACK: <font color='red'>Gilroy Rudah(bartnixon) stripped Sarah Schaeffer of the merc adventurer outfit</font>
[18:49:27]ATTACK: <font color='red'>Gilroy Rudah(bartnixon) equipped Sarah Schaeffer with the supa-fly raider helmet</font>
[18:49:35]ATTACK: <font color='red'>Gilroy Rudah(bartnixon) equipped Unknown with the supa-fly raider armor</font>
[18:50:26]ATTACK: <font color='red'>Gilroy Rudah(bartnixon) hit Gabriel Bustos(gyaviste) with Nuka-Cola</font>
