

Starting up. 22:47.00
---------------------
Adding game mode blob (blob) to configuration.
Adding game mode changeling (changeling) to configuration.
Adding game mode traitor+changeling (traitorchan) to configuration.
Adding game mode double agents (double_agents) to configuration.
Adding game mode traitor (traitor) to configuration.
Adding game mode cult (cult) to configuration.
Adding game mode extended (extended) to configuration.
Adding game mode gang war (gang) to configuration.
Adding game mode AI malfunction (malfunction) to configuration.
Adding game mode meteor (meteor) to configuration.
Adding game mode monkey (monkey) to configuration.
Adding game mode nuclear emergency (nuclear) to configuration.
Adding game mode revolution (revolution) to configuration.
Adding game mode sandbox (sandbox) to configuration.
Adding game mode wizard (wizard) to configuration.
Saved mode is 'extended'
[22:47:01]ADMIN: Loading Banlistjob
[22:47:01]ADMIN: Loading jobban_rank
[22:47:01]ADMIN: jobban_keylist was empty
[22:47:01]ADMIN: Loading appearance_rank
[22:47:01]ADMIN: appearance_keylist was empty
[22:47:01]ADMIN: Updating jobbanfile!
[22:47:01]ADMIN: Loading Banlist
[22:47:48]ACCESS: Login: BartNixon/(BartNixon) from 127.0.0.1-3529772718 || BYOND v507
[22:49:02]ADMIN: BartNixon has started the game.
[22:49:05]EMOTE: monkey (252)/ : <B>The monkey (252)</B> jumps!
[22:49:05]EMOTE: Poly/ : <B>Poly</B> flutters its wings.
[22:49:06]ACCESS: Logout: *no key*/(BartNixon)
[22:49:06]ACCESS: Login: BartNixon/(Gilroy Rudah) from 127.0.0.1-3529772718 || BYOND v507
[22:49:09]EMOTE: Ian/ : <B>Ian</B> dances around.
[22:49:18]ADMIN: BartNixon/(Gilroy Rudah) spawned /obj/item/weapon/motiontracker/advpinpointer at (106,72,1)
[22:49:21]EMOTE: Pete/ : <B>Pete</B> shakes its head
[22:49:35]EMOTE: mouse/ : <B>The mouse</B> runs in a circle
[22:49:41]EMOTE: Poly/ : <B>Poly</B> turns and flies towards the pen.
[22:49:45]SAY: mouse/ : Squeek!
[22:50:07]SAY: Poly/ : <i>OH GOD ITS FREE CALL THE SHUTTLE</i>
[22:50:30]ADMIN: BartNixon/(Gilroy Rudah) spawned /obj/item/weapon/card/id/captains_spare at (120,126,1)
[22:50:35]EMOTE: Betsy/ : <B>Betsy</B> brays
[22:50:43]EMOTE: Ian/ : <B>Ian</B> chases its tail!
[22:50:45]EMOTE: Poly/ : <B>Poly</B> looks in the premium cigar's direction and takes flight.
[22:50:49]EMOTE: Featherbottom/ : <B>Featherbottom</B> clucks
[22:50:55]EMOTE: monkey (513)/ : <B>The monkey (513)</B> jumps!
[22:50:57]SAY: mouse/ : Squeek!
[22:50:59]EMOTE: Featherbottom/ : <B>Featherbottom</B> clucks
[22:51:05]EMOTE: Ian/ : <B>Ian</B> shivers.
[22:51:07]SAY: Featherbottom/ : BWAAAAARK BWAK BWAK BWAK!
[22:51:15]SAY: Betsy/ : moo?
[22:51:23]EMOTE: mouse/ : <B>The mouse</B> squeeks
[22:51:35]EMOTE: Featherbottom/ : <B>Featherbottom</B> flaps its wings viciously
[22:51:37]EMOTE: monkey (845)/ : <B>The monkey (845)</B> jumps!
[22:51:39]EMOTE: monkey (957)/ : <B>The monkey (957)</B> jumps!
[22:51:39]EMOTE: Poly/ : <B>Poly</B> looks in the Power-ON cartridge's direction and takes flight.
[22:51:47]EMOTE: Tom/ : <B>Tom</B> shakes
[22:51:53]EMOTE: Pugley III/ : <B>Pugley III</B> chases its tail.
[22:51:53]EMOTE: Ian/ : <B>Ian</B> dances around.
[22:52:01]EMOTE: mouse/ : <B>The mouse</B> shakes
[22:52:27]EMOTE: Ian/ : <B>Ian</B> dances around.
[22:52:33]EMOTE: Ian/ : <B>Ian</B> dances around.
[22:52:35]EMOTE: Poly/ : <B>Poly</B> looks in the Power-ON cartridge's direction and takes flight.
[22:52:41]SAY: Runtime/ : Meow!
[22:52:48]SAY: mouse/ : SQUEEK!
[22:52:50]EMOTE: monkey (671)/ : <B>The monkey (671)</B> jumps!
[22:53:04]SAY: Featherbottom/ : BWAAAAARK BWAK BWAK BWAK!
[22:53:30]EMOTE: Poly/ : <B>Poly</B> looks in the Power-ON cartridge's direction and takes flight.
[22:53:48]EMOTE: Betsy/ : <B>Betsy</B> shakes its head
[22:54:00]EMOTE: monkey (513)/ : <B>The monkey (513)</B> jumps!
[22:54:04]EMOTE: Ian/ : <B>Ian</B> chases its tail!
[22:54:18]EMOTE: monkey (984)/ : <B>The monkey (984)</B> jumps!
[22:54:36]EMOTE: mouse/ : <B>The mouse</B> shakes
[22:54:40]SAY: Featherbottom/ : BWAAAAARK BWAK BWAK BWAK!
[22:54:46]EMOTE: Ian/ : <B>Ian</B> dances around.
[22:55:16]EMOTE: Poly/ : <B>Poly</B> looks in the Power-ON cartridge's direction and takes flight.
[22:55:28]SAY: Kentucky/ : Cluck!
[22:55:42]EMOTE: Kentucky/ : <B>Kentucky</B> flaps its wings viciously
[22:55:52]SAY: Pugley III/ : Bark!
[22:56:12]EMOTE: Poly/ : <B>Poly</B> looks in the BreatheDeep cartridge's direction and takes flight.
[22:56:24]EMOTE: Runtime/ : <B>Runtime</B> mews
[22:56:31]EMOTE: monkey (984)/ : <B>The monkey (984)</B> jumps!
[22:56:35]SAY: mouse/ : Squeek?
[22:56:43]EMOTE: monkey (957)/ : <B>The monkey (957)</B> jumps!
[22:56:53]EMOTE: Featherbottom/ : <B>Featherbottom</B> flaps its wings viciously
[22:57:07]EMOTE: Poly/ : <B>Poly</B> looks in the Zippo lighter's direction and takes flight.
[22:57:13]EMOTE: mouse/ : <B>The mouse</B> squeeks
[22:57:13]SAY: Kentucky/ : Cluck!
[22:57:21]SAY: Betsy/ : moo?
[22:58:17]EMOTE: Poly/ : <B>Poly</B> looks in the Zippo lighter's direction and takes flight.
[22:58:41]EMOTE: mouse/ : <B>The mouse</B> shakes
[22:58:55]SAY: Runtime/ : Esp!
[22:59:13]EMOTE: Poly/ : <B>Poly</B> looks in the chief engineer's rubber stamp's direction and takes flight.
[22:59:21]EMOTE: Kentucky/ : <B>Kentucky</B> flaps its wings viciously
[22:59:29]EMOTE: Pugley III/ : <B>Pugley III</B> chases its tail.
[22:59:33]EMOTE: Ian/ : <B>Ian</B> chases its tail!
[22:59:37]EMOTE: Tom/ : <B>Tom</B> squeeks
[22:59:57]EMOTE: Featherbottom/ : <B>Featherbottom</B> clucks
[23:00:05]EMOTE: monkey (796)/ : <B>The monkey (796)</B> jumps!
[23:00:11]EMOTE: Poly/ : <B>Poly</B> looks in the bruise pack's direction and takes flight.
[23:00:17]EMOTE: Pugley III/ : <B>Pugley III</B> chases its tail.
[23:00:25]EMOTE: mouse/ : <B>The mouse</B> squeeks
[23:00:31]EMOTE: monkey (796)/ : <B>The monkey (796)</B> jumps!
[23:01:09]EMOTE: Poly/ : <B>Poly</B> looks in the kelotane pill's direction and takes flight.
[23:01:38]EMOTE: Kentucky/ : <B>Kentucky</B> clucks
[23:01:40]SAY: Pete/ : eh?
[23:02:06]EMOTE: Poly/ : <B>Poly</B> looks in the monitor decryption key's direction and takes flight.
[23:02:22]EMOTE: Pugley III/ : <B>Pugley III</B> chases its tail.
[23:02:28]EMOTE: Ian/ : <B>Ian</B> chases its tail!
[23:02:38]EMOTE: monkey (845)/ : <B>The monkey (845)</B> jumps!
[23:02:44]SAY: mouse/ : Squeek?
[23:02:44]SAY: Tom/ : Squeek?
[23:02:48]SAY: Kentucky/ : Bwaak bwak.
[23:02:54]EMOTE: Runtime/ : <B>Runtime</B> mews
[23:03:01]ACCESS: Logout: BartNixon[DC]/(Gilroy Rudah)


Starting up. 23:27.23
---------------------
Adding game mode blob (blob) to configuration.
Adding game mode changeling (changeling) to configuration.
Adding game mode traitor+changeling (traitorchan) to configuration.
Adding game mode double agents (double_agents) to configuration.
Adding game mode traitor (traitor) to configuration.
Adding game mode cult (cult) to configuration.
Adding game mode extended (extended) to configuration.
Adding game mode gang war (gang) to configuration.
Adding game mode AI malfunction (malfunction) to configuration.
Adding game mode meteor (meteor) to configuration.
Adding game mode monkey (monkey) to configuration.
Adding game mode nuclear emergency (nuclear) to configuration.
Adding game mode revolution (revolution) to configuration.
Adding game mode sandbox (sandbox) to configuration.
Adding game mode wizard (wizard) to configuration.
Saved mode is 'extended'
[23:27:23]ADMIN: Loading Banlistjob
[23:27:23]ADMIN: Loading jobban_rank
[23:27:23]ADMIN: jobban_keylist was empty
[23:27:23]ADMIN: Loading appearance_rank
[23:27:23]ADMIN: appearance_keylist was empty
[23:27:23]ADMIN: Updating jobbanfile!
[23:27:23]ADMIN: Loading Banlist
[23:28:19]ACCESS: Login: BartNixon/(BartNixon) from 127.0.0.1-3529772718 || BYOND v507
[23:29:09]ADMIN: BartNixon has started the game.
[23:29:12]ACCESS: Logout: *no key*/(BartNixon)
[23:29:12]ACCESS: Login: BartNixon/(Gilroy Rudah) from 127.0.0.1-3529772718 || BYOND v507
[23:29:38]SAY: mouse/ : SQUEEK!
[23:29:40]ADMIN: BartNixon/(Gilroy Rudah) spawned /obj/item/weapon/motiontracker/advpinpointer at (96,133,1)
[23:29:44]EMOTE: Pugley III/ : <B>Pugley III</B> chases its tail.
[23:29:48]EMOTE: monkey (760)/ : <B>The monkey (760)</B> jumps!
[23:29:52]EMOTE: monkey (992)/ : <B>The monkey (992)</B> jumps!
[23:30:10]SAY: Poly/ : <i>OH GOD ITS FREE CALL THE SHUTTLE</i>
[23:30:21]EMOTE: Ian/ : <B>Ian</B> chases its tail!
[23:30:37]EMOTE: Poly/ : <B>Poly</B> looks in the chief engineer's rubber stamp's direction and takes flight.
[23:31:07]SAY: Kentucky/ : Cluck!
[23:31:27]SAY: mouse/ : Squeek!
[23:31:33]EMOTE: Poly/ : <B>Poly</B> looks in the bruise pack's direction and takes flight.
[23:31:47]EMOTE: Pugley III/ : <B>Pugley III</B> chases its tail.
[23:31:54]ADMIN: BartNixon/(Gilroy Rudah) spawned /obj/item/weapon/card/id/captains_spare at (126,133,1)
[23:31:55]EMOTE: monkey (760)/ : <B>The monkey (760)</B> jumps!
[23:32:03]SAY: mouse/ : SQUEEK!
[23:32:09]SAY: Kentucky/ : Cluck!
[23:32:09]EMOTE: mouse/ : <B>The mouse</B> runs in a circle
[23:32:47]SAY: mouse/ : Squeek?
[23:33:09]EMOTE: Pugley III/ : <B>Pugley III</B> chases its tail.
[23:33:21]EMOTE: Poly/ : <B>Poly</B> looks in the bruise pack's direction and takes flight.
[23:33:27]ACCESS: Logout: BartNixon[DC]/(Gilroy Rudah)
