

Starting up. 00:47.20
---------------------
[01:22:21]ATTACK: <font color='red'>Captain(deus66) shaked Jed Zeal (as Captain)(jedzeal) </font>
[01:22:39]ATTACK: <font color='red'>Captain(deus66) shot alien hunter (1488)(bartnixon) with The bullet</font>
[01:22:53]ATTACK: <font color='red'>Captain(deus66) shot alien hunter (1488)(bartnixon) with The bullet</font>
[01:22:54]ATTACK: <font color='red'>Captain(deus66) shot alien hunter (1488)(bartnixon) with The bullet</font>
[01:22:55]ATTACK: <font color='red'>Captain(deus66) shot alien hunter (1488)(bartnixon) with The bullet</font>
[01:23:10]ATTACK: <font color='red'>Tyler Patterson (as Captain)(lydee) climbed onto wooden table </font>
[01:23:55]ATTACK: <font color='red'>Captain(deus66) shot alien hunter (1488)(bartnixon) with The bullet</font>
[01:23:56]ATTACK: <font color='red'>Jed Zeal (as Captain)(jedzeal) shot alien hunter (1488)(bartnixon) with The stunshot</font>
[01:23:56]ATTACK: <font color='red'>Captain(deus66) shot alien hunter (1488)(bartnixon) with The bullet</font>
[01:23:56]ATTACK: <font color='red'>Captain(deus66) shot alien hunter (1488)(bartnixon) with The bullet</font>
[01:23:56]ATTACK: <font color='red'>Jed Zeal (as Captain)(jedzeal) shot alien hunter (1488)(bartnixon) with The stunshot</font>
[01:28:41]ATTACK: <font color='red'>alien hunter (228)(bartnixon) grabbed Tyler Patterson (as Captain)(lydee) passively</font>
[01:30:28]ATTACK: <font color='red'>alien hunter (228)(bartnixon) stripped Tyler Patterson (as Captain)(lydee) of the leather satchel</font>
[01:30:28]ATTACK: <font color='red'>alien hunter (228)(bartnixon) stripped Tyler Patterson (as Captain)(lydee) of the lit cohiba robusto cigar</font>
[01:30:30]ATTACK: <font color='red'>alien hunter (228)(bartnixon) stripped Tyler Patterson (as Captain)(lydee) of the medical scrubs</font>
[01:30:31]ATTACK: <font color='red'>alien hunter (228)(bartnixon) stripped Tyler Patterson (as Captain)(lydee) of Uzi</font>
[01:30:32]ATTACK: <font color='red'>alien hunter (228)(bartnixon) stripped Tyler Patterson(lydee) of the combat boots</font>
[01:30:33]ATTACK: <font color='red'>alien hunter (228)(bartnixon) stripped Tyler Patterson(lydee) of the combat gloves</font>
[01:34:44]ATTACK: <font color='red'>Jed Zeal (as Captain)(jedzeal) shot alien hunter (228)(bartnixon) with The pellet</font>
[01:34:44]ATTACK: <font color='red'>Jed Zeal (as Captain)(jedzeal) shot alien hunter (228)(bartnixon) with The pellet</font>
[01:34:44]ATTACK: <font color='red'>Jed Zeal (as Captain)(jedzeal) shot alien hunter (228)(bartnixon) with The pellet</font>
[01:34:45]ATTACK: <font color='red'>Jed Zeal (as Captain)(jedzeal) shot alien hunter (228)(bartnixon) with The pellet</font>
[01:34:45]ATTACK: <font color='red'>Jed Zeal (as Captain)(jedzeal) shot alien hunter (228)(bartnixon) with The pellet</font>
[01:34:46]ATTACK: <font color='red'>Jed Zeal (as Captain)(jedzeal) shot alien hunter (228)(bartnixon) with The pellet</font>
[01:34:47]ATTACK: <font color='red'>Jed Zeal (as Captain)(jedzeal) shot alien hunter (228)(bartnixon) with The pellet</font>
[01:34:47]ATTACK: <font color='red'>Jed Zeal (as Captain)(jedzeal) shot alien hunter (228)(bartnixon) with The pellet</font>
[01:34:47]ATTACK: <font color='red'>Jed Zeal (as Captain)(jedzeal) shot alien hunter (228)(bartnixon) with The pellet</font>
[01:43:17]ATTACK: <font color='red'>Samantha Green(deus66) disarmed Tyler Patterson(lydee) </font>
[01:43:19]ATTACK: <font color='red'>Samantha Green(deus66) disarmed Tyler Patterson(lydee) </font>
[01:43:22]ATTACK: <font color='red'>Samantha Green(deus66) grabbed Tyler Patterson(lydee) passively</font>
[01:43:22]ATTACK: <font color='red'>Tyler Patterson(lydee) shaked Samantha Green(deus66) </font>
[01:43:23]ATTACK: <font color='red'>Tyler Patterson(lydee) shaked Samantha Green(deus66) </font>
[01:43:24]ATTACK: <font color='red'>Tyler Patterson(lydee) shaked Samantha Green(deus66) </font>
[01:43:25]ATTACK: <font color='red'>Tyler Patterson(lydee) shaked Samantha Green(deus66) </font>
[01:43:25]ATTACK: <font color='red'>Samantha Green(deus66) disarmed Tyler Patterson(lydee) </font>
[01:43:26]ATTACK: <font color='red'>Tyler Patterson(lydee) shaked Jed Zeal(jedzeal) </font>
[01:43:26]ATTACK: <font color='red'>Samantha Green(deus66) disarmed Tyler Patterson(lydee) </font>
[01:43:27]ATTACK: <font color='red'>Tyler Patterson(lydee) shaked Jed Zeal(jedzeal) </font>
[01:43:28]ATTACK: <font color='red'>Samantha Green(deus66) disarmed Tyler Patterson(lydee) </font>
[01:43:29]ATTACK: <font color='red'>Samantha Green(deus66) disarmed Tyler Patterson(lydee) </font>
[01:43:30]ATTACK: <font color='red'>Samantha Green(deus66) grabbed Tyler Patterson(lydee) passively</font>
[01:43:39]ATTACK: <font color='red'>Samantha Green(deus66) shaked Tyler Patterson(lydee) </font>
[01:43:39]ATTACK: <font color='red'>Jed Zeal(jedzeal) disarmed Samantha Green(deus66) </font>
[01:43:45]ATTACK: <font color='red'>Jed Zeal(jedzeal) disarmed Samantha Green(deus66) </font>
[01:44:20]ATTACK: <font color='red'>Samantha Green(deus66) attacked Jed Zeal(jedzeal) with electric razor(INTENT: HELP) (DAMTYPE: BRUTE)</font>
[01:44:29]ATTACK: <font color='red'>Jed Zeal(jedzeal) attacked Samantha Green(deus66) with doomsday cult outfit(INTENT: HELP) (DAMTYPE: BRUTE)</font>
[01:44:30]ATTACK: <font color='red'>Jed Zeal(jedzeal) attacked Samantha Green(deus66) with doomsday cult outfit(INTENT: HELP) (DAMTYPE: BRUTE)</font>
[01:44:31]ATTACK: <font color='red'>Jed Zeal(jedzeal) attacked Samantha Green(deus66) with doomsday cult outfit(INTENT: HELP) (DAMTYPE: BRUTE)</font>
[01:44:32]ATTACK: <font color='red'>Jed Zeal(jedzeal) attacked Samantha Green(deus66) with doomsday cult outfit(INTENT: HELP) (DAMTYPE: BRUTE)</font>
[01:44:33]ATTACK: <font color='red'>Jed Zeal(jedzeal) attacked Samantha Green(deus66) with doomsday cult outfit(INTENT: HELP) (DAMTYPE: BRUTE)</font>
[01:44:34]ATTACK: <font color='red'>Jed Zeal(jedzeal) attacked Samantha Green(deus66) with doomsday cult outfit(INTENT: HELP) (DAMTYPE: BRUTE)</font>
[01:44:35]ATTACK: <font color='red'>Jed Zeal(jedzeal) attacked Samantha Green(deus66) with doomsday cult outfit(INTENT: HELP) (DAMTYPE: BRUTE)</font>
[01:44:36]ATTACK: <font color='red'>Jed Zeal(jedzeal) attacked Samantha Green(deus66) with doomsday cult outfit(INTENT: HELP) (DAMTYPE: BRUTE)</font>
[01:44:37]ATTACK: <font color='red'>Jed Zeal(jedzeal) attacked Samantha Green(deus66) with doomsday cult outfit(INTENT: HELP) (DAMTYPE: BRUTE)</font>
[01:44:38]ATTACK: <font color='red'>Jed Zeal(jedzeal) attacked Samantha Green(deus66) with doomsday cult outfit(INTENT: HELP) (DAMTYPE: BRUTE)</font>
[01:44:39]ATTACK: <font color='red'>Jed Zeal(jedzeal) attacked Samantha Green(deus66) with doomsday cult outfit(INTENT: HELP) (DAMTYPE: BRUTE)</font>
[01:44:40]ATTACK: <font color='red'>Jed Zeal(jedzeal) attacked Samantha Green(deus66) with doomsday cult outfit(INTENT: HELP) (DAMTYPE: BRUTE)</font>
[01:45:13]ATTACK: <font color='red'>Unknown(jedzeal) disarmed Samantha Green(deus66) </font>
[01:45:14]ATTACK: <font color='red'>Samantha Green(deus66) punched Unknown(jedzeal) </font>
[01:45:22]ATTACK: <font color='red'>Samantha Green(deus66) hit Unknown(jedzeal) with The electric razor</font>
[01:45:55]ATTACK: <font color='red'>Unknown(lydee) punched Jed Zeal(jedzeal) </font>
[01:46:00]ATTACK: <font color='red'>Unknown(lydee) punched Unknown(jedzeal) </font>
[01:46:05]ATTACK: <font color='red'>Unknown(jedzeal) punched Unknown(lydee) </font>
[01:46:06]ATTACK: <font color='red'>Unknown(jedzeal) punched Unknown(lydee) </font>
[01:46:06]ATTACK: <font color='red'>Unknown(jedzeal) punched Unknown(lydee) </font>
[01:46:07]ATTACK: <font color='red'>Unknown(jedzeal) punched Unknown(lydee) </font>
[01:46:08]ATTACK: <font color='red'>Unknown(jedzeal) punched Unknown(lydee) </font>
[01:46:12]ATTACK: <font color='red'>Unknown(jedzeal) punched Unknown(lydee) </font>
[01:46:13]ATTACK: <font color='red'>Unknown(jedzeal) punched Unknown(lydee) </font>
[01:46:14]ATTACK: <font color='red'>Unknown(lydee) punched Unknown(jedzeal) </font>
[01:46:14]ATTACK: <font color='red'>Unknown(lydee) punched Unknown(jedzeal) </font>
[01:46:15]ATTACK: <font color='red'>Unknown(lydee) punched Unknown(jedzeal) </font>
[01:46:16]ATTACK: <font color='red'>Unknown(lydee) punched Unknown(jedzeal) </font>
[01:46:18]ATTACK: <font color='red'>Unknown(lydee) punched Unknown(jedzeal) </font>
[01:46:20]ATTACK: <font color='red'>Unknown(lydee) punched Unknown(jedzeal) </font>
[01:46:21]ATTACK: <font color='red'>Unknown(lydee) punched Unknown(jedzeal) </font>
[01:46:30]ATTACK: <font color='red'>Jed Zeal(jedzeal) punched Tyler Patterson(lydee) </font>
[01:46:31]ATTACK: <font color='red'>Jed Zeal(jedzeal) punched Tyler Patterson(lydee) </font>
[01:49:05]ATTACK: <font color='red'>Jed Zeal(jedzeal) disarmed Samantha Green(deus66) </font>
[01:49:05]ATTACK: <font color='red'>Jed Zeal(jedzeal) disarmed Samantha Green(deus66) </font>
[01:49:22]ATTACK: <font color='red'>Jed Zeal(jedzeal) disarmed Samantha Green(deus66) </font>
[01:49:25]ATTACK: <font color='red'>Samantha Green(deus66) disarmed Jed Zeal(jedzeal) </font>
[01:49:26]ATTACK: <font color='red'>Samantha Green(deus66) disarmed Jed Zeal(jedzeal) </font>
[01:49:27]ATTACK: <font color='red'>Samantha Green(deus66) disarmed Jed Zeal(jedzeal) </font>
[01:49:28]ATTACK: <font color='red'>Samantha Green(deus66) punched Jed Zeal(jedzeal) </font>
[01:49:29]ATTACK: <font color='red'>Samantha Green(deus66) punched Jed Zeal(jedzeal) </font>
[01:49:30]ATTACK: <font color='red'>Samantha Green(deus66) punched Jed Zeal(jedzeal) </font>
[01:49:31]ATTACK: <font color='red'>Samantha Green(deus66) punched Jed Zeal(jedzeal) </font>
[01:49:34]ATTACK: <font color='red'>Jed Zeal(jedzeal) disarmed Samantha Green(deus66) </font>
[01:49:38]ATTACK: <font color='red'>Samantha Green(deus66) hit Jed Zeal(jedzeal) with The shiny outfit</font>
[01:49:41]ATTACK: <font color='red'>Jed Zeal(jedzeal) punched Samantha Green(deus66) </font>
[01:49:42]ATTACK: <font color='red'>Jed Zeal(jedzeal) punched Samantha Green(deus66) </font>
[01:50:05]ATTACK: <font color='red'>Unknown(jedzeal) hit Samantha Green(deus66) with The electric razor</font>
[01:50:13]ATTACK: <font color='red'>Jed Zeal(jedzeal) hit Samantha Green(deus66) with The supa-fly raider helmet</font>
[01:50:49]ATTACK: <font color='red'>Jed Zeal(jedzeal) hit Tyler Patterson(lydee) with Nuka-Cola</font>
[01:50:54]ATTACK: <font color='red'>Jed Zeal(jedzeal) hit Tyler Patterson(lydee) with The holodisk #645</font>
[01:51:10]ATTACK: <font color='red'>Jed Zeal(jedzeal) punched Tyler Patterson(lydee) </font>
[01:51:44]ATTACK: <font color='red'>Samantha Green(deus66) disarmed Jed Zeal(jedzeal) </font>
[01:52:40]ATTACK: <font color='red'>Tyler Patterson(lydee) hit Jed Zeal(jedzeal) with The holodisk #939</font>
[01:53:06]ATTACK: <font color='red'>Jed Zeal(jedzeal) hit Tyler Patterson(lydee) with The holodisk #83</font>
[01:53:43]ATTACK: <font color='red'>Jed Zeal(jedzeal) punched Samantha Green(deus66) </font>
[01:53:59]ATTACK: <font color='red'>Jed Zeal(jedzeal) attacked Samantha Green(deus66) with dusty prospector outfit(INTENT: HARM) (DAMTYPE: BRUTE)</font>
[01:53:59]ATTACK: <font color='red'>Samantha Green(deus66) disarmed Jed Zeal(jedzeal) </font>
[01:54:04]ATTACK: <font color='red'>Jed Zeal(jedzeal) punched Samantha Green(deus66) </font>
[01:54:05]ATTACK: <font color='red'>Jed Zeal(jedzeal) punched Unknown(lydee) </font>
[01:54:07]ATTACK: <font color='red'>Samantha Green(deus66) disarmed Unknown(lydee) </font>
[01:54:08]ATTACK: <font color='red'>Unknown(lydee) punched Samantha Green(deus66) </font>
[01:54:09]ATTACK: <font color='red'>Samantha Green(deus66) disarmed Unknown(lydee) </font>
[01:54:10]ATTACK: <font color='red'>Samantha Green(deus66) disarmed Unknown(lydee) </font>
[01:54:11]ATTACK: <font color='red'>Jed Zeal(jedzeal) disarmed Samantha Green(deus66) </font>
[01:54:11]ATTACK: <font color='red'>Samantha Green(deus66) disarmed Unknown(lydee) </font>
[01:54:22]ATTACK: <font color='red'>Samantha Green(deus66) hit Unknown(jedzeal) with Nuka-Cola</font>
[01:54:41]ATTACK: <font color='red'>Samantha Green(deus66) disarmed Unknown(jedzeal) </font>
[01:54:46]ATTACK: <font color='red'>Unknown(jedzeal) punched Samantha Green(deus66) </font>
[01:54:48]ATTACK: <font color='red'>Unknown(jedzeal) punched Samantha Green(deus66) </font>
[01:54:49]ATTACK: <font color='red'>Unknown(jedzeal) punched Samantha Green(deus66) </font>
[01:54:50]ATTACK: <font color='red'>Unknown(jedzeal) punched Samantha Green(deus66) </font>
[01:54:51]ATTACK: <font color='red'>Unknown(jedzeal) punched Samantha Green(deus66) </font>
[01:54:52]ATTACK: <font color='red'>Unknown(jedzeal) punched Samantha Green(deus66) </font>
[01:54:52]ATTACK: <font color='red'>Unknown(jedzeal) punched Samantha Green(deus66) </font>
[01:54:53]ATTACK: <font color='red'>Unknown(jedzeal) punched Samantha Green(deus66) </font>
[01:54:54]ATTACK: <font color='red'>Samantha Green(deus66) disarmed Unknown(jedzeal) </font>
[01:55:08]ATTACK: <font color='red'>Samantha Green(deus66) disarmed Unknown(jedzeal) </font>
[01:55:09]ATTACK: <font color='red'>Samantha Green(deus66) disarmed Unknown(jedzeal) </font>
[01:55:10]ATTACK: <font color='red'>Unknown(jedzeal) punched Samantha Green(deus66) </font>
[01:55:10]ATTACK: <font color='red'>Samantha Green(deus66) attacked Unknown(jedzeal) with holodisk #939(INTENT: DISARM) (DAMTYPE: BRUTE)</font>
[01:55:10]ATTACK: <font color='red'>Unknown(lydee) hit Samantha Green(deus66) with The electric razor</font>
[01:55:11]ATTACK: <font color='red'>Unknown(jedzeal) punched Samantha Green(deus66) </font>
[01:56:03]ATTACK: <font color='red'>Samantha Green(deus66) disarmed Unknown(lydee) </font>
[01:56:07]ATTACK: <font color='red'>Samantha Green(deus66) disarmed Unknown(lydee) </font>
[01:56:08]ATTACK: <font color='red'>Samantha Green(deus66) disarmed Unknown(lydee) </font>
[01:56:09]ATTACK: <font color='red'>Samantha Green(deus66) disarmed Unknown(lydee) </font>
[01:56:10]ATTACK: <font color='red'>Samantha Green(deus66) disarmed Unknown(lydee) </font>
[01:56:11]ATTACK: <font color='red'>Samantha Green(deus66) disarmed Unknown(lydee) </font>
[01:56:12]ATTACK: <font color='red'>Samantha Green(deus66) disarmed Unknown(lydee) </font>
[01:56:13]ATTACK: <font color='red'>Samantha Green(deus66) disarmed Unknown(lydee) </font>
[01:56:14]ATTACK: <font color='red'>Samantha Green(deus66) disarmed Unknown(lydee) </font>
[01:56:15]ATTACK: <font color='red'>Samantha Green(deus66) disarmed Unknown(lydee) </font>
[01:56:16]ATTACK: <font color='red'>Samantha Green(deus66) disarmed Unknown(lydee) </font>
[01:56:17]ATTACK: <font color='red'>Samantha Green(deus66) disarmed Unknown(lydee) </font>
[01:56:18]ATTACK: <font color='red'>Samantha Green(deus66) disarmed Unknown(lydee) </font>
[01:56:19]ATTACK: <font color='red'>Samantha Green(deus66) disarmed Unknown(lydee) </font>
[01:56:27]ATTACK: <font color='red'>Samantha Green(deus66) disarmed Unknown(lydee) </font>
[01:56:28]ATTACK: <font color='red'>Samantha Green(deus66) disarmed Unknown(lydee) </font>
[01:56:29]ATTACK: <font color='red'>Samantha Green(deus66) disarmed Unknown(lydee) </font>
[01:56:29]ATTACK: <font color='red'>Samantha Green(deus66) disarmed Unknown(lydee) </font>
[01:56:30]ATTACK: <font color='red'>Samantha Green(deus66) disarmed Unknown(lydee) </font>
[01:56:31]ATTACK: <font color='red'>Samantha Green(deus66) disarmed Unknown(lydee) </font>
[01:56:32]ATTACK: <font color='red'>Samantha Green(deus66) disarmed Unknown(lydee) </font>
[01:56:35]ATTACK: <font color='red'>Samantha Green(deus66) disarmed Unknown(lydee) </font>
[01:56:35]ATTACK: <font color='red'>Samantha Green(deus66) disarmed Unknown(lydee) </font>
[01:56:36]ATTACK: <font color='red'>Samantha Green(deus66) disarmed Unknown(lydee) </font>
[01:56:37]ATTACK: <font color='red'>Samantha Green(deus66) disarmed Unknown(lydee) </font>
[01:56:38]ATTACK: <font color='red'>Samantha Green(deus66) disarmed Unknown(lydee) </font>
[01:56:39]ATTACK: <font color='red'>Samantha Green(deus66) disarmed Unknown(lydee) </font>
[01:56:42]ATTACK: <font color='red'>Samantha Green(deus66) disarmed Unknown(lydee) </font>
[01:56:43]ATTACK: <font color='red'>Samantha Green(deus66) disarmed Unknown(lydee) </font>
[01:56:44]ATTACK: <font color='red'>Samantha Green(deus66) disarmed Unknown(lydee) </font>
[01:56:45]ATTACK: <font color='red'>Samantha Green(deus66) disarmed Unknown(lydee) </font>
[01:56:46]ATTACK: <font color='red'>Samantha Green(deus66) disarmed Unknown(lydee) </font>
[01:56:47]ATTACK: <font color='red'>Samantha Green(deus66) disarmed Unknown(lydee) </font>
[01:56:49]ATTACK: <font color='red'>Samantha Green(deus66) disarmed Unknown(lydee) </font>
[01:56:51]ATTACK: <font color='red'>Samantha Green(deus66) shot Unknown(lydee) with The electrode</font>
[01:56:54]ATTACK: <font color='red'>Samantha Green(deus66) disarmed Unknown(lydee) </font>
[01:56:56]ATTACK: <font color='red'>Samantha Green(deus66) shot Unknown(lydee) with The electrode</font>
[01:57:00]ATTACK: <font color='red'>Samantha Green(deus66) shot Unknown(lydee) with The electrode</font>
[01:57:04]ATTACK: <font color='red'>Samantha Green(deus66) shot Unknown(lydee) with The electrode</font>
[01:57:08]ATTACK: <font color='red'>Samantha Green(deus66) shot Unknown(lydee) with The electrode</font>
[01:57:13]ATTACK: <font color='red'>Samantha Green(deus66) hit Unknown(lydee) with The taser gun</font>
[01:57:56]ATTACK: <font color='red'>Unknown(lydee) disarmed Samantha Green(deus66) </font>
[01:57:57]ATTACK: <font color='red'>Unknown(lydee) disarmed Samantha Green(deus66) </font>
[01:57:58]ATTACK: <font color='red'>Unknown(lydee) disarmed Samantha Green(deus66) </font>
[01:57:58]ATTACK: <font color='red'>Unknown(lydee) disarmed Samantha Green(deus66) </font>
[01:57:59]ATTACK: <font color='red'>Unknown(lydee) disarmed Samantha Green(deus66) </font>
[01:58:00]ATTACK: <font color='red'>Unknown(lydee) disarmed Samantha Green(deus66) </font>
[01:58:01]ATTACK: <font color='red'>Unknown(lydee) disarmed Samantha Green(deus66) </font>
[01:58:02]ATTACK: <font color='red'>Unknown(lydee) disarmed Samantha Green(deus66) </font>
[01:58:03]ATTACK: <font color='red'>Unknown(lydee) disarmed Samantha Green(deus66) </font>
[01:58:04]ATTACK: <font color='red'>Unknown(lydee) disarmed Samantha Green(deus66) </font>
[01:58:05]ATTACK: <font color='red'>Unknown(lydee) disarmed Samantha Green(deus66) </font>
[01:58:06]ATTACK: <font color='red'>Unknown(lydee) disarmed Samantha Green(deus66) </font>
[01:58:24]ATTACK: <font color='red'>Unknown(lydee) hit Jed Zeal(jedzeal) with The metal armor</font>
[01:59:53]ATTACK: <font color='red'>Jed Zeal(jedzeal) grabbed Unknown(lydee) passively</font>
[01:59:56]ATTACK: <font color='red'>Samantha Green(deus66) shot Jed Zeal(jedzeal) with The kinetic force</font>
[02:00:33]ATTACK: <font color='red'>Unknown(lydee) punched Unknown(lydee) </font>
[02:01:50]ATTACK: <font color='red'>Jed Zeal(jedzeal) grabbed Unknown(lydee) passively</font>
[02:01:56]ATTACK: <font color='red'>Jed Zeal(jedzeal) neck-grabbed Unknown(lydee) </font>
[02:02:59]ATTACK: <font color='red'>Jed Zeal(jedzeal) stripped Unknown(lydee) of T-45d power helmet</font>
[02:03:00]ATTACK: <font color='red'>Jed Zeal(jedzeal) stripped Tyler Patterson(lydee) of T-45d power armor</font>


Starting up. 05:08.59
---------------------
[05:36:15]ATTACK: <font color='red'>Jason Nud(ideee) shot alien hunter (1488)(bartnixon) with The pellet</font>
[05:36:15]ATTACK: <font color='red'>Jason Nud(ideee) shot alien hunter (1488)(bartnixon) with The pellet</font>
[05:36:15]ATTACK: <font color='red'>Jason Nud(ideee) shot alien hunter (1488)(bartnixon) with The pellet</font>
[05:37:31]ATTACK: <font color='red'>Jason Nud(ideee) shot alien hunter (1488)(bartnixon) with The pellet</font>
[05:37:31]ATTACK: <font color='red'>Jason Nud(ideee) shot alien hunter (1488)(bartnixon) with The pellet</font>
[05:37:31]ATTACK: <font color='red'>Jason Nud(ideee) shot alien hunter (1488)(bartnixon) with The pellet</font>
[05:37:32]ATTACK: <font color='red'>Jason Nud(ideee) shot alien hunter (1488)(bartnixon) with The pellet</font>
[05:37:32]ATTACK: <font color='red'>Jason Nud(ideee) shot alien hunter (1488)(bartnixon) with The pellet</font>
[05:37:32]ATTACK: <font color='red'>Jason Nud(ideee) shot alien hunter (1488)(bartnixon) with The pellet</font>
[05:37:32]ATTACK: <font color='red'>Jason Nud(ideee) shot alien hunter (1488)(bartnixon) with The pellet</font>
[05:37:32]ATTACK: <font color='red'>Jason Nud(ideee) shot alien hunter (1488)(bartnixon) with The pellet</font>


Starting up. 14:16.03
---------------------


Starting up. 18:08.14
---------------------
[18:17:39]ATTACK: <font color='red'>Unknown(holdmeplease) disarmed Samantha Green(deus66) </font>
[18:17:49]ATTACK: <font color='red'>Unknown(holdmeplease) disarmed Unknown(holdmeplease) </font>
[18:17:50]ATTACK: <font color='red'>Unknown(holdmeplease) disarmed Unknown(holdmeplease) </font>
[18:17:51]ATTACK: <font color='red'>Unknown(deus66) disarmed Unknown(holdmeplease) </font>
[18:17:52]ATTACK: <font color='red'>Unknown(deus66) disarmed Unknown(holdmeplease) </font>
[18:17:53]ATTACK: <font color='red'>Unknown(deus66) disarmed Unknown(holdmeplease) </font>
[18:17:54]ATTACK: <font color='red'>Unknown(deus66) disarmed Unknown(holdmeplease) </font>
[18:17:55]ATTACK: <font color='red'>Unknown(deus66) disarmed Unknown(holdmeplease) </font>
[18:17:56]ATTACK: <font color='red'>Unknown(deus66) disarmed Unknown(holdmeplease) </font>
[18:17:57]ATTACK: <font color='red'>Unknown(deus66) disarmed Unknown(holdmeplease) </font>
[18:17:59]ATTACK: <font color='red'>Unknown(deus66) disarmed Unknown(holdmeplease) </font>
[18:18:03]ATTACK: <font color='red'>Unknown(deus66) disarmed Unknown(holdmeplease) </font>
[18:18:05]ATTACK: <font color='red'>Unknown(deus66) disarmed Unknown(holdmeplease) </font>
[18:18:09]ATTACK: <font color='red'>Unknown(deus66) disarmed Unknown(holdmeplease) </font>
[18:18:11]ATTACK: <font color='red'>Unknown(deus66) disarmed Unknown(holdmeplease) </font>
[18:18:12]ATTACK: <font color='red'>Unknown(holdmeplease) disarmed Unknown(deus66) </font>
[18:18:13]ATTACK: <font color='red'>Unknown(holdmeplease) disarmed Unknown(deus66) </font>
[18:18:14]ATTACK: <font color='red'>Unknown(holdmeplease) disarmed Unknown(deus66) </font>
[18:18:15]ATTACK: <font color='red'>Unknown(holdmeplease) disarmed Unknown(deus66) </font>
[18:18:16]ATTACK: <font color='red'>Unknown(holdmeplease) disarmed Unknown(deus66) </font>
[18:18:17]ATTACK: <font color='red'>Unknown(holdmeplease) disarmed Unknown(deus66) </font>
[18:18:18]ATTACK: <font color='red'>Unknown(holdmeplease) disarmed Unknown(deus66) </font>
[18:18:19]ATTACK: <font color='red'>Unknown(holdmeplease) disarmed Unknown(deus66) </font>
[18:18:20]ATTACK: <font color='red'>Unknown(holdmeplease) disarmed Unknown(deus66) </font>
[18:18:21]ATTACK: <font color='red'>Unknown(holdmeplease) disarmed Unknown(deus66) </font>
[18:18:22]ATTACK: <font color='red'>Unknown(holdmeplease) disarmed Unknown(deus66) </font>
[18:18:23]ATTACK: <font color='red'>Unknown(holdmeplease) disarmed Unknown(deus66) </font>
[18:18:24]ATTACK: <font color='red'>Unknown(holdmeplease) disarmed Unknown(deus66) </font>
[18:18:31]ATTACK: <font color='red'>Unknown(holdmeplease) disarmed Unknown(deus66) </font>
[18:18:35]ATTACK: <font color='red'>Unknown(lydee) disarmed Unknown(deus66) </font>
[18:18:53]ATTACK: <font color='red'>Captain(holdmeplease) disarmed Captain(deus66) </font>
[18:18:54]ATTACK: <font color='red'>Captain(holdmeplease) disarmed Captain(deus66) </font>
[18:18:56]ATTACK: <font color='red'>Captain(holdmeplease) disarmed Captain(deus66) </font>
[18:18:57]ATTACK: <font color='red'>Captain(deus66) disarmed Captain(holdmeplease) </font>
[18:18:58]ATTACK: <font color='red'>Captain(deus66) disarmed Captain(holdmeplease) </font>
[18:18:59]ATTACK: <font color='red'>Captain(deus66) disarmed Captain(holdmeplease) </font>
[18:19:01]ATTACK: <font color='red'>Captain(deus66) disarmed Captain(holdmeplease) </font>
[18:19:04]ATTACK: <font color='red'>Captain(deus66) disarmed Captain(holdmeplease) </font>
[18:19:11]ATTACK: <font color='red'>Captain(deus66) disarmed Captain(holdmeplease) </font>
[18:19:12]ATTACK: <font color='red'>Captain(jedzeal) disarmed Captain(lydee) </font>
[18:19:12]ATTACK: <font color='red'>Captain(holdmeplease) disarmed Captain(deus66) </font>
[18:19:14]ATTACK: <font color='red'>Captain(holdmeplease) disarmed Captain(deus66) </font>
[18:19:17]ATTACK: <font color='red'>Captain(holdmeplease) disarmed Captain(jedzeal) </font>
[18:19:18]ATTACK: <font color='red'>Captain(jedzeal) disarmed Captain(holdmeplease) </font>
[18:19:18]ATTACK: <font color='red'>Captain(deus66) disarmed Captain(holdmeplease) </font>
[18:19:18]ATTACK: <font color='red'>Captain(holdmeplease) disarmed Captain(jedzeal) </font>
[18:19:18]ATTACK: <font color='red'>Captain(jedzeal) disarmed Captain(holdmeplease) </font>
[18:19:19]ATTACK: <font color='red'>Captain(deus66) disarmed Captain(holdmeplease) </font>
[18:19:20]ATTACK: <font color='red'>Captain(deus66) disarmed Captain(jedzeal) </font>
[18:19:24]ATTACK: <font color='red'>Captain(jedzeal) disarmed Captain(holdmeplease) </font>
[18:19:25]ATTACK: <font color='red'>Captain(deus66) disarmed Captain(jedzeal) </font>
[18:19:26]ATTACK: <font color='red'>Captain(deus66) disarmed Captain(jedzeal) </font>
[18:19:26]ATTACK: <font color='red'>Captain(holdmeplease) disarmed Captain(jedzeal) </font>
[18:19:29]ATTACK: <font color='red'>Captain(holdmeplease) disarmed Captain(lydee) </font>
[18:19:29]ATTACK: <font color='red'>Captain(jedzeal) disarmed Captain(holdmeplease) </font>
[18:19:30]ATTACK: <font color='red'>Captain(holdmeplease) disarmed Captain(jedzeal) </font>
[18:19:36]ATTACK: <font color='red'>Captain(jedzeal) disarmed Captain(holdmeplease) </font>
[18:19:38]ATTACK: <font color='red'>Captain(jedzeal) disarmed Captain(holdmeplease) </font>
[18:19:40]ATTACK: <font color='red'>Captain(jedzeal) disarmed Captain(holdmeplease) </font>
[18:19:42]ATTACK: <font color='red'>Captain(holdmeplease) attacked Captain(jedzeal) with battle dress uniform(INTENT: DISARM) (DAMTYPE: BRUTE)</font>
[18:19:42]ATTACK: <font color='red'>Captain(jedzeal) disarmed Captain(holdmeplease) </font>
[18:19:43]ATTACK: <font color='red'>Captain(jedzeal) disarmed Captain(holdmeplease) </font>
[18:19:44]ATTACK: <font color='red'>Captain(holdmeplease) attacked Captain(jedzeal) with battle dress uniform(INTENT: DISARM) (DAMTYPE: BRUTE)</font>
[18:19:45]ATTACK: <font color='red'>Captain(jedzeal) disarmed Captain(holdmeplease) </font>
[18:19:47]ATTACK: <font color='red'>Captain(jedzeal) disarmed Captain(holdmeplease) </font>
[18:19:55]ATTACK: <font color='red'>Captain(holdmeplease) disarmed Captain(jedzeal) </font>
[18:19:56]ATTACK: <font color='red'>Captain(holdmeplease) disarmed Captain(jedzeal) </font>
[18:19:57]ATTACK: <font color='red'>Captain(holdmeplease) disarmed Captain(jedzeal) </font>
[18:19:58]ATTACK: <font color='red'>Captain(jedzeal) disarmed Captain(holdmeplease) </font>
[18:19:59]ATTACK: <font color='red'>Captain(holdmeplease) disarmed Captain(jedzeal) </font>
[18:20:00]ATTACK: <font color='red'>Captain(holdmeplease) attacked Captain(jedzeal) with battle dress uniform(INTENT: DISARM) (DAMTYPE: BRUTE)</font>
[18:20:02]ATTACK: <font color='red'>Captain(jedzeal) disarmed Captain(holdmeplease) </font>
[18:20:06]ATTACK: <font color='red'>Captain(deus66) disarmed Captain(jedzeal) </font>
[18:20:07]ATTACK: <font color='red'>Captain(holdmeplease) disarmed Captain(jedzeal) </font>
[18:20:09]ATTACK: <font color='red'>Captain(deus66) disarmed Captain(holdmeplease) </font>
[18:20:15]ATTACK: <font color='red'>Captain(deus66) disarmed Captain(holdmeplease) </font>
[18:20:20]ATTACK: <font color='red'>Captain(lydee) disarmed Captain(lydee) </font>
[18:20:25]ATTACK: <font color='red'>Captain(holdmeplease) disarmed Captain(lydee) </font>
[18:22:09]ATTACK: <font color='red'>Captain(holdmeplease) disarmed Captain(sypercbl4) </font>
[18:22:12]ATTACK: <font color='red'>Captain(holdmeplease) disarmed Captain(lydee) </font>
[18:22:13]ATTACK: <font color='red'>Captain(holdmeplease) disarmed Captain(sypercbl4) </font>
[18:22:13]ATTACK: <font color='red'>Samantha Green (as Captain)(deus66) disarmed Captain(holdmeplease) </font>
[18:22:14]ATTACK: <font color='red'>Captain(holdmeplease) disarmed Samantha Green (as Captain)(deus66) </font>
[18:22:14]ATTACK: <font color='red'>Samantha Green (as Captain)(deus66) disarmed Captain(holdmeplease) </font>
[18:22:15]ATTACK: <font color='red'>Captain(holdmeplease) disarmed Captain(sypercbl4) </font>
[18:22:16]ATTACK: <font color='red'>Captain(jedzeal) disarmed Samantha Green (as Captain)(deus66) </font>
[18:22:16]ATTACK: <font color='red'>Captain(holdmeplease) disarmed Captain(sypercbl4) </font>
[18:22:17]ATTACK: <font color='red'>Captain(jedzeal) disarmed Samantha Green (as Captain)(deus66) </font>
[18:22:17]ATTACK: <font color='red'>Samantha Green (as Captain)(deus66) disarmed Captain(jedzeal) </font>
[18:22:18]ATTACK: <font color='red'>Samantha Green (as Captain)(deus66) disarmed Captain(jedzeal) </font>
[18:22:18]ATTACK: <font color='red'>Captain(jedzeal) disarmed Samantha Green (as Captain)(deus66) </font>
[18:22:20]ATTACK: <font color='red'>Captain(jedzeal) disarmed Captain(lydee) </font>
[18:22:20]ATTACK: <font color='red'>Captain(sypercbl4) disarmed Captain(holdmeplease) </font>
[18:22:21]ATTACK: <font color='red'>Captain(sypercbl4) disarmed Captain(holdmeplease) </font>
[18:22:21]ATTACK: <font color='red'>Captain(jedzeal) disarmed Captain(lydee) </font>
[18:22:22]ATTACK: <font color='red'>Samantha Green (as Captain)(deus66) disarmed Captain(jedzeal) </font>
[18:22:22]ATTACK: <font color='red'>Captain(jedzeal) disarmed Captain(lydee) </font>
[18:22:23]ATTACK: <font color='red'>Samantha Green (as Captain)(deus66) disarmed Captain(jedzeal) </font>
[18:22:23]ATTACK: <font color='red'>Captain(sypercbl4) disarmed Captain(holdmeplease) </font>
[18:22:24]ATTACK: <font color='red'>Samantha Green (as Captain)(deus66) disarmed Captain(jedzeal) </font>
[18:22:24]ATTACK: <font color='red'>Captain(jedzeal) disarmed Samantha Green (as Captain)(deus66) </font>
[18:22:26]ATTACK: <font color='red'>Captain(sypercbl4) disarmed Captain(holdmeplease) </font>
[18:22:26]ATTACK: <font color='red'>Samantha Green (as Captain)(deus66) disarmed Captain(jedzeal) </font>
[18:22:26]ATTACK: <font color='red'>Captain(holdmeplease) disarmed Captain(sypercbl4) </font>
[18:22:27]ATTACK: <font color='red'>Captain(jedzeal) attacked Samantha Green (as Captain)(deus66) with bullet casing(INTENT: DISARM) (DAMTYPE: BRUTE)</font>
[18:22:28]ATTACK: <font color='red'>Captain(sypercbl4) disarmed Captain(holdmeplease) </font>
[18:22:28]ATTACK: <font color='red'>Captain(holdmeplease) disarmed Captain(sypercbl4) </font>
[18:22:29]ATTACK: <font color='red'>Captain(sypercbl4) disarmed Captain(holdmeplease) </font>
[18:22:30]ATTACK: <font color='red'>Captain(sypercbl4) disarmed Captain(holdmeplease) </font>
[18:22:31]ATTACK: <font color='red'>Samantha Green (as Captain)(deus66) disarmed Captain(jedzeal) </font>
[18:22:31]ATTACK: <font color='red'>Captain(jedzeal) attacked Samantha Green (as Captain)(deus66) with bullet casing(INTENT: DISARM) (DAMTYPE: BRUTE)</font>
[18:22:32]ATTACK: <font color='red'>Samantha Green (as Captain)(deus66) disarmed Captain(jedzeal) </font>
[18:22:32]ATTACK: <font color='red'>Captain(jedzeal) attacked Samantha Green (as Captain)(deus66) with bullet casing(INTENT: DISARM) (DAMTYPE: BRUTE)</font>
[18:22:33]ATTACK: <font color='red'>Captain(holdmeplease) disarmed Captain(sypercbl4) </font>
[18:22:33]ATTACK: <font color='red'>Samantha Green (as Captain)(deus66) disarmed Captain(jedzeal) </font>
[18:22:33]ATTACK: <font color='red'>Captain(jedzeal) disarmed Samantha Green (as Captain)(deus66) </font>
[18:22:34]ATTACK: <font color='red'>Samantha Green (as Captain)(deus66) disarmed Captain(jedzeal) </font>
[18:22:34]ATTACK: <font color='red'>Captain(jedzeal) disarmed Samantha Green (as Captain)(deus66) </font>
[18:22:35]ATTACK: <font color='red'>Samantha Green (as Captain)(deus66) disarmed Captain(jedzeal) </font>
[18:22:35]ATTACK: <font color='red'>Captain(jedzeal) disarmed Samantha Green (as Captain)(deus66) </font>
[18:22:35]ATTACK: <font color='red'>Captain(sypercbl4) disarmed Captain(holdmeplease) </font>
[18:22:36]ATTACK: <font color='red'>Samantha Green (as Captain)(deus66) disarmed Captain(jedzeal) </font>
[18:22:36]ATTACK: <font color='red'>Captain(jedzeal) disarmed Samantha Green (as Captain)(deus66) </font>
[18:22:37]ATTACK: <font color='red'>Samantha Green (as Captain)(deus66) disarmed Captain(jedzeal) </font>
[18:22:40]ATTACK: <font color='red'>Samantha Green (as Captain)(deus66) disarmed Captain(jedzeal) </font>
[18:22:51]ATTACK: <font color='red'>Captain(jedzeal) disarmed Captain(sypercbl4) </font>
[18:22:53]ATTACK: <font color='red'>Captain(jedzeal) disarmed Samantha Green (as Captain)(deus66) </font>
[18:22:54]ATTACK: <font color='red'>Captain(jedzeal) disarmed Samantha Green (as Captain)(deus66) </font>
[18:22:55]ATTACK: <font color='red'>Captain(jedzeal) disarmed Samantha Green (as Captain)(deus66) </font>
[18:22:57]ATTACK: <font color='red'>Captain(jedzeal) disarmed Samantha Green (as Captain)(deus66) </font>
[18:22:58]ATTACK: <font color='red'>Captain(jedzeal) disarmed Captain(holdmeplease) </font>
[18:23:02]ATTACK: <font color='red'>Captain(jedzeal) disarmed Captain(sypercbl4) </font>
[18:23:07]ATTACK: <font color='red'>Samantha Green (as Captain)(deus66) disarmed Captain(jedzeal) </font>
[18:23:09]ATTACK: <font color='red'>Captain(sypercbl4) disarmed Captain(holdmeplease) </font>
[18:23:10]ATTACK: <font color='red'>Captain(holdmeplease) disarmed Captain(sypercbl4) </font>
[18:23:10]ATTACK: <font color='red'>Captain(sypercbl4) disarmed Captain(holdmeplease) </font>
[18:23:12]ATTACK: <font color='red'>Captain(sypercbl4) disarmed Captain(holdmeplease) </font>
[18:23:12]ATTACK: <font color='red'>Captain(holdmeplease) disarmed Captain(sypercbl4) </font>
[18:23:14]ATTACK: <font color='red'>Captain(sypercbl4) disarmed Captain(holdmeplease) </font>
[18:23:21]ATTACK: <font color='red'>Captain(jedzeal) disarmed Captain(holdmeplease) </font>
[18:23:25]ATTACK: <font color='red'>Captain(holdmeplease) disarmed Jason Nud(ideee) </font>
[18:23:26]ATTACK: <font color='red'>Captain(holdmeplease) disarmed Jason Nud(ideee) </font>
[18:23:27]ATTACK: <font color='red'>Samantha Green (as Captain)(deus66) disarmed Captain(holdmeplease) </font>
[18:23:30]ATTACK: <font color='red'>Samantha Green (as Captain)(deus66) disarmed Captain(holdmeplease) </font>
[18:23:44]ATTACK: <font color='red'>Captain(holdmeplease) attacked Captain(lydee) with USMC dog tag(INTENT: DISARM) (DAMTYPE: BRUTE)</font>
[18:23:47]ATTACK: <font color='red'>Captain(holdmeplease) disarmed Captain(lydee) </font>
[18:23:48]ATTACK: <font color='red'>Captain(holdmeplease) disarmed Captain(lydee) </font>
[18:23:48]ATTACK: <font color='red'>Captain(holdmeplease) disarmed Captain(lydee) </font>
[18:23:49]ATTACK: <font color='red'>Captain(holdmeplease) disarmed Captain(lydee) </font>
[18:23:51]ATTACK: <font color='red'>Captain(holdmeplease) disarmed Captain(lydee) </font>
[18:23:52]ATTACK: <font color='red'>Captain(holdmeplease) disarmed Captain(lydee) </font>
[18:23:55]ATTACK: <font color='red'>Captain(holdmeplease) disarmed Captain(lydee) </font>
[18:23:56]ATTACK: <font color='red'>Captain(holdmeplease) disarmed Captain(lydee) </font>
[18:24:01]ATTACK: <font color='red'>Captain(holdmeplease) disarmed Samantha Green (as Captain)(deus66) </font>
[18:24:01]ATTACK: <font color='red'>Samantha Green (as Captain)(deus66) disarmed Captain(holdmeplease) </font>
[18:24:02]ATTACK: <font color='red'>Samantha Green (as Captain)(deus66) disarmed Captain(holdmeplease) </font>
[18:24:02]ATTACK: <font color='red'>Captain(jedzeal) disarmed Captain(lydee) </font>
[18:24:03]ATTACK: <font color='red'>Samantha Green (as Captain)(deus66) disarmed Captain(holdmeplease) </font>
[18:24:04]ATTACK: <font color='red'>Samantha Green (as Captain)(deus66) disarmed Captain(lydee) </font>
[18:24:05]ATTACK: <font color='red'>Captain(jedzeal) disarmed Captain(lydee) </font>
[18:24:06]ATTACK: <font color='red'>Samantha Green (as Captain)(deus66) disarmed Captain(holdmeplease) </font>
[18:24:06]ATTACK: <font color='red'>Captain(holdmeplease) disarmed Samantha Green (as Captain)(deus66) </font>
[18:24:07]ATTACK: <font color='red'>Samantha Green (as Captain)(deus66) disarmed Captain(holdmeplease) </font>
[18:24:07]ATTACK: <font color='red'>Captain(sypercbl4) disarmed Captain(sypercbl4) </font>
[18:24:08]ATTACK: <font color='red'>Samantha Green (as Captain)(deus66) disarmed Captain(lydee) </font>
[18:24:08]ATTACK: <font color='red'>Captain(jedzeal) disarmed Captain(lydee) </font>
[18:24:08]ATTACK: <font color='red'>Captain(holdmeplease) disarmed Samantha Green (as Captain)(deus66) </font>
[18:24:09]ATTACK: <font color='red'>Captain(sypercbl4) disarmed Captain(sypercbl4) </font>
[18:24:09]ATTACK: <font color='red'>Samantha Green (as Captain)(deus66) disarmed Captain(lydee) </font>
[18:24:10]ATTACK: <font color='red'>Captain(sypercbl4) disarmed Captain(sypercbl4) </font>
[18:24:10]ATTACK: <font color='red'>Samantha Green (as Captain)(deus66) disarmed Captain(holdmeplease) </font>
[18:24:11]ATTACK: <font color='red'>Captain(sypercbl4) disarmed Captain(sypercbl4) </font>
[18:24:11]ATTACK: <font color='red'>Samantha Green (as Captain)(deus66) disarmed Captain(holdmeplease) </font>
[18:24:11]ATTACK: <font color='red'>Captain(jedzeal) disarmed Samantha Green (as Captain)(deus66) </font>
[18:24:12]ATTACK: <font color='red'>Samantha Green (as Captain)(deus66) disarmed Captain(lydee) </font>
[18:24:12]ATTACK: <font color='red'>Captain(jedzeal) disarmed Samantha Green (as Captain)(deus66) </font>
[18:24:13]ATTACK: <font color='red'>Captain(holdmeplease) disarmed Samantha Green (as Captain)(deus66) </font>
[18:24:13]ATTACK: <font color='red'>Captain(lydee) disarmed Captain(lydee) </font>
[18:24:14]ATTACK: <font color='red'>Captain(jedzeal) disarmed Captain(holdmeplease) </font>
[18:24:15]ATTACK: <font color='red'>Captain(lydee) disarmed Captain(holdmeplease) </font>
[18:24:16]ATTACK: <font color='red'>Captain(jedzeal) disarmed Captain(holdmeplease) </font>
[18:24:16]ATTACK: <font color='red'>Captain(jedzeal) disarmed Captain(lydee) </font>
[18:24:17]ATTACK: <font color='red'>Samantha Green (as Captain)(deus66) disarmed Captain(lydee) </font>
[18:24:17]ATTACK: <font color='red'>Captain(jedzeal) disarmed Captain(lydee) </font>
[18:24:18]ATTACK: <font color='red'>Captain(lydee) disarmed Captain(jedzeal) </font>
[18:24:18]ATTACK: <font color='red'>Captain(jedzeal) disarmed Captain(lydee) </font>
[18:24:19]ATTACK: <font color='red'>Captain(jedzeal) disarmed Captain(lydee) </font>
[18:24:20]ATTACK: <font color='red'>Captain(lydee) disarmed Captain(jedzeal) </font>
[18:24:21]ATTACK: <font color='red'>Captain(holdmeplease) disarmed Captain(sypercbl4) </font>
[18:24:21]ATTACK: <font color='red'>Captain(lydee) disarmed Samantha Green (as Captain)(deus66) </font>
[18:24:22]ATTACK: <font color='red'>Captain(holdmeplease) disarmed Captain(sypercbl4) </font>
[18:24:22]ATTACK: <font color='red'>Samantha Green (as Captain)(deus66) disarmed Captain(lydee) </font>
[18:24:22]ATTACK: <font color='red'>Captain(lydee) disarmed Samantha Green (as Captain)(deus66) </font>
[18:24:22]ATTACK: <font color='red'>Captain(jedzeal) disarmed Samantha Green (as Captain)(deus66) </font>
[18:24:23]ATTACK: <font color='red'>Samantha Green (as Captain)(deus66) disarmed Captain(jedzeal) </font>
[18:24:23]ATTACK: <font color='red'>Captain(lydee) disarmed Samantha Green (as Captain)(deus66) </font>
[18:24:24]ATTACK: <font color='red'>Captain(jedzeal) disarmed Samantha Green (as Captain)(deus66) </font>
[18:24:25]ATTACK: <font color='red'>Captain(lydee) disarmed Samantha Green (as Captain)(deus66) </font>
[18:24:26]ATTACK: <font color='red'>Captain(lydee) disarmed Captain(jedzeal) </font>
[18:24:27]ATTACK: <font color='red'>Captain(jedzeal) disarmed Captain(lydee) </font>
[18:24:28]ATTACK: <font color='red'>Captain(jedzeal) disarmed Samantha Green (as Captain)(deus66) </font>
[18:24:29]ATTACK: <font color='red'>Samantha Green (as Captain)(deus66) disarmed Captain(lydee) </font>
[18:24:30]ATTACK: <font color='red'>Captain(jedzeal) disarmed Captain(lydee) </font>
[18:24:31]ATTACK: <font color='red'>Samantha Green (as Captain)(deus66) shot Captain(jedzeal) with The bullet</font>
[18:24:31]ATTACK: <font color='red'>Samantha Green (as Captain)(deus66) shot Captain(jedzeal) with The bullet</font>
[18:24:31]ATTACK: <font color='red'>Captain(jedzeal) disarmed Samantha Green (as Captain)(deus66) </font>
[18:24:32]ATTACK: <font color='red'>Captain(lydee) disarmed Captain(jedzeal) </font>
[18:24:33]ATTACK: <font color='red'>Captain(lydee) disarmed Samantha Green (as Captain)(deus66) </font>
[18:24:56]ATTACK: <font color='red'>Captain(jedzeal) shot Captain(lydee) with The bullet</font>
[18:25:10]ATTACK: <font color='red'>Aileen Wood (as Captain)(sypercbl4) shot Jason Nud(@ideee) with The bullet</font>
[18:25:13]ATTACK: <font color='red'>Samantha Green (as Captain)(deus66) disarmed Captain(lydee) </font>
[18:25:25]ATTACK: <font color='red'>Captain(jedzeal) disarmed Captain(lydee) </font>
[18:25:25]ATTACK: <font color='red'>Captain(jedzeal) disarmed Captain(lydee) </font>
[18:25:46]ATTACK: <font color='red'>Captain(jedzeal) hit Captain(lydee) with M41A Pulse Rifle MK2</font>
[18:26:04]ATTACK: <font color='red'>Captain(jedzeal) disarmed Captain(lydee) </font>
[18:26:04]ATTACK: <font color='red'>Samantha Green (as Captain)(deus66) disarmed Captain(jedzeal) </font>
[18:26:05]ATTACK: <font color='red'>Captain(jedzeal) disarmed Samantha Green (as Captain)(deus66) </font>
[18:26:07]ATTACK: <font color='red'>Captain(jedzeal) disarmed Samantha Green (as Captain)(deus66) </font>
[18:26:08]ATTACK: <font color='red'>Captain(jedzeal) disarmed Samantha Green (as Captain)(deus66) </font>


Starting up. 18:38.36
---------------------
[18:46:13]ATTACK: <font color='red'>Unknown(headcrabko) shaked Unknown(sypercbl4) </font>
[18:46:14]ATTACK: <font color='red'>Samantha Green(deus66) shaked Unknown(lydee) </font>
[18:46:28]ATTACK: <font color='red'>Unknown(headcrabko) shaked Unknown(lydee) </font>
[18:46:31]ATTACK: <font color='red'>Unknown(sypercbl4) shaked Unknown(headcrabko) </font>
[18:47:05]ATTACK: <font color='red'>Unknown(walterje) shaked Unknown(jedzeal) </font>
[18:47:17]ATTACK: <font color='red'>Captain(walterje) shaked Unknown(gyaviste) </font>
[18:55:20]ATTACK: <font color='red'>USMC marine(lydee) disarmed USMC marine(lydee) </font>
[19:04:26]ATTACK: <font color='red'>Jason Nud (as USMC marine)(ideee) attacked Jason Nud (as USMC marine)(ideee) with Stechkin pistol(INTENT: HARM) (DAMTYPE: BRUTE)</font>
[19:05:11]ATTACK: <font color='red'>Jason Nud (as USMC marine)(ideee) attacked Samantha Green (as USMC marine)(deus66) with Stechkin pistol(INTENT: HARM) (DAMTYPE: BRUTE)</font>
[19:05:12]ATTACK: <font color='red'>Jason Nud (as USMC marine)(ideee) attacked Samantha Green (as USMC marine)(deus66) with Stechkin pistol(INTENT: HARM) (DAMTYPE: BRUTE)</font>
[19:07:01]ATTACK: <font color='red'>Jason Nud (as USMC marine)(ideee) attacked Jason Nud (as USMC marine)(ideee) with pulse rifle magazine (10x24mm)(INTENT: HELP) (DAMTYPE: BRUTE)</font>
[19:07:03]ATTACK: <font color='red'>Jason Nud (as USMC marine)(ideee) attacked Spencer Tedrow (as USMC marine)(headcrabko) with pulse rifle magazine (10x24mm)(INTENT: HELP) (DAMTYPE: BRUTE)</font>
[19:07:05]ATTACK: <font color='red'>Jason Nud (as USMC marine)(ideee) attacked Jason Nud (as USMC marine)(ideee) with pulse rifle magazine (10x24mm)(INTENT: HELP) (DAMTYPE: BRUTE)</font>
[19:07:06]ATTACK: <font color='red'>Jason Nud (as USMC marine)(ideee) attacked Spencer Tedrow (as USMC marine)(headcrabko) with pulse rifle magazine (10x24mm)(INTENT: HELP) (DAMTYPE: BRUTE)</font>
[19:07:07]ATTACK: <font color='red'>Jason Nud (as USMC marine)(ideee) attacked Jason Nud (as USMC marine)(ideee) with pulse rifle magazine (10x24mm)(INTENT: HELP) (DAMTYPE: BRUTE)</font>
[19:07:08]ATTACK: <font color='red'>Jason Nud (as USMC marine)(ideee) attacked Spencer Tedrow (as USMC marine)(headcrabko) with pulse rifle magazine (10x24mm)(INTENT: HELP) (DAMTYPE: BRUTE)</font>
[19:07:09]ATTACK: <font color='red'>Jason Nud (as USMC marine)(ideee) attacked Spencer Tedrow (as USMC marine)(headcrabko) with pulse rifle magazine (10x24mm)(INTENT: HELP) (DAMTYPE: BRUTE)</font>
[19:07:10]ATTACK: <font color='red'>Jason Nud (as USMC marine)(ideee) attacked Spencer Tedrow (as USMC marine)(headcrabko) with pulse rifle magazine (10x24mm)(INTENT: HELP) (DAMTYPE: BRUTE)</font>
[19:07:11]ATTACK: <font color='red'>Jason Nud (as USMC marine)(ideee) attacked Jason Nud (as USMC marine)(ideee) with pulse rifle magazine (10x24mm)(INTENT: HELP) (DAMTYPE: BRUTE)</font>
[19:07:12]ATTACK: <font color='red'>Jason Nud (as USMC marine)(ideee) attacked Jason Nud (as USMC marine)(ideee) with pulse rifle magazine (10x24mm)(INTENT: HELP) (DAMTYPE: BRUTE)</font>
[19:07:13]ATTACK: <font color='red'>Jason Nud (as USMC marine)(ideee) attacked Jason Nud (as USMC marine)(ideee) with pulse rifle magazine (10x24mm)(INTENT: HELP) (DAMTYPE: BRUTE)</font>
[19:07:14]ATTACK: <font color='red'>Jason Nud (as USMC marine)(ideee) attacked Jason Nud (as USMC marine)(ideee) with pulse rifle magazine (10x24mm)(INTENT: HELP) (DAMTYPE: BRUTE)</font>
[19:07:15]ATTACK: <font color='red'>Jason Nud (as USMC marine)(ideee) attacked Jason Nud (as USMC marine)(ideee) with pulse rifle magazine (10x24mm)(INTENT: HELP) (DAMTYPE: BRUTE)</font>
[19:07:16]ATTACK: <font color='red'>Jason Nud (as USMC marine)(ideee) attacked Jason Nud (as USMC marine)(ideee) with pulse rifle magazine (10x24mm)(INTENT: HELP) (DAMTYPE: BRUTE)</font>
[19:07:17]ATTACK: <font color='red'>Jason Nud (as USMC marine)(ideee) attacked Jason Nud (as USMC marine)(ideee) with pulse rifle magazine (10x24mm)(INTENT: HELP) (DAMTYPE: BRUTE)</font>
[19:07:18]ATTACK: <font color='red'>Jason Nud (as USMC marine)(ideee) attacked Jason Nud (as USMC marine)(ideee) with pulse rifle magazine (10x24mm)(INTENT: HELP) (DAMTYPE: BRUTE)</font>
[19:07:19]ATTACK: <font color='red'>Jason Nud (as USMC marine)(ideee) attacked Jason Nud (as USMC marine)(ideee) with pulse rifle magazine (10x24mm)(INTENT: HELP) (DAMTYPE: BRUTE)</font>
[19:07:21]ATTACK: <font color='red'>Jason Nud (as USMC marine)(ideee) attacked USMC marine(jedzeal) with pulse rifle magazine (10x24mm)(INTENT: HELP) (DAMTYPE: BRUTE)</font>
[19:07:23]ATTACK: <font color='red'>Jason Nud (as USMC marine)(ideee) attacked Gabriel Bustos (as USMC marine)(gyaviste) with pulse rifle magazine (10x24mm)(INTENT: HELP) (DAMTYPE: BRUTE)</font>
[19:07:24]ATTACK: <font color='red'>Jason Nud (as USMC marine)(ideee) attacked USMC marine(lydee) with pulse rifle magazine (10x24mm)(INTENT: HELP) (DAMTYPE: BRUTE)</font>
[19:07:25]ATTACK: <font color='red'>Jason Nud (as USMC marine)(ideee) attacked Boris Vest (as USMC marine)(walterje) with pulse rifle magazine (10x24mm)(INTENT: HELP) (DAMTYPE: BRUTE)</font>
[19:07:27]ATTACK: <font color='red'>Jason Nud (as USMC marine)(ideee) attacked Gabriel Bustos (as USMC marine)(gyaviste) with pulse rifle magazine (10x24mm)(INTENT: HELP) (DAMTYPE: BRUTE)</font>
[19:07:30]ATTACK: <font color='red'>Jason Nud (as USMC marine)(ideee) attacked Spencer Tedrow (as USMC marine)(headcrabko) with pulse rifle magazine (10x24mm)(INTENT: HELP) (DAMTYPE: BRUTE)</font>
[19:07:31]ATTACK: <font color='red'>Jason Nud (as USMC marine)(ideee) attacked Spencer Tedrow (as USMC marine)(headcrabko) with pulse rifle magazine (10x24mm)(INTENT: HELP) (DAMTYPE: BRUTE)</font>
[19:07:32]ATTACK: <font color='red'>Jason Nud (as USMC marine)(ideee) attacked Emma Zalchka (as USMC marine)(sypercbl4) with pulse rifle magazine (10x24mm)(INTENT: HELP) (DAMTYPE: BRUTE)</font>
[19:07:34]ATTACK: <font color='red'>Jason Nud (as USMC marine)(ideee) attacked Gabriel Bustos (as USMC marine)(gyaviste) with pulse rifle magazine (10x24mm)(INTENT: HELP) (DAMTYPE: BRUTE)</font>
[19:07:35]ATTACK: <font color='red'>Jason Nud (as USMC marine)(ideee) attacked USMC marine(jedzeal) with pulse rifle magazine (10x24mm)(INTENT: HELP) (DAMTYPE: BRUTE)</font>
[19:07:36]ATTACK: <font color='red'>Jason Nud (as USMC marine)(ideee) attacked Emma Zalchka (as USMC marine)(sypercbl4) with pulse rifle magazine (10x24mm)(INTENT: HELP) (DAMTYPE: BRUTE)</font>
[19:07:36]ATTACK: <font color='red'>Boris Vest(walterje) attacked Jason Nud (as USMC marine)(ideee) with USMC dog tag(INTENT: HARM) (DAMTYPE: BRUTE)</font>
[19:07:38]ATTACK: <font color='red'>Spencer Tedrow (as USMC marine)(headcrabko) shaked Boris Vest(walterje) </font>
[19:07:38]ATTACK: <font color='red'>Jason Nud (as USMC marine)(ideee) attacked Spencer Tedrow (as USMC marine)(headcrabko) with pulse rifle magazine (10x24mm)(INTENT: HELP) (DAMTYPE: BRUTE)</font>
[19:08:56]ATTACK: <font color='red'>Emma Zalchka (as USMC marine)(sypercbl4) hit Spencer Tedrow (as USMC marine)(headcrabko) with The first-aid kit</font>
[19:09:24]ATTACK: <font color='red'>Jason Nud (as USMC marine)(ideee) attacked Spencer Tedrow (as USMC marine)(headcrabko) with pulse rifle magazine (10x24mm)(INTENT: HELP) (DAMTYPE: BRUTE)</font>
[19:09:30]ATTACK: <font color='red'>Jason Nud (as USMC marine)(ideee) attacked Emma Zalchka (as USMC marine)(sypercbl4) with pulse rifle magazine (10x24mm)(INTENT: HELP) (DAMTYPE: BRUTE)</font>
[19:09:31]ATTACK: <font color='red'>Jason Nud (as USMC marine)(ideee) attacked Emma Zalchka (as USMC marine)(sypercbl4) with pulse rifle magazine (10x24mm)(INTENT: HELP) (DAMTYPE: BRUTE)</font>
[19:09:36]ATTACK: <font color='red'>Jason Nud (as USMC marine)(ideee) attacked Emma Zalchka (as USMC marine)(sypercbl4) with pulse rifle magazine (10x24mm)(INTENT: HELP) (DAMTYPE: BRUTE)</font>
[19:09:44]ATTACK: <font color='red'>Jason Nud (as USMC marine)(ideee) attacked Emma Zalchka (as USMC marine)(sypercbl4) with pulse rifle magazine (10x24mm)(INTENT: HELP) (DAMTYPE: BRUTE)</font>
[19:09:46]ATTACK: <font color='red'>Jason Nud (as USMC marine)(ideee) attacked Emma Zalchka (as USMC marine)(sypercbl4) with pulse rifle magazine (10x24mm)(INTENT: HELP) (DAMTYPE: BRUTE)</font>
[19:09:47]ATTACK: <font color='red'>Jason Nud (as USMC marine)(ideee) attacked Emma Zalchka (as USMC marine)(sypercbl4) with pulse rifle magazine (10x24mm)(INTENT: HELP) (DAMTYPE: BRUTE)</font>
[19:09:53]ATTACK: <font color='red'>Jason Nud (as USMC marine)(ideee) attacked Emma Zalchka (as USMC marine)(sypercbl4) with pulse rifle magazine (10x24mm)(INTENT: HELP) (DAMTYPE: BRUTE)</font>
[19:09:57]ATTACK: <font color='red'>Jason Nud (as USMC marine)(ideee) attacked Boris Vest (as USMC marine)(walterje) with pulse rifle magazine (10x24mm)(INTENT: HELP) (DAMTYPE: BRUTE)</font>
[19:10:46]ATTACK: <font color='red'>Jason Nud (as USMC marine)(ideee) shaked Spencer Tedrow (as USMC marine)(headcrabko) </font>
[19:10:47]ATTACK: <font color='red'>Jason Nud (as USMC marine)(ideee) shaked Spencer Tedrow (as USMC marine)(headcrabko) </font>
[19:10:48]ATTACK: <font color='red'>Jason Nud (as USMC marine)(ideee) shaked Spencer Tedrow (as USMC marine)(headcrabko) </font>
[19:10:52]ATTACK: <font color='red'>Jason Nud (as USMC marine)(ideee) attacked Spencer Tedrow (as USMC marine)(headcrabko) with pulse rifle magazine (10x24mm)(INTENT: HELP) (DAMTYPE: BRUTE)</font>
[19:10:53]ATTACK: <font color='red'>Jason Nud (as USMC marine)(ideee) attacked Spencer Tedrow (as USMC marine)(headcrabko) with pulse rifle magazine (10x24mm)(INTENT: HELP) (DAMTYPE: BRUTE)</font>
[19:10:53]ATTACK: <font color='red'>USMC marine(lydee) shaked Jason Nud (as USMC marine)(ideee) </font>
[19:10:54]ATTACK: <font color='red'>Jason Nud (as USMC marine)(ideee) attacked Spencer Tedrow (as USMC marine)(headcrabko) with pulse rifle magazine (10x24mm)(INTENT: HELP) (DAMTYPE: BRUTE)</font>
[19:10:55]ATTACK: <font color='red'>Jason Nud (as USMC marine)(ideee) attacked Spencer Tedrow (as USMC marine)(headcrabko) with pulse rifle magazine (10x24mm)(INTENT: HELP) (DAMTYPE: BRUTE)</font>
[19:10:56]ATTACK: <font color='red'>USMC marine(lydee) shaked Gabriel Bustos (as USMC marine)(gyaviste) </font>
[19:10:57]ATTACK: <font color='red'>USMC marine(lydee) shaked Boris Vest (as USMC marine)(walterje) </font>
[19:11:08]ATTACK: <font color='red'>Jason Nud (as USMC marine)(ideee) attacked Samantha Green (as USMC marine)(deus66) with pulse rifle magazine (10x24mm)(INTENT: HELP) (DAMTYPE: BRUTE)</font>
[19:11:09]ATTACK: <font color='red'>Jason Nud (as USMC marine)(ideee) attacked Samantha Green (as USMC marine)(deus66) with pulse rifle magazine (10x24mm)(INTENT: HELP) (DAMTYPE: BRUTE)</font>
[19:11:10]ATTACK: <font color='red'>Jason Nud (as USMC marine)(ideee) attacked Samantha Green (as USMC marine)(deus66) with pulse rifle magazine (10x24mm)(INTENT: HELP) (DAMTYPE: BRUTE)</font>
[19:11:11]ATTACK: <font color='red'>Jason Nud (as USMC marine)(ideee) attacked Samantha Green (as USMC marine)(deus66) with pulse rifle magazine (10x24mm)(INTENT: HELP) (DAMTYPE: BRUTE)</font>
[19:11:12]ATTACK: <font color='red'>Jason Nud (as USMC marine)(ideee) attacked Samantha Green (as USMC marine)(deus66) with pulse rifle magazine (10x24mm)(INTENT: HELP) (DAMTYPE: BRUTE)</font>
[19:11:13]ATTACK: <font color='red'>Jason Nud (as USMC marine)(ideee) attacked Samantha Green (as USMC marine)(deus66) with pulse rifle magazine (10x24mm)(INTENT: HELP) (DAMTYPE: BRUTE)</font>
[19:11:14]ATTACK: <font color='red'>Jason Nud (as USMC marine)(ideee) attacked Samantha Green (as USMC marine)(deus66) with pulse rifle magazine (10x24mm)(INTENT: HELP) (DAMTYPE: BRUTE)</font>
[19:11:15]ATTACK: <font color='red'>Jason Nud (as USMC marine)(ideee) attacked Samantha Green (as USMC marine)(deus66) with pulse rifle magazine (10x24mm)(INTENT: HELP) (DAMTYPE: BRUTE)</font>
[19:11:16]ATTACK: <font color='red'>Jason Nud (as USMC marine)(ideee) attacked Samantha Green (as USMC marine)(deus66) with pulse rifle magazine (10x24mm)(INTENT: HELP) (DAMTYPE: BRUTE)</font>
[19:11:17]ATTACK: <font color='red'>Jason Nud (as USMC marine)(ideee) attacked Samantha Green (as USMC marine)(deus66) with pulse rifle magazine (10x24mm)(INTENT: HELP) (DAMTYPE: BRUTE)</font>
[19:11:18]ATTACK: <font color='red'>Jason Nud (as USMC marine)(ideee) attacked Samantha Green (as USMC marine)(deus66) with pulse rifle magazine (10x24mm)(INTENT: HELP) (DAMTYPE: BRUTE)</font>
[19:11:19]ATTACK: <font color='red'>Jason Nud (as USMC marine)(ideee) attacked Samantha Green (as USMC marine)(deus66) with pulse rifle magazine (10x24mm)(INTENT: HELP) (DAMTYPE: BRUTE)</font>
[19:11:20]ATTACK: <font color='red'>Jason Nud (as USMC marine)(ideee) attacked Samantha Green (as USMC marine)(deus66) with pulse rifle magazine (10x24mm)(INTENT: HELP) (DAMTYPE: BRUTE)</font>
[19:11:21]ATTACK: <font color='red'>Jason Nud (as USMC marine)(ideee) attacked Samantha Green (as USMC marine)(deus66) with pulse rifle magazine (10x24mm)(INTENT: HELP) (DAMTYPE: BRUTE)</font>
[19:11:22]ATTACK: <font color='red'>Jason Nud (as USMC marine)(ideee) attacked Samantha Green (as USMC marine)(deus66) with pulse rifle magazine (10x24mm)(INTENT: HELP) (DAMTYPE: BRUTE)</font>
[19:11:23]ATTACK: <font color='red'>Jason Nud (as USMC marine)(ideee) attacked Samantha Green (as USMC marine)(deus66) with pulse rifle magazine (10x24mm)(INTENT: HELP) (DAMTYPE: BRUTE)</font>
[19:11:24]ATTACK: <font color='red'>Jason Nud (as USMC marine)(ideee) attacked Samantha Green (as USMC marine)(deus66) with pulse rifle magazine (10x24mm)(INTENT: HELP) (DAMTYPE: BRUTE)</font>
[19:11:25]ATTACK: <font color='red'>Jason Nud (as USMC marine)(ideee) attacked Samantha Green (as USMC marine)(deus66) with pulse rifle magazine (10x24mm)(INTENT: HELP) (DAMTYPE: BRUTE)</font>
[19:11:26]ATTACK: <font color='red'>Jason Nud (as USMC marine)(ideee) attacked Samantha Green (as USMC marine)(deus66) with pulse rifle magazine (10x24mm)(INTENT: HELP) (DAMTYPE: BRUTE)</font>
[19:11:27]ATTACK: <font color='red'>Jason Nud (as USMC marine)(ideee) attacked Samantha Green (as USMC marine)(deus66) with pulse rifle magazine (10x24mm)(INTENT: HELP) (DAMTYPE: BRUTE)</font>
[19:11:28]ATTACK: <font color='red'>Jason Nud (as USMC marine)(ideee) attacked Samantha Green (as USMC marine)(deus66) with pulse rifle magazine (10x24mm)(INTENT: HELP) (DAMTYPE: BRUTE)</font>
[19:11:29]ATTACK: <font color='red'>Jason Nud (as USMC marine)(ideee) attacked Samantha Green (as USMC marine)(deus66) with pulse rifle magazine (10x24mm)(INTENT: HELP) (DAMTYPE: BRUTE)</font>
[19:11:30]ATTACK: <font color='red'>Jason Nud (as USMC marine)(ideee) attacked Samantha Green (as USMC marine)(deus66) with pulse rifle magazine (10x24mm)(INTENT: HELP) (DAMTYPE: BRUTE)</font>
[19:11:31]ATTACK: <font color='red'>Jason Nud (as USMC marine)(ideee) attacked Samantha Green (as USMC marine)(deus66) with pulse rifle magazine (10x24mm)(INTENT: HELP) (DAMTYPE: BRUTE)</font>
[19:13:57]ATTACK: <font color='red'>Phillip Thomson (as USMC marine)(lydee) stripped USMC marine(jedzeal) of the welding goggles</font>
[19:17:22]ATTACK: <font color='red'>USMC marine(jedzeal) shaked Gabriel Bustos (as USMC marine)(gyaviste) </font>
[19:17:23]ATTACK: <font color='red'>USMC marine(jedzeal) shaked Gabriel Bustos (as USMC marine)(gyaviste) </font>
[19:17:24]ATTACK: <font color='red'>USMC marine(jedzeal) shaked Gabriel Bustos (as USMC marine)(gyaviste) </font>
[19:17:25]ATTACK: <font color='red'>USMC marine(jedzeal) shaked Gabriel Bustos (as USMC marine)(gyaviste) </font>
[19:17:26]ATTACK: <font color='red'>USMC marine(jedzeal) shaked Gabriel Bustos (as USMC marine)(gyaviste) </font>
[19:17:28]ATTACK: <font color='red'>USMC marine(jedzeal) shaked Gabriel Bustos (as USMC marine)(gyaviste) </font>
[19:18:39]ATTACK: <font color='red'>Jason Nud (as USMC marine)(ideee) shot alium(bartnixon) with The bullet</font>
[19:22:43]ATTACK: <font color='red'>USMC marine(lydee) stripped Nicholas Angle of the backpack</font>
[19:22:55]ATTACK: <font color='red'>USMC marine(lydee) shot Samantha Green (as USMC marine)(deus66) with The bullet</font>
[19:22:56]ATTACK: <font color='red'>USMC marine(lydee) shot Samantha Green (as USMC marine)(deus66) with The bullet</font>
[19:23:22]ATTACK: <font color='red'>Samantha Green (as USMC marine)(deus66) CPRed USMC marine(lydee) </font>
[19:23:22]ATTACK: <font color='red'>Samantha Green (as USMC marine)(deus66) CPRed USMC marine(lydee) </font>
[19:23:58]ATTACK: <font color='red'>USMC marine(lydee) grabbed Samantha Green (as USMC marine)(deus66) passively</font>
[19:24:36]ATTACK: <font color='red'>Spencer Tedrow (as USMC marine)(headcrabko) shaked Samantha Green (as USMC marine)(deus66) </font>
[19:24:38]ATTACK: <font color='red'>Spencer Tedrow (as USMC marine)(headcrabko) shaked Samantha Green (as USMC marine)(deus66) </font>
[19:25:53]ATTACK: <font color='red'>Boris Vest (as USMC marine)(walterje) shot Spencer Tedrow (as USMC marine)(headcrabko) with The bullet</font>
[19:26:03]ATTACK: <font color='red'>USMC marine(jedzeal) shaked Jason Nud (as USMC marine)(ideee) </font>
[19:29:58]ATTACK: <font color='red'>USMC marine(lydee) climbed onto reinforced table </font>
[19:35:25]ATTACK: <font color='red'>USMC marine(lydee) disarmed USMC marine(lydee) </font>
[19:35:31]ATTACK: <font color='red'>Jason Nud (as USMC marine)(ideee) shot alium(bartnixon) with The bullet</font>
[19:35:36]ATTACK: <font color='red'>USMC marine(jedzeal) shot alium(bartnixon) with The bullet</font>
[19:35:50]ATTACK: <font color='red'>Emma Zalchka (as USMC marine)(sypercbl4) injected Emma Zalchka (as USMC marine)(sypercbl4) with inaprovaline medipen(Inaprovaline)</font>
[19:37:22]ATTACK: <font color='red'>Emma Zalchka (as USMC marine)(sypercbl4) shot Spencer Tedrow (as USMC marine)(headcrabko) with The bullet</font>
[19:37:23]ATTACK: <font color='red'>Spencer Tedrow (as USMC marine)(headcrabko) shot alium(bartnixon) with The bullet</font>
[19:37:23]ATTACK: <font color='red'>USMC marine(jedzeal) shot alium(bartnixon) with The bullet</font>
[19:37:24]ATTACK: <font color='red'>Emma Zalchka (as USMC marine)(sypercbl4) shot alium(bartnixon) with The bullet</font>
[19:37:24]ATTACK: <font color='red'>USMC marine(jedzeal) shot alium(bartnixon) with The bullet</font>
[19:37:24]ATTACK: <font color='red'>USMC marine(jedzeal) shot alium(bartnixon) with The bullet</font>
[19:37:25]ATTACK: <font color='red'>USMC marine(jedzeal) shot alium(bartnixon) with The bullet</font>
[19:37:25]ATTACK: <font color='red'>Emma Zalchka (as USMC marine)(sypercbl4) shot alium(bartnixon) with The bullet</font>
[19:37:25]ATTACK: <font color='red'>USMC marine(jedzeal) shot alium(bartnixon) with The bullet</font>
[19:37:26]ATTACK: <font color='red'>Emma Zalchka (as USMC marine)(sypercbl4) shot alium(bartnixon) with The bullet</font>
[19:37:26]ATTACK: <font color='red'>USMC marine(jedzeal) shot alium(bartnixon) with The bullet</font>
[19:37:26]ATTACK: <font color='red'>Emma Zalchka (as USMC marine)(sypercbl4) shot alium(bartnixon) with The bullet</font>
[19:37:26]ATTACK: <font color='red'>USMC marine(jedzeal) shot alium(bartnixon) with The bullet</font>
[19:37:27]ATTACK: <font color='red'>USMC marine(jedzeal) shot alium(bartnixon) with The bullet</font>
[19:37:27]ATTACK: <font color='red'>Emma Zalchka (as USMC marine)(sypercbl4) shot alium(bartnixon) with The bullet</font>
[19:37:27]ATTACK: <font color='red'>USMC marine(jedzeal) shot alium(bartnixon) with The bullet</font>
[19:37:27]ATTACK: <font color='red'>Emma Zalchka (as USMC marine)(sypercbl4) shot alium(bartnixon) with The bullet</font>
[19:37:28]ATTACK: <font color='red'>USMC marine(jedzeal) shot alium(bartnixon) with The bullet</font>
[19:37:29]ATTACK: <font color='red'>USMC marine(jedzeal) shaked Boris Vest (as USMC marine)(walterje) </font>
[19:37:49]ATTACK: <font color='red'>Samantha Green (as USMC marine)(deus66) shot alium(@bartnixon) with The bullet</font>
[19:38:00]ATTACK: <font color='red'>Samantha Green (as USMC marine)(deus66) attacked alium(@bartnixon) with M41A Pulse Rifle MK2(INTENT: HARM) (DAMTYPE: BRUTE)</font>
[19:38:12]ATTACK: <font color='red'>USMC marine(lydee) attacked alium(@bartnixon) with mechanical toolbox(INTENT: HARM) (DAMTYPE: BRUTE)</font>
[19:44:10]ATTACK: <font color='red'>USMC marine(jedzeal) shaked Jason Nud (as USMC marine)(ideee) </font>
[19:44:14]ATTACK: <font color='red'>USMC marine(jedzeal) shaked Jason Nud (as USMC marine)(ideee) </font>
[19:44:17]ATTACK: <font color='red'>Samantha Green (as USMC marine)(deus66) hit USMC marine(jedzeal) with The banana cream pie</font>
[19:45:26]ATTACK: <font color='red'>Gilroy Rudah(bartnixon) attacked Gilroy Rudah(bartnixon) with kitchen knife(INTENT: HELP) (DAMTYPE: BRUTE)</font>
[19:45:27]ATTACK: <font color='red'>Gilroy Rudah(bartnixon) attacked Gilroy Rudah(bartnixon) with kitchen knife(INTENT: HELP) (DAMTYPE: BRUTE)</font>
[19:45:28]ATTACK: <font color='red'>Gilroy Rudah(bartnixon) attacked Gilroy Rudah(bartnixon) with kitchen knife(INTENT: HELP) (DAMTYPE: BRUTE)</font>
[19:45:33]ATTACK: <font color='red'>Gilroy Rudah(bartnixon) attacked Gilroy Rudah(bartnixon) with kitchen knife(INTENT: HELP) (DAMTYPE: BRUTE)</font>
[19:45:34]ATTACK: <font color='red'>Gilroy Rudah(bartnixon) attacked Gilroy Rudah(bartnixon) with kitchen knife(INTENT: HELP) (DAMTYPE: BRUTE)</font>
[19:45:35]ATTACK: <font color='red'>Gilroy Rudah(bartnixon) attacked Gilroy Rudah(bartnixon) with kitchen knife(INTENT: HELP) (DAMTYPE: BRUTE)</font>
[19:45:36]ATTACK: <font color='red'>Gilroy Rudah(bartnixon) attacked Gilroy Rudah(bartnixon) with kitchen knife(INTENT: HELP) (DAMTYPE: BRUTE)</font>
[19:46:54]ATTACK: <font color='red'>Spencer Tedrow (as USMC marine)(headcrabko) grabbed Gilroy Rudah(bartnixon) passively</font>
[19:47:19]ATTACK: <font color='red'>Boris Vest (as USMC marine)(walterje) shaked Gilroy Rudah(bartnixon) </font>
[19:59:38]ATTACK: <font color='red'>USMC marine(jedzeal) disarmed Gilroy Rudah(bartnixon) </font>
[20:01:14]ATTACK: <font color='red'>Samantha Green (as USMC marine)(deus66) shot alium 2(gyaviste) with The bullet</font>
[20:01:16]ATTACK: <font color='red'>Samantha Green (as USMC marine)(deus66) shot alium 2(gyaviste) with The bullet</font>
[20:02:11]ATTACK: <font color='red'>Boris Vest (as USMC marine)(walterje) shaked Gilroy Rudah(bartnixon) </font>
[20:02:18]ATTACK: <font color='red'>Samantha Green (as USMC marine)(deus66) shaked Gilroy Rudah(bartnixon) </font>
[20:03:28]ATTACK: <font color='red'>Boris Vest (as USMC marine)(walterje) climbed onto reinforced table </font>
[20:03:42]ATTACK: <font color='red'>Samantha Green (as USMC marine)(deus66) climbed onto table </font>
[20:03:44]ATTACK: <font color='red'>Jason Nud (as USMC marine)(ideee) climbed onto reinforced table </font>
[20:03:57]ATTACK: <font color='red'>USMC marine(jedzeal) climbed onto reinforced table </font>
[20:05:00]ATTACK: <font color='red'>Boris Vest (as USMC marine)(walterje) climbed onto wooden table </font>
[20:05:14]ATTACK: <font color='red'>Emma Zalchka (as USMC marine)(sypercbl4) climbed onto wooden table </font>
[20:05:47]ATTACK: <font color='red'>alium 2(gyaviste) grabbed Ian passively</font>
[20:05:55]ATTACK: <font color='red'>alium 2(gyaviste) neck-grabbed Ian </font>
[20:06:22]ATTACK: <font color='red'>Spencer Tedrow (as USMC marine)(headcrabko) disarmed Gilroy Rudah(bartnixon) </font>
[20:06:29]ATTACK: <font color='red'>Spencer Tedrow (as USMC marine)(headcrabko) disarmed Gilroy Rudah(bartnixon) </font>
[20:06:45]ATTACK: <font color='red'>Spencer Tedrow (as USMC marine)(headcrabko) stripped Gilroy Rudah(@bartnixon) of the alien</font>
[20:07:33]ATTACK: <font color='red'>Emma Zalchka (as USMC marine)(sypercbl4) disarmed Gilroy Rudah(@bartnixon) </font>
[20:07:40]ATTACK: <font color='red'>Samantha Green (as USMC marine)(deus66) shot alien larva (969)(headcrabko) with The bullet</font>
[20:07:40]ATTACK: <font color='red'>Emma Zalchka (as USMC marine)(sypercbl4) shot alien larva (969)(headcrabko) with The bullet</font>
[20:07:41]ATTACK: <font color='red'>Samantha Green (as USMC marine)(deus66) shot alien larva (969)(headcrabko) with The bullet</font>
[20:08:38]ATTACK: <font color='red'>USMC marine(jedzeal) shot Gilroy Rudah(@bartnixon) with The bullet</font>
[20:08:39]ATTACK: <font color='red'>USMC marine(jedzeal) shot Gilroy Rudah(@bartnixon) with The bullet</font>
[20:08:40]ATTACK: <font color='red'>USMC marine(jedzeal) shot Gilroy Rudah(@bartnixon) with The bullet</font>
[20:08:45]ATTACK: <font color='red'>USMC marine(jedzeal) shot Gilroy Rudah(@bartnixon) with The bullet</font>
[20:08:47]ATTACK: <font color='red'>USMC marine(jedzeal) shot Gilroy Rudah(@bartnixon) with The bullet</font>
[20:08:48]ATTACK: <font color='red'>USMC marine(jedzeal) shot Gilroy Rudah(@bartnixon) with The bullet</font>
[20:08:55]ATTACK: <font color='red'>Boris Vest (as USMC marine)(walterje) attacked Gilroy Rudah(@bartnixon) with M41A Pulse Rifle MK2(INTENT: HARM) (DAMTYPE: BRUTE)</font>
[20:09:21]ATTACK: <font color='red'>Jason Nud (as USMC marine)(ideee) climbed onto wooden table </font>
[20:09:28]ATTACK: <font color='red'>Jason Nud (as USMC marine)(ideee) climbed onto wooden table </font>
[20:09:30]ATTACK: <font color='red'>USMC marine(jedzeal) shot alien larva (861) with The bullet</font>
[20:09:31]ATTACK: <font color='red'>USMC marine(jedzeal) shot alien larva (861) with The bullet</font>
[20:09:31]ATTACK: <font color='red'>Samantha Green (as USMC marine)(deus66) shot Phillip Thomson (as USMC marine)(lydee) with The bullet</font>
[20:09:31]ATTACK: <font color='red'>Samantha Green (as USMC marine)(deus66) shot Phillip Thomson (as USMC marine)(lydee) with The bullet</font>
[20:09:32]ATTACK: <font color='red'>Phillip Thomson (as USMC marine)(lydee) shot alien larva (861) with The bullet</font>
[20:09:32]ATTACK: <font color='red'>Phillip Thomson (as USMC marine)(lydee) shot alien larva (861) with The bullet</font>
[20:09:33]ATTACK: <font color='red'>Samantha Green (as USMC marine)(deus66) shot Phillip Thomson (as USMC marine)(lydee) with The bullet</font>
[20:09:33]ATTACK: <font color='red'>Phillip Thomson (as USMC marine)(lydee) shot alien larva (861) with The bullet</font>
[20:09:33]ATTACK: <font color='red'>Emma Zalchka (as USMC marine)(sypercbl4) shot Phillip Thomson (as USMC marine)(lydee) with The bullet</font>
[20:09:34]ATTACK: <font color='red'>Samantha Green (as USMC marine)(deus66) shot Phillip Thomson (as USMC marine)(lydee) with The bullet</font>
[20:09:39]ATTACK: <font color='red'>Phillip Thomson (as USMC marine)(lydee) CPRed Emma Zalchka (as USMC marine)(sypercbl4) </font>
[20:09:40]ATTACK: <font color='red'>Phillip Thomson (as USMC marine)(lydee) CPRed Emma Zalchka (as USMC marine)(sypercbl4) </font>
[20:09:41]ATTACK: <font color='red'>Phillip Thomson (as USMC marine)(lydee) CPRed Emma Zalchka (as USMC marine)(sypercbl4) </font>
[20:09:42]ATTACK: <font color='red'>Phillip Thomson (as USMC marine)(lydee) CPRed Emma Zalchka (as USMC marine)(sypercbl4) </font>
[20:09:48]ATTACK: <font color='red'>Phillip Thomson (as USMC marine)(lydee) CPRed Samantha Green (as USMC marine)(deus66) </font>
[20:09:50]ATTACK: <font color='red'>Phillip Thomson (as USMC marine)(lydee) CPRed Samantha Green (as USMC marine)(deus66) </font>
[20:09:51]ATTACK: <font color='red'>Phillip Thomson (as USMC marine)(lydee) CPRed Samantha Green (as USMC marine)(deus66) </font>
[20:09:53]ATTACK: <font color='red'>Phillip Thomson (as USMC marine)(lydee) CPRed Samantha Green (as USMC marine)(deus66) </font>
[20:09:58]ATTACK: <font color='red'>Phillip Thomson (as USMC marine)(lydee) CPRed Emma Zalchka (as USMC marine)(sypercbl4) </font>
[20:09:59]ATTACK: <font color='red'>Phillip Thomson (as USMC marine)(lydee) CPRed Emma Zalchka (as USMC marine)(sypercbl4) </font>
[20:10:00]ATTACK: <font color='red'>Phillip Thomson (as USMC marine)(lydee) CPRed Emma Zalchka (as USMC marine)(sypercbl4) </font>
[20:10:01]ATTACK: <font color='red'>Phillip Thomson (as USMC marine)(lydee) CPRed Emma Zalchka (as USMC marine)(sypercbl4) </font>
[20:10:02]ATTACK: <font color='red'>Phillip Thomson (as USMC marine)(lydee) CPRed Emma Zalchka (as USMC marine)(sypercbl4) </font>
[20:10:10]ATTACK: <font color='red'>Jason Nud (as USMC marine)(ideee) shot alium 2(gyaviste) with The bullet</font>
[20:10:16]ATTACK: <font color='red'>Jason Nud (as USMC marine)(ideee) shot alium 2(gyaviste) with The bullet</font>
[20:10:17]ATTACK: <font color='red'>Jason Nud (as USMC marine)(ideee) shot Boris Vest (as USMC marine)(walterje) with The bullet</font>
[20:10:17]ATTACK: <font color='red'>Jason Nud (as USMC marine)(ideee) shot alium 2(gyaviste) with The bullet</font>
[20:10:19]ATTACK: <font color='red'>Jason Nud (as USMC marine)(ideee) shot Boris Vest (as USMC marine)(walterje) with The bullet</font>
[20:10:49]ATTACK: <font color='red'>Jason Nud (as USMC marine)(ideee) climbed onto wooden table </font>
[20:11:22]ATTACK: <font color='red'>USMC marine(jedzeal) climbed onto wooden table </font>
[20:19:58]ATTACK: <font color='red'>Jason Nud (as USMC marine)(ideee) shaked Phillip Thomson (as USMC marine)(lydee) </font>
[20:20:13]ATTACK: <font color='red'>Jason Nud (as USMC marine)(ideee) shaked Phillip Thomson (as USMC marine)(lydee) </font>
[20:20:28]ATTACK: <font color='red'>USMC marine(jedzeal) shaked Phillip Thomson (as USMC marine)(lydee) </font>
[20:20:55]ATTACK: <font color='red'>Jason Nud (as USMC marine)(ideee) shaked Phillip Thomson (as USMC marine)(lydee) </font>
[20:20:56]ATTACK: <font color='red'>Jason Nud (as USMC marine)(ideee) shaked Samantha Green (as USMC marine)(deus66) </font>
[20:24:11]ATTACK: <font color='red'>USMC marine(jedzeal) disarmed USMC marine(jedzeal) </font>
[20:26:25]ATTACK: <font color='red'>Jason Nud (as USMC marine)(ideee) shaked USMC marine(jedzeal) </font>
[20:26:26]ATTACK: <font color='red'>Jason Nud (as USMC marine)(ideee) shaked USMC marine(jedzeal) </font>
[20:26:41]ATTACK: <font color='red'>Samantha Green (as USMC marine)(deus66) shaked Emma Zalchka (as USMC marine)(sypercbl4) </font>
[20:27:25]ATTACK: <font color='red'>Lawrence Michaels(headcrabko) shot alium 2(gyaviste) with The bullet</font>
[20:27:28]ATTACK: <font color='red'>Marvin Whiskas(bartnixon) shot alium 2(gyaviste) with The bullet</font>
[20:27:29]ATTACK: <font color='red'>Marvin Whiskas(bartnixon) shot alium 2(gyaviste) with The bullet</font>
[20:27:29]ATTACK: <font color='red'>Lawrence Michaels(headcrabko) shot alium 2(gyaviste) with The bullet</font>
[20:27:29]ATTACK: <font color='red'>Marvin Whiskas(bartnixon) shot alium 2(gyaviste) with The bullet</font>
[20:27:30]ATTACK: <font color='red'>Marvin Whiskas(bartnixon) shot alium 2(gyaviste) with The bullet</font>
[20:27:31]ATTACK: <font color='red'>Marvin Whiskas(bartnixon) shot alium 2(gyaviste) with The bullet</font>
[20:27:47]ATTACK: <font color='red'>Lawrence Michaels(headcrabko) attacked alium 2(gyaviste) with pocket crowbar(INTENT: HARM) (DAMTYPE: BRUTE)</font>
[20:27:48]ATTACK: <font color='red'>Lawrence Michaels(headcrabko) attacked alium 2(gyaviste) with pocket crowbar(INTENT: HARM) (DAMTYPE: BRUTE)</font>
[20:27:49]ATTACK: <font color='red'>Lawrence Michaels(headcrabko) attacked alium 2(gyaviste) with pocket crowbar(INTENT: HARM) (DAMTYPE: BRUTE)</font>
[20:27:50]ATTACK: <font color='red'>Lawrence Michaels(headcrabko) attacked alium 2(gyaviste) with pocket crowbar(INTENT: HARM) (DAMTYPE: BRUTE)</font>
[20:27:51]ATTACK: <font color='red'>Lawrence Michaels(headcrabko) attacked alium 2(gyaviste) with pocket crowbar(INTENT: HARM) (DAMTYPE: BRUTE)</font>
[20:27:52]ATTACK: <font color='red'>Lawrence Michaels(headcrabko) attacked alium 2(gyaviste) with pocket crowbar(INTENT: HARM) (DAMTYPE: BRUTE)</font>
[20:27:53]ATTACK: <font color='red'>Lawrence Michaels(headcrabko) attacked alium 2(gyaviste) with pocket crowbar(INTENT: HARM) (DAMTYPE: BRUTE)</font>
[20:27:54]ATTACK: <font color='red'>Lawrence Michaels(headcrabko) attacked alium 2(gyaviste) with pocket crowbar(INTENT: HARM) (DAMTYPE: BRUTE)</font>
[20:27:55]ATTACK: <font color='red'>Lawrence Michaels(headcrabko) attacked alium 2(gyaviste) with pocket crowbar(INTENT: HARM) (DAMTYPE: BRUTE)</font>
[20:27:56]ATTACK: <font color='red'>Lawrence Michaels(headcrabko) attacked alium 2(gyaviste) with pocket crowbar(INTENT: HARM) (DAMTYPE: BRUTE)</font>
[20:27:57]ATTACK: <font color='red'>Lawrence Michaels(headcrabko) attacked alium 2(gyaviste) with pocket crowbar(INTENT: HARM) (DAMTYPE: BRUTE)</font>
[20:27:58]ATTACK: <font color='red'>Lawrence Michaels(headcrabko) attacked alium 2(gyaviste) with pocket crowbar(INTENT: HARM) (DAMTYPE: BRUTE)</font>
[20:27:59]ATTACK: <font color='red'>Lawrence Michaels(headcrabko) attacked alium 2(gyaviste) with pocket crowbar(INTENT: HARM) (DAMTYPE: BRUTE)</font>
[20:28:00]ATTACK: <font color='red'>Lawrence Michaels(headcrabko) attacked alium 2(gyaviste) with pocket crowbar(INTENT: HARM) (DAMTYPE: BRUTE)</font>
[20:28:01]ATTACK: <font color='red'>Lawrence Michaels(headcrabko) attacked alium 2(gyaviste) with pocket crowbar(INTENT: HARM) (DAMTYPE: BRUTE)</font>
[20:28:11]ATTACK: <font color='red'>Lawrence Michaels(headcrabko) attacked alium 2(gyaviste) with pocket crowbar(INTENT: HARM) (DAMTYPE: BRUTE)</font>
[20:28:11]ATTACK: <font color='red'>Lawrence Michaels(headcrabko) attacked alium 2(gyaviste) with pocket crowbar(INTENT: HARM) (DAMTYPE: BRUTE)</font>
[20:28:12]ATTACK: <font color='red'>Lawrence Michaels(headcrabko) attacked alium 2(gyaviste) with pocket crowbar(INTENT: HARM) (DAMTYPE: BRUTE)</font>
[20:28:13]ATTACK: <font color='red'>Lawrence Michaels(headcrabko) attacked alium 2(gyaviste) with pocket crowbar(INTENT: HARM) (DAMTYPE: BRUTE)</font>
[20:29:56]ATTACK: <font color='red'>Lawrence Michaels(headcrabko) shaked Marvin Whiskas(@bartnixon) </font>
[20:33:34]ATTACK: <font color='red'>Boris Vest (as USMC marine)(walterje) shaked Lawrence Michaels(headcrabko) </font>
[20:33:35]ATTACK: <font color='red'>Boris Vest (as USMC marine)(walterje) shaked Lawrence Michaels(headcrabko) </font>
[20:33:36]ATTACK: <font color='red'>Boris Vest (as USMC marine)(walterje) shaked Lawrence Michaels(headcrabko) </font>
[20:33:37]ATTACK: <font color='red'>Boris Vest (as USMC marine)(walterje) shaked Lawrence Michaels(headcrabko) </font>
[20:33:37]ATTACK: <font color='red'>Samantha Green (as USMC marine)(deus66) shaked Lawrence Michaels(headcrabko) </font>
[20:33:40]ATTACK: <font color='red'>Samantha Green (as USMC marine)(deus66) shaked Lawrence Michaels(headcrabko) </font>
[20:33:57]ATTACK: <font color='red'>Boris Vest (as USMC marine)(walterje) shaked USMC marine(jedzeal) </font>
[20:33:58]ATTACK: <font color='red'>Boris Vest (as USMC marine)(walterje) shaked USMC marine(jedzeal) </font>
[20:33:59]ATTACK: <font color='red'>Boris Vest (as USMC marine)(walterje) shaked USMC marine(jedzeal) </font>
[20:34:00]ATTACK: <font color='red'>Boris Vest (as USMC marine)(walterje) shaked USMC marine(jedzeal) </font>
[20:34:04]ATTACK: <font color='red'>Lawrence Michaels(headcrabko) stripped USMC marine(jedzeal) of the alien</font>
[20:34:08]ATTACK: <font color='red'>Samantha Green (as USMC marine)(deus66) hit Boris Vest (as USMC marine)(walterje) with The alien</font>
[20:34:09]ATTACK: <font color='red'>Boris Vest (as USMC marine)(walterje) shot Samantha Green (as USMC marine)(deus66) with The bullet</font>
[20:34:21]ATTACK: <font color='red'>Phillip Thomson (as USMC marine)(lydee) shot alien hunter (925)(sypercbl4) with The bullet</font>
[20:34:25]ATTACK: <font color='red'>Phillip Thomson (as USMC marine)(lydee) shot alien hunter (925)(sypercbl4) with The bullet</font>
[20:34:28]ATTACK: <font color='red'>Jason Nud (as USMC marine)(ideee) shot alien hunter (925)(sypercbl4) with The bullet</font>
[20:34:29]ATTACK: <font color='red'>Jason Nud (as USMC marine)(ideee) shot alien hunter (925)(sypercbl4) with The bullet</font>
[20:34:41]ATTACK: <font color='red'>Boris Vest (as USMC marine)(walterje) shaked Jason Nud (as USMC marine)(ideee) </font>
[20:34:44]ATTACK: <font color='red'>USMC marine(jedzeal) shaked Jason Nud (as USMC marine)(ideee) </font>
[20:34:44]ATTACK: <font color='red'>Boris Vest (as USMC marine)(walterje) shaked Jason Nud (as USMC marine)(ideee) </font>
[20:34:45]ATTACK: <font color='red'>Boris Vest (as USMC marine)(walterje) shaked Jason Nud (as USMC marine)(ideee) </font>
[20:34:46]ATTACK: <font color='red'>USMC marine(jedzeal) shaked Jason Nud (as USMC marine)(ideee) </font>
[20:34:46]ATTACK: <font color='red'>Boris Vest (as USMC marine)(walterje) shaked Jason Nud (as USMC marine)(ideee) </font>
[20:34:47]ATTACK: <font color='red'>USMC marine(jedzeal) shaked Jason Nud (as USMC marine)(ideee) </font>
[20:34:47]ATTACK: <font color='red'>Boris Vest (as USMC marine)(walterje) shaked Jason Nud (as USMC marine)(ideee) </font>
[20:34:56]ATTACK: <font color='red'>Phillip Thomson (as USMC marine)(lydee) shot alien hunter (925)(sypercbl4) with The bullet</font>
[20:36:13]ATTACK: <font color='red'>Phillip Thomson (as USMC marine)(lydee) shot alien hunter (925)(sypercbl4) with The bullet</font>
[20:36:15]ATTACK: <font color='red'>Phillip Thomson (as USMC marine)(lydee) shot alien hunter (925)(sypercbl4) with The bullet</font>
[20:36:16]ATTACK: <font color='red'>Phillip Thomson (as USMC marine)(lydee) shot alien hunter (925)(sypercbl4) with The bullet</font>
[20:40:24]ATTACK: <font color='red'>Marvin Whiskas(bartnixon) shaked Emma Zalchka (as USMC marine) </font>
[20:40:40]ATTACK: <font color='red'>Jason Nud (as USMC marine)(ideee) shot alien larva (86)(headcrabko) with The bullet</font>
[20:40:41]ATTACK: <font color='red'>Jason Nud (as USMC marine)(ideee) shot alien larva (86)(headcrabko) with The bullet</font>
[20:40:42]ATTACK: <font color='red'>Jason Nud (as USMC marine)(ideee) shot alien larva (86)(headcrabko) with The bullet</font>
[20:40:43]ATTACK: <font color='red'>Jason Nud (as USMC marine)(ideee) shot alien larva (86)(headcrabko) with The bullet</font>
[20:40:43]ATTACK: <font color='red'>Jason Nud (as USMC marine)(ideee) shot alien larva (86)(headcrabko) with The bullet</font>
[20:40:44]ATTACK: <font color='red'>Jason Nud (as USMC marine)(ideee) shot alien larva (86)(headcrabko) with The bullet</font>
[20:40:45]ATTACK: <font color='red'>Jason Nud (as USMC marine)(ideee) shot alien larva (86)(headcrabko) with The bullet</font>
[20:40:45]ATTACK: <font color='red'>Jason Nud (as USMC marine)(ideee) shot alien larva (86)(headcrabko) with The bullet</font>
[20:40:46]ATTACK: <font color='red'>Jason Nud (as USMC marine)(ideee) shot alien larva (86)(headcrabko) with The bullet</font>
[20:40:46]ATTACK: <font color='red'>Jason Nud (as USMC marine)(ideee) shot alien larva (86)(headcrabko) with The bullet</font>
[20:40:47]ATTACK: <font color='red'>Jason Nud (as USMC marine)(ideee) shot alien larva (86)(headcrabko) with The bullet</font>
[20:40:48]ATTACK: <font color='red'>Jason Nud (as USMC marine)(ideee) shot alien larva (86)(headcrabko) with The bullet</font>
[20:40:48]ATTACK: <font color='red'>Jason Nud (as USMC marine)(ideee) shot alien larva (86)(headcrabko) with The bullet</font>
[20:40:49]ATTACK: <font color='red'>Jason Nud (as USMC marine)(ideee) shot alien larva (86)(headcrabko) with The bullet</font>
[20:40:49]ATTACK: <font color='red'>Jason Nud (as USMC marine)(ideee) shot alien larva (86)(headcrabko) with The bullet</font>
[20:40:50]ATTACK: <font color='red'>Jason Nud (as USMC marine)(ideee) shot alien larva (86) with The bullet</font>
[20:40:50]ATTACK: <font color='red'>Jason Nud (as USMC marine)(ideee) shot alien larva (86) with The bullet</font>
[20:41:01]ATTACK: <font color='red'>Samantha Green (as USMC marine)(deus66) punched Jason Nud (as USMC marine)(ideee) </font>
[20:41:03]ATTACK: <font color='red'>Samantha Green (as USMC marine)(deus66) shaked Jason Nud (as USMC marine)(ideee) </font>
[20:42:58]ATTACK: <font color='red'>USMC marine(jedzeal) shot USMC marine(deus66) with The bullet</font>
[20:43:24]ATTACK: <font color='red'>USMC marine(jedzeal) shaked USMC marine(walterje) </font>
[20:43:26]ATTACK: <font color='red'>Jason Nud (as USMC marine)(ideee) shaked USMC marine(walterje) </font>
[20:43:51]ATTACK: <font color='red'>USMC marine(walterje) shot alien larva (342)(ideee) with The bullet</font>
[20:43:51]ATTACK: <font color='red'>Marvin Whiskas(bartnixon) shot alien larva (342)(ideee) with The bullet</font>
[20:43:51]ATTACK: <font color='red'>USMC marine(walterje) shot alien larva (342)(ideee) with The bullet</font>
[20:43:52]ATTACK: <font color='red'>USMC marine(jedzeal) shot alien larva (342)(ideee) with The bullet</font>
[20:43:53]ATTACK: <font color='red'>USMC marine(deus66) shot alien larva (342)(ideee) with The bullet</font>
[20:44:03]ATTACK: <font color='red'>USMC marine(deus66) shot Marvin Whiskas(bartnixon) with The bullet</font>
[20:44:16]ATTACK: <font color='red'>USMC marine(walterje) stripped USMC marine of USMC dog tag</font>
[20:46:23]ATTACK: <font color='red'>USMC marine(deus66) shaked Marvin Whiskas(bartnixon) </font>
[20:47:25]ATTACK: <font color='red'>USMC marine(jedzeal) hit Marvin Whiskas(bartnixon) with The gas mask</font>
[20:49:19]ATTACK: <font color='red'>Unknown(jedzeal) shot Boris Vest (as USMC marine)(walterje) with The bullet</font>
[20:49:28]ATTACK: <font color='red'>Unknown(jedzeal) hit Boris Vest (as USMC marine)(walterje) with The Stechkin pistol</font>
[20:49:40]ATTACK: <font color='red'>Samantha Green (as USMC marine)(deus66) shot Marvin Whiskas(bartnixon) with The bullet</font>
[20:49:51]ATTACK: <font color='red'>Unknown(jedzeal) disarmed Boris Vest (as USMC marine)(walterje) </font>
[20:49:52]ATTACK: <font color='red'>Unknown(jedzeal) disarmed Boris Vest (as USMC marine)(walterje) </font>
[20:49:53]ATTACK: <font color='red'>Unknown(jedzeal) disarmed Boris Vest (as USMC marine)(walterje) </font>
[20:49:54]ATTACK: <font color='red'>Unknown(jedzeal) disarmed Boris Vest (as USMC marine)(walterje) </font>
[20:49:55]ATTACK: <font color='red'>Unknown(jedzeal) disarmed Boris Vest (as USMC marine)(walterje) </font>
[20:49:56]ATTACK: <font color='red'>Unknown(jedzeal) disarmed Boris Vest (as USMC marine)(walterje) </font>
[20:49:57]ATTACK: <font color='red'>Unknown(jedzeal) disarmed Boris Vest (as USMC marine)(walterje) </font>
[20:49:58]ATTACK: <font color='red'>Unknown(jedzeal) disarmed Boris Vest (as USMC marine)(walterje) </font>
[20:49:59]ATTACK: <font color='red'>Unknown(jedzeal) disarmed Boris Vest (as USMC marine)(walterje) </font>
[20:50:00]ATTACK: <font color='red'>Boris Vest (as USMC marine)(walterje) attacked Unknown(jedzeal) with M41A Pulse Rifle MK2(INTENT: HARM) (DAMTYPE: BRUTE)</font>
[20:50:00]ATTACK: <font color='red'>Unknown(jedzeal) disarmed Boris Vest (as USMC marine)(walterje) </font>
[20:50:04]ATTACK: <font color='red'>Unknown(jedzeal) disarmed Boris Vest (as USMC marine)(walterje) </font>
[20:50:06]ATTACK: <font color='red'>Unknown(jedzeal) shot Marvin Whiskas(bartnixon) with The bullet</font>
[20:50:06]ATTACK: <font color='red'>Unknown(jedzeal) shot Marvin Whiskas(bartnixon) with The bullet</font>
[20:50:07]ATTACK: <font color='red'>Unknown(jedzeal) shot Samantha Green (as USMC marine)(deus66) with The bullet</font>
[20:50:08]ATTACK: <font color='red'>Samantha Green (as USMC marine)(deus66) shot Unknown(jedzeal) with The bullet</font>
[20:50:08]ATTACK: <font color='red'>Unknown(jedzeal) shot Samantha Green (as USMC marine)(deus66) with The bullet</font>
[20:50:10]ATTACK: <font color='red'>Unknown(jedzeal) shot Samantha Green (as USMC marine)(deus66) with The bullet</font>
[20:50:11]ATTACK: <font color='red'>Unknown(jedzeal) shot Samantha Green (as USMC marine)(deus66) with The bullet</font>
[20:50:13]ATTACK: <font color='red'>Unknown(jedzeal) shot Boris Vest (as USMC marine)(walterje) with The bullet</font>
[20:50:14]ATTACK: <font color='red'>Unknown(jedzeal) shot Boris Vest (as USMC marine)(walterje) with The bullet</font>
[20:50:14]ATTACK: <font color='red'>Unknown(jedzeal) shot Boris Vest (as USMC marine)(walterje) with The bullet</font>
[20:50:14]ATTACK: <font color='red'>Unknown(jedzeal) shot Boris Vest (as USMC marine)(walterje) with The bullet</font>
[20:50:15]ATTACK: <font color='red'>Boris Vest (as USMC marine)(walterje) shot Unknown(jedzeal) with The bullet</font>
[20:50:16]ATTACK: <font color='red'>Unknown(jedzeal) shot Boris Vest (as USMC marine)(walterje) with The bullet</font>
[20:50:25]ATTACK: <font color='red'>Unknown(jedzeal) attacked Unknown(jedzeal) with M41A Pulse Rifle MK2(INTENT: HARM) (DAMTYPE: BRUTE)</font>
[20:50:26]ATTACK: <font color='red'>Unknown(jedzeal) attacked Unknown(jedzeal) with M41A Pulse Rifle MK2(INTENT: HARM) (DAMTYPE: BRUTE)</font>
[20:50:28]ATTACK: <font color='red'>Unknown(jedzeal) attacked Unknown(jedzeal) with M41A Pulse Rifle MK2(INTENT: HARM) (DAMTYPE: BRUTE)</font>
[20:50:29]ATTACK: <font color='red'>Unknown(jedzeal) attacked Unknown(jedzeal) with M41A Pulse Rifle MK2(INTENT: HARM) (DAMTYPE: BRUTE)</font>
[20:50:30]ATTACK: <font color='red'>Unknown(jedzeal) attacked Unknown(jedzeal) with M41A Pulse Rifle MK2(INTENT: HARM) (DAMTYPE: BRUTE)</font>
[20:50:31]ATTACK: <font color='red'>Unknown(jedzeal) attacked Unknown(jedzeal) with M41A Pulse Rifle MK2(INTENT: HARM) (DAMTYPE: BRUTE)</font>
[20:50:32]ATTACK: <font color='red'>Unknown(jedzeal) attacked Unknown(jedzeal) with M41A Pulse Rifle MK2(INTENT: HARM) (DAMTYPE: BRUTE)</font>
[20:50:35]ATTACK: <font color='red'>Unknown(jedzeal) attacked Unknown(jedzeal) with M41A Pulse Rifle MK2(INTENT: HARM) (DAMTYPE: BRUTE)</font>
[20:50:36]ATTACK: <font color='red'>Unknown(jedzeal) attacked Unknown(jedzeal) with M41A Pulse Rifle MK2(INTENT: HARM) (DAMTYPE: BRUTE)</font>
[20:50:36]ATTACK: <font color='red'>Unknown(jedzeal) attacked Unknown(jedzeal) with M41A Pulse Rifle MK2(INTENT: HARM) (DAMTYPE: BRUTE)</font>
[20:50:38]ATTACK: <font color='red'>Unknown(jedzeal) attacked Unknown(jedzeal) with M41A Pulse Rifle MK2(INTENT: HARM) (DAMTYPE: BRUTE)</font>
[20:50:39]ATTACK: <font color='red'>Unknown(jedzeal) attacked Unknown(jedzeal) with M41A Pulse Rifle MK2(INTENT: HARM) (DAMTYPE: BRUTE)</font>
[20:50:39]ATTACK: <font color='red'>Unknown(jedzeal) attacked Unknown(jedzeal) with M41A Pulse Rifle MK2(INTENT: HARM) (DAMTYPE: BRUTE)</font>
[20:50:57]ATTACK: <font color='red'>Jed Zeal(jedzeal) attacked Jed Zeal(jedzeal) with M41A Pulse Rifle MK2(INTENT: HARM) (DAMTYPE: BRUTE)</font>
[20:50:58]ATTACK: <font color='red'>Jed Zeal(jedzeal) attacked Jed Zeal(jedzeal) with M41A Pulse Rifle MK2(INTENT: HARM) (DAMTYPE: BRUTE)</font>
[20:50:59]ATTACK: <font color='red'>Jed Zeal(jedzeal) attacked Jed Zeal(jedzeal) with M41A Pulse Rifle MK2(INTENT: HARM) (DAMTYPE: BRUTE)</font>
[20:51:00]ATTACK: <font color='red'>Jed Zeal(jedzeal) attacked Jed Zeal(jedzeal) with M41A Pulse Rifle MK2(INTENT: HARM) (DAMTYPE: BRUTE)</font>
[20:51:01]ATTACK: <font color='red'>Jed Zeal(jedzeal) attacked Jed Zeal(jedzeal) with M41A Pulse Rifle MK2(INTENT: HARM) (DAMTYPE: BRUTE)</font>
[20:51:02]ATTACK: <font color='red'>Jed Zeal(jedzeal) attacked Jed Zeal(jedzeal) with M41A Pulse Rifle MK2(INTENT: HARM) (DAMTYPE: BRUTE)</font>
[20:51:03]ATTACK: <font color='red'>Jed Zeal(jedzeal) attacked Jed Zeal(jedzeal) with M41A Pulse Rifle MK2(INTENT: HARM) (DAMTYPE: BRUTE)</font>
