

Starting up. 01:59.36
---------------------
Adding game mode blob (blob) to configuration.
Adding game mode changeling (changeling) to configuration.
Adding game mode traitor+changeling (traitorchan) to configuration.
Adding game mode double agents (double_agents) to configuration.
Adding game mode traitor (traitor) to configuration.
Adding game mode cult (cult) to configuration.
Adding game mode extended (extended) to configuration.
Adding game mode gang war (gang) to configuration.
Adding game mode AI malfunction (malfunction) to configuration.
Adding game mode meteor (meteor) to configuration.
Adding game mode monkey (monkey) to configuration.
Adding game mode nuclear emergency (nuclear) to configuration.
Adding game mode revolution (revolution) to configuration.
Adding game mode sandbox (sandbox) to configuration.
Adding game mode wizard (wizard) to configuration.
Saved mode is 'extended'
[01:59:37]ADMIN: Loading Banlistjob
[01:59:37]ADMIN: Loading jobban_rank
[01:59:37]ADMIN: jobban_keylist was empty
[01:59:37]ADMIN: Loading appearance_rank
[01:59:37]ADMIN: appearance_keylist was empty
[01:59:37]ADMIN: Updating jobbanfile!
[01:59:37]ADMIN: Loading Banlist
[02:00:39]ACCESS: Login: BartNixon/(BartNixon) from 127.0.0.1-3529772718 || BYOND v507
[02:01:34]ACCESS: Login: WalterJe/(WalterJe) from 25.87.228.215-3629130621 || BYOND v506
[02:01:44]ACCESS: Login: Lydee/(Lydee) from 25.86.5.21-224893347 || BYOND v506
[02:01:56]ACCESS: Logout: *no key*/(WalterJe)
[02:01:56]ACCESS: Login: WalterJe/(Boris Vest) from 25.87.228.215-3629130621 || BYOND v506
[02:02:08]OOC: BartNixon/BartNixon : Everyone, Declare Ready.
[02:02:18]ADMIN: BartNixon has started the game.
[02:02:21]ACCESS: Logout: *no key*/(BartNixon)
[02:02:21]ACCESS: Login: BartNixon/(Gilroy Rudah) from 127.0.0.1-3529772718 || BYOND v507
[02:02:34]EMOTE: Runtime/ : <B>Runtime</B> shivers
[02:02:34]EMOTE: Poly/ : <B>Poly</B> turns and flies towards the premium cigar.
[02:02:40]EMOTE: Ian/ : <B>Ian</B> dances around.
[02:02:57]ADMIN: BartNixon/(Gilroy Rudah) modified Ian's contents: ADDED=the nuclear authentication disk
[02:03:15]SAY: Poly/ : <i>WHO TOOK THE DAMN HARDSUITS?</i>
[02:03:19]ADMIN: BartNixon/(Gilroy Rudah) teleported WalterJe/(Boris Vest)
[02:03:27]ADMIN: BartNixon/(Gilroy Rudah) has used rudimentary transformation on WalterJe/(Boris Vest). Transforming to human; deletemob=1
[02:03:27]ACCESS: Logout: *no key*/(Boris Vest)
[02:03:27]ACCESS: Login: WalterJe/(Boris Vest) from 25.87.228.215-3629130621 || BYOND v506
[02:03:33]EMOTE: Poly/ : <B>Poly</B> looks in the Zippo lighter's direction and takes flight.
[02:03:45]ADMIN: BartNixon/(Gilroy Rudah) changed the equipment of WalterJe/(Boris Vest) to Captain.
[02:03:48]SAY: Betsy/ : MOOOOOO
[02:03:48]SAY: Featherbottom/ : Bwaak bwak.
[02:03:56]ADMIN: BartNixon/(Gilroy Rudah) spawned /obj/item/weapon/motiontracker at (107,99,1)
[02:03:59]SAY: mouse/ : SQUEEK!
[02:04:01]ADMIN: BartNixon/(Gilroy Rudah) spawned /obj/item/weapon/motiontracker at (106,99,1)
[02:04:13]ACCESS: Logout: *no key*/(Lydee)
[02:04:13]ACCESS: Login: Lydee/(Phillip Thomson) from 25.86.5.21-224893347 || BYOND v506
[02:04:14]EMOTE: monkey (718)/ : <B>The monkey (718)</B> jumps!
[02:04:25]ADMIN: Lydee/(Phillip Thomson) jumped to BartNixon/(Gilroy Rudah)
[02:04:28]EMOTE: Poly/ : <B>Poly</B> looks in the Power-ON cartridge's direction and takes flight.
[02:04:40]SAY: Betsy/ : moo?
[02:04:54]ADMIN: BartNixon/(Gilroy Rudah) has entered build mode.
[02:04:59]ADMIN: Build Mode: BartNixon/(Gilroy Rudah) threw Ian at the floor (88,130,1)
[02:05:00]ADMIN: Lydee/(Phillip Thomson) has used rudimentary transformation on Lydee/(Phillip Thomson). Transforming to human; deletemob=1
[02:05:00]ACCESS: Logout: *no key*/(Phillip Thomson)
[02:05:00]ACCESS: Login: Lydee/(Phillip Thomson) from 25.86.5.21-224893347 || BYOND v506
[02:05:01]ADMIN: Build Mode: BartNixon/(Gilroy Rudah) threw Ian at the floor (87,131,1)
[02:05:01]ADMIN: Build Mode: BartNixon/(Gilroy Rudah) threw Ian at the floor (87,132,1)
[02:05:02]ADMIN: Build Mode: BartNixon/(Gilroy Rudah) threw Ian at the floor (87,133,1)
[02:05:02]ADMIN: Build Mode: BartNixon/(Gilroy Rudah) threw Ian at the floor (87,134,1)
[02:05:03]ADMIN: Build Mode: BartNixon/(Gilroy Rudah) threw Ian at the floor (87,136,1)
[02:05:03]ADMIN: Build Mode: BartNixon/(Gilroy Rudah) threw Ian at the firelock (87,137,1)
[02:05:04]ADMIN: Build Mode: BartNixon/(Gilroy Rudah) threw Ian at the floor (87,138,1)
[02:05:04]ADMIN: Build Mode: BartNixon/(Gilroy Rudah) threw Ian at the floor (87,139,1)
[02:05:04]EMOTE: Featherbottom/ : <B>Featherbottom</B> pecks at the ground
[02:05:05]ADMIN: Build Mode: BartNixon/(Gilroy Rudah) threw Ian at the firelock (87,137,1)
[02:05:06]ADMIN: Build Mode: BartNixon/(Gilroy Rudah) threw Ian at the floor (87,136,1)
[02:05:07]ADMIN: Build Mode: BartNixon/(Gilroy Rudah) threw Ian at the floor (87,135,1)
[02:05:08]ADMIN: Build Mode: BartNixon/(Gilroy Rudah) threw Ian at the floor (87,135,1)
[02:05:09]ADMIN: Build Mode: BartNixon/(Gilroy Rudah) threw Ian at the floor (88,135,1)
[02:05:09]ADMIN: Lydee/(Phillip Thomson) spawned /obj/item/weapon/gun/projectile/automatic/pulse at (110,114,1)
[02:05:09]ADMIN: Build Mode: BartNixon/(Gilroy Rudah) threw Ian at the Central Primary Hallway air scrubber #4 (88,134,1)
[02:05:10]ADMIN: Build Mode: BartNixon/(Gilroy Rudah) threw Ian at the floor (88,132,1)
[02:05:11]ADMIN: Build Mode: BartNixon/(Gilroy Rudah) threw Ian at the floor (88,131,1)
[02:05:11]ADMIN: Build Mode: BartNixon/(Gilroy Rudah) threw Ian at the floor (88,130,1)
[02:05:12]ADMIN: Build Mode: BartNixon/(Gilroy Rudah) threw Ian at the floor (88,129,1)
[02:05:12]ADMIN: Build Mode: BartNixon/(Gilroy Rudah) threw Ian at the floor (88,128,1)
[02:05:13]ADMIN: Build Mode: BartNixon/(Gilroy Rudah) threw Ian at the floor (88,127,1)
[02:05:13]ADMIN: Build Mode: BartNixon/(Gilroy Rudah) threw Ian at the floor (88,125,1)
[02:05:14]ADMIN: Build Mode: BartNixon/(Gilroy Rudah) threw Ian at the floor (88,125,1)
[02:05:15]ADMIN: Build Mode: BartNixon/(Gilroy Rudah) threw Ian at the floor (88,123,1)
[02:05:15]ADMIN: Build Mode: BartNixon/(Gilroy Rudah) threw Ian at the floor (88,121,1)
[02:05:16]ADMIN: Build Mode: BartNixon/(Gilroy Rudah) threw Ian at the floor (88,119,1)
[02:05:16]ADMIN: Build Mode: BartNixon/(Gilroy Rudah) threw Ian at the floor (88,117,1)
[02:05:17]ADMIN: Build Mode: BartNixon/(Gilroy Rudah) threw Ian at the floor (88,116,1)
[02:05:17]ADMIN: Build Mode: BartNixon/(Gilroy Rudah) threw Ian at the Central Primary Hallway air scrubber #1 (88,115,1)
[02:05:18]ADMIN: Build Mode: BartNixon/(Gilroy Rudah) threw Ian at the floor (88,114,1)
[02:05:21]ADMIN: Build Mode: BartNixon/(Gilroy Rudah) threw Ian at the floor (89,114,1)
[02:05:24]EMOTE: Poly/ : <B>Poly</B> looks in the Power-ON cartridge's direction and takes flight.
[02:05:25]ADMIN: Build Mode: BartNixon/(Gilroy Rudah) threw Ian at the wall (93,113,1)
[02:05:30]EMOTE: monkey (354)/ : <B>The monkey (354)</B> jumps!
[02:05:30]SAY: Pugley III/ : Woof!
[02:05:32]SAY: mouse/ : SQUEEK!
[02:05:58]EMOTE: monkey (32)/ : <B>The monkey (32)</B> jumps!
[02:05:58]EMOTE: Poly/ : <B>Poly</B> squawks.
[02:06:03]ADMIN: BartNixon/(Gilroy Rudah) has left build mode.
[02:06:20]EMOTE: Poly/ : <B>Poly</B> looks in the Power-ON cartridge's direction and takes flight.
[02:06:35]ADMIN: BartNixon/(Gilroy Rudah) deleted Ian at (91,115,1)
[02:06:35]GAME: The nuclear authentication disk has been destroyed in (91, 115 ,1). Moving it to (154, 154, 1).
[02:06:38]EMOTE: Pete/ : <B>Pete</B> shakes its head
[02:06:44]SAY: Tom/ : Squeek!
[02:06:48]EMOTE: monkey (106)/ : <B>The monkey (106)</B> jumps!
[02:07:02]EMOTE: Pun Pun/ : <B>Pun Pun</B> gasps!
[02:07:02]EMOTE: Pun Pun/ : <B>Pun Pun</B> gasps!
[02:07:06]EMOTE: Pun Pun/ : <B>Pun Pun</B> gasps!
[02:07:10]SAY: Pugley III/ : YAP
[02:07:10]EMOTE: Pun Pun/ : <B>Pun Pun</B> gasps!
[02:07:16]EMOTE: Poly/ : <B>Poly</B> looks in the Power-ON cartridge's direction and takes flight.
[02:07:40]SAY: grey baby slime (952)/ : Rawr...
[02:07:46]SAY: grey baby slime (952)/ : Lonely...
[02:07:46]EMOTE: monkey (642)/ : <B>The monkey (642)</B> jumps!
[02:08:10]EMOTE: Tom/ : <B>Tom</B> squeeks
[02:08:17]EMOTE: Pugley III/ : <B>Pugley III</B> yaps.
[02:08:31]SAY: mouse/ : Squeek?
[02:08:37]EMOTE: mouse/ : <B>The mouse</B> squeeks
[02:08:49]SAY: Poly/ : <i>OH GOD ITS FREE CALL THE SHUTTLE</i>
[02:08:49]EMOTE: Pugley III/ : <B>Pugley III</B> shakes its head.
[02:08:53]EMOTE: Poly/ : <B>Poly</B> looks in the Power-ON cartridge's direction and takes flight.
[02:09:19]EMOTE: monkey (566)/ : <B>The monkey (566)</B> jumps!
[02:09:23]EMOTE: Pugley III/ : <B>Pugley III</B> chases its tail.
[02:09:38]ADMIN: BartNixon/(Gilroy Rudah) spawned /obj/item/weapon/gun/projectile/automatic/pulse at (129,149,1)
[02:09:49]EMOTE: Poly/ : <B>Poly</B> looks in the BreatheDeep cartridge's direction and takes flight.
[02:09:53]EMOTE: monkey (592)/ : <B>The monkey (592)</B> jumps!
[02:10:07]SAY: Runtime/ : Esp!
[02:10:29]EMOTE: mouse/ : <B>The mouse</B> shakes
[02:10:33]EMOTE: Pugley III/ : <B>Pugley III</B> chases its tail.
[02:10:41]EMOTE: monkey (106)/ : <B>The monkey (106)</B> jumps!
[02:10:41]EMOTE: monkey (718)/ : <B>The monkey (718)</B> jumps!
[02:10:41]EMOTE: Pugley III/ : <B>Pugley III</B> shivers.
[02:10:45]EMOTE: Poly/ : <B>Poly</B> looks in the pen's direction and takes flight.
[02:11:04]ADMIN: Lydee/(Phillip Thomson) spawned /obj/item/weapon/gun/energy/kinetic_accelerator at (88,136,1)
[02:11:05]SAY: mouse/ : Squeek!
[02:11:25]EMOTE: monkey (924)/ : <B>The monkey (924)</B> jumps!
[02:11:38]ACCESS: Logout: WalterJe[DC]/(Boris Vest)
[02:11:41]EMOTE: Poly/ : <B>Poly</B> looks in the pen's direction and takes flight.
[02:11:43]SAY: Betsy/ : moo?
[02:11:49]SAY: Pugley III/ : Bark!
[02:11:53]SAY: Pugley III/ : YAP
[02:11:58]ADMIN: BartNixon/(Gilroy Rudah) has deleted all (2) instances of /obj/item/weapon/motiontracker.
[02:12:01]EMOTE: Pugley III/ : <B>Pugley III</B> shakes its head.
[02:12:02]OOC: Gilroy Rudah/BartNixon : Бл
[02:12:05]OOC: Gilroy Rudah/BartNixon : Лол
[02:12:15]ADMIN: BartNixon/(Gilroy Rudah) spawned /obj/item/weapon/motiontracker at (88,140,1)
[02:12:21]ADMIN: BartNixon/(Gilroy Rudah) spawned /obj/item/weapon/motiontracker at (87,140,1)
[02:12:31]SAY: Featherbottom/ : Cluck!
[02:12:37]EMOTE: Poly/ : <B>Poly</B> looks in the chief engineer's rubber stamp's direction and takes flight.
[02:12:39]ADMIN: Lydee/(Phillip Thomson) spawned /obj/item/clothing/head/helmet/m10pbh at (89,138,1)
[02:12:49]SAY: Kentucky/ : Cluck!
[02:12:59]SAY: Betsy/ : moo
[02:13:27]SAY: mouse/ : Squeek?
[02:13:45]ADMIN: Lydee/(Phillip Thomson) changed the equipment of Lydee/(Phillip Thomson) to centcom commander.
[02:13:55]EMOTE: Poly/ : <B>Poly</B> looks in the chief engineer's rubber stamp's direction and takes flight.
[02:14:13]EMOTE: mouse/ : <B>The mouse</B> squeeks
[02:14:40]ADMIN: BartNixon/(Gilroy Rudah) spawned /obj/item/weapon/pinpointer at (69,133,1)
[02:14:49]SAY: mouse/ : SQUEEK!
[02:14:53]EMOTE: Poly/ : <B>Poly</B> looks in the bruise pack's direction and takes flight.
[02:14:57]EMOTE: monkey (354)/ : <B>The monkey (354)</B> jumps!
[02:14:57]SAY: mouse/ : SQUEEK!
[02:14:59]EMOTE: Pete/ : <B>Pete</B> glares around
[02:15:17]EMOTE: Pete/ : <B>Pete</B> brays
[02:15:39]EMOTE: monkey (924)/ : <B>The monkey (924)</B> jumps!
[02:15:51]EMOTE: Poly/ : <B>Poly</B> looks in the kelotane pill's direction and takes flight.
[02:15:57]EMOTE: monkey (32)/ : <B>The monkey (32)</B> jumps!
[02:16:01]SAY: mouse/ : SQUEEK!
[02:16:16]ACCESS: Logout: Lydee[DC]/(Phillip Thomson)
[02:16:23]SAY: mouse/ : Squeek!
[02:16:45]EMOTE: Kentucky/ : <B>Kentucky</B> flaps its wings viciously
[02:16:49]EMOTE: Poly/ : <B>Poly</B> looks in the monitor decryption key's direction and takes flight.
[02:16:52]ACCESS: Login: Lydee/(Phillip Thomson) from 25.86.5.21-224893347 || BYOND v506
[02:16:53]SAY: Kentucky/ : BWAAAAARK BWAK BWAK BWAK!
[02:16:55]EMOTE: Pete/ : <B>Pete</B> brays
[02:17:07]EMOTE: mouse/ : <B>The mouse</B> squeeks
[02:17:09]EMOTE: mouse/ : <B>The mouse</B> runs in a circle
[02:17:17]EMOTE: mouse/ : <B>The mouse</B> squeeks
[02:17:19]ADMIN: BartNixon/(Gilroy Rudah) used 'kill air'.
[02:17:19]ADMIN: BartNixon/(Gilroy Rudah) stopped all currently playing sounds.
[02:17:33]OOC: Gilroy Rudah/BartNixon : Гр...
[02:17:37]EMOTE: monkey (592)/ : <B>The monkey (592)</B> jumps!
[02:17:49]OOC: Gilroy Rudah/BartNixon : Мисклики сделали мой день, а вообще, как умудрилсэто нажать...
[02:18:15]ACCESS: Logout: BartNixon[DC]/(Gilroy Rudah)
[02:18:32]EMOTE: Runtime/ : <B>Runtime</B> meows
[02:18:40]EMOTE: Pete/ : <B>Pete</B> brays
[02:18:40]EMOTE: Pugley III/ : <B>Pugley III</B> chases its tail.
[02:19:48]EMOTE: monkey (32)/ : <B>The monkey (32)</B> jumps!
[02:19:54]SAY: Runtime/ : Meow!
[02:20:02]SAY: Runtime/ : Purr!
[02:20:40]SAY: mouse/ : Squeek?
[02:21:04]EMOTE: monkey (32)/ : <B>The monkey (32)</B> jumps!
[02:21:18]EMOTE: Runtime/ : <B>Runtime</B> shakes its head
[02:21:23]EMOTE: mouse/ : <B>The mouse</B> shakes
[02:21:35]SAY: Kentucky/ : BWAAAAARK BWAK BWAK BWAK!
[02:21:37]EMOTE: Pugley III/ : <B>Pugley III</B> chases its tail.
[02:21:54]EMOTE: monkey (592)/ : <B>The monkey (592)</B> jumps!
[02:21:54]EMOTE: mouse/ : <B>The mouse</B> squeeks
[02:22:04]EMOTE: Featherbottom/ : <B>Featherbottom</B> pecks at the ground
[02:22:35]ACCESS: Logout: Lydee[DC]/(Phillip Thomson)


Starting up. 04:06.12
---------------------
Adding game mode blob (blob) to configuration.
Adding game mode changeling (changeling) to configuration.
Adding game mode traitor+changeling (traitorchan) to configuration.
Adding game mode double agents (double_agents) to configuration.
Adding game mode traitor (traitor) to configuration.
Adding game mode cult (cult) to configuration.
Adding game mode extended (extended) to configuration.
Adding game mode gang war (gang) to configuration.
Adding game mode AI malfunction (malfunction) to configuration.
Adding game mode meteor (meteor) to configuration.
Adding game mode monkey (monkey) to configuration.
Adding game mode nuclear emergency (nuclear) to configuration.
Adding game mode revolution (revolution) to configuration.
Adding game mode sandbox (sandbox) to configuration.
Adding game mode wizard (wizard) to configuration.
Saved mode is 'extended'
[04:06:13]ADMIN: Loading Banlistjob
[04:06:13]ADMIN: Loading jobban_rank
[04:06:13]ADMIN: jobban_keylist was empty
[04:06:13]ADMIN: Loading appearance_rank
[04:06:13]ADMIN: appearance_keylist was empty
[04:06:13]ADMIN: Updating jobbanfile!
[04:06:13]ADMIN: Loading Banlist
[04:07:09]ACCESS: Login: BartNixon/(BartNixon) from 127.0.0.1-3529772718 || BYOND v507
[04:09:13]ACCESS: Logout: *no key*/(BartNixon)
[04:09:13]ACCESS: Login: BartNixon/(Gilroy Rudah) from 127.0.0.1-3529772718 || BYOND v507
[04:09:30]EMOTE: mouse/ : <B>The mouse</B> shakes
[04:09:32]SAY: Featherbottom/ : BWAAAAARK BWAK BWAK BWAK!
[04:09:42]EMOTE: Kentucky/ : <B>Kentucky</B> pecks at the ground
[04:10:02]SAY: Poly/ : <i>WHO TOOK THE DAMN HARDSUITS?</i>
[04:10:16]EMOTE: Poly/ : <B>Poly</B> turns and flies towards the premium cigar.
[04:10:40]EMOTE: monkey (266)/ : <B>The monkey (266)</B> jumps!
[04:10:48]SAY: grey baby slime (893)/ : Lonely...
[04:10:52]EMOTE: Pugley III/ : <B>Pugley III</B> chases its tail.
[04:10:52]EMOTE: Pete/ : <B>Pete</B> brays
[04:11:18]EMOTE: mouse/ : <B>The mouse</B> runs in a circle
[04:11:18]EMOTE: Poly/ : <B>Poly</B> looks in the Zippo lighter's direction and takes flight.
[04:11:44]EMOTE: monkey (856)/ : <B>The monkey (856)</B> jumps!
[04:11:58]EMOTE: Pun Pun/ : <B>Pun Pun</B> jumps!
[04:12:04]EMOTE: Pugley III/ : <B>Pugley III</B> chases its tail.
[04:12:12]EMOTE: Poly/ : <B>Poly</B> looks in the Power-ON cartridge's direction and takes flight.
[04:12:24]EMOTE: Pun Pun/ : <B>Pun Pun</B> jumps!
[04:12:32]SAY: Pugley III/ : YAP
[04:12:44]EMOTE: monkey (390)/ : <B>The monkey (390)</B> jumps!
[04:12:56]EMOTE: mouse/ : <B>The mouse</B> shakes
[04:13:08]SAY: Poly/ : <i>Poly wanna cracker!</i>
[04:13:08]EMOTE: Poly/ : <B>Poly</B> looks in the Power-ON cartridge's direction and takes flight.
[04:13:16]SAY: mouse/ : SQUEEK!
[04:13:20]SAY: Featherbottom/ : Bwaak bwak.
[04:13:32]EMOTE: Pugley III/ : <B>Pugley III</B> pants.
[04:13:56]EMOTE: mouse/ : <B>The mouse</B> runs in a circle
[04:14:14]EMOTE: Ian/ : <B>Ian</B> woofs!
[04:14:14]EMOTE: Tom/ : <B>Tom</B> runs in a circle
[04:14:26]EMOTE: Kentucky/ : <B>Kentucky</B> pecks at the ground
[04:14:36]SAY: mouse/ : Squeek?
[04:14:42]EMOTE: Tom/ : <B>Tom</B> shakes
[04:14:44]SAY: mouse/ : Squeek!
[04:14:56]EMOTE: mouse/ : <B>The mouse</B> runs in a circle
[04:15:06]EMOTE: Poly/ : <B>Poly</B> looks in the Power-ON cartridge's direction and takes flight.
[04:15:22]SAY: mouse/ : Squeek!
[04:15:26]EMOTE: Ian/ : <B>Ian</B> chases its tail!
[04:15:34]SAY: Kentucky/ : Bwaak bwak.
[04:15:36]EMOTE: mouse/ : <B>The mouse</B> runs in a circle
[04:16:00]SAY: mouse/ : Squeek?
[04:16:00]EMOTE: Featherbottom/ : <B>Featherbottom</B> clucks
[04:16:00]EMOTE: mouse/ : <B>The mouse</B> shakes
[04:16:02]EMOTE: Poly/ : <B>Poly</B> looks in the Power-ON cartridge's direction and takes flight.
[04:16:42]EMOTE: monkey (390)/ : <B>The monkey (390)</B> jumps!
[04:16:58]EMOTE: Poly/ : <B>Poly</B> looks in the BreatheDeep cartridge's direction and takes flight.
[04:17:16]SAY: Featherbottom/ : Bwaak bwak.
[04:17:24]EMOTE: monkey (265)/ : <B>The monkey (265)</B> jumps!
[04:17:30]EMOTE: Poly/ : <B>Poly</B> bawks!
[04:17:48]EMOTE: mouse/ : <B>The mouse</B> squeeks
[04:17:50]SAY: Ian/ : Woof!
[04:17:50]EMOTE: mouse/ : <B>The mouse</B> runs in a circle
[04:17:58]EMOTE: Poly/ : <B>Poly</B> looks in the BreatheDeep cartridge's direction and takes flight.
[04:18:06]EMOTE: Pugley III/ : <B>Pugley III</B> chases its tail.
[04:18:15]SAY: mouse/ : Squeek?
[04:18:29]EMOTE: monkey (390)/ : <B>The monkey (390)</B> jumps!
[04:18:53]EMOTE: Poly/ : <B>Poly</B> looks in the pen's direction and takes flight.
[04:18:55]SAY: grey baby slime (893)/ : Rawr...
[04:18:55]SAY: mouse/ : Squeek?
[04:19:17]ADMIN: BartNixon/(Gilroy Rudah) has used rudimentary transformation on BartNixon/(Gilroy Rudah). Transforming to human; deletemob=1
[04:19:17]ACCESS: Logout: *no key*/(Gilroy Rudah)
[04:19:17]ACCESS: Login: BartNixon/(Gilroy Rudah) from 127.0.0.1-3529772718 || BYOND v507
[04:19:31]ADMIN: BartNixon/(Gilroy Rudah) spawned /obj/item/clothing/suit/armor/m3ppa at (45,138,1)
[04:19:45]ADMIN: BartNixon/(Gilroy Rudah) spawned /obj/item/clothing/head/helmet/m10pbh at (45,137,1)
[04:19:50]EMOTE: Pugley III/ : <B>Pugley III</B> pants.
[04:19:50]EMOTE: Poly/ : <B>Poly</B> looks in the chief engineer's rubber stamp's direction and takes flight.
[04:19:54]ADMIN: BartNixon/(Gilroy Rudah) spawned /obj/item/clothing/under/bdu at (45,138,1)
[04:20:03]ADMIN: BartNixon/(Gilroy Rudah) spawned /obj/item/clothing/shoes/jackboots at (45,138,1)
[04:20:04]SAY: Kentucky/ : Cluck!
[04:20:06]EMOTE: Runtime/ : <B>Runtime</B> shakes its head
[04:20:15]ADMIN: BartNixon/(Gilroy Rudah) spawned /obj/item/weapon/gun/projectile/automatic/pulse at (45,137,1)
[04:20:16]EMOTE: mouse/ : <B>The mouse</B> squeeks
[04:20:20]EMOTE: mouse/ : <B>The mouse</B> runs in a circle
[04:20:24]EMOTE: Kentucky/ : <B>Kentucky</B> clucks
[04:20:25]ADMIN: BartNixon/(Gilroy Rudah) spawned /obj/item/weapon/motiontracker at (45,136,1)
[04:20:34]ADMIN: BartNixon/(Gilroy Rudah) spawned /obj/item/weapon/holodisk/holodiskmarinesen at (47,136,1)
[04:20:39]ADMIN: BartNixon/(Gilroy Rudah) spawned /obj/item/weapon/holodisk/holodiskmarinesru at (46,136,1)
[04:20:50]EMOTE: Poly/ : <B>Poly</B> looks in the chief engineer's rubber stamp's direction and takes flight.
[04:21:10]EMOTE: Pugley III/ : <B>Pugley III</B> chases its tail.
[04:21:12]SAY: Runtime/ : Esp!
[04:21:19]EMOTE: monkey (659)/ : <B>The monkey (659)</B> jumps!
[04:21:21]EMOTE: Ian/ : <B>Ian</B> shakes its head.
[04:21:34]SAY: grey baby slime (415)/ : Lonely...
[04:21:43]SAY: mouse/ : Squeek?
[04:21:48]EMOTE: Poly/ : <B>Poly</B> looks in the bruise pack's direction and takes flight.
[04:22:17]EMOTE: Ian/ : <B>Ian</B> dances around.
[04:22:25]EMOTE: Pugley III/ : <B>Pugley III</B> chases its tail.
[04:22:37]EMOTE: mouse/ : <B>The mouse</B> runs in a circle
[04:22:37]SAY: mouse/ : Squeek!
[04:22:45]EMOTE: Poly/ : <B>Poly</B> looks in the kelotane pill's direction and takes flight.
[04:22:51]SAY: Featherbottom/ : BWAAAAARK BWAK BWAK BWAK!
[04:22:57]EMOTE: Pugley III/ : <B>Pugley III</B> pants.
[04:23:19]SAY: Featherbottom/ : Cluck!
[04:23:25]EMOTE: Pugley III/ : <B>Pugley III</B> chases its tail.
[04:23:43]EMOTE: Poly/ : <B>Poly</B> looks in the monitor decryption key's direction and takes flight.
[04:24:09]EMOTE: Pete/ : <B>Pete</B> glares around
[04:24:25]SAY: Betsy/ : MOOOOOO
[04:24:33]EMOTE: mouse/ : <B>The mouse</B> squeeks
[04:24:44]ACCESS: Logout: BartNixon[DC]/(Gilroy Rudah)
