

Starting up. 03:44.59
---------------------
Adding game mode blob (blob) to configuration.
Adding game mode changeling (changeling) to configuration.
Adding game mode traitor+changeling (traitorchan) to configuration.
Adding game mode double agents (double_agents) to configuration.
Adding game mode traitor (traitor) to configuration.
Adding game mode cult (cult) to configuration.
Adding game mode extended (extended) to configuration.
Adding game mode gang war (gang) to configuration.
Adding game mode AI malfunction (malfunction) to configuration.
Adding game mode meteor (meteor) to configuration.
Adding game mode monkey (monkey) to configuration.
Adding game mode nuclear emergency (nuclear) to configuration.
Adding game mode revolution (revolution) to configuration.
Adding game mode sandbox (sandbox) to configuration.
Adding game mode wizard (wizard) to configuration.
Saved mode is 'extended'
[03:44:59]ADMIN: Loading Banlistjob
[03:44:59]ADMIN: Loading jobban_rank
[03:44:59]ADMIN: jobban_keylist was empty
[03:44:59]ADMIN: Loading appearance_rank
[03:44:59]ADMIN: appearance_keylist was empty
[03:44:59]ADMIN: Updating jobbanfile!
[03:44:59]ADMIN: Loading Banlist
[03:46:06]ACCESS: Login: BartNixon/(BartNixon) from 127.0.0.1-3529772718 || BYOND v507
[03:47:11]ADMIN: BartNixon has started the game.
[03:47:15]EMOTE: mouse/ : <B>The mouse</B> shakes
[03:47:24]ACCESS: Logout: *no key*/(BartNixon)
[03:47:24]ACCESS: Login: BartNixon/(Gilroy Rudah) from 127.0.0.1-3529772718 || BYOND v507
[03:47:27]EMOTE: Poly/ : <B>Poly</B> turns and flies towards the clipboard.
[03:47:51]EMOTE: Pete/ : <B>Pete</B> shakes its head
[03:47:53]SAY: mouse/ : Squeek?
[03:47:59]EMOTE: mouse/ : <B>The mouse</B> shakes
[03:48:03]EMOTE: Pugley III/ : <B>Pugley III</B> shivers.
[03:48:07]SAY: Betsy/ : moo?
[03:48:10]ADMIN: BartNixon/(Gilroy Rudah) jumped to the Centcom Transport Shuttle
[03:48:17]EMOTE: mouse/ : <B>The mouse</B> shakes
[03:48:25]EMOTE: Poly/ : <B>Poly</B> looks in the pen's direction and takes flight.
[03:48:25]EMOTE: Gilroy Rudah/BartNixon : <B>Gilroy Rudah</B> gasps!
[03:48:29]EMOTE: monkey (415)/ : <B>The monkey (415)</B> jumps!
[03:48:29]EMOTE: Pugley III/ : <B>Pugley III</B> chases its tail.
[03:48:59]EMOTE: Ian/ : <B>Ian</B> chases its tail!
[03:49:11]EMOTE: Gilroy Rudah/BartNixon : <B>Gilroy Rudah</B> gasps!
[03:49:19]EMOTE: Poly/ : <B>Poly</B> looks in the Zippo lighter's direction and takes flight.
[03:49:27]EMOTE: Pugley III/ : <B>Pugley III</B> chases its tail.
[03:49:31]SAY: Betsy/ : MOOOOOO
[03:49:57]ADMIN: BartNixon/(Gilroy Rudah) moved the centcom ferry
[03:49:57]ADMIN: BartNixon/(Gilroy Rudah) used secret moveferry
[03:49:59]EMOTE: mouse/ : <B>The mouse</B> runs in a circle
[03:50:07]EMOTE: mouse/ : <B>The mouse</B> squeeks
[03:50:15]EMOTE: Poly/ : <B>Poly</B> looks in the monitor decryption key's direction and takes flight.
[03:51:09]ADMIN: BartNixon/(Gilroy Rudah) modified Engineering Secure Storage's req_access: REMOVED=11
[03:51:15]EMOTE: Poly/ : <B>Poly</B> looks in the monitor decryption key's direction and takes flight.
[03:51:19]EMOTE: mouse/ : <B>The mouse</B> shakes
[03:51:39]EMOTE: Ian/ : <B>Ian</B> dances around.
[03:51:43]EMOTE: Pugley III/ : <B>Pugley III</B> chases its tail.
[03:52:05]SAY: mouse/ : SQUEEK!
[03:52:13]EMOTE: Poly/ : <B>Poly</B> looks in the premium cigar's direction and takes flight.
[03:52:15]SAY: mouse/ : Squeek!
[03:52:20]ADMIN: BartNixon/(Gilroy Rudah) modified Engineering Secure Storage's id to 228
[03:52:41]ADMIN: BartNixon/(Gilroy Rudah) modified Engineering Secure Storage's id to Marine
[03:52:43]SAY: mouse/ : SQUEEK!
[03:52:47]SAY: Kentucky/ : BWAAAAARK BWAK BWAK BWAK!
[03:52:51]ADMIN: BartNixon/(Gilroy Rudah) modified blast door's id to 228
[03:53:01]EMOTE: mouse/ : <B>The mouse</B> runs in a circle
[03:53:02]ADMIN: BartNixon/(Gilroy Rudah) modified blast door's id to Marine
[03:53:11]EMOTE: Poly/ : <B>Poly</B> looks in the chief engineer's rubber stamp's direction and takes flight.
[03:53:11]EMOTE: Gilroy Rudah/BartNixon : <B>Gilroy Rudah</B> gasps!
[03:53:15]EMOTE: Gilroy Rudah/BartNixon : <B>Gilroy Rudah</B> gasps!
[03:53:29]EMOTE: monkey (897)/ : <B>The monkey (897)</B> jumps!
[03:53:51]EMOTE: mouse/ : <B>The mouse</B> runs in a circle
[03:53:57]EMOTE: mouse/ : <B>The mouse</B> shakes
[03:54:08]ACCESS: Logout: BartNixon[DC]/(Gilroy Rudah)
[03:54:10]ACCESS: Login: BartNixon/(Gilroy Rudah) from 127.0.0.1-3529772718 || BYOND v507
[03:54:10]EMOTE: Poly/ : <B>Poly</B> looks in the bruise pack's direction and takes flight.
[03:54:14]ACCESS: Logout: BartNixon[DC]/(Gilroy Rudah)


Starting up. 05:08.43
---------------------
Adding game mode blob (blob) to configuration.
Adding game mode changeling (changeling) to configuration.
Adding game mode traitor+changeling (traitorchan) to configuration.
Adding game mode double agents (double_agents) to configuration.
Adding game mode traitor (traitor) to configuration.
Adding game mode cult (cult) to configuration.
Adding game mode extended (extended) to configuration.
Adding game mode gang war (gang) to configuration.
Adding game mode AI malfunction (malfunction) to configuration.
Adding game mode meteor (meteor) to configuration.
Adding game mode monkey (monkey) to configuration.
Adding game mode nuclear emergency (nuclear) to configuration.
Adding game mode revolution (revolution) to configuration.
Adding game mode sandbox (sandbox) to configuration.
Adding game mode wizard (wizard) to configuration.
Saved mode is 'extended'
[05:08:43]ADMIN: Loading Banlistjob
[05:08:43]ADMIN: Loading jobban_rank
[05:08:43]ADMIN: jobban_keylist was empty
[05:08:43]ADMIN: Loading appearance_rank
[05:08:43]ADMIN: appearance_keylist was empty
[05:08:43]ADMIN: Updating jobbanfile!
[05:08:43]ADMIN: Loading Banlist
[05:10:39]ACCESS: Login: BartNixon/(BartNixon) from 127.0.0.1-3529772718 || BYOND v507
[05:11:27]ADMIN: BartNixon has started the game.
[05:11:38]ACCESS: Logout: *no key*/(BartNixon)
[05:11:38]ACCESS: Login: BartNixon/(Gilroy Rudah) from 127.0.0.1-3529772718 || BYOND v507
[05:11:39]EMOTE: Pugley III/ : <B>Pugley III</B> chases its tail.
[05:12:09]EMOTE: Pete/ : <B>Pete</B> glares around
[05:12:14]ADMIN: BartNixon/(Gilroy Rudah) jumped to the Centcom Transport Shuttle
[05:12:21]EMOTE: Poly/ : <B>Poly</B> turns and flies towards the folder.
[05:12:23]ADMIN: BartNixon/(Gilroy Rudah) jumped to 115,99,2 in the Transport Shuttle Centcom
[05:12:47]SAY: mouse/ : Squeek?
[05:12:56]ADMIN: BartNixon/(Gilroy Rudah) moved the centcom ferry
[05:12:56]ADMIN: BartNixon/(Gilroy Rudah) used secret moveferry
[05:13:25]EMOTE: Poly/ : <B>Poly</B> looks in the Zippo lighter's direction and takes flight.
[05:13:42]SAY: Betsy/ : moo?
[05:14:06]EMOTE: Ian/ : <B>Ian</B> dances around.
[05:14:08]ADMIN: BartNixon/(Gilroy Rudah) modified Blast doors's id to Marine
[05:14:12]SAY: mouse/ : SQUEEK!
[05:14:18]EMOTE: Poly/ : <B>Poly</B> looks in the premium cigar's direction and takes flight.
[05:14:40]EMOTE: Ian/ : <B>Ian</B> pants.
[05:14:46]SAY: Pugley III/ : AUUUUUU
[05:15:04]ADMIN: BartNixon/(Gilroy Rudah) spawned /obj/item/clothing/under/uscmc/bdu at (53,131,1)
[05:15:11]ADMIN: BartNixon/(Gilroy Rudah) spawned /obj/item/clothing/suit/armor/uscmc/m3ppa at (52,130,1)
[05:15:14]EMOTE: Poly/ : <B>Poly</B> looks in the pen's direction and takes flight.
[05:15:22]ADMIN: BartNixon/(Gilroy Rudah) spawned /obj/item/clothing/head/helmet/uscmc/m10pbh at (51,130,1)
[05:15:40]SAY: Kentucky/ : Cluck!
[05:15:42]EMOTE: Ian/ : <B>Ian</B> dances around.
[05:15:55]ADMIN: BartNixon/(Gilroy Rudah) spawned /obj/item/weapon/gun/projectile/automatic/uscmc/m41a at (52,130,1)
[05:16:02]SAY: mouse/ : SQUEEK!
[05:16:12]EMOTE: Poly/ : <B>Poly</B> looks in the pen's direction and takes flight.
[05:17:00]ACCESS: Logout: BartNixon[DC]/(Gilroy Rudah)


Starting up. 05:25.33
---------------------
Adding game mode blob (blob) to configuration.
Adding game mode changeling (changeling) to configuration.
Adding game mode traitor+changeling (traitorchan) to configuration.
Adding game mode double agents (double_agents) to configuration.
Adding game mode traitor (traitor) to configuration.
Adding game mode cult (cult) to configuration.
Adding game mode extended (extended) to configuration.
Adding game mode gang war (gang) to configuration.
Adding game mode AI malfunction (malfunction) to configuration.
Adding game mode meteor (meteor) to configuration.
Adding game mode monkey (monkey) to configuration.
Adding game mode nuclear emergency (nuclear) to configuration.
Adding game mode revolution (revolution) to configuration.
Adding game mode sandbox (sandbox) to configuration.
Adding game mode wizard (wizard) to configuration.
Saved mode is 'extended'
[05:25:33]ADMIN: Loading Banlistjob
[05:25:33]ADMIN: Loading jobban_rank
[05:25:33]ADMIN: jobban_keylist was empty
[05:25:33]ADMIN: Loading appearance_rank
[05:25:33]ADMIN: appearance_keylist was empty
[05:25:33]ADMIN: Updating jobbanfile!
[05:25:33]ADMIN: Loading Banlist
[05:28:14]ACCESS: Login: BartNixon/(BartNixon) from 127.0.0.1-3529772718 || BYOND v507
[05:28:56]ADMIN: BartNixon has started the game.
[05:28:59]ACCESS: Logout: *no key*/(BartNixon)
[05:28:59]ACCESS: Login: BartNixon/(Gilroy Rudah) from 127.0.0.1-3529772718 || BYOND v507
[05:29:12]ADMIN: BartNixon/(Gilroy Rudah) jumped to the Centcom Transport Shuttle
[05:29:19]ADMIN: BartNixon/(Gilroy Rudah) jumped to 115,99,2 in the Transport Shuttle Centcom
[05:29:43]EMOTE: Poly/ : <B>Poly</B> turns and flies towards the premium cigar.
[05:29:55]ADMIN: BartNixon/(Gilroy Rudah) modified crew monitoring console's icon_state to consoletop
[05:30:01]EMOTE: Betsy/ : <B>Betsy</B> shakes its head
[05:30:16]ADMIN: BartNixon/(Gilroy Rudah) modified security camera console's icon_state to consolebottom
[05:30:25]EMOTE: monkey (166)/ : <B>The monkey (166)</B> jumps!
[05:30:33]SAY: grey baby slime (879)/ : Lonely...
[05:30:39]EMOTE: Kentucky/ : <B>Kentucky</B> clucks
[05:30:39]EMOTE: Tom/ : <B>Tom</B> shakes
[05:30:51]SAY: Kentucky/ : Cluck!
[05:30:57]EMOTE: Poly/ : <B>Poly</B> looks in the Zippo lighter's direction and takes flight.
[05:31:09]SAY: mouse/ : Squeek?
[05:31:23]EMOTE: Kentucky/ : <B>Kentucky</B> flaps its wings viciously
[05:31:25]EMOTE: mouse/ : <B>The mouse</B> shakes
[05:31:29]EMOTE: monkey (989)/ : <B>The monkey (989)</B> jumps!
[05:31:29]SAY: mouse/ : SQUEEK!
[05:31:51]EMOTE: mouse/ : <B>The mouse</B> shakes
[05:31:51]EMOTE: Poly/ : <B>Poly</B> looks in the Power-ON cartridge's direction and takes flight.
[05:32:01]SAY: Poly/ : <i>Breaking news from Station Announcements!</i>
[05:32:03]EMOTE: mouse/ : <B>The mouse</B> runs in a circle
[05:32:03]EMOTE: monkey (82)/ : <B>The monkey (82)</B> jumps!
[05:32:11]EMOTE: Poly/ : <B>Poly</B> bawks!
[05:32:19]ACCESS: Logout: BartNixon[DC]/(Gilroy Rudah)


Starting up. 06:34.28
---------------------
Adding game mode blob (blob) to configuration.
Adding game mode changeling (changeling) to configuration.
Adding game mode traitor+changeling (traitorchan) to configuration.
Adding game mode double agents (double_agents) to configuration.
Adding game mode traitor (traitor) to configuration.
Adding game mode cult (cult) to configuration.
Adding game mode extended (extended) to configuration.
Adding game mode gang war (gang) to configuration.
Adding game mode AI malfunction (malfunction) to configuration.
Adding game mode meteor (meteor) to configuration.
Adding game mode monkey (monkey) to configuration.
Adding game mode nuclear emergency (nuclear) to configuration.
Adding game mode revolution (revolution) to configuration.
Adding game mode sandbox (sandbox) to configuration.
Adding game mode wizard (wizard) to configuration.
Saved mode is 'extended'
[06:34:28]ADMIN: Loading Banlistjob
[06:34:28]ADMIN: Loading jobban_rank
[06:34:28]ADMIN: jobban_keylist was empty
[06:34:28]ADMIN: Loading appearance_rank
[06:34:28]ADMIN: appearance_keylist was empty
[06:34:28]ADMIN: Updating jobbanfile!
[06:34:28]ADMIN: Loading Banlist
[06:37:09]ACCESS: Login: BartNixon/(BartNixon) from 127.0.0.1-3529772718 || BYOND v507
[06:37:38]ACCESS: Logout: *no key*/(BartNixon)
[06:37:38]ACCESS: Login: BartNixon/(Gilroy Rudah) from 127.0.0.1-3529772718 || BYOND v507
[06:37:44]ADMIN: BartNixon/(Gilroy Rudah) jumped to the Centcom Transport Shuttle
[06:38:12]ACCESS: Logout: BartNixon[DC]/(Gilroy Rudah)


Starting up. 20:29.03
---------------------
Adding game mode blob (blob) to configuration.
Adding game mode changeling (changeling) to configuration.
Adding game mode traitor+changeling (traitorchan) to configuration.
Adding game mode double agents (double_agents) to configuration.
Adding game mode traitor (traitor) to configuration.
Adding game mode cult (cult) to configuration.
Adding game mode extended (extended) to configuration.
Adding game mode gang war (gang) to configuration.
Adding game mode AI malfunction (malfunction) to configuration.
Adding game mode meteor (meteor) to configuration.
Adding game mode monkey (monkey) to configuration.
Adding game mode nuclear emergency (nuclear) to configuration.
Adding game mode revolution (revolution) to configuration.
Adding game mode sandbox (sandbox) to configuration.
Adding game mode wizard (wizard) to configuration.
Saved mode is 'extended'
[20:29:03]ADMIN: Loading Banlistjob
[20:29:03]ADMIN: Loading jobban_rank
[20:29:03]ADMIN: jobban_keylist was empty
[20:29:03]ADMIN: Loading appearance_rank
[20:29:03]ADMIN: appearance_keylist was empty
[20:29:03]ADMIN: Updating jobbanfile!
[20:29:03]ADMIN: Loading Banlist
[20:31:17]ACCESS: Login: BartNixon/(BartNixon) from 127.0.0.1-3529772718 || BYOND v507
[20:31:56]ACCESS: Logout: *no key*/(BartNixon)
[20:31:56]ACCESS: Login: BartNixon/(Gilroy Rudah) from 127.0.0.1-3529772718 || BYOND v507
[20:32:02]ADMIN: BartNixon/(Gilroy Rudah) jumped to the Centcom Transport Shuttle
[20:32:20]ADMIN: BartNixon/(Gilroy Rudah) has used rudimentary transformation on BartNixon/(Gilroy Rudah). Transforming to human; deletemob=1
[20:32:20]ACCESS: Logout: *no key*/(Gilroy Rudah)
[20:32:20]ACCESS: Login: BartNixon/(Gilroy Rudah) from 127.0.0.1-3529772718 || BYOND v507
[20:32:37]ADMIN: BartNixon has started the game.
[20:32:49]EMOTE: Poly/ : <B>Poly</B> turns and flies towards the Zippo lighter.
[20:32:49]ADMIN: BartNixon/(Gilroy Rudah) jumped to the Centcom Transport Shuttle
[20:32:55]ADMIN: BartNixon/(Gilroy Rudah) jumped to 115,99,2 in the Transport Shuttle Centcom
[20:32:59]SAY: grey baby slime (905)/ : Lonely...
[20:33:07]SAY: Betsy/ : moo
[20:33:36]ACCESS: Logout: BartNixon[DC]/(Gilroy Rudah)


Starting up. 20:50.38
---------------------
Adding game mode blob (blob) to configuration.
Adding game mode changeling (changeling) to configuration.
Adding game mode traitor+changeling (traitorchan) to configuration.
Adding game mode double agents (double_agents) to configuration.
Adding game mode traitor (traitor) to configuration.
Adding game mode cult (cult) to configuration.
Adding game mode extended (extended) to configuration.
Adding game mode gang war (gang) to configuration.
Adding game mode AI malfunction (malfunction) to configuration.
Adding game mode meteor (meteor) to configuration.
Adding game mode monkey (monkey) to configuration.
Adding game mode nuclear emergency (nuclear) to configuration.
Adding game mode revolution (revolution) to configuration.
Adding game mode sandbox (sandbox) to configuration.
Adding game mode wizard (wizard) to configuration.
Saved mode is 'extended'
[20:50:38]ADMIN: Loading Banlistjob
[20:50:38]ADMIN: Loading jobban_rank
[20:50:38]ADMIN: jobban_keylist was empty
[20:50:38]ADMIN: Loading appearance_rank
[20:50:38]ADMIN: appearance_keylist was empty
[20:50:38]ADMIN: Updating jobbanfile!
[20:50:38]ADMIN: Loading Banlist
[20:52:15]ACCESS: Login: BartNixon/(BartNixon) from 127.0.0.1-3529772718 || BYOND v507
[20:52:50]ADMIN: BartNixon has started the game.
[20:52:53]EMOTE: Ian/ : <B>Ian</B> chases its tail!
[20:52:53]SAY: Featherbottom/ : Bwaak bwak.
[20:52:58]ACCESS: Logout: *no key*/(BartNixon)
[20:52:58]ACCESS: Login: BartNixon/(Gilroy Rudah) from 127.0.0.1-3529772718 || BYOND v507
[20:53:03]ADMIN: BartNixon/(Gilroy Rudah) jumped to the Centcom Transport Shuttle
[20:53:04]EMOTE: Pete/ : <B>Pete</B> shakes its head
[20:53:08]EMOTE: Poly/ : <B>Poly</B> turns and flies towards the Zippo lighter.
[20:53:09]ADMIN: BartNixon/(Gilroy Rudah) has used rudimentary transformation on BartNixon/(Gilroy Rudah). Transforming to human; deletemob=1
[20:53:09]ACCESS: Logout: *no key*/(Gilroy Rudah)
[20:53:09]ACCESS: Login: BartNixon/(Gilroy Rudah) from 127.0.0.1-3529772718 || BYOND v507
[20:53:16]EMOTE: Runtime/ : <B>Runtime</B> mews
[20:53:18]SAY: mouse/ : Squeek!
[20:53:28]EMOTE: Featherbottom/ : <B>Featherbottom</B> clucks
[20:53:37]EMOTE: monkey (525)/ : <B>The monkey (525)</B> jumps!
[20:53:38]EMOTE: Gilroy Rudah/BartNixon : <B>Gilroy Rudah</B> gasps!
[20:53:47]ACCESS: Logout: BartNixon[DC]/(Gilroy Rudah)


Starting up. 21:49.32
---------------------
Adding game mode blob (blob) to configuration.
Adding game mode changeling (changeling) to configuration.
Adding game mode traitor+changeling (traitorchan) to configuration.
Adding game mode double agents (double_agents) to configuration.
Adding game mode traitor (traitor) to configuration.
Adding game mode cult (cult) to configuration.
Adding game mode extended (extended) to configuration.
Adding game mode gang war (gang) to configuration.
Adding game mode AI malfunction (malfunction) to configuration.
Adding game mode meteor (meteor) to configuration.
Adding game mode monkey (monkey) to configuration.
Adding game mode nuclear emergency (nuclear) to configuration.
Adding game mode revolution (revolution) to configuration.
Adding game mode sandbox (sandbox) to configuration.
Adding game mode wizard (wizard) to configuration.
Saved mode is 'extended'
[21:49:32]ADMIN: Loading Banlistjob
[21:49:32]ADMIN: Loading jobban_rank
[21:49:32]ADMIN: jobban_keylist was empty
[21:49:32]ADMIN: Loading appearance_rank
[21:49:32]ADMIN: appearance_keylist was empty
[21:49:32]ADMIN: Updating jobbanfile!
[21:49:32]ADMIN: Loading Banlist
[21:51:30]ACCESS: Login: BartNixon/(BartNixon) from 127.0.0.1-3529772718 || BYOND v507
[21:52:19]ACCESS: Logout: *no key*/(BartNixon)
[21:52:19]ACCESS: Login: BartNixon/(Gilroy Rudah) from 127.0.0.1-3529772718 || BYOND v507
[21:52:27]ADMIN: BartNixon/(Gilroy Rudah) jumped to the Centcom Transport Shuttle
[21:52:49]ADMIN: BartNixon/(Gilroy Rudah) modified Arrivals Security Checkpoint's layer to 11
[21:52:53]ADMIN: BartNixon has started the game.
[21:53:00]EMOTE: Poly/ : <B>Poly</B> turns and flies towards the Zippo lighter.
[21:53:04]ADMIN: BartNixon/(Gilroy Rudah) modified Arrivals Security Checkpoint's layer to 11
[21:53:11]ADMIN: BartNixon/(Gilroy Rudah) modified Arrivals Security Checkpoint's layer to 11
[21:53:13]EMOTE: Ian/ : <B>Ian</B> chases its tail!
[21:53:18]ADMIN: BartNixon/(Gilroy Rudah) has used rudimentary transformation on BartNixon/(Gilroy Rudah). Transforming to human; deletemob=1
[21:53:18]ACCESS: Logout: *no key*/(Gilroy Rudah)
[21:53:18]ACCESS: Login: BartNixon/(Gilroy Rudah) from 127.0.0.1-3529772718 || BYOND v507
[21:53:25]EMOTE: monkey (242)/ : <B>The monkey (242)</B> jumps!
[21:53:47]EMOTE: monkey (849)/ : <B>The monkey (849)</B> jumps!
[21:54:09]SAY: mouse/ : Squeek!
[21:54:15]SAY: mouse/ : Squeek?
[21:54:25]EMOTE: monkey (869)/ : <B>The monkey (869)</B> jumps!
[21:54:39]SAY: Kentucky/ : Bwaak bwak.
[21:54:49]EMOTE: Ian/ : <B>Ian</B> dances around.
[21:54:51]EMOTE: mouse/ : <B>The mouse</B> shakes
[21:54:57]EMOTE: Poly/ : <B>Poly</B> looks in the chief engineer's rubber stamp's direction and takes flight.
[21:55:17]EMOTE: Pugley III/ : <B>Pugley III</B> chases its tail.
[21:55:17]SAY: mouse/ : SQUEEK!
[21:55:21]EMOTE: monkey (375)/ : <B>The monkey (375)</B> jumps!
[21:55:27]EMOTE: Pugley III/ : <B>Pugley III</B> chases its tail.
[21:55:53]EMOTE: Poly/ : <B>Poly</B> looks in the bruise pack's direction and takes flight.
[21:56:11]EMOTE: monkey (929)/ : <B>The monkey (929)</B> jumps!
[21:56:11]EMOTE: Pete/ : <B>Pete</B> brays
[21:56:35]SAY: grey baby slime (933)/ : Lonely...
[21:56:49]EMOTE: monkey (375)/ : <B>The monkey (375)</B> jumps!
[21:56:57]EMOTE: Poly/ : <B>Poly</B> looks in the bruise pack's direction and takes flight.
[21:56:59]EMOTE: mouse/ : <B>The mouse</B> shakes
[21:57:05]SAY: Tom/ : Squeek?
[21:57:07]SAY: Featherbottom/ : BWAAAAARK BWAK BWAK BWAK!
[21:57:19]ADMIN: BartNixon/(Gilroy Rudah) moved the centcom ferry
[21:57:19]ADMIN: BartNixon/(Gilroy Rudah) used secret moveferry
[21:57:21]SAY: grey baby slime (933)/ : Rawr...
[21:57:21]EMOTE: Pugley III/ : <B>Pugley III</B> pants.
[21:57:23]EMOTE: Ian/ : <B>Ian</B> dances around.
[21:57:31]EMOTE: Pugley III/ : <B>Pugley III</B> yaps.
[21:57:53]EMOTE: Poly/ : <B>Poly</B> looks in the kelotane pill's direction and takes flight.
[21:58:21]EMOTE: monkey (144)/ : <B>The monkey (144)</B> jumps!
[21:58:25]EMOTE: mouse/ : <B>The mouse</B> shakes
[21:58:26]ACCESS: Logout: BartNixon[DC]/(Gilroy Rudah)
