

Starting up. 01:13.42
---------------------
[01:27:12]ATTACK: <font color='red'>Gilroy Rudah(bartnixon) equipped Dina Beedell with M10 camouflage PBH</font>
[01:27:28]ATTACK: <font color='red'>Gilroy Rudah(bartnixon) equipped Avery Wentzel with the camouflage BDU</font>
[01:27:41]ATTACK: <font color='red'>Gilroy Rudah(bartnixon) equipped Avery Wentzel with the combat boots</font>
[01:27:57]ATTACK: <font color='red'>Gilroy Rudah(bartnixon) equipped Avery Wentzel with the combat gloves</font>
[01:28:23]ATTACK: <font color='red'>Gilroy Rudah(bartnixon) equipped Avery Wentzel with M3 officer PPA</font>
[01:28:57]ATTACK: <font color='red'>Gilroy Rudah(bartnixon) equipped Avery Wentzel with the security beret</font>
[01:29:03]ATTACK: <font color='red'>Gilroy Rudah(bartnixon) stripped Avery Wentzel of the security beret</font>
[01:29:12]ATTACK: <font color='red'>Gilroy Rudah(bartnixon) equipped Avery Wentzel with the collectable beret</font>
[01:29:54]ATTACK: <font color='red'>Gilroy Rudah(bartnixon) stripped Avery Wentzel of the collectable beret</font>
[01:30:22]ATTACK: <font color='red'>Gilroy Rudah(bartnixon) equipped Avery Wentzel with Enclave officer hat</font>
[01:30:56]ATTACK: <font color='red'>Gilroy Rudah(bartnixon) equipped Avery Wentzel with M41A Pulse Rifle MK2</font>
[01:37:32]ATTACK: <font color='red'>Gilroy Rudah(bartnixon) equipped Avery Wentzel with the lit premium cigar</font>
[01:38:03]ATTACK: <font color='red'>Gilroy Rudah(bartnixon) stripped Avery Wentzel of the camouflage BDU</font>
[01:41:28]ATTACK: <font color='red'>Gilroy Rudah(bartnixon) equipped Avery Wentzel with BDU</font>
[01:41:37]ATTACK: <font color='red'>Gilroy Rudah(bartnixon) equipped Dina Beedell with the camouflage BDU</font>
[01:42:29]ATTACK: <font color='red'>Gilroy Rudah(bartnixon) equipped Dina Beedell with the combat boots</font>
[01:43:13]ATTACK: <font color='red'>Gilroy Rudah(bartnixon) equipped Dina Beedell with the sunglasses</font>
[01:43:36]ATTACK: <font color='red'>Gilroy Rudah(bartnixon) stripped Dina Beedell of the sunglasses</font>
[01:43:40]ATTACK: <font color='red'>Gilroy Rudah(bartnixon) equipped Dina Beedell with the sunglasses</font>
[01:43:48]ATTACK: <font color='red'>Gilroy Rudah(bartnixon) grabbed Dina Beedell passively</font>
[01:43:56]ATTACK: <font color='red'>Gilroy Rudah(bartnixon) neck-grabbed Dina Beedell </font>
[01:56:39]ATTACK: <font color='red'>Gilroy Rudah(bartnixon) equipped Easton Burns with Green Glasses</font>
[01:56:44]ATTACK: <font color='red'>Gilroy Rudah(bartnixon) equipped Easton Burns with the camouflage BDU</font>
[01:56:57]ATTACK: <font color='red'>Gilroy Rudah(bartnixon) equipped Easton Burns with M3 engineer PPA</font>
[01:57:01]ATTACK: <font color='red'>Gilroy Rudah(bartnixon) stripped Easton Burns of Green Glasses</font>
[01:57:12]ATTACK: <font color='red'>Gilroy Rudah(bartnixon) equipped Easton Burns with the L6 SAW</font>
[01:57:23]ATTACK: <font color='red'>Gilroy Rudah(bartnixon) equipped Easton Burns with the combat gloves</font>
[01:57:28]ATTACK: <font color='red'>Gilroy Rudah(bartnixon) equipped Easton Burns with the combat boots</font>
[01:57:43]ATTACK: <font color='red'>Gilroy Rudah(bartnixon) stripped Avery Wentzel of M41A Pulse Rifle MK2</font>
[01:57:47]ATTACK: <font color='red'>Gilroy Rudah(bartnixon) equipped Avery Wentzel with the combat shotgun</font>
[01:58:00]ATTACK: <font color='red'>Gilroy Rudah(bartnixon) equipped Grady Mckendrick with M41A Pulse Rifle MK2</font>
[01:58:13]ATTACK: <font color='red'>Gilroy Rudah(bartnixon) equipped Jayden Focell with M41A Pulse Rifle MK2</font>
[01:58:23]ATTACK: <font color='red'>Gilroy Rudah(bartnixon) equipped Reynard Dickinson with M41A Pulse Rifle MK2</font>
[01:58:35]ATTACK: <font color='red'>Gilroy Rudah(bartnixon) equipped Talon James with M41A Pulse Rifle MK2</font>
[01:58:49]ATTACK: <font color='red'>Gilroy Rudah(bartnixon) equipped Jayden Focell with the combat boots</font>
[01:59:02]ATTACK: <font color='red'>Gilroy Rudah(bartnixon) equipped Grady Mckendrick with M3 medic PPA</font>
[01:59:12]ATTACK: <font color='red'>Gilroy Rudah(bartnixon) equipped Grady Mckendrick with Green Glasses</font>
[01:59:29]ATTACK: <font color='red'>Gilroy Rudah(bartnixon) equipped Grady Mckendrick with the combat boots</font>
[01:59:52]ATTACK: <font color='red'>Gilroy Rudah(bartnixon) equipped Reynard Dickinson with the camouflage BDU</font>
[01:59:59]ATTACK: <font color='red'>Gilroy Rudah(bartnixon) equipped Easton Burns with M10 camouflage PBH</font>
[02:00:45]ATTACK: <font color='red'>Gilroy Rudah(bartnixon) equipped Talon James with the security beret</font>
[02:00:55]ATTACK: <font color='red'>Gilroy Rudah(bartnixon) equipped Talon James with BDU</font>
[02:01:00]ATTACK: <font color='red'>Gilroy Rudah(bartnixon) equipped Grady Mckendrick with BDU</font>
[02:01:05]ATTACK: <font color='red'>Gilroy Rudah(bartnixon) equipped Jayden Focell with BDU</font>
[02:01:17]ATTACK: <font color='red'>Gilroy Rudah(bartnixon) equipped Talon James with the combat boots</font>
[02:01:23]ATTACK: <font color='red'>Gilroy Rudah(bartnixon) equipped Reynard Dickinson with the combat boots</font>
[02:01:46]ATTACK: <font color='red'>Gilroy Rudah(bartnixon) equipped Jayden Focell with M3 PPA</font>
[02:02:08]ATTACK: <font color='red'>Gilroy Rudah(bartnixon) equipped Reynard Dickinson with M3 PPA</font>
[02:02:28]ATTACK: <font color='red'>Gilroy Rudah(bartnixon) equipped Talon James with M3 PPA</font>
[02:02:59]ATTACK: <font color='red'>Gilroy Rudah(bartnixon) equipped Grady Mckendrick with M10 PBH</font>
[02:03:06]ATTACK: <font color='red'>Gilroy Rudah(bartnixon) equipped Jayden Focell with M10 PBH</font>
[02:03:12]ATTACK: <font color='red'>Gilroy Rudah(bartnixon) equipped Reynard Dickinson with M10 PBH</font>
[02:03:50]ATTACK: <font color='red'>Gilroy Rudah(bartnixon) equipped Avery Wentzel with the combat shotgun</font>
[02:03:59]ATTACK: <font color='red'>Gilroy Rudah(bartnixon) equipped Grady Mckendrick with M41A Pulse Rifle MK2</font>
[02:04:06]ATTACK: <font color='red'>Gilroy Rudah(bartnixon) equipped Easton Burns with the L6 SAW</font>
[02:32:03]ATTACK: <font color='red'>Gilroy Rudah(bartnixon) shot alien drone with The bullet</font>
[02:32:04]ATTACK: <font color='red'>Gilroy Rudah(bartnixon) shot alien drone with The bullet</font>
[02:32:07]ATTACK: <font color='red'>Gilroy Rudah(bartnixon) shot alien sentinel with The bullet</font>
[02:32:08]ATTACK: <font color='red'>alien sentinel shot Gilroy Rudah(bartnixon) with The neurotoxin</font>
[02:32:09]ATTACK: <font color='red'>Gilroy Rudah(bartnixon) shot alien sentinel with The bullet</font>
[02:32:15]ATTACK: <font color='red'>alien sentinel shot Gilroy Rudah(bartnixon) with The neurotoxin</font>
[02:32:18]ATTACK: <font color='red'>Gilroy Rudah(bartnixon) shot alien sentinel with The bullet</font>
[02:32:18]ATTACK: <font color='red'>Gilroy Rudah(bartnixon) shot alien sentinel with The bullet</font>
[02:34:14]ATTACK: <font color='red'>Gilroy Rudah(bartnixon) shot alien hunter with The bullet</font>
[02:34:23]ATTACK: <font color='red'>Gilroy Rudah(bartnixon) shot alien hunter with The bullet</font>
[02:34:23]ATTACK: <font color='red'>Gilroy Rudah(bartnixon) shot alien hunter with The bullet</font>
[02:34:38]ATTACK: <font color='red'>Gilroy Rudah(bartnixon) shot alien hunter with The bullet</font>
[02:34:39]ATTACK: <font color='red'>Gilroy Rudah(bartnixon) shot alien hunter with The bullet</font>
[02:35:01]ATTACK: <font color='red'>Gilroy Rudah(bartnixon) shot alien hunter with The bullet</font>
[02:35:06]ATTACK: <font color='red'>Gilroy Rudah(bartnixon) shot alien hunter with The bullet</font>
[02:35:06]ATTACK: <font color='red'>Gilroy Rudah(bartnixon) shot alien hunter with The bullet</font>
[02:35:21]ATTACK: <font color='red'>Gilroy Rudah(bartnixon) injected Gilroy Rudah(bartnixon) with inaprovaline medipen(Inaprovaline)</font>


Starting up. 04:13.19
---------------------
[04:40:24]ATTACK: <font color='red'>Gilroy Rudah(bartnixon) equipped Damon Shaw with BDU</font>
[04:40:49]ATTACK: <font color='red'>Gilroy Rudah(bartnixon) equipped Damon Shaw with the combat boots</font>
[04:42:11]ATTACK: <font color='red'>Gilroy Rudah(bartnixon) shot Pvt. Shaw with The bullet</font>
[04:42:12]ATTACK: <font color='red'>Gilroy Rudah(bartnixon) shot Pvt. Shaw with The bullet</font>
[04:42:13]ATTACK: <font color='red'>Gilroy Rudah(bartnixon) shot Pvt. Shaw with The bullet</font>
[04:42:13]ATTACK: <font color='red'>Gilroy Rudah(bartnixon) shot Pvt. Shaw with The bullet</font>
[04:54:28]ATTACK: <font color='red'>Unknown CPRed Andross Baron(dembarons) </font>
[05:00:03]ATTACK: <font color='red'>Andross Baron (as Captain)(dembarons) shot alien hunter (420)(@bartnixon) with The bullet</font>
[05:00:18]ATTACK: <font color='red'>Andross Baron (as Captain)(dembarons) shot alien hunter (420)(bartnixon) with The bullet</font>
[05:00:18]ATTACK: <font color='red'>Andross Baron (as Captain)(dembarons) shot alien hunter (420)(bartnixon) with The bullet</font>
[05:00:19]ATTACK: <font color='red'>Andross Baron (as Captain)(dembarons) shot alien hunter (420)(bartnixon) with The bullet</font>
[05:00:19]ATTACK: <font color='red'>Andross Baron (as Captain)(dembarons) shot alien hunter (420)(bartnixon) with The bullet</font>
[05:00:20]ATTACK: <font color='red'>Andross Baron (as Captain)(dembarons) shot alien hunter (420)(bartnixon) with The bullet</font>
[05:00:21]ATTACK: <font color='red'>Andross Baron (as Captain)(dembarons) shot alien hunter (420)(bartnixon) with The bullet</font>
[05:00:21]ATTACK: <font color='red'>Andross Baron (as Captain)(dembarons) shot alien hunter (420)(bartnixon) with The bullet</font>
[05:00:22]ATTACK: <font color='red'>Andross Baron (as Captain)(dembarons) shot alien hunter (420)(bartnixon) with The bullet</font>
[05:00:22]ATTACK: <font color='red'>Andross Baron (as Captain)(dembarons) shot alien hunter (420)(bartnixon) with The bullet</font>
[05:00:23]ATTACK: <font color='red'>Andross Baron (as Captain)(dembarons) shot alien hunter (420)(bartnixon) with The bullet</font>
[05:00:23]ATTACK: <font color='red'>Andross Baron (as Captain)(dembarons) shot alien hunter (420)(bartnixon) with The bullet</font>
[05:00:24]ATTACK: <font color='red'>Andross Baron (as Captain)(dembarons) shot alien hunter (420)(bartnixon) with The bullet</font>
[05:00:26]ATTACK: <font color='red'>Andross Baron (as Captain)(dembarons) shot alien hunter (420)(bartnixon) with The bullet</font>
[05:02:55]ATTACK: <font color='red'>Andross Baron (as Captain)(dembarons) shot alien hunter (420)(bartnixon) with The bullet</font>
[05:02:58]ATTACK: <font color='red'>Andross Baron (as Captain)(dembarons) shot alien hunter (420)(bartnixon) with The bullet</font>
[05:02:59]ATTACK: <font color='red'>Andross Baron (as Captain)(dembarons) shot alien hunter (420)(bartnixon) with The bullet</font>
[05:04:40]ATTACK: <font color='red'>Andross Baron (as Captain)(dembarons) shot alien hunter (420)(bartnixon) with The bullet</font>
[05:09:18]ATTACK: <font color='red'>Alejandra Treeby CPRed Andross Baron (as Captain)(dembarons) </font>
[05:09:20]ATTACK: <font color='red'>Alejandra Treeby CPRed Andross Baron (as Captain)(dembarons) </font>
[05:10:05]ATTACK: <font color='red'>Andross Baron (as Captain)(dembarons) hit alien hunter (420)(bartnixon) with The banana cream pie</font>
[05:10:48]ATTACK: <font color='red'>Andross Baron (as Captain)(dembarons) shot alien hunter (420)(bartnixon) with The bullet</font>
[05:10:49]ATTACK: <font color='red'>Andross Baron (as Captain)(dembarons) shot alien hunter (420)(bartnixon) with The bullet</font>
[05:10:49]ATTACK: <font color='red'>Andross Baron (as Captain)(dembarons) shot alien hunter (420)(bartnixon) with The bullet</font>
[05:10:50]ATTACK: <font color='red'>Andross Baron (as Captain)(dembarons) shot alien hunter (420)(bartnixon) with The bullet</font>
[05:10:50]ATTACK: <font color='red'>Andross Baron (as Captain)(dembarons) shot alien hunter (420)(bartnixon) with The bullet</font>
[05:10:51]ATTACK: <font color='red'>Andross Baron (as Captain)(dembarons) shot alien hunter (420)(bartnixon) with The bullet</font>
[05:10:52]ATTACK: <font color='red'>Andross Baron (as Captain)(dembarons) shot alien hunter (420)(bartnixon) with The bullet</font>
[05:10:58]ATTACK: <font color='red'>Andross Baron (as Captain)(dembarons) shot alien hunter (420)(bartnixon) with The bullet</font>
[05:10:59]ATTACK: <font color='red'>Andross Baron (as Captain)(dembarons) shot alien hunter (420)(bartnixon) with The bullet</font>
[05:10:59]ATTACK: <font color='red'>Andross Baron (as Captain)(dembarons) shot alien hunter (420)(bartnixon) with The bullet</font>
[05:11:00]ATTACK: <font color='red'>Andross Baron (as Captain)(dembarons) shot alien hunter (420)(bartnixon) with The bullet</font>
[05:11:01]ATTACK: <font color='red'>Andross Baron (as Captain)(dembarons) shot alien hunter (420)(bartnixon) with The bullet</font>
[05:11:02]ATTACK: <font color='red'>Andross Baron (as Captain)(dembarons) shot alien hunter (420)(bartnixon) with The bullet</font>
[05:11:03]ATTACK: <font color='red'>Andross Baron (as Captain)(dembarons) shot alien hunter (420)(bartnixon) with The bullet</font>
[05:27:22]ATTACK: <font color='red'>Gilroy Rudah (as Captain)(bartnixon) shot alien hunter with The pellet</font>
[05:27:22]ATTACK: <font color='red'>Gilroy Rudah (as Captain)(bartnixon) shot alien hunter with The pellet</font>
[05:27:22]ATTACK: <font color='red'>Gilroy Rudah (as Captain)(bartnixon) shot alien hunter with The pellet</font>
[05:27:22]ATTACK: <font color='red'>Gilroy Rudah (as Captain)(bartnixon) shot alien hunter with The pellet</font>
[05:27:22]ATTACK: <font color='red'>Gilroy Rudah (as Captain)(bartnixon) shot alien hunter with The pellet</font>
[05:27:25]ATTACK: <font color='red'>Gilroy Rudah (as Captain)(bartnixon) shot alien hunter with The pellet</font>
[05:27:25]ATTACK: <font color='red'>Gilroy Rudah (as Captain)(bartnixon) shot alien hunter with The pellet</font>
[05:27:25]ATTACK: <font color='red'>Gilroy Rudah (as Captain)(bartnixon) shot alien hunter with The pellet</font>
[05:27:25]ATTACK: <font color='red'>Gilroy Rudah (as Captain)(bartnixon) shot alien hunter with The pellet</font>
[05:27:25]ATTACK: <font color='red'>Gilroy Rudah (as Captain)(bartnixon) shot alien hunter with The pellet</font>
[05:27:27]ATTACK: <font color='red'>Gilroy Rudah (as Captain)(bartnixon) shot alien hunter with The pellet</font>
[05:27:27]ATTACK: <font color='red'>Gilroy Rudah (as Captain)(bartnixon) shot alien hunter with The pellet</font>
[05:27:27]ATTACK: <font color='red'>Gilroy Rudah (as Captain)(bartnixon) shot alien hunter with The pellet</font>
[05:27:27]ATTACK: <font color='red'>Gilroy Rudah (as Captain)(bartnixon) shot alien hunter with The pellet</font>
[05:27:32]ATTACK: <font color='red'>Andross Baron (as Captain)(dembarons) shot alien hunter with The bullet</font>
[05:27:32]ATTACK: <font color='red'>Andross Baron (as Captain)(dembarons) shot alien hunter with The bullet</font>
[05:27:33]ATTACK: <font color='red'>Andross Baron (as Captain)(dembarons) shot alien hunter with The bullet</font>
[05:27:35]ATTACK: <font color='red'>Andross Baron (as Captain)(dembarons) shot alien hunter with The bullet</font>
[05:27:35]ATTACK: <font color='red'>Andross Baron (as Captain)(dembarons) shot alien hunter with The bullet</font>
[05:27:36]ATTACK: <font color='red'>Andross Baron (as Captain)(dembarons) shot alien hunter with The bullet</font>
[05:27:38]ATTACK: <font color='red'>Gilroy Rudah (as Captain)(bartnixon) shot alien sentinel with The pellet</font>
[05:27:38]ATTACK: <font color='red'>Gilroy Rudah (as Captain)(bartnixon) shot alien sentinel with The pellet</font>
[05:27:38]ATTACK: <font color='red'>Gilroy Rudah (as Captain)(bartnixon) shot alien sentinel with The pellet</font>
[05:27:39]ATTACK: <font color='red'>Andross Baron (as Captain)(dembarons) shot alien hunter with The bullet</font>
[05:27:40]ATTACK: <font color='red'>Andross Baron (as Captain)(dembarons) shot alien sentinel with The bullet</font>
[05:27:41]ATTACK: <font color='red'>alien sentinel shot Andross Baron (as Captain)(dembarons) with The neurotoxin</font>
[05:27:42]ATTACK: <font color='red'>Andross Baron (as Captain)(dembarons) shot alien sentinel with The bullet</font>
[05:27:44]ATTACK: <font color='red'>Andross Baron (as Captain)(dembarons) shot alien sentinel with The bullet</font>
[05:28:09]ATTACK: <font color='red'>Andross Baron (as Captain)(dembarons) injected Andross Baron (as Captain)(dembarons) with inaprovaline medipen(Inaprovaline)</font>
[05:30:30]ATTACK: <font color='red'>Andross Baron (as Captain)(dembarons) shot alien hunter with The pellet</font>
[05:30:33]ATTACK: <font color='red'>Gilroy Rudah (as Captain)(bartnixon) shot Andross Baron (as Captain)(dembarons) with The pellet</font>
[05:30:33]ATTACK: <font color='red'>Gilroy Rudah (as Captain)(bartnixon) shot Andross Baron (as Captain)(dembarons) with The pellet</font>
[05:30:33]ATTACK: <font color='red'>Gilroy Rudah (as Captain)(bartnixon) shot alien hunter with The pellet</font>
[05:30:33]ATTACK: <font color='red'>Gilroy Rudah (as Captain)(bartnixon) shot alien hunter with The pellet</font>
[05:30:39]ATTACK: <font color='red'>Andross Baron (as Captain)(dembarons) shot Gilroy Rudah (as Captain)(bartnixon) with The pellet</font>
[05:30:39]ATTACK: <font color='red'>Andross Baron (as Captain)(dembarons) shot Gilroy Rudah (as Captain)(bartnixon) with The pellet</font>
[05:30:40]ATTACK: <font color='red'>Gilroy Rudah (as Captain)(bartnixon) shot alien hunter with The bullet</font>
[05:30:41]ATTACK: <font color='red'>Gilroy Rudah (as Captain)(bartnixon) shot alien hunter with The bullet</font>
[05:31:13]ATTACK: <font color='red'>Gilroy Rudah (as Captain)(bartnixon) shaked Andross Baron (as Captain)(dembarons) </font>
[05:31:58]ATTACK: <font color='red'>Gilroy Rudah (as Captain)(bartnixon) injected Gilroy Rudah (as Captain)(bartnixon) with inaprovaline medipen(Inaprovaline)</font>
[05:32:04]ATTACK: <font color='red'>Gilroy Rudah (as Captain)(bartnixon) injected Gilroy Rudah (as Captain)(bartnixon) with inaprovaline medipen(Inaprovaline)</font>
[05:32:53]ATTACK: <font color='red'>Gilroy Rudah (as Captain)(bartnixon) shot alien hunter with The bullet</font>
[05:32:53]ATTACK: <font color='red'>Gilroy Rudah (as Captain)(bartnixon) shot alien hunter with The bullet</font>
[05:32:54]ATTACK: <font color='red'>Gilroy Rudah (as Captain)(bartnixon) shot alien hunter with The bullet</font>
[05:32:54]ATTACK: <font color='red'>Gilroy Rudah (as Captain)(bartnixon) shot alien hunter with The bullet</font>
[05:33:10]ATTACK: <font color='red'>Gilroy Rudah (as Captain)(bartnixon) shot alien hunter with The bullet</font>
[05:33:10]ATTACK: <font color='red'>Andross Baron (as Captain)(dembarons) shot alien hunter with The pellet</font>
[05:33:10]ATTACK: <font color='red'>Andross Baron (as Captain)(dembarons) shot alien hunter with The pellet</font>
[05:33:10]ATTACK: <font color='red'>Andross Baron (as Captain)(dembarons) shot alien hunter with The pellet</font>
[05:33:10]ATTACK: <font color='red'>Andross Baron (as Captain)(dembarons) shot alien hunter with The pellet</font>
[05:33:11]ATTACK: <font color='red'>Gilroy Rudah (as Captain)(bartnixon) shot Andross Baron (as Captain)(dembarons) with The bullet</font>
[05:33:12]ATTACK: <font color='red'>Gilroy Rudah (as Captain)(bartnixon) shot alien hunter with The bullet</font>
[05:33:26]ATTACK: <font color='red'>alien sentinel shot Gilroy Rudah (as Captain)(bartnixon) with The neurotoxin</font>
[05:33:27]ATTACK: <font color='red'>Andross Baron (as Captain)(dembarons) shot alien sentinel with The bullet</font>
[05:33:28]ATTACK: <font color='red'>Andross Baron (as Captain)(dembarons) shot alien sentinel with The bullet</font>
[05:33:30]ATTACK: <font color='red'>Gilroy Rudah (as Captain)(bartnixon) shot alien sentinel with The bullet</font>
[05:33:31]ATTACK: <font color='red'>Andross Baron (as Captain)(dembarons) shot Gilroy Rudah (as Captain)(bartnixon) with The bullet</font>
[05:33:32]ATTACK: <font color='red'>Gilroy Rudah (as Captain)(bartnixon) shot alien sentinel with The bullet</font>
[05:33:33]ATTACK: <font color='red'>Gilroy Rudah (as Captain)(bartnixon) shot alien hunter with The bullet</font>
[05:33:34]ATTACK: <font color='red'>Andross Baron (as Captain)(dembarons) shot alien hunter with The bullet</font>
[05:33:42]ATTACK: <font color='red'>Gilroy Rudah (as Captain)(bartnixon) shot alien hunter with The bullet</font>
[05:33:43]ATTACK: <font color='red'>Gilroy Rudah (as Captain)(bartnixon) shot alien hunter with The bullet</font>
[05:33:43]ATTACK: <font color='red'>Gilroy Rudah (as Captain)(bartnixon) shot alien hunter with The bullet</font>
[05:33:51]ATTACK: <font color='red'>Andross Baron (as Captain)(dembarons) shot Gilroy Rudah (as Captain)(bartnixon) with The bullet</font>
[05:33:51]ATTACK: <font color='red'>Andross Baron (as Captain)(dembarons) shot alien hunter with The bullet</font>
[05:33:54]ATTACK: <font color='red'>Gilroy Rudah (as Captain)(bartnixon) shot alien hunter with The bullet</font>
[05:33:55]ATTACK: <font color='red'>alien empress shot alien hunter with The neurotoxin</font>
[05:33:55]ATTACK: <font color='red'>Gilroy Rudah (as Captain)(bartnixon) shot alien hunter with The bullet</font>
[05:33:55]ATTACK: <font color='red'>Gilroy Rudah (as Captain)(bartnixon) shot alien hunter with The bullet</font>
[05:33:56]ATTACK: <font color='red'>Gilroy Rudah (as Captain)(bartnixon) shot alien empress with The bullet</font>
[05:33:57]ATTACK: <font color='red'>Andross Baron (as Captain)(dembarons) shot alien empress with The bullet</font>
[05:33:57]ATTACK: <font color='red'>Gilroy Rudah (as Captain)(bartnixon) shot alien empress with The bullet</font>
[05:33:58]ATTACK: <font color='red'>Gilroy Rudah (as Captain)(bartnixon) shot alien empress with The bullet</font>
[05:33:58]ATTACK: <font color='red'>Andross Baron (as Captain)(dembarons) shot alien empress with The bullet</font>
[05:33:58]ATTACK: <font color='red'>Gilroy Rudah (as Captain)(bartnixon) shot alien empress with The bullet</font>
[05:33:59]ATTACK: <font color='red'>Andross Baron (as Captain)(dembarons) shot alien empress with The bullet</font>
[05:33:59]ATTACK: <font color='red'>Andross Baron (as Captain)(dembarons) shot alien empress with The bullet</font>
[05:34:01]ATTACK: <font color='red'>alien empress shot Andross Baron (as Captain)(dembarons) with The neurotoxin</font>
[05:34:01]ATTACK: <font color='red'>Andross Baron (as Captain)(dembarons) shot alien empress with The bullet</font>
[05:34:07]ATTACK: <font color='red'>alien empress shot Andross Baron (as Captain)(dembarons) with The neurotoxin</font>
[05:34:13]ATTACK: <font color='red'>alien empress shot Andross Baron (as Captain)(dembarons) with The neurotoxin</font>
[05:34:17]ATTACK: <font color='red'>Gilroy Rudah (as Captain)(bartnixon) shot alien empress with The bullet</font>
[05:34:17]ATTACK: <font color='red'>Gilroy Rudah (as Captain)(bartnixon) shot alien empress with The bullet</font>
[05:34:18]ATTACK: <font color='red'>Gilroy Rudah (as Captain)(bartnixon) shot alien empress with The bullet</font>
[05:34:18]ATTACK: <font color='red'>alien empress shot Gilroy Rudah (as Captain)(bartnixon) with The neurotoxin</font>
[05:34:19]ATTACK: <font color='red'>Gilroy Rudah (as Captain)(bartnixon) shot alien empress with The bullet</font>
[05:34:24]ATTACK: <font color='red'>Andross Baron (as Captain)(dembarons) shot alien empress with The bullet</font>
[05:34:40]ATTACK: <font color='red'>Gilroy Rudah (as Captain)(@bartnixon) CPRed Andross Baron (as Captain)(dembarons) </font>
[05:36:49]ATTACK: <font color='red'>Gilroy Rudah (as Captain)(bartnixon) shot alien hunter with The bullet</font>
[05:36:50]ATTACK: <font color='red'>Gilroy Rudah (as Captain)(bartnixon) shot alien hunter with The bullet</font>
[05:37:12]ATTACK: <font color='red'>Gilroy Rudah (as Captain)(bartnixon) stripped Andross Baron (as Captain)(dembarons) of the alien</font>
[05:37:27]ATTACK: <font color='red'>Gilroy Rudah (as Captain)(bartnixon) shaked Andross Baron (as Captain)(dembarons) </font>
[05:37:28]ATTACK: <font color='red'>Gilroy Rudah (as Captain)(bartnixon) shaked Andross Baron (as Captain)(dembarons) </font>
[05:37:31]ATTACK: <font color='red'>Gilroy Rudah (as Captain)(bartnixon) shot alien sentinel with The bullet</font>
[05:37:33]ATTACK: <font color='red'>Gilroy Rudah (as Captain)(bartnixon) shot alien sentinel with The bullet</font>
[05:37:34]ATTACK: <font color='red'>Gilroy Rudah (as Captain)(bartnixon) shot alien sentinel with The bullet</font>
[05:37:34]ATTACK: <font color='red'>alien sentinel shot Gilroy Rudah (as Captain)(bartnixon) with The neurotoxin</font>
[05:37:37]ATTACK: <font color='red'>Gilroy Rudah (as Captain)(bartnixon) shot alien sentinel with The bullet</font>
[05:40:32]ATTACK: <font color='red'>Andross Baron (as Captain)(dembarons) shaked Gilroy Rudah (as Captain)(bartnixon) </font>
[05:40:41]ATTACK: <font color='red'>Andross Baron (as Captain)(dembarons) stripped Gilroy Rudah (as Captain)(bartnixon) of the alien</font>
[05:40:44]ATTACK: <font color='red'>Andross Baron (as Captain)(dembarons) shaked Gilroy Rudah (as Captain)(bartnixon) </font>
[05:40:45]ATTACK: <font color='red'>Andross Baron (as Captain)(dembarons) shaked Gilroy Rudah (as Captain)(bartnixon) </font>
[05:41:14]ATTACK: <font color='red'>Gilroy Rudah (as Captain)(bartnixon) shot Andross Baron (as Captain) with The bullet</font>
[05:41:15]ATTACK: <font color='red'>Gilroy Rudah (as Captain)(bartnixon) shot alien larva (992)(dembarons) with The bullet</font>
[05:41:15]ATTACK: <font color='red'>Gilroy Rudah (as Captain)(bartnixon) shot alien larva (992)(dembarons) with The bullet</font>
[05:41:36]ATTACK: <font color='red'>Gilroy Rudah (as Captain)(bartnixon) shot alien hunter with The bullet</font>
[05:41:37]ATTACK: <font color='red'>Gilroy Rudah (as Captain)(bartnixon) shot alien hunter with The bullet</font>
[05:41:38]ATTACK: <font color='red'>Gilroy Rudah (as Captain)(bartnixon) shot alien hunter with The bullet</font>
[05:41:38]ATTACK: <font color='red'>Gilroy Rudah (as Captain)(bartnixon) shot alien hunter with The bullet</font>
