

Starting up. 01:16.22
---------------------
Adding game mode blob (blob) to configuration.
Adding game mode changeling (changeling) to configuration.
Adding game mode traitor+changeling (traitorchan) to configuration.
Adding game mode double agents (double_agents) to configuration.
Adding game mode traitor (traitor) to configuration.
Adding game mode cult (cult) to configuration.
Adding game mode extended (extended) to configuration.
Adding game mode gang war (gang) to configuration.
Adding game mode AI malfunction (malfunction) to configuration.
Adding game mode meteor (meteor) to configuration.
Adding game mode monkey (monkey) to configuration.
Adding game mode nuclear emergency (nuclear) to configuration.
Adding game mode revolution (revolution) to configuration.
Adding game mode sandbox (sandbox) to configuration.
Adding game mode wizard (wizard) to configuration.
Saved mode is 'extended'
[01:16:23]ADMIN: Loading Banlistjob
[01:16:23]ADMIN: Loading jobban_rank
[01:16:23]ADMIN: jobban_keylist was empty
[01:16:23]ADMIN: Loading appearance_rank
[01:16:23]ADMIN: appearance_keylist was empty
[01:16:23]ADMIN: Updating jobbanfile!
[01:16:23]ADMIN: Loading Banlist


Starting up. 01:30.48
---------------------
Adding game mode blob (blob) to configuration.
Adding game mode changeling (changeling) to configuration.
Adding game mode traitor+changeling (traitorchan) to configuration.
Adding game mode double agents (double_agents) to configuration.
Adding game mode traitor (traitor) to configuration.
Adding game mode cult (cult) to configuration.
Adding game mode extended (extended) to configuration.
Adding game mode gang war (gang) to configuration.
Adding game mode AI malfunction (malfunction) to configuration.
Adding game mode meteor (meteor) to configuration.
Adding game mode monkey (monkey) to configuration.
Adding game mode nuclear emergency (nuclear) to configuration.
Adding game mode revolution (revolution) to configuration.
Adding game mode sandbox (sandbox) to configuration.
Adding game mode wizard (wizard) to configuration.
Saved mode is 'extended'
[01:30:48]ADMIN: Loading Banlistjob
[01:30:48]ADMIN: Loading jobban_rank
[01:30:48]ADMIN: jobban_keylist was empty
[01:30:48]ADMIN: Loading appearance_rank
[01:30:48]ADMIN: appearance_keylist was empty
[01:30:48]ADMIN: Updating jobbanfile!
[01:30:48]ADMIN: Loading Banlist
[01:33:45]ACCESS: Login: BartNixon/(BartNixon) from 127.0.0.1-3529772718 || BYOND v507
[01:34:10]ADMIN: BartNixon has started the game.
[01:34:15]ACCESS: Logout: *no key*/(BartNixon)
[01:34:15]ACCESS: Login: BartNixon/(Gilroy Rudah) from 127.0.0.1-3529772718 || BYOND v507
[01:34:21]SAY: Runtime/ : Purr!
[01:34:27]EMOTE: Poly/ : <B>Poly</B> turns and flies towards the Zippo lighter.
[01:34:33]SAY: mouse/ : SQUEEK!
[01:34:39]SAY: Betsy/ : MOOOOOO
[01:34:50]ADMIN: BartNixon/(Gilroy Rudah) spawned /obj/item/weapon/reagent_containers/food/snacks/grown/carrot at (97,132,1)
[01:34:57]EMOTE: Ian/ : <B>Ian</B> nibbles away at the the carrot
[01:34:57]ADMIN: BartNixon/(Gilroy Rudah) spawned /obj/item/clothing/head/battlecruiser at (98,133,1)
[01:35:04]SAY: mouse/ : Squeek?
[01:35:08]SAY: Pugley III/ : Bark!
[01:35:12]ADMIN: BartNixon/(Gilroy Rudah) spawned /obj/item/clothing/suit/armor/battlecruiser at (97,133,1)
[01:35:18]ADMIN: BartNixon/(Gilroy Rudah) spawned /obj/item/clothing/glasses/hud/health/battlecruiser at (98,132,1)
[01:35:33]ADMIN: BartNixon/(Gilroy Rudah) spawned /obj/item/clothing/under/rank/warden/navyblue at (98,133,1)
[01:35:33]EMOTE: Ian/ : <B>Ian</B> nibbles away at the the carrot
[01:35:38]ADMIN: BartNixon/(Gilroy Rudah) spawned /obj/item/clothing/under/rank/security/navyblue at (97,133,1)
[01:35:41]EMOTE: Poly/ : <B>Poly</B> looks in the premium cigar's direction and takes flight.
[01:35:44]ADMIN: BartNixon/(Gilroy Rudah) spawned /obj/item/clothing/under/rank/head_of_security/navyblue at (96,133,1)
[01:35:46]EMOTE: Ian/ : <B>Ian</B> burps from enjoyment
[01:35:49]SAY: Featherbottom/ : BWAAAAARK BWAK BWAK BWAK!
[01:35:54]ADMIN: BartNixon/(Gilroy Rudah) spawned /obj/item/clothing/under/suit_jacket/navy at (98,133,1)
[01:36:01]EMOTE: Betsy/ : <B>Betsy</B> shakes its head
[01:36:03]SAY: Kentucky/ : Bwaak bwak.
[01:36:29]SAY: mouse/ : Squeek?
[01:36:33]EMOTE: monkey (987)/ : <B>The monkey (987)</B> jumps!
[01:36:37]EMOTE: Poly/ : <B>Poly</B> looks in the pen's direction and takes flight.
[01:36:56]ADMIN: BartNixon/(Gilroy Rudah) spawned /obj/item/clothing/under/color/black at (93,133,1)
[01:37:07]SAY: Pugley III/ : YAP
[01:37:11]EMOTE: Ian/ : <B>Ian</B> dances around.
[01:37:13]ADMIN: BartNixon/(Gilroy Rudah) spawned /obj/item/clothing/under/lawyer/blacksuit at (93,132,1)
[01:37:25]EMOTE: monkey (78)/ : <B>The monkey (78)</B> jumps!
[01:37:31]SAY: mouse/ : SQUEEK!
[01:37:33]EMOTE: Kentucky/ : <B>Kentucky</B> clucks
[01:37:34]ADMIN: BartNixon/(Gilroy Rudah) spawned /obj/item/clothing/shoes/laceup at (91,133,1)
[01:37:45]SAY: mouse/ : Squeek?
[01:37:49]EMOTE: Poly/ : <B>Poly</B> looks in the pen's direction and takes flight.
[01:37:55]EMOTE: monkey (981)/ : <B>The monkey (981)</B> jumps!
[01:38:03]EMOTE: Tom/ : <B>Tom</B> shakes
[01:38:07]SAY: Tom/ : Squeek?
[01:38:19]SAY: Ian/ : Woof!
[01:38:39]EMOTE: monkey (867)/ : <B>The monkey (867)</B> jumps!
[01:38:55]EMOTE: Poly/ : <B>Poly</B> looks in the pen's direction and takes flight.
[01:38:59]EMOTE: Ian/ : <B>Ian</B> shivers.
[01:38:59]EMOTE: mouse/ : <B>The mouse</B> squeeks
[01:39:07]EMOTE: Ian/ : <B>Ian</B> dances around.
[01:39:07]SAY: mouse/ : SQUEEK!
[01:39:13]EMOTE: monkey (78)/ : <B>The monkey (78)</B> jumps!
[01:39:17]SAY: Featherbottom/ : Bwaak bwak.
[01:39:49]ADMIN: BartNixon/(Gilroy Rudah) spawned /obj/item/weapon/card/id/captains_spare at (92,132,1)
[01:40:26]ADMIN: BartNixon/(Gilroy Rudah) spawned /obj/item/clothing/mask/cigarette/pipe at (98,144,1)
[01:40:31]EMOTE: Poly/ : <B>Poly</B> looks in the pen's direction and takes flight.
[01:40:43]EMOTE: Ian/ : <B>Ian</B> shakes its head.
[01:40:51]SAY: Featherbottom/ : Cluck!
[01:41:13]EMOTE: Tom/ : <B>Tom</B> shakes
[01:41:17]ADMIN: BartNixon/(Gilroy Rudah) spawned /obj/structure/stool/bed/chair/comfy/brown at (107,114,1)
[01:41:21]SAY: Betsy/ : moo
[01:41:37]EMOTE: mouse/ : <B>The mouse</B> squeeks
[01:41:39]ADMIN: BartNixon/(Gilroy Rudah) spawned /obj/item/weapon/reagent_containers/food/snacks/grown/tobacco at (103,114,1)
[01:41:41]SAY: grey baby slime (623)/ : Blop...
[01:41:41]SAY: mouse/ : SQUEEK!
[01:41:45]EMOTE: Poly/ : <B>Poly</B> looks in the pen's direction and takes flight.
[01:41:47]EMOTE: Featherbottom/ : <B>Featherbottom</B> flaps its wings viciously
[01:41:57]EMOTE: Pete/ : <B>Pete</B> glares around
[01:42:03]EMOTE: monkey (987)/ : <B>The monkey (987)</B> jumps!
[01:42:03]EMOTE: monkey (705)/ : <B>The monkey (705)</B> jumps!
[01:42:03]ADMIN: BartNixon/(Gilroy Rudah) spawned /obj/machinery/smartfridge/drying_rack at (99,113,1)
[01:42:27]EMOTE: Ian/ : <B>Ian</B> dances around.
[01:42:33]ADMIN: BartNixon/(Gilroy Rudah) spawned /obj/item/weapon/reagent_containers/food/snacks/grown/citrus/orange at (101,113,1)
[01:42:51]ADMIN: BartNixon/(Gilroy Rudah) spawned /obj/item/weapon/lighter/zippo at (106,114,1)
[01:42:52]EMOTE: mouse/ : <B>The mouse</B> runs in a circle
[01:42:58]EMOTE: Poly/ : <B>Poly</B> looks in the pen's direction and takes flight.
[01:43:04]ACCESS: Logout: *no key*/(Gilroy Rudah)
[01:43:04]ACCESS: Login: BartNixon/(Gilroy Rudah) from 127.0.0.1-3529772718 || BYOND v507
[01:43:04]EMOTE: Pugley III/ : <B>Pugley III</B> pants.
[01:43:06]SAY: Pete/ : EHEHEHEHEH
[01:43:08]SAY: mouse/ : SQUEEK!
[01:43:10]EMOTE: Runtime/ : <B>Runtime</B> mews
[01:43:16]EMOTE: mouse/ : <B>The mouse</B> squeeks
[01:43:28]EMOTE: monkey (510)/ : <B>The monkey (510)</B> jumps!
[01:43:40]SAY: Kentucky/ : Bwaak bwak.
[01:43:44]EMOTE: monkey (867)/ : <B>The monkey (867)</B> jumps!
[01:43:48]SAY: mouse/ : Squeek!
[01:43:48]EMOTE: Ian/ : <B>Ian</B> chases its tail!
[01:43:50]EMOTE: Ian/ : <B>Ian</B> dances around.
[01:44:12]EMOTE: monkey (867)/ : <B>The monkey (867)</B> jumps!
[01:44:16]EMOTE: monkey (705)/ : <B>The monkey (705)</B> jumps!
[01:44:18]EMOTE: Pugley III/ : <B>Pugley III</B> chases its tail.
[01:44:24]EMOTE: Ian/ : <B>Ian</B> woofs!
[01:44:28]EMOTE: Poly/ : <B>Poly</B> looks in the pen's direction and takes flight.
[01:44:32]SAY: mouse/ : Squeek?
[01:44:40]SAY: Tom/ : SQUEEK!
[01:44:48]EMOTE: Betsy/ : <B>Betsy</B> brays
[01:45:08]SAY: Ian/ : YAP!
[01:45:16]SAY: Poly/ : <i>OH GOD ITS FREE CALL THE SHUTTLE</i>
[01:45:18]EMOTE: mouse/ : <B>The mouse</B> squeeks
[01:45:30]SAY: Featherbottom/ : Cluck!
[01:45:34]EMOTE: Pugley III/ : <B>Pugley III</B> shakes its head.
[01:45:58]EMOTE: Poly/ : <B>Poly</B> looks in the pen's direction and takes flight.
[01:46:04]EMOTE: Ian/ : <B>Ian</B> chases its tail!
[01:46:35]SAY: Featherbottom/ : Bwaak bwak.
[01:46:39]SAY: mouse/ : Squeek?
[01:46:39]SAY: Tom/ : Squeek?
[01:46:54]EMOTE: mouse/ : <B>The mouse</B> runs in a circle
[01:47:03]EMOTE: mouse/ : <B>The mouse</B> runs in a circle
[01:47:05]SAY: mouse/ : Squeek!
[01:47:15]EMOTE: Poly/ : <B>Poly</B> looks in the pen's direction and takes flight.
[01:47:23]EMOTE: Ian/ : <B>Ian</B> chases its tail!
[01:47:25]EMOTE: monkey (323)/ : <B>The monkey (323)</B> jumps!
[01:47:41]EMOTE: Tom/ : <B>Tom</B> runs in a circle
[01:47:47]EMOTE: Runtime/ : <B>Runtime</B> shakes its head
[01:48:05]EMOTE: mouse/ : <B>The mouse</B> squeeks
[01:48:27]EMOTE: monkey (816)/ : <B>The monkey (816)</B> jumps!
[01:48:45]SAY: Runtime/ : HSSSSS
[01:48:45]EMOTE: Poly/ : <B>Poly</B> looks in the pen's direction and takes flight.
[01:49:21]EMOTE: Featherbottom/ : <B>Featherbottom</B> clucks
[01:49:27]EMOTE: mouse/ : <B>The mouse</B> shakes
[01:49:39]EMOTE: Kentucky/ : <B>Kentucky</B> pecks at the ground
[01:49:43]EMOTE: Pugley III/ : <B>Pugley III</B> chases its tail.
[01:50:00]SAY: Kentucky/ : Bwaak bwak.
[01:50:27]EMOTE: mouse/ : <B>The mouse</B> shakes
[01:50:40]ACCESS: Logout: BartNixon[DC]/(Gilroy Rudah)
