

Starting up. 16:26.36
---------------------
Adding game mode blob (blob) to configuration.
Adding game mode changeling (changeling) to configuration.
Adding game mode traitor+changeling (traitorchan) to configuration.
Adding game mode double agents (double_agents) to configuration.
Adding game mode traitor (traitor) to configuration.
Adding game mode cult (cult) to configuration.
Adding game mode extended (extended) to configuration.
Adding game mode gang war (gang) to configuration.
Adding game mode AI malfunction (malfunction) to configuration.
Adding game mode meteor (meteor) to configuration.
Adding game mode monkey (monkey) to configuration.
Adding game mode nuclear emergency (nuclear) to configuration.
Adding game mode revolution (revolution) to configuration.
Adding game mode sandbox (sandbox) to configuration.
Adding game mode wizard (wizard) to configuration.
Saved mode is 'extended'
[16:26:36]ADMIN: Loading Banlistjob
[16:26:36]ADMIN: Loading jobban_rank
[16:26:36]ADMIN: jobban_keylist was empty
[16:26:36]ADMIN: Loading appearance_rank
[16:26:36]ADMIN: appearance_keylist was empty
[16:26:36]ADMIN: Updating jobbanfile!
[16:26:36]ADMIN: Loading Banlist
[16:28:13]ACCESS: Login: BartNixon/(BartNixon) from 127.0.0.1-3529772718 || BYOND v507
[16:28:18]ACCESS: Logout: BartNixon[DC]/(BartNixon)
[16:28:18]ACCESS: Login: BartNixon/(BartNixon) from 127.0.0.1-3529772718 || BYOND v507
[16:28:46]ADMIN: BartNixon has started the game.
[16:28:55]EMOTE: mouse/ : <B>The mouse</B> shakes
[16:28:56]ACCESS: Logout: *no key*/(BartNixon)
[16:28:56]ACCESS: Login: BartNixon/(Gilroy Rudah) from 127.0.0.1-3529772718 || BYOND v507
[16:28:57]EMOTE: Pugley III/ : <B>Pugley III</B> chases its tail.
[16:28:59]EMOTE: Pete/ : <B>Pete</B> shakes its head
[16:29:04]ADMIN: BartNixon/(Gilroy Rudah) jumped to the Thunderdome
[16:29:15]SAY: grey baby slime (550)/ : Blop...
[16:29:20]ADMIN: BartNixon/(Gilroy Rudah) deleted Nar-Sie at (176,57,2)
[16:29:24]ADMIN: BartNixon/(Gilroy Rudah) spawned /obj/machinery/singularity/narsie/large at (175,55,2)
[16:29:25]EMOTE: Poly/ : <B>Poly</B> turns and flies towards the Zippo lighter.
[16:29:33]SAY: grey baby slime (930)/ : Blop...
[16:29:34]ACCESS: Logout: BartNixon[DC]/(Gilroy Rudah)
